Loading required package: ape
[1] "sim.short.eighth.nonmon.3.phy"






                                 ..........................                                      
 ooooooooooooooooooooooooooooo        CURRENT SETTINGS        ooooooooooooooooooooooooooooooooooo
                                 ..........................                                      

                . Sequence filename:				 sim.short.eighth.nonmon.3.phy
                . Data type:					 dna
                . Alphabet size:				 4
                . Sequence format:				 interleaved
                . Number of data sets:				 1
                . Nb of bootstrapped data sets:			 0
                . Compute approximate likelihood ratio test:	 yes (SH-like branch supports)
                . Model name:					 GTR
                . Proportion of invariable sites:		 0.000000
                . Number of subst. rate categs:			 4
                . Gamma distribution parameter:			 estimated
                . 'Middle' of each rate class:			 mean
                . Nucleotide equilibrium frequencies:		 empirical
                . Optimise tree topology:			 yes
                . Tree topology search:				 NNIs
                . Starting tree:				 BioNJ
                . Add random input tree:			 no
                . Optimise branch lengths:			 yes
                . Optimise substitution model parameters:	 yes
                . Run ID:					 none
                . Random seed:					 1480545786
                . Subtree patterns aliasing:			 no
                . Version:					 20120412

 oooooooooooooooooooooooooooooooooooooooooooooooooooooooooooooooooooooooooooooooooooooooooooooooo




. Log likelihood of the current tree: -71731.852408.

. Time used 0h3m43s

oooooooooooooooooooooooooooooooooooooooooooooooooooooooooooooooooooooooooooooooooooooooooooooooo
[1] "sequence length is 5000"
[1] "TREE:"

Phylogenetic tree with 64 tips and 62 internal nodes.

Tip labels:
	t1, t4, t3, t2, t5, t6, ...
Node labels:
	, 0.952000, 0.446000, 1.000000, 0.726000, 1.000000, ...

Unrooted; includes branch lengths.
[1] "Q matrix = 0.18751" "Q matrix = 0.62937" "Q matrix = 0.19223"
[4] "Q matrix = 0.11843" "Q matrix = 0.78762" "Q matrix = 0.14159"
[1] "Q matrix = 0.18751" "Q matrix = 0.62937" "Q matrix = 0.19223"
[4] "Q matrix = 0.11843" "Q matrix = 0.78762" "Q matrix = 0.14159"
[1] "Q matrix = 0.18751" "Q matrix = 0.62937" "Q matrix = 0.19223"
[4] "Q matrix = 0.11843" "Q matrix = 0.78762" "Q matrix = 0.14159"
[1] "Q matrix = 0.18751" "Q matrix = 0.62937" "Q matrix = 0.19223"
[4] "Q matrix = 0.11843" "Q matrix = 0.78762" "Q matrix = 0.14159"
[1] "Q matrix = 0.18751" "Q matrix = 0.62937" "Q matrix = 0.19223"
[4] "Q matrix = 0.11843" "Q matrix = 0.78762" "Q matrix = 0.14159"
[1] "Q matrix = 0.18751" "Q matrix = 0.62937" "Q matrix = 0.19223"
[4] "Q matrix = 0.11843" "Q matrix = 0.78762" "Q matrix = 0.14159"
[1] "Q matrix = 0.18751" "Q matrix = 0.62937" "Q matrix = 0.19223"
[4] "Q matrix = 0.11843" "Q matrix = 0.78762" "Q matrix = 0.14159"
[1] "Q matrix = 0.18751" "Q matrix = 0.62937" "Q matrix = 0.19223"
[4] "Q matrix = 0.11843" "Q matrix = 0.78762" "Q matrix = 0.14159"
[1] "Q matrix = 0.18751" "Q matrix = 0.62937" "Q matrix = 0.19223"
[4] "Q matrix = 0.11843" "Q matrix = 0.78762" "Q matrix = 0.14159"
[1] "Q matrix = 0.18751" "Q matrix = 0.62937" "Q matrix = 0.19223"
[4] "Q matrix = 0.11843" "Q matrix = 0.78762" "Q matrix = 0.14159"
[1] "Q matrix = 0.18751" "Q matrix = 0.62937" "Q matrix = 0.19223"
[4] "Q matrix = 0.11843" "Q matrix = 0.78762" "Q matrix = 0.14159"
[1] "Q matrix = 0.18751" "Q matrix = 0.62937" "Q matrix = 0.19223"
[4] "Q matrix = 0.11843" "Q matrix = 0.78762" "Q matrix = 0.14159"
[1] "Q matrix = 0.18751" "Q matrix = 0.62937" "Q matrix = 0.19223"
[4] "Q matrix = 0.11843" "Q matrix = 0.78762" "Q matrix = 0.14159"
[1] "Q matrix = 0.18751" "Q matrix = 0.62937" "Q matrix = 0.19223"
[4] "Q matrix = 0.11843" "Q matrix = 0.78762" "Q matrix = 0.14159"
[1] "Q matrix = 0.18751" "Q matrix = 0.62937" "Q matrix = 0.19223"
[4] "Q matrix = 0.11843" "Q matrix = 0.78762" "Q matrix = 0.14159"
[1] "Q matrix = 0.18751" "Q matrix = 0.62937" "Q matrix = 0.19223"
[4] "Q matrix = 0.11843" "Q matrix = 0.78762" "Q matrix = 0.14159"
[1] "Q matrix = 0.18751" "Q matrix = 0.62937" "Q matrix = 0.19223"
[4] "Q matrix = 0.11843" "Q matrix = 0.78762" "Q matrix = 0.14159"
[1] "Q matrix = 0.18751" "Q matrix = 0.62937" "Q matrix = 0.19223"
[4] "Q matrix = 0.11843" "Q matrix = 0.78762" "Q matrix = 0.14159"
[1] "Q matrix = 0.18751" "Q matrix = 0.62937" "Q matrix = 0.19223"
[4] "Q matrix = 0.11843" "Q matrix = 0.78762" "Q matrix = 0.14159"
[1] "Q matrix = 0.18751" "Q matrix = 0.62937" "Q matrix = 0.19223"
[4] "Q matrix = 0.11843" "Q matrix = 0.78762" "Q matrix = 0.14159"
[1] "Q matrix = 0.18751" "Q matrix = 0.62937" "Q matrix = 0.19223"
[4] "Q matrix = 0.11843" "Q matrix = 0.78762" "Q matrix = 0.14159"
[1] "Q matrix = 0.18751" "Q matrix = 0.62937" "Q matrix = 0.19223"
[4] "Q matrix = 0.11843" "Q matrix = 0.78762" "Q matrix = 0.14159"
[1] "Q matrix = 0.18751" "Q matrix = 0.62937" "Q matrix = 0.19223"
[4] "Q matrix = 0.11843" "Q matrix = 0.78762" "Q matrix = 0.14159"
[1] "Q matrix = 0.18751" "Q matrix = 0.62937" "Q matrix = 0.19223"
[4] "Q matrix = 0.11843" "Q matrix = 0.78762" "Q matrix = 0.14159"
[1] "Q matrix = 0.18751" "Q matrix = 0.62937" "Q matrix = 0.19223"
[4] "Q matrix = 0.11843" "Q matrix = 0.78762" "Q matrix = 0.14159"
[1] "Q matrix = 0.18751" "Q matrix = 0.62937" "Q matrix = 0.19223"
[4] "Q matrix = 0.11843" "Q matrix = 0.78762" "Q matrix = 0.14159"
[1] "Q matrix = 0.18751" "Q matrix = 0.62937" "Q matrix = 0.19223"
[4] "Q matrix = 0.11843" "Q matrix = 0.78762" "Q matrix = 0.14159"
[1] "Q matrix = 0.18751" "Q matrix = 0.62937" "Q matrix = 0.19223"
[4] "Q matrix = 0.11843" "Q matrix = 0.78762" "Q matrix = 0.14159"
[1] "Q matrix = 0.18751" "Q matrix = 0.62937" "Q matrix = 0.19223"
[4] "Q matrix = 0.11843" "Q matrix = 0.78762" "Q matrix = 0.14159"
[1] "Q matrix = 0.18751" "Q matrix = 0.62937" "Q matrix = 0.19223"
[4] "Q matrix = 0.11843" "Q matrix = 0.78762" "Q matrix = 0.14159"
[1] "Q matrix = 0.18751" "Q matrix = 0.62937" "Q matrix = 0.19223"
[4] "Q matrix = 0.11843" "Q matrix = 0.78762" "Q matrix = 0.14159"
[1] "Q matrix = 0.18751" "Q matrix = 0.62937" "Q matrix = 0.19223"
[4] "Q matrix = 0.11843" "Q matrix = 0.78762" "Q matrix = 0.14159"
[1] "Q matrix = 0.18751" "Q matrix = 0.62937" "Q matrix = 0.19223"
[4] "Q matrix = 0.11843" "Q matrix = 0.78762" "Q matrix = 0.14159"
[1] "Q matrix = 0.18751" "Q matrix = 0.62937" "Q matrix = 0.19223"
[4] "Q matrix = 0.11843" "Q matrix = 0.78762" "Q matrix = 0.14159"
[1] "Q matrix = 0.18751" "Q matrix = 0.62937" "Q matrix = 0.19223"
[4] "Q matrix = 0.11843" "Q matrix = 0.78762" "Q matrix = 0.14159"
[1] "Q matrix = 0.18751" "Q matrix = 0.62937" "Q matrix = 0.19223"
[4] "Q matrix = 0.11843" "Q matrix = 0.78762" "Q matrix = 0.14159"
[1] "Q matrix = 0.18751" "Q matrix = 0.62937" "Q matrix = 0.19223"
[4] "Q matrix = 0.11843" "Q matrix = 0.78762" "Q matrix = 0.14159"
[1] "Q matrix = 0.18751" "Q matrix = 0.62937" "Q matrix = 0.19223"
[4] "Q matrix = 0.11843" "Q matrix = 0.78762" "Q matrix = 0.14159"
[1] "Q matrix = 0.18751" "Q matrix = 0.62937" "Q matrix = 0.19223"
[4] "Q matrix = 0.11843" "Q matrix = 0.78762" "Q matrix = 0.14159"
[1] "Q matrix = 0.18751" "Q matrix = 0.62937" "Q matrix = 0.19223"
[4] "Q matrix = 0.11843" "Q matrix = 0.78762" "Q matrix = 0.14159"
[1] "Q matrix = 0.18751" "Q matrix = 0.62937" "Q matrix = 0.19223"
[4] "Q matrix = 0.11843" "Q matrix = 0.78762" "Q matrix = 0.14159"
[1] "Q matrix = 0.18751" "Q matrix = 0.62937" "Q matrix = 0.19223"
[4] "Q matrix = 0.11843" "Q matrix = 0.78762" "Q matrix = 0.14159"
[1] "Q matrix = 0.18751" "Q matrix = 0.62937" "Q matrix = 0.19223"
[4] "Q matrix = 0.11843" "Q matrix = 0.78762" "Q matrix = 0.14159"
[1] "Q matrix = 0.18751" "Q matrix = 0.62937" "Q matrix = 0.19223"
[4] "Q matrix = 0.11843" "Q matrix = 0.78762" "Q matrix = 0.14159"
[1] "Q matrix = 0.18751" "Q matrix = 0.62937" "Q matrix = 0.19223"
[4] "Q matrix = 0.11843" "Q matrix = 0.78762" "Q matrix = 0.14159"
[1] "Q matrix = 0.18751" "Q matrix = 0.62937" "Q matrix = 0.19223"
[4] "Q matrix = 0.11843" "Q matrix = 0.78762" "Q matrix = 0.14159"
[1] "Q matrix = 0.18751" "Q matrix = 0.62937" "Q matrix = 0.19223"
[4] "Q matrix = 0.11843" "Q matrix = 0.78762" "Q matrix = 0.14159"
[1] "Q matrix = 0.18751" "Q matrix = 0.62937" "Q matrix = 0.19223"
[4] "Q matrix = 0.11843" "Q matrix = 0.78762" "Q matrix = 0.14159"
[1] "Q matrix = 0.18751" "Q matrix = 0.62937" "Q matrix = 0.19223"
[4] "Q matrix = 0.11843" "Q matrix = 0.78762" "Q matrix = 0.14159"
[1] "Q matrix = 0.18751" "Q matrix = 0.62937" "Q matrix = 0.19223"
[4] "Q matrix = 0.11843" "Q matrix = 0.78762" "Q matrix = 0.14159"
[1] "Q matrix = 0.18751" "Q matrix = 0.62937" "Q matrix = 0.19223"
[4] "Q matrix = 0.11843" "Q matrix = 0.78762" "Q matrix = 0.14159"
[1] "Q matrix = 0.18751" "Q matrix = 0.62937" "Q matrix = 0.19223"
[4] "Q matrix = 0.11843" "Q matrix = 0.78762" "Q matrix = 0.14159"
[1] "Q matrix = 0.18751" "Q matrix = 0.62937" "Q matrix = 0.19223"
[4] "Q matrix = 0.11843" "Q matrix = 0.78762" "Q matrix = 0.14159"
[1] "Q matrix = 0.18751" "Q matrix = 0.62937" "Q matrix = 0.19223"
[4] "Q matrix = 0.11843" "Q matrix = 0.78762" "Q matrix = 0.14159"
[1] "Q matrix = 0.18751" "Q matrix = 0.62937" "Q matrix = 0.19223"
[4] "Q matrix = 0.11843" "Q matrix = 0.78762" "Q matrix = 0.14159"
[1] "Q matrix = 0.18751" "Q matrix = 0.62937" "Q matrix = 0.19223"
[4] "Q matrix = 0.11843" "Q matrix = 0.78762" "Q matrix = 0.14159"
[1] "Q matrix = 0.18751" "Q matrix = 0.62937" "Q matrix = 0.19223"
[4] "Q matrix = 0.11843" "Q matrix = 0.78762" "Q matrix = 0.14159"
[1] "Q matrix = 0.18751" "Q matrix = 0.62937" "Q matrix = 0.19223"
[4] "Q matrix = 0.11843" "Q matrix = 0.78762" "Q matrix = 0.14159"
[1] "Q matrix = 0.18751" "Q matrix = 0.62937" "Q matrix = 0.19223"
[4] "Q matrix = 0.11843" "Q matrix = 0.78762" "Q matrix = 0.14159"
[1] "Q matrix = 0.18751" "Q matrix = 0.62937" "Q matrix = 0.19223"
[4] "Q matrix = 0.11843" "Q matrix = 0.78762" "Q matrix = 0.14159"
[1] "Q matrix = 0.18751" "Q matrix = 0.62937" "Q matrix = 0.19223"
[4] "Q matrix = 0.11843" "Q matrix = 0.78762" "Q matrix = 0.14159"
[1] "Q matrix = 0.18751" "Q matrix = 0.62937" "Q matrix = 0.19223"
[4] "Q matrix = 0.11843" "Q matrix = 0.78762" "Q matrix = 0.14159"
[1] "Q matrix = 0.18751" "Q matrix = 0.62937" "Q matrix = 0.19223"
[4] "Q matrix = 0.11843" "Q matrix = 0.78762" "Q matrix = 0.14159"
[1] "Q matrix = 0.18751" "Q matrix = 0.62937" "Q matrix = 0.19223"
[4] "Q matrix = 0.11843" "Q matrix = 0.78762" "Q matrix = 0.14159"
[1] "Q matrix = 0.18751" "Q matrix = 0.62937" "Q matrix = 0.19223"
[4] "Q matrix = 0.11843" "Q matrix = 0.78762" "Q matrix = 0.14159"
[1] "Q matrix = 0.18751" "Q matrix = 0.62937" "Q matrix = 0.19223"
[4] "Q matrix = 0.11843" "Q matrix = 0.78762" "Q matrix = 0.14159"
[1] "Q matrix = 0.18751" "Q matrix = 0.62937" "Q matrix = 0.19223"
[4] "Q matrix = 0.11843" "Q matrix = 0.78762" "Q matrix = 0.14159"
[1] "Q matrix = 0.18751" "Q matrix = 0.62937" "Q matrix = 0.19223"
[4] "Q matrix = 0.11843" "Q matrix = 0.78762" "Q matrix = 0.14159"
[1] "Q matrix = 0.18751" "Q matrix = 0.62937" "Q matrix = 0.19223"
[4] "Q matrix = 0.11843" "Q matrix = 0.78762" "Q matrix = 0.14159"
[1] "Q matrix = 0.18751" "Q matrix = 0.62937" "Q matrix = 0.19223"
[4] "Q matrix = 0.11843" "Q matrix = 0.78762" "Q matrix = 0.14159"
[1] "Q matrix = 0.18751" "Q matrix = 0.62937" "Q matrix = 0.19223"
[4] "Q matrix = 0.11843" "Q matrix = 0.78762" "Q matrix = 0.14159"
[1] "Q matrix = 0.18751" "Q matrix = 0.62937" "Q matrix = 0.19223"
[4] "Q matrix = 0.11843" "Q matrix = 0.78762" "Q matrix = 0.14159"
[1] "Q matrix = 0.18751" "Q matrix = 0.62937" "Q matrix = 0.19223"
[4] "Q matrix = 0.11843" "Q matrix = 0.78762" "Q matrix = 0.14159"
[1] "Q matrix = 0.18751" "Q matrix = 0.62937" "Q matrix = 0.19223"
[4] "Q matrix = 0.11843" "Q matrix = 0.78762" "Q matrix = 0.14159"
[1] "Q matrix = 0.18751" "Q matrix = 0.62937" "Q matrix = 0.19223"
[4] "Q matrix = 0.11843" "Q matrix = 0.78762" "Q matrix = 0.14159"
[1] "Q matrix = 0.18751" "Q matrix = 0.62937" "Q matrix = 0.19223"
[4] "Q matrix = 0.11843" "Q matrix = 0.78762" "Q matrix = 0.14159"
[1] "Q matrix = 0.18751" "Q matrix = 0.62937" "Q matrix = 0.19223"
[4] "Q matrix = 0.11843" "Q matrix = 0.78762" "Q matrix = 0.14159"
[1] "Q matrix = 0.18751" "Q matrix = 0.62937" "Q matrix = 0.19223"
[4] "Q matrix = 0.11843" "Q matrix = 0.78762" "Q matrix = 0.14159"
[1] "Q matrix = 0.18751" "Q matrix = 0.62937" "Q matrix = 0.19223"
[4] "Q matrix = 0.11843" "Q matrix = 0.78762" "Q matrix = 0.14159"
[1] "Q matrix = 0.18751" "Q matrix = 0.62937" "Q matrix = 0.19223"
[4] "Q matrix = 0.11843" "Q matrix = 0.78762" "Q matrix = 0.14159"
[1] "Q matrix = 0.18751" "Q matrix = 0.62937" "Q matrix = 0.19223"
[4] "Q matrix = 0.11843" "Q matrix = 0.78762" "Q matrix = 0.14159"
[1] "Q matrix = 0.18751" "Q matrix = 0.62937" "Q matrix = 0.19223"
[4] "Q matrix = 0.11843" "Q matrix = 0.78762" "Q matrix = 0.14159"
[1] "Q matrix = 0.18751" "Q matrix = 0.62937" "Q matrix = 0.19223"
[4] "Q matrix = 0.11843" "Q matrix = 0.78762" "Q matrix = 0.14159"
[1] "Q matrix = 0.18751" "Q matrix = 0.62937" "Q matrix = 0.19223"
[4] "Q matrix = 0.11843" "Q matrix = 0.78762" "Q matrix = 0.14159"
[1] "Q matrix = 0.18751" "Q matrix = 0.62937" "Q matrix = 0.19223"
[4] "Q matrix = 0.11843" "Q matrix = 0.78762" "Q matrix = 0.14159"
[1] "Q matrix = 0.18751" "Q matrix = 0.62937" "Q matrix = 0.19223"
[4] "Q matrix = 0.11843" "Q matrix = 0.78762" "Q matrix = 0.14159"
[1] "Q matrix = 0.18751" "Q matrix = 0.62937" "Q matrix = 0.19223"
[4] "Q matrix = 0.11843" "Q matrix = 0.78762" "Q matrix = 0.14159"
[1] "Q matrix = 0.18751" "Q matrix = 0.62937" "Q matrix = 0.19223"
[4] "Q matrix = 0.11843" "Q matrix = 0.78762" "Q matrix = 0.14159"
[1] "Q matrix = 0.18751" "Q matrix = 0.62937" "Q matrix = 0.19223"
[4] "Q matrix = 0.11843" "Q matrix = 0.78762" "Q matrix = 0.14159"
[1] "Q matrix = 0.18751" "Q matrix = 0.62937" "Q matrix = 0.19223"
[4] "Q matrix = 0.11843" "Q matrix = 0.78762" "Q matrix = 0.14159"
[1] "Q matrix = 0.18751" "Q matrix = 0.62937" "Q matrix = 0.19223"
[4] "Q matrix = 0.11843" "Q matrix = 0.78762" "Q matrix = 0.14159"
[1] "Q matrix = 0.18751" "Q matrix = 0.62937" "Q matrix = 0.19223"
[4] "Q matrix = 0.11843" "Q matrix = 0.78762" "Q matrix = 0.14159"
[1] "Q matrix = 0.18751" "Q matrix = 0.62937" "Q matrix = 0.19223"
[4] "Q matrix = 0.11843" "Q matrix = 0.78762" "Q matrix = 0.14159"
[1] "Q matrix = 0.18751" "Q matrix = 0.62937" "Q matrix = 0.19223"
[4] "Q matrix = 0.11843" "Q matrix = 0.78762" "Q matrix = 0.14159"
[1] "Q matrix = 0.18751" "Q matrix = 0.62937" "Q matrix = 0.19223"
[4] "Q matrix = 0.11843" "Q matrix = 0.78762" "Q matrix = 0.14159"
[1] "Q matrix = 0.18751" "Q matrix = 0.62937" "Q matrix = 0.19223"
[4] "Q matrix = 0.11843" "Q matrix = 0.78762" "Q matrix = 0.14159"
[1] "Q matrix = 0.18751" "Q matrix = 0.62937" "Q matrix = 0.19223"
[4] "Q matrix = 0.11843" "Q matrix = 0.78762" "Q matrix = 0.14159"
[1] "Q matrix = 0.18751" "Q matrix = 0.62937" "Q matrix = 0.19223"
[4] "Q matrix = 0.11843" "Q matrix = 0.78762" "Q matrix = 0.14159"
[1] "Q matrix = 0.18751" "Q matrix = 0.62937" "Q matrix = 0.19223"
[4] "Q matrix = 0.11843" "Q matrix = 0.78762" "Q matrix = 0.14159"
[1] "Q matrix = 0.18751" "Q matrix = 0.62937" "Q matrix = 0.19223"
[4] "Q matrix = 0.11843" "Q matrix = 0.78762" "Q matrix = 0.14159"
Loading required package: MASS






                                 ..........................                                      
 ooooooooooooooooooooooooooooo        CURRENT SETTINGS        ooooooooooooooooooooooooooooooooooo
                                 ..........................                                      

                . Sequence filename:				 temp_sim.phy
                . Data type:					 dna
                . Alphabet size:				 4
                . Sequence format:				 interleaved
                . Number of data sets:				 1
                . Nb of bootstrapped data sets:			 0
                . Compute approximate likelihood ratio test:	 yes (SH-like branch supports)
                . Model name:					 GTR
                . Proportion of invariable sites:		 0.000000
                . Number of subst. rate categs:			 4
                . Gamma distribution parameter:			 estimated
                . 'Middle' of each rate class:			 mean
                . Nucleotide equilibrium frequencies:		 empirical
                . Optimise tree topology:			 yes
                . Tree topology search:				 NNIs
                . Starting tree:				 BioNJ
                . Add random input tree:			 no
                . Optimise branch lengths:			 yes
                . Optimise substitution model parameters:	 yes
                . Run ID:					 none
                . Random seed:					 1480546070
                . Subtree patterns aliasing:			 no
                . Version:					 20120412

 oooooooooooooooooooooooooooooooooooooooooooooooooooooooooooooooooooooooooooooooooooooooooooooooo




. Log likelihood of the current tree: -76140.528287.

. Time used 0h10m3s

oooooooooooooooooooooooooooooooooooooooooooooooooooooooooooooooooooooooooooooooooooooooooooooooo
rm: cannot remove ‘temp_sim.phy_phyml_stats’: No such file or directory
rm: cannot remove ‘temp_sim.phy_phyml_tree’: No such file or directory
[1] "Simulation 1 processed"






                                 ..........................                                      
 ooooooooooooooooooooooooooooo        CURRENT SETTINGS        ooooooooooooooooooooooooooooooooooo
                                 ..........................                                      

                . Sequence filename:				 temp_sim.phy
                . Data type:					 dna
                . Alphabet size:				 4
                . Sequence format:				 interleaved
                . Number of data sets:				 1
                . Nb of bootstrapped data sets:			 0
                . Compute approximate likelihood ratio test:	 yes (SH-like branch supports)
                . Model name:					 GTR
                . Proportion of invariable sites:		 0.000000
                . Number of subst. rate categs:			 4
                . Gamma distribution parameter:			 estimated
                . 'Middle' of each rate class:			 mean
                . Nucleotide equilibrium frequencies:		 empirical
                . Optimise tree topology:			 yes
                . Tree topology search:				 NNIs
                . Starting tree:				 BioNJ
                . Add random input tree:			 no
                . Optimise branch lengths:			 yes
                . Optimise substitution model parameters:	 yes
                . Run ID:					 none
                . Random seed:					 1480546677
                . Subtree patterns aliasing:			 no
                . Version:					 20120412

 oooooooooooooooooooooooooooooooooooooooooooooooooooooooooooooooooooooooooooooooooooooooooooooooo




. Log likelihood of the current tree: -77506.447736.

. Time used 0h5m48s

oooooooooooooooooooooooooooooooooooooooooooooooooooooooooooooooooooooooooooooooooooooooooooooooo
rm: cannot remove ‘temp_sim.phy_phyml_stats’: No such file or directory
rm: cannot remove ‘temp_sim.phy_phyml_tree’: No such file or directory
[1] "Simulation 2 processed"






                                 ..........................                                      
 ooooooooooooooooooooooooooooo        CURRENT SETTINGS        ooooooooooooooooooooooooooooooooooo
                                 ..........................                                      

                . Sequence filename:				 temp_sim.phy
                . Data type:					 dna
                . Alphabet size:				 4
                . Sequence format:				 interleaved
                . Number of data sets:				 1
                . Nb of bootstrapped data sets:			 0
                . Compute approximate likelihood ratio test:	 yes (SH-like branch supports)
                . Model name:					 GTR
                . Proportion of invariable sites:		 0.000000
                . Number of subst. rate categs:			 4
                . Gamma distribution parameter:			 estimated
                . 'Middle' of each rate class:			 mean
                . Nucleotide equilibrium frequencies:		 empirical
                . Optimise tree topology:			 yes
                . Tree topology search:				 NNIs
                . Starting tree:				 BioNJ
                . Add random input tree:			 no
                . Optimise branch lengths:			 yes
                . Optimise substitution model parameters:	 yes
                . Run ID:					 none
                . Random seed:					 1480547028
                . Subtree patterns aliasing:			 no
                . Version:					 20120412

 oooooooooooooooooooooooooooooooooooooooooooooooooooooooooooooooooooooooooooooooooooooooooooooooo




. Log likelihood of the current tree: -76489.187217.

. Time used 0h6m51s

oooooooooooooooooooooooooooooooooooooooooooooooooooooooooooooooooooooooooooooooooooooooooooooooo
rm: cannot remove ‘temp_sim.phy_phyml_stats’: No such file or directory
rm: cannot remove ‘temp_sim.phy_phyml_tree’: No such file or directory
[1] "Simulation 3 processed"






                                 ..........................                                      
 ooooooooooooooooooooooooooooo        CURRENT SETTINGS        ooooooooooooooooooooooooooooooooooo
                                 ..........................                                      

                . Sequence filename:				 temp_sim.phy
                . Data type:					 dna
                . Alphabet size:				 4
                . Sequence format:				 interleaved
                . Number of data sets:				 1
                . Nb of bootstrapped data sets:			 0
                . Compute approximate likelihood ratio test:	 yes (SH-like branch supports)
                . Model name:					 GTR
                . Proportion of invariable sites:		 0.000000
                . Number of subst. rate categs:			 4
                . Gamma distribution parameter:			 estimated
                . 'Middle' of each rate class:			 mean
                . Nucleotide equilibrium frequencies:		 empirical
                . Optimise tree topology:			 yes
                . Tree topology search:				 NNIs
                . Starting tree:				 BioNJ
                . Add random input tree:			 no
                . Optimise branch lengths:			 yes
                . Optimise substitution model parameters:	 yes
                . Run ID:					 none
                . Random seed:					 1480547442
                . Subtree patterns aliasing:			 no
                . Version:					 20120412

 oooooooooooooooooooooooooooooooooooooooooooooooooooooooooooooooooooooooooooooooooooooooooooooooo




. Log likelihood of the current tree: -76032.429921.

. Time used 0h7m44s

oooooooooooooooooooooooooooooooooooooooooooooooooooooooooooooooooooooooooooooooooooooooooooooooo
rm: cannot remove ‘temp_sim.phy_phyml_stats’: No such file or directory
rm: cannot remove ‘temp_sim.phy_phyml_tree’: No such file or directory
[1] "Simulation 4 processed"






                                 ..........................                                      
 ooooooooooooooooooooooooooooo        CURRENT SETTINGS        ooooooooooooooooooooooooooooooooooo
                                 ..........................                                      

                . Sequence filename:				 temp_sim.phy
                . Data type:					 dna
                . Alphabet size:				 4
                . Sequence format:				 interleaved
                . Number of data sets:				 1
                . Nb of bootstrapped data sets:			 0
                . Compute approximate likelihood ratio test:	 yes (SH-like branch supports)
                . Model name:					 GTR
                . Proportion of invariable sites:		 0.000000
                . Number of subst. rate categs:			 4
                . Gamma distribution parameter:			 estimated
                . 'Middle' of each rate class:			 mean
                . Nucleotide equilibrium frequencies:		 empirical
                . Optimise tree topology:			 yes
                . Tree topology search:				 NNIs
                . Starting tree:				 BioNJ
                . Add random input tree:			 no
                . Optimise branch lengths:			 yes
                . Optimise substitution model parameters:	 yes
                . Run ID:					 none
                . Random seed:					 1480547909
                . Subtree patterns aliasing:			 no
                . Version:					 20120412

 oooooooooooooooooooooooooooooooooooooooooooooooooooooooooooooooooooooooooooooooooooooooooooooooo




. Log likelihood of the current tree: -76407.775498.

. Time used 0h8m59s

oooooooooooooooooooooooooooooooooooooooooooooooooooooooooooooooooooooooooooooooooooooooooooooooo
rm: cannot remove ‘temp_sim.phy_phyml_stats’: No such file or directory
rm: cannot remove ‘temp_sim.phy_phyml_tree’: No such file or directory
[1] "Simulation 5 processed"






                                 ..........................                                      
 ooooooooooooooooooooooooooooo        CURRENT SETTINGS        ooooooooooooooooooooooooooooooooooo
                                 ..........................                                      

                . Sequence filename:				 temp_sim.phy
                . Data type:					 dna
                . Alphabet size:				 4
                . Sequence format:				 interleaved
                . Number of data sets:				 1
                . Nb of bootstrapped data sets:			 0
                . Compute approximate likelihood ratio test:	 yes (SH-like branch supports)
                . Model name:					 GTR
                . Proportion of invariable sites:		 0.000000
                . Number of subst. rate categs:			 4
                . Gamma distribution parameter:			 estimated
                . 'Middle' of each rate class:			 mean
                . Nucleotide equilibrium frequencies:		 empirical
                . Optimise tree topology:			 yes
                . Tree topology search:				 NNIs
                . Starting tree:				 BioNJ
                . Add random input tree:			 no
                . Optimise branch lengths:			 yes
                . Optimise substitution model parameters:	 yes
                . Run ID:					 none
                . Random seed:					 1480548451
                . Subtree patterns aliasing:			 no
                . Version:					 20120412

 oooooooooooooooooooooooooooooooooooooooooooooooooooooooooooooooooooooooooooooooooooooooooooooooo




. Log likelihood of the current tree: -76645.076454.

. Time used 0h7m18s

oooooooooooooooooooooooooooooooooooooooooooooooooooooooooooooooooooooooooooooooooooooooooooooooo
rm: cannot remove ‘temp_sim.phy_phyml_stats’: No such file or directory
rm: cannot remove ‘temp_sim.phy_phyml_tree’: No such file or directory
[1] "Simulation 6 processed"






                                 ..........................                                      
 ooooooooooooooooooooooooooooo        CURRENT SETTINGS        ooooooooooooooooooooooooooooooooooo
                                 ..........................                                      

                . Sequence filename:				 temp_sim.phy
                . Data type:					 dna
                . Alphabet size:				 4
                . Sequence format:				 interleaved
                . Number of data sets:				 1
                . Nb of bootstrapped data sets:			 0
                . Compute approximate likelihood ratio test:	 yes (SH-like branch supports)
                . Model name:					 GTR
                . Proportion of invariable sites:		 0.000000
                . Number of subst. rate categs:			 4
                . Gamma distribution parameter:			 estimated
                . 'Middle' of each rate class:			 mean
                . Nucleotide equilibrium frequencies:		 empirical
                . Optimise tree topology:			 yes
                . Tree topology search:				 NNIs
                . Starting tree:				 BioNJ
                . Add random input tree:			 no
                . Optimise branch lengths:			 yes
                . Optimise substitution model parameters:	 yes
                . Run ID:					 none
                . Random seed:					 1480548894
                . Subtree patterns aliasing:			 no
                . Version:					 20120412

 oooooooooooooooooooooooooooooooooooooooooooooooooooooooooooooooooooooooooooooooooooooooooooooooo




. Log likelihood of the current tree: -76808.608893.

. Time used 0h5m58s

oooooooooooooooooooooooooooooooooooooooooooooooooooooooooooooooooooooooooooooooooooooooooooooooo
rm: cannot remove ‘temp_sim.phy_phyml_stats’: No such file or directory
rm: cannot remove ‘temp_sim.phy_phyml_tree’: No such file or directory
[1] "Simulation 7 processed"






                                 ..........................                                      
 ooooooooooooooooooooooooooooo        CURRENT SETTINGS        ooooooooooooooooooooooooooooooooooo
                                 ..........................                                      

                . Sequence filename:				 temp_sim.phy
                . Data type:					 dna
                . Alphabet size:				 4
                . Sequence format:				 interleaved
                . Number of data sets:				 1
                . Nb of bootstrapped data sets:			 0
                . Compute approximate likelihood ratio test:	 yes (SH-like branch supports)
                . Model name:					 GTR
                . Proportion of invariable sites:		 0.000000
                . Number of subst. rate categs:			 4
                . Gamma distribution parameter:			 estimated
                . 'Middle' of each rate class:			 mean
                . Nucleotide equilibrium frequencies:		 empirical
                . Optimise tree topology:			 yes
                . Tree topology search:				 NNIs
                . Starting tree:				 BioNJ
                . Add random input tree:			 no
                . Optimise branch lengths:			 yes
                . Optimise substitution model parameters:	 yes
                . Run ID:					 none
                . Random seed:					 1480549257
                . Subtree patterns aliasing:			 no
                . Version:					 20120412

 oooooooooooooooooooooooooooooooooooooooooooooooooooooooooooooooooooooooooooooooooooooooooooooooo




. Log likelihood of the current tree: -76555.010672.

. Time used 0h5m32s

oooooooooooooooooooooooooooooooooooooooooooooooooooooooooooooooooooooooooooooooooooooooooooooooo
rm: cannot remove ‘temp_sim.phy_phyml_stats’: No such file or directory
rm: cannot remove ‘temp_sim.phy_phyml_tree’: No such file or directory
[1] "Simulation 8 processed"






                                 ..........................                                      
 ooooooooooooooooooooooooooooo        CURRENT SETTINGS        ooooooooooooooooooooooooooooooooooo
                                 ..........................                                      

                . Sequence filename:				 temp_sim.phy
                . Data type:					 dna
                . Alphabet size:				 4
                . Sequence format:				 interleaved
                . Number of data sets:				 1
                . Nb of bootstrapped data sets:			 0
                . Compute approximate likelihood ratio test:	 yes (SH-like branch supports)
                . Model name:					 GTR
                . Proportion of invariable sites:		 0.000000
                . Number of subst. rate categs:			 4
                . Gamma distribution parameter:			 estimated
                . 'Middle' of each rate class:			 mean
                . Nucleotide equilibrium frequencies:		 empirical
                . Optimise tree topology:			 yes
                . Tree topology search:				 NNIs
                . Starting tree:				 BioNJ
                . Add random input tree:			 no
                . Optimise branch lengths:			 yes
                . Optimise substitution model parameters:	 yes
                . Run ID:					 none
                . Random seed:					 1480549593
                . Subtree patterns aliasing:			 no
                . Version:					 20120412

 oooooooooooooooooooooooooooooooooooooooooooooooooooooooooooooooooooooooooooooooooooooooooooooooo




. Log likelihood of the current tree: -76580.599654.

. Time used 0h7m48s

oooooooooooooooooooooooooooooooooooooooooooooooooooooooooooooooooooooooooooooooooooooooooooooooo
rm: cannot remove ‘temp_sim.phy_phyml_stats’: No such file or directory
rm: cannot remove ‘temp_sim.phy_phyml_tree’: No such file or directory
[1] "Simulation 9 processed"






                                 ..........................                                      
 ooooooooooooooooooooooooooooo        CURRENT SETTINGS        ooooooooooooooooooooooooooooooooooo
                                 ..........................                                      

                . Sequence filename:				 temp_sim.phy
                . Data type:					 dna
                . Alphabet size:				 4
                . Sequence format:				 interleaved
                . Number of data sets:				 1
                . Nb of bootstrapped data sets:			 0
                . Compute approximate likelihood ratio test:	 yes (SH-like branch supports)
                . Model name:					 GTR
                . Proportion of invariable sites:		 0.000000
                . Number of subst. rate categs:			 4
                . Gamma distribution parameter:			 estimated
                . 'Middle' of each rate class:			 mean
                . Nucleotide equilibrium frequencies:		 empirical
                . Optimise tree topology:			 yes
                . Tree topology search:				 NNIs
                . Starting tree:				 BioNJ
                . Add random input tree:			 no
                . Optimise branch lengths:			 yes
                . Optimise substitution model parameters:	 yes
                . Run ID:					 none
                . Random seed:					 1480550066
                . Subtree patterns aliasing:			 no
                . Version:					 20120412

 oooooooooooooooooooooooooooooooooooooooooooooooooooooooooooooooooooooooooooooooooooooooooooooooo




. Log likelihood of the current tree: -76454.752963.

. Time used 0h6m53s

oooooooooooooooooooooooooooooooooooooooooooooooooooooooooooooooooooooooooooooooooooooooooooooooo
rm: cannot remove ‘temp_sim.phy_phyml_stats’: No such file or directory
rm: cannot remove ‘temp_sim.phy_phyml_tree’: No such file or directory
[1] "Simulation 10 processed"






                                 ..........................                                      
 ooooooooooooooooooooooooooooo        CURRENT SETTINGS        ooooooooooooooooooooooooooooooooooo
                                 ..........................                                      

                . Sequence filename:				 temp_sim.phy
                . Data type:					 dna
                . Alphabet size:				 4
                . Sequence format:				 interleaved
                . Number of data sets:				 1
                . Nb of bootstrapped data sets:			 0
                . Compute approximate likelihood ratio test:	 yes (SH-like branch supports)
                . Model name:					 GTR
                . Proportion of invariable sites:		 0.000000
                . Number of subst. rate categs:			 4
                . Gamma distribution parameter:			 estimated
                . 'Middle' of each rate class:			 mean
                . Nucleotide equilibrium frequencies:		 empirical
                . Optimise tree topology:			 yes
                . Tree topology search:				 NNIs
                . Starting tree:				 BioNJ
                . Add random input tree:			 no
                . Optimise branch lengths:			 yes
                . Optimise substitution model parameters:	 yes
                . Run ID:					 none
                . Random seed:					 1480550482
                . Subtree patterns aliasing:			 no
                . Version:					 20120412

 oooooooooooooooooooooooooooooooooooooooooooooooooooooooooooooooooooooooooooooooooooooooooooooooo




. Log likelihood of the current tree: -75529.652048.

. Time used 0h5m1s

oooooooooooooooooooooooooooooooooooooooooooooooooooooooooooooooooooooooooooooooooooooooooooooooo
rm: cannot remove ‘temp_sim.phy_phyml_stats’: No such file or directory
rm: cannot remove ‘temp_sim.phy_phyml_tree’: No such file or directory
[1] "Simulation 11 processed"






                                 ..........................                                      
 ooooooooooooooooooooooooooooo        CURRENT SETTINGS        ooooooooooooooooooooooooooooooooooo
                                 ..........................                                      

                . Sequence filename:				 temp_sim.phy
                . Data type:					 dna
                . Alphabet size:				 4
                . Sequence format:				 interleaved
                . Number of data sets:				 1
                . Nb of bootstrapped data sets:			 0
                . Compute approximate likelihood ratio test:	 yes (SH-like branch supports)
                . Model name:					 GTR
                . Proportion of invariable sites:		 0.000000
                . Number of subst. rate categs:			 4
                . Gamma distribution parameter:			 estimated
                . 'Middle' of each rate class:			 mean
                . Nucleotide equilibrium frequencies:		 empirical
                . Optimise tree topology:			 yes
                . Tree topology search:				 NNIs
                . Starting tree:				 BioNJ
                . Add random input tree:			 no
                . Optimise branch lengths:			 yes
                . Optimise substitution model parameters:	 yes
                . Run ID:					 none
                . Random seed:					 1480550787
                . Subtree patterns aliasing:			 no
                . Version:					 20120412

 oooooooooooooooooooooooooooooooooooooooooooooooooooooooooooooooooooooooooooooooooooooooooooooooo




. Log likelihood of the current tree: -76304.554871.

. Time used 0h8m12s

oooooooooooooooooooooooooooooooooooooooooooooooooooooooooooooooooooooooooooooooooooooooooooooooo
rm: cannot remove ‘temp_sim.phy_phyml_stats’: No such file or directory
rm: cannot remove ‘temp_sim.phy_phyml_tree’: No such file or directory
[1] "Simulation 12 processed"






                                 ..........................                                      
 ooooooooooooooooooooooooooooo        CURRENT SETTINGS        ooooooooooooooooooooooooooooooooooo
                                 ..........................                                      

                . Sequence filename:				 temp_sim.phy
                . Data type:					 dna
                . Alphabet size:				 4
                . Sequence format:				 interleaved
                . Number of data sets:				 1
                . Nb of bootstrapped data sets:			 0
                . Compute approximate likelihood ratio test:	 yes (SH-like branch supports)
                . Model name:					 GTR
                . Proportion of invariable sites:		 0.000000
                . Number of subst. rate categs:			 4
                . Gamma distribution parameter:			 estimated
                . 'Middle' of each rate class:			 mean
                . Nucleotide equilibrium frequencies:		 empirical
                . Optimise tree topology:			 yes
                . Tree topology search:				 NNIs
                . Starting tree:				 BioNJ
                . Add random input tree:			 no
                . Optimise branch lengths:			 yes
                . Optimise substitution model parameters:	 yes
                . Run ID:					 none
                . Random seed:					 1480551283
                . Subtree patterns aliasing:			 no
                . Version:					 20120412

 oooooooooooooooooooooooooooooooooooooooooooooooooooooooooooooooooooooooooooooooooooooooooooooooo




. Log likelihood of the current tree: -76120.424297.

. Time used 0h6m22s

oooooooooooooooooooooooooooooooooooooooooooooooooooooooooooooooooooooooooooooooooooooooooooooooo
rm: cannot remove ‘temp_sim.phy_phyml_stats’: No such file or directory
rm: cannot remove ‘temp_sim.phy_phyml_tree’: No such file or directory
[1] "Simulation 13 processed"






                                 ..........................                                      
 ooooooooooooooooooooooooooooo        CURRENT SETTINGS        ooooooooooooooooooooooooooooooooooo
                                 ..........................                                      

                . Sequence filename:				 temp_sim.phy
                . Data type:					 dna
                . Alphabet size:				 4
                . Sequence format:				 interleaved
                . Number of data sets:				 1
                . Nb of bootstrapped data sets:			 0
                . Compute approximate likelihood ratio test:	 yes (SH-like branch supports)
                . Model name:					 GTR
                . Proportion of invariable sites:		 0.000000
                . Number of subst. rate categs:			 4
                . Gamma distribution parameter:			 estimated
                . 'Middle' of each rate class:			 mean
                . Nucleotide equilibrium frequencies:		 empirical
                . Optimise tree topology:			 yes
                . Tree topology search:				 NNIs
                . Starting tree:				 BioNJ
                . Add random input tree:			 no
                . Optimise branch lengths:			 yes
                . Optimise substitution model parameters:	 yes
                . Run ID:					 none
                . Random seed:					 1480551670
                . Subtree patterns aliasing:			 no
                . Version:					 20120412

 oooooooooooooooooooooooooooooooooooooooooooooooooooooooooooooooooooooooooooooooooooooooooooooooo




. Log likelihood of the current tree: -76449.003857.

. Time used 0h5m49s

oooooooooooooooooooooooooooooooooooooooooooooooooooooooooooooooooooooooooooooooooooooooooooooooo
rm: cannot remove ‘temp_sim.phy_phyml_stats’: No such file or directory
rm: cannot remove ‘temp_sim.phy_phyml_tree’: No such file or directory
[1] "Simulation 14 processed"






                                 ..........................                                      
 ooooooooooooooooooooooooooooo        CURRENT SETTINGS        ooooooooooooooooooooooooooooooooooo
                                 ..........................                                      

                . Sequence filename:				 temp_sim.phy
                . Data type:					 dna
                . Alphabet size:				 4
                . Sequence format:				 interleaved
                . Number of data sets:				 1
                . Nb of bootstrapped data sets:			 0
                . Compute approximate likelihood ratio test:	 yes (SH-like branch supports)
                . Model name:					 GTR
                . Proportion of invariable sites:		 0.000000
                . Number of subst. rate categs:			 4
                . Gamma distribution parameter:			 estimated
                . 'Middle' of each rate class:			 mean
                . Nucleotide equilibrium frequencies:		 empirical
                . Optimise tree topology:			 yes
                . Tree topology search:				 NNIs
                . Starting tree:				 BioNJ
                . Add random input tree:			 no
                . Optimise branch lengths:			 yes
                . Optimise substitution model parameters:	 yes
                . Run ID:					 none
                . Random seed:					 1480552024
                . Subtree patterns aliasing:			 no
                . Version:					 20120412

 oooooooooooooooooooooooooooooooooooooooooooooooooooooooooooooooooooooooooooooooooooooooooooooooo




. Log likelihood of the current tree: -76029.000648.

. Time used 0h5m9s

oooooooooooooooooooooooooooooooooooooooooooooooooooooooooooooooooooooooooooooooooooooooooooooooo
rm: cannot remove ‘temp_sim.phy_phyml_stats’: No such file or directory
rm: cannot remove ‘temp_sim.phy_phyml_tree’: No such file or directory
[1] "Simulation 15 processed"






                                 ..........................                                      
 ooooooooooooooooooooooooooooo        CURRENT SETTINGS        ooooooooooooooooooooooooooooooooooo
                                 ..........................                                      

                . Sequence filename:				 temp_sim.phy
                . Data type:					 dna
                . Alphabet size:				 4
                . Sequence format:				 interleaved
                . Number of data sets:				 1
                . Nb of bootstrapped data sets:			 0
                . Compute approximate likelihood ratio test:	 yes (SH-like branch supports)
                . Model name:					 GTR
                . Proportion of invariable sites:		 0.000000
                . Number of subst. rate categs:			 4
                . Gamma distribution parameter:			 estimated
                . 'Middle' of each rate class:			 mean
                . Nucleotide equilibrium frequencies:		 empirical
                . Optimise tree topology:			 yes
                . Tree topology search:				 NNIs
                . Starting tree:				 BioNJ
                . Add random input tree:			 no
                . Optimise branch lengths:			 yes
                . Optimise substitution model parameters:	 yes
                . Run ID:					 none
                . Random seed:					 1480552337
                . Subtree patterns aliasing:			 no
                . Version:					 20120412

 oooooooooooooooooooooooooooooooooooooooooooooooooooooooooooooooooooooooooooooooooooooooooooooooo




. Log likelihood of the current tree: -76095.120417.

. Time used 0h6m33s

oooooooooooooooooooooooooooooooooooooooooooooooooooooooooooooooooooooooooooooooooooooooooooooooo
rm: cannot remove ‘temp_sim.phy_phyml_stats’: No such file or directory
rm: cannot remove ‘temp_sim.phy_phyml_tree’: No such file or directory
[1] "Simulation 16 processed"






                                 ..........................                                      
 ooooooooooooooooooooooooooooo        CURRENT SETTINGS        ooooooooooooooooooooooooooooooooooo
                                 ..........................                                      

                . Sequence filename:				 temp_sim.phy
                . Data type:					 dna
                . Alphabet size:				 4
                . Sequence format:				 interleaved
                . Number of data sets:				 1
                . Nb of bootstrapped data sets:			 0
                . Compute approximate likelihood ratio test:	 yes (SH-like branch supports)
                . Model name:					 GTR
                . Proportion of invariable sites:		 0.000000
                . Number of subst. rate categs:			 4
                . Gamma distribution parameter:			 estimated
                . 'Middle' of each rate class:			 mean
                . Nucleotide equilibrium frequencies:		 empirical
                . Optimise tree topology:			 yes
                . Tree topology search:				 NNIs
                . Starting tree:				 BioNJ
                . Add random input tree:			 no
                . Optimise branch lengths:			 yes
                . Optimise substitution model parameters:	 yes
                . Run ID:					 none
                . Random seed:					 1480552732
                . Subtree patterns aliasing:			 no
                . Version:					 20120412

 oooooooooooooooooooooooooooooooooooooooooooooooooooooooooooooooooooooooooooooooooooooooooooooooo




. Log likelihood of the current tree: -76616.712296.

. Time used 0h7m7s

oooooooooooooooooooooooooooooooooooooooooooooooooooooooooooooooooooooooooooooooooooooooooooooooo
rm: cannot remove ‘temp_sim.phy_phyml_stats’: No such file or directory
rm: cannot remove ‘temp_sim.phy_phyml_tree’: No such file or directory
[1] "Simulation 17 processed"






                                 ..........................                                      
 ooooooooooooooooooooooooooooo        CURRENT SETTINGS        ooooooooooooooooooooooooooooooooooo
                                 ..........................                                      

                . Sequence filename:				 temp_sim.phy
                . Data type:					 dna
                . Alphabet size:				 4
                . Sequence format:				 interleaved
                . Number of data sets:				 1
                . Nb of bootstrapped data sets:			 0
                . Compute approximate likelihood ratio test:	 yes (SH-like branch supports)
                . Model name:					 GTR
                . Proportion of invariable sites:		 0.000000
                . Number of subst. rate categs:			 4
                . Gamma distribution parameter:			 estimated
                . 'Middle' of each rate class:			 mean
                . Nucleotide equilibrium frequencies:		 empirical
                . Optimise tree topology:			 yes
                . Tree topology search:				 NNIs
                . Starting tree:				 BioNJ
                . Add random input tree:			 no
                . Optimise branch lengths:			 yes
                . Optimise substitution model parameters:	 yes
                . Run ID:					 none
                . Random seed:					 1480553163
                . Subtree patterns aliasing:			 no
                . Version:					 20120412

 oooooooooooooooooooooooooooooooooooooooooooooooooooooooooooooooooooooooooooooooooooooooooooooooo




. Log likelihood of the current tree: -76277.128817.

. Time used 0h5m36s

oooooooooooooooooooooooooooooooooooooooooooooooooooooooooooooooooooooooooooooooooooooooooooooooo
rm: cannot remove ‘temp_sim.phy_phyml_stats’: No such file or directory
rm: cannot remove ‘temp_sim.phy_phyml_tree’: No such file or directory
[1] "Simulation 18 processed"






                                 ..........................                                      
 ooooooooooooooooooooooooooooo        CURRENT SETTINGS        ooooooooooooooooooooooooooooooooooo
                                 ..........................                                      

                . Sequence filename:				 temp_sim.phy
                . Data type:					 dna
                . Alphabet size:				 4
                . Sequence format:				 interleaved
                . Number of data sets:				 1
                . Nb of bootstrapped data sets:			 0
                . Compute approximate likelihood ratio test:	 yes (SH-like branch supports)
                . Model name:					 GTR
                . Proportion of invariable sites:		 0.000000
                . Number of subst. rate categs:			 4
                . Gamma distribution parameter:			 estimated
                . 'Middle' of each rate class:			 mean
                . Nucleotide equilibrium frequencies:		 empirical
                . Optimise tree topology:			 yes
                . Tree topology search:				 NNIs
                . Starting tree:				 BioNJ
                . Add random input tree:			 no
                . Optimise branch lengths:			 yes
                . Optimise substitution model parameters:	 yes
                . Run ID:					 none
                . Random seed:					 1480553503
                . Subtree patterns aliasing:			 no
                . Version:					 20120412

 oooooooooooooooooooooooooooooooooooooooooooooooooooooooooooooooooooooooooooooooooooooooooooooooo




. Log likelihood of the current tree: -76545.231627.

. Time used 0h7m3s

oooooooooooooooooooooooooooooooooooooooooooooooooooooooooooooooooooooooooooooooooooooooooooooooo
rm: cannot remove ‘temp_sim.phy_phyml_stats’: No such file or directory
rm: cannot remove ‘temp_sim.phy_phyml_tree’: No such file or directory
[1] "Simulation 19 processed"






                                 ..........................                                      
 ooooooooooooooooooooooooooooo        CURRENT SETTINGS        ooooooooooooooooooooooooooooooooooo
                                 ..........................                                      

                . Sequence filename:				 temp_sim.phy
                . Data type:					 dna
                . Alphabet size:				 4
                . Sequence format:				 interleaved
                . Number of data sets:				 1
                . Nb of bootstrapped data sets:			 0
                . Compute approximate likelihood ratio test:	 yes (SH-like branch supports)
                . Model name:					 GTR
                . Proportion of invariable sites:		 0.000000
                . Number of subst. rate categs:			 4
                . Gamma distribution parameter:			 estimated
                . 'Middle' of each rate class:			 mean
                . Nucleotide equilibrium frequencies:		 empirical
                . Optimise tree topology:			 yes
                . Tree topology search:				 NNIs
                . Starting tree:				 BioNJ
                . Add random input tree:			 no
                . Optimise branch lengths:			 yes
                . Optimise substitution model parameters:	 yes
                . Run ID:					 none
                . Random seed:					 1480553931
                . Subtree patterns aliasing:			 no
                . Version:					 20120412

 oooooooooooooooooooooooooooooooooooooooooooooooooooooooooooooooooooooooooooooooooooooooooooooooo




. Log likelihood of the current tree: -75707.874290.

. Time used 0h7m53s

oooooooooooooooooooooooooooooooooooooooooooooooooooooooooooooooooooooooooooooooooooooooooooooooo
rm: cannot remove ‘temp_sim.phy_phyml_stats’: No such file or directory
rm: cannot remove ‘temp_sim.phy_phyml_tree’: No such file or directory
[1] "Simulation 20 processed"






                                 ..........................                                      
 ooooooooooooooooooooooooooooo        CURRENT SETTINGS        ooooooooooooooooooooooooooooooooooo
                                 ..........................                                      

                . Sequence filename:				 temp_sim.phy
                . Data type:					 dna
                . Alphabet size:				 4
                . Sequence format:				 interleaved
                . Number of data sets:				 1
                . Nb of bootstrapped data sets:			 0
                . Compute approximate likelihood ratio test:	 yes (SH-like branch supports)
                . Model name:					 GTR
                . Proportion of invariable sites:		 0.000000
                . Number of subst. rate categs:			 4
                . Gamma distribution parameter:			 estimated
                . 'Middle' of each rate class:			 mean
                . Nucleotide equilibrium frequencies:		 empirical
                . Optimise tree topology:			 yes
                . Tree topology search:				 NNIs
                . Starting tree:				 BioNJ
                . Add random input tree:			 no
                . Optimise branch lengths:			 yes
                . Optimise substitution model parameters:	 yes
                . Run ID:					 none
                . Random seed:					 1480554408
                . Subtree patterns aliasing:			 no
                . Version:					 20120412

 oooooooooooooooooooooooooooooooooooooooooooooooooooooooooooooooooooooooooooooooooooooooooooooooo



. Err: low memory

. Type enter to exit.
Error in simdelta[i] <- simuncons - simlik : replacement has length zero
Calls: adeq.ml -> make.ml.tr
Execution halted
Warning message:
system call failed: Cannot allocate memory 
