Loading required package: ape
[1] "sim.long.eighth.nonmon.3.phy"






                                 ..........................                                      
 ooooooooooooooooooooooooooooo        CURRENT SETTINGS        ooooooooooooooooooooooooooooooooooo
                                 ..........................                                      

                . Sequence filename:				 sim.long.eighth.nonmon.3.phy
                . Data type:					 dna
                . Alphabet size:				 4
                . Sequence format:				 interleaved
                . Number of data sets:				 1
                . Nb of bootstrapped data sets:			 0
                . Compute approximate likelihood ratio test:	 yes (SH-like branch supports)
                . Model name:					 GTR
                . Proportion of invariable sites:		 0.000000
                . Number of subst. rate categs:			 4
                . Gamma distribution parameter:			 estimated
                . 'Middle' of each rate class:			 mean
                . Nucleotide equilibrium frequencies:		 empirical
                . Optimise tree topology:			 yes
                . Tree topology search:				 NNIs
                . Starting tree:				 BioNJ
                . Add random input tree:			 no
                . Optimise branch lengths:			 yes
                . Optimise substitution model parameters:	 yes
                . Run ID:					 none
                . Random seed:					 1480722048
                . Subtree patterns aliasing:			 no
                . Version:					 20120412

 oooooooooooooooooooooooooooooooooooooooooooooooooooooooooooooooooooooooooooooooooooooooooooooooo




. Log likelihood of the current tree: -235850.755486.

. Time used 1h38m27s

oooooooooooooooooooooooooooooooooooooooooooooooooooooooooooooooooooooooooooooooooooooooooooooooo
[1] "sequence length is 5000"
[1] "TREE:"

Phylogenetic tree with 64 tips and 62 internal nodes.

Tip labels:
	t63, t33, t34, t35, t36, t39, ...
Node labels:
	, 0.853000, 0.993000, 1.000000, 1.000000, 0.885000, ...

Unrooted; includes branch lengths.
[1] "Q matrix = 0.17082" "Q matrix = 0.62006" "Q matrix = 0.15439"
[4] "Q matrix = 0.15134" "Q matrix = 0.78612" "Q matrix = 0.14098"
[1] "Q matrix = 0.17082" "Q matrix = 0.62006" "Q matrix = 0.15439"
[4] "Q matrix = 0.15134" "Q matrix = 0.78612" "Q matrix = 0.14098"
[1] "Q matrix = 0.17082" "Q matrix = 0.62006" "Q matrix = 0.15439"
[4] "Q matrix = 0.15134" "Q matrix = 0.78612" "Q matrix = 0.14098"
[1] "Q matrix = 0.17082" "Q matrix = 0.62006" "Q matrix = 0.15439"
[4] "Q matrix = 0.15134" "Q matrix = 0.78612" "Q matrix = 0.14098"
[1] "Q matrix = 0.17082" "Q matrix = 0.62006" "Q matrix = 0.15439"
[4] "Q matrix = 0.15134" "Q matrix = 0.78612" "Q matrix = 0.14098"
[1] "Q matrix = 0.17082" "Q matrix = 0.62006" "Q matrix = 0.15439"
[4] "Q matrix = 0.15134" "Q matrix = 0.78612" "Q matrix = 0.14098"
[1] "Q matrix = 0.17082" "Q matrix = 0.62006" "Q matrix = 0.15439"
[4] "Q matrix = 0.15134" "Q matrix = 0.78612" "Q matrix = 0.14098"
[1] "Q matrix = 0.17082" "Q matrix = 0.62006" "Q matrix = 0.15439"
[4] "Q matrix = 0.15134" "Q matrix = 0.78612" "Q matrix = 0.14098"
[1] "Q matrix = 0.17082" "Q matrix = 0.62006" "Q matrix = 0.15439"
[4] "Q matrix = 0.15134" "Q matrix = 0.78612" "Q matrix = 0.14098"
[1] "Q matrix = 0.17082" "Q matrix = 0.62006" "Q matrix = 0.15439"
[4] "Q matrix = 0.15134" "Q matrix = 0.78612" "Q matrix = 0.14098"
[1] "Q matrix = 0.17082" "Q matrix = 0.62006" "Q matrix = 0.15439"
[4] "Q matrix = 0.15134" "Q matrix = 0.78612" "Q matrix = 0.14098"
[1] "Q matrix = 0.17082" "Q matrix = 0.62006" "Q matrix = 0.15439"
[4] "Q matrix = 0.15134" "Q matrix = 0.78612" "Q matrix = 0.14098"
[1] "Q matrix = 0.17082" "Q matrix = 0.62006" "Q matrix = 0.15439"
[4] "Q matrix = 0.15134" "Q matrix = 0.78612" "Q matrix = 0.14098"
[1] "Q matrix = 0.17082" "Q matrix = 0.62006" "Q matrix = 0.15439"
[4] "Q matrix = 0.15134" "Q matrix = 0.78612" "Q matrix = 0.14098"
[1] "Q matrix = 0.17082" "Q matrix = 0.62006" "Q matrix = 0.15439"
[4] "Q matrix = 0.15134" "Q matrix = 0.78612" "Q matrix = 0.14098"
[1] "Q matrix = 0.17082" "Q matrix = 0.62006" "Q matrix = 0.15439"
[4] "Q matrix = 0.15134" "Q matrix = 0.78612" "Q matrix = 0.14098"
[1] "Q matrix = 0.17082" "Q matrix = 0.62006" "Q matrix = 0.15439"
[4] "Q matrix = 0.15134" "Q matrix = 0.78612" "Q matrix = 0.14098"
[1] "Q matrix = 0.17082" "Q matrix = 0.62006" "Q matrix = 0.15439"
[4] "Q matrix = 0.15134" "Q matrix = 0.78612" "Q matrix = 0.14098"
[1] "Q matrix = 0.17082" "Q matrix = 0.62006" "Q matrix = 0.15439"
[4] "Q matrix = 0.15134" "Q matrix = 0.78612" "Q matrix = 0.14098"
[1] "Q matrix = 0.17082" "Q matrix = 0.62006" "Q matrix = 0.15439"
[4] "Q matrix = 0.15134" "Q matrix = 0.78612" "Q matrix = 0.14098"
[1] "Q matrix = 0.17082" "Q matrix = 0.62006" "Q matrix = 0.15439"
[4] "Q matrix = 0.15134" "Q matrix = 0.78612" "Q matrix = 0.14098"
[1] "Q matrix = 0.17082" "Q matrix = 0.62006" "Q matrix = 0.15439"
[4] "Q matrix = 0.15134" "Q matrix = 0.78612" "Q matrix = 0.14098"
[1] "Q matrix = 0.17082" "Q matrix = 0.62006" "Q matrix = 0.15439"
[4] "Q matrix = 0.15134" "Q matrix = 0.78612" "Q matrix = 0.14098"
[1] "Q matrix = 0.17082" "Q matrix = 0.62006" "Q matrix = 0.15439"
[4] "Q matrix = 0.15134" "Q matrix = 0.78612" "Q matrix = 0.14098"
[1] "Q matrix = 0.17082" "Q matrix = 0.62006" "Q matrix = 0.15439"
[4] "Q matrix = 0.15134" "Q matrix = 0.78612" "Q matrix = 0.14098"
[1] "Q matrix = 0.17082" "Q matrix = 0.62006" "Q matrix = 0.15439"
[4] "Q matrix = 0.15134" "Q matrix = 0.78612" "Q matrix = 0.14098"
[1] "Q matrix = 0.17082" "Q matrix = 0.62006" "Q matrix = 0.15439"
[4] "Q matrix = 0.15134" "Q matrix = 0.78612" "Q matrix = 0.14098"
[1] "Q matrix = 0.17082" "Q matrix = 0.62006" "Q matrix = 0.15439"
[4] "Q matrix = 0.15134" "Q matrix = 0.78612" "Q matrix = 0.14098"
[1] "Q matrix = 0.17082" "Q matrix = 0.62006" "Q matrix = 0.15439"
[4] "Q matrix = 0.15134" "Q matrix = 0.78612" "Q matrix = 0.14098"
[1] "Q matrix = 0.17082" "Q matrix = 0.62006" "Q matrix = 0.15439"
[4] "Q matrix = 0.15134" "Q matrix = 0.78612" "Q matrix = 0.14098"
[1] "Q matrix = 0.17082" "Q matrix = 0.62006" "Q matrix = 0.15439"
[4] "Q matrix = 0.15134" "Q matrix = 0.78612" "Q matrix = 0.14098"
[1] "Q matrix = 0.17082" "Q matrix = 0.62006" "Q matrix = 0.15439"
[4] "Q matrix = 0.15134" "Q matrix = 0.78612" "Q matrix = 0.14098"
[1] "Q matrix = 0.17082" "Q matrix = 0.62006" "Q matrix = 0.15439"
[4] "Q matrix = 0.15134" "Q matrix = 0.78612" "Q matrix = 0.14098"
[1] "Q matrix = 0.17082" "Q matrix = 0.62006" "Q matrix = 0.15439"
[4] "Q matrix = 0.15134" "Q matrix = 0.78612" "Q matrix = 0.14098"
[1] "Q matrix = 0.17082" "Q matrix = 0.62006" "Q matrix = 0.15439"
[4] "Q matrix = 0.15134" "Q matrix = 0.78612" "Q matrix = 0.14098"
[1] "Q matrix = 0.17082" "Q matrix = 0.62006" "Q matrix = 0.15439"
[4] "Q matrix = 0.15134" "Q matrix = 0.78612" "Q matrix = 0.14098"
[1] "Q matrix = 0.17082" "Q matrix = 0.62006" "Q matrix = 0.15439"
[4] "Q matrix = 0.15134" "Q matrix = 0.78612" "Q matrix = 0.14098"
[1] "Q matrix = 0.17082" "Q matrix = 0.62006" "Q matrix = 0.15439"
[4] "Q matrix = 0.15134" "Q matrix = 0.78612" "Q matrix = 0.14098"
[1] "Q matrix = 0.17082" "Q matrix = 0.62006" "Q matrix = 0.15439"
[4] "Q matrix = 0.15134" "Q matrix = 0.78612" "Q matrix = 0.14098"
[1] "Q matrix = 0.17082" "Q matrix = 0.62006" "Q matrix = 0.15439"
[4] "Q matrix = 0.15134" "Q matrix = 0.78612" "Q matrix = 0.14098"
[1] "Q matrix = 0.17082" "Q matrix = 0.62006" "Q matrix = 0.15439"
[4] "Q matrix = 0.15134" "Q matrix = 0.78612" "Q matrix = 0.14098"
[1] "Q matrix = 0.17082" "Q matrix = 0.62006" "Q matrix = 0.15439"
[4] "Q matrix = 0.15134" "Q matrix = 0.78612" "Q matrix = 0.14098"
[1] "Q matrix = 0.17082" "Q matrix = 0.62006" "Q matrix = 0.15439"
[4] "Q matrix = 0.15134" "Q matrix = 0.78612" "Q matrix = 0.14098"
[1] "Q matrix = 0.17082" "Q matrix = 0.62006" "Q matrix = 0.15439"
[4] "Q matrix = 0.15134" "Q matrix = 0.78612" "Q matrix = 0.14098"
[1] "Q matrix = 0.17082" "Q matrix = 0.62006" "Q matrix = 0.15439"
[4] "Q matrix = 0.15134" "Q matrix = 0.78612" "Q matrix = 0.14098"
[1] "Q matrix = 0.17082" "Q matrix = 0.62006" "Q matrix = 0.15439"
[4] "Q matrix = 0.15134" "Q matrix = 0.78612" "Q matrix = 0.14098"
[1] "Q matrix = 0.17082" "Q matrix = 0.62006" "Q matrix = 0.15439"
[4] "Q matrix = 0.15134" "Q matrix = 0.78612" "Q matrix = 0.14098"
[1] "Q matrix = 0.17082" "Q matrix = 0.62006" "Q matrix = 0.15439"
[4] "Q matrix = 0.15134" "Q matrix = 0.78612" "Q matrix = 0.14098"
[1] "Q matrix = 0.17082" "Q matrix = 0.62006" "Q matrix = 0.15439"
[4] "Q matrix = 0.15134" "Q matrix = 0.78612" "Q matrix = 0.14098"
[1] "Q matrix = 0.17082" "Q matrix = 0.62006" "Q matrix = 0.15439"
[4] "Q matrix = 0.15134" "Q matrix = 0.78612" "Q matrix = 0.14098"
[1] "Q matrix = 0.17082" "Q matrix = 0.62006" "Q matrix = 0.15439"
[4] "Q matrix = 0.15134" "Q matrix = 0.78612" "Q matrix = 0.14098"
[1] "Q matrix = 0.17082" "Q matrix = 0.62006" "Q matrix = 0.15439"
[4] "Q matrix = 0.15134" "Q matrix = 0.78612" "Q matrix = 0.14098"
[1] "Q matrix = 0.17082" "Q matrix = 0.62006" "Q matrix = 0.15439"
[4] "Q matrix = 0.15134" "Q matrix = 0.78612" "Q matrix = 0.14098"
[1] "Q matrix = 0.17082" "Q matrix = 0.62006" "Q matrix = 0.15439"
[4] "Q matrix = 0.15134" "Q matrix = 0.78612" "Q matrix = 0.14098"
[1] "Q matrix = 0.17082" "Q matrix = 0.62006" "Q matrix = 0.15439"
[4] "Q matrix = 0.15134" "Q matrix = 0.78612" "Q matrix = 0.14098"
[1] "Q matrix = 0.17082" "Q matrix = 0.62006" "Q matrix = 0.15439"
[4] "Q matrix = 0.15134" "Q matrix = 0.78612" "Q matrix = 0.14098"
[1] "Q matrix = 0.17082" "Q matrix = 0.62006" "Q matrix = 0.15439"
[4] "Q matrix = 0.15134" "Q matrix = 0.78612" "Q matrix = 0.14098"
[1] "Q matrix = 0.17082" "Q matrix = 0.62006" "Q matrix = 0.15439"
[4] "Q matrix = 0.15134" "Q matrix = 0.78612" "Q matrix = 0.14098"
[1] "Q matrix = 0.17082" "Q matrix = 0.62006" "Q matrix = 0.15439"
[4] "Q matrix = 0.15134" "Q matrix = 0.78612" "Q matrix = 0.14098"
[1] "Q matrix = 0.17082" "Q matrix = 0.62006" "Q matrix = 0.15439"
[4] "Q matrix = 0.15134" "Q matrix = 0.78612" "Q matrix = 0.14098"
[1] "Q matrix = 0.17082" "Q matrix = 0.62006" "Q matrix = 0.15439"
[4] "Q matrix = 0.15134" "Q matrix = 0.78612" "Q matrix = 0.14098"
[1] "Q matrix = 0.17082" "Q matrix = 0.62006" "Q matrix = 0.15439"
[4] "Q matrix = 0.15134" "Q matrix = 0.78612" "Q matrix = 0.14098"
[1] "Q matrix = 0.17082" "Q matrix = 0.62006" "Q matrix = 0.15439"
[4] "Q matrix = 0.15134" "Q matrix = 0.78612" "Q matrix = 0.14098"
[1] "Q matrix = 0.17082" "Q matrix = 0.62006" "Q matrix = 0.15439"
[4] "Q matrix = 0.15134" "Q matrix = 0.78612" "Q matrix = 0.14098"
[1] "Q matrix = 0.17082" "Q matrix = 0.62006" "Q matrix = 0.15439"
[4] "Q matrix = 0.15134" "Q matrix = 0.78612" "Q matrix = 0.14098"
[1] "Q matrix = 0.17082" "Q matrix = 0.62006" "Q matrix = 0.15439"
[4] "Q matrix = 0.15134" "Q matrix = 0.78612" "Q matrix = 0.14098"
[1] "Q matrix = 0.17082" "Q matrix = 0.62006" "Q matrix = 0.15439"
[4] "Q matrix = 0.15134" "Q matrix = 0.78612" "Q matrix = 0.14098"
[1] "Q matrix = 0.17082" "Q matrix = 0.62006" "Q matrix = 0.15439"
[4] "Q matrix = 0.15134" "Q matrix = 0.78612" "Q matrix = 0.14098"
[1] "Q matrix = 0.17082" "Q matrix = 0.62006" "Q matrix = 0.15439"
[4] "Q matrix = 0.15134" "Q matrix = 0.78612" "Q matrix = 0.14098"
[1] "Q matrix = 0.17082" "Q matrix = 0.62006" "Q matrix = 0.15439"
[4] "Q matrix = 0.15134" "Q matrix = 0.78612" "Q matrix = 0.14098"
[1] "Q matrix = 0.17082" "Q matrix = 0.62006" "Q matrix = 0.15439"
[4] "Q matrix = 0.15134" "Q matrix = 0.78612" "Q matrix = 0.14098"
[1] "Q matrix = 0.17082" "Q matrix = 0.62006" "Q matrix = 0.15439"
[4] "Q matrix = 0.15134" "Q matrix = 0.78612" "Q matrix = 0.14098"
[1] "Q matrix = 0.17082" "Q matrix = 0.62006" "Q matrix = 0.15439"
[4] "Q matrix = 0.15134" "Q matrix = 0.78612" "Q matrix = 0.14098"
[1] "Q matrix = 0.17082" "Q matrix = 0.62006" "Q matrix = 0.15439"
[4] "Q matrix = 0.15134" "Q matrix = 0.78612" "Q matrix = 0.14098"
[1] "Q matrix = 0.17082" "Q matrix = 0.62006" "Q matrix = 0.15439"
[4] "Q matrix = 0.15134" "Q matrix = 0.78612" "Q matrix = 0.14098"
[1] "Q matrix = 0.17082" "Q matrix = 0.62006" "Q matrix = 0.15439"
[4] "Q matrix = 0.15134" "Q matrix = 0.78612" "Q matrix = 0.14098"
[1] "Q matrix = 0.17082" "Q matrix = 0.62006" "Q matrix = 0.15439"
[4] "Q matrix = 0.15134" "Q matrix = 0.78612" "Q matrix = 0.14098"
[1] "Q matrix = 0.17082" "Q matrix = 0.62006" "Q matrix = 0.15439"
[4] "Q matrix = 0.15134" "Q matrix = 0.78612" "Q matrix = 0.14098"
[1] "Q matrix = 0.17082" "Q matrix = 0.62006" "Q matrix = 0.15439"
[4] "Q matrix = 0.15134" "Q matrix = 0.78612" "Q matrix = 0.14098"
[1] "Q matrix = 0.17082" "Q matrix = 0.62006" "Q matrix = 0.15439"
[4] "Q matrix = 0.15134" "Q matrix = 0.78612" "Q matrix = 0.14098"
[1] "Q matrix = 0.17082" "Q matrix = 0.62006" "Q matrix = 0.15439"
[4] "Q matrix = 0.15134" "Q matrix = 0.78612" "Q matrix = 0.14098"
[1] "Q matrix = 0.17082" "Q matrix = 0.62006" "Q matrix = 0.15439"
[4] "Q matrix = 0.15134" "Q matrix = 0.78612" "Q matrix = 0.14098"
[1] "Q matrix = 0.17082" "Q matrix = 0.62006" "Q matrix = 0.15439"
[4] "Q matrix = 0.15134" "Q matrix = 0.78612" "Q matrix = 0.14098"
[1] "Q matrix = 0.17082" "Q matrix = 0.62006" "Q matrix = 0.15439"
[4] "Q matrix = 0.15134" "Q matrix = 0.78612" "Q matrix = 0.14098"
[1] "Q matrix = 0.17082" "Q matrix = 0.62006" "Q matrix = 0.15439"
[4] "Q matrix = 0.15134" "Q matrix = 0.78612" "Q matrix = 0.14098"
[1] "Q matrix = 0.17082" "Q matrix = 0.62006" "Q matrix = 0.15439"
[4] "Q matrix = 0.15134" "Q matrix = 0.78612" "Q matrix = 0.14098"
[1] "Q matrix = 0.17082" "Q matrix = 0.62006" "Q matrix = 0.15439"
[4] "Q matrix = 0.15134" "Q matrix = 0.78612" "Q matrix = 0.14098"
[1] "Q matrix = 0.17082" "Q matrix = 0.62006" "Q matrix = 0.15439"
[4] "Q matrix = 0.15134" "Q matrix = 0.78612" "Q matrix = 0.14098"
[1] "Q matrix = 0.17082" "Q matrix = 0.62006" "Q matrix = 0.15439"
[4] "Q matrix = 0.15134" "Q matrix = 0.78612" "Q matrix = 0.14098"
[1] "Q matrix = 0.17082" "Q matrix = 0.62006" "Q matrix = 0.15439"
[4] "Q matrix = 0.15134" "Q matrix = 0.78612" "Q matrix = 0.14098"
[1] "Q matrix = 0.17082" "Q matrix = 0.62006" "Q matrix = 0.15439"
[4] "Q matrix = 0.15134" "Q matrix = 0.78612" "Q matrix = 0.14098"
[1] "Q matrix = 0.17082" "Q matrix = 0.62006" "Q matrix = 0.15439"
[4] "Q matrix = 0.15134" "Q matrix = 0.78612" "Q matrix = 0.14098"
[1] "Q matrix = 0.17082" "Q matrix = 0.62006" "Q matrix = 0.15439"
[4] "Q matrix = 0.15134" "Q matrix = 0.78612" "Q matrix = 0.14098"
[1] "Q matrix = 0.17082" "Q matrix = 0.62006" "Q matrix = 0.15439"
[4] "Q matrix = 0.15134" "Q matrix = 0.78612" "Q matrix = 0.14098"
[1] "Q matrix = 0.17082" "Q matrix = 0.62006" "Q matrix = 0.15439"
[4] "Q matrix = 0.15134" "Q matrix = 0.78612" "Q matrix = 0.14098"
[1] "Q matrix = 0.17082" "Q matrix = 0.62006" "Q matrix = 0.15439"
[4] "Q matrix = 0.15134" "Q matrix = 0.78612" "Q matrix = 0.14098"
[1] "Q matrix = 0.17082" "Q matrix = 0.62006" "Q matrix = 0.15439"
[4] "Q matrix = 0.15134" "Q matrix = 0.78612" "Q matrix = 0.14098"
[1] "Q matrix = 0.17082" "Q matrix = 0.62006" "Q matrix = 0.15439"
[4] "Q matrix = 0.15134" "Q matrix = 0.78612" "Q matrix = 0.14098"
[1] "Q matrix = 0.17082" "Q matrix = 0.62006" "Q matrix = 0.15439"
[4] "Q matrix = 0.15134" "Q matrix = 0.78612" "Q matrix = 0.14098"
[1] "Q matrix = 0.17082" "Q matrix = 0.62006" "Q matrix = 0.15439"
[4] "Q matrix = 0.15134" "Q matrix = 0.78612" "Q matrix = 0.14098"
Loading required package: MASS






                                 ..........................                                      
 ooooooooooooooooooooooooooooo        CURRENT SETTINGS        ooooooooooooooooooooooooooooooooooo
                                 ..........................                                      

                . Sequence filename:				 temp_sim.phy
                . Data type:					 dna
                . Alphabet size:				 4
                . Sequence format:				 interleaved
                . Number of data sets:				 1
                . Nb of bootstrapped data sets:			 0
                . Compute approximate likelihood ratio test:	 yes (SH-like branch supports)
                . Model name:					 GTR
                . Proportion of invariable sites:		 0.000000
                . Number of subst. rate categs:			 4
                . Gamma distribution parameter:			 estimated
                . 'Middle' of each rate class:			 mean
                . Nucleotide equilibrium frequencies:		 empirical
                . Optimise tree topology:			 yes
                . Tree topology search:				 NNIs
                . Starting tree:				 BioNJ
                . Add random input tree:			 no
                . Optimise branch lengths:			 yes
                . Optimise substitution model parameters:	 yes
                . Run ID:					 none
                . Random seed:					 1480728065
                . Subtree patterns aliasing:			 no
                . Version:					 20120412

 oooooooooooooooooooooooooooooooooooooooooooooooooooooooooooooooooooooooooooooooooooooooooooooooo




. Log likelihood of the current tree: -271723.225521.

. Time used 1h55m10s

oooooooooooooooooooooooooooooooooooooooooooooooooooooooooooooooooooooooooooooooooooooooooooooooo
rm: cannot remove ‘temp_sim.phy_phyml_stats’: No such file or directory
rm: cannot remove ‘temp_sim.phy_phyml_tree’: No such file or directory
[1] "Simulation 1 processed"






                                 ..........................                                      
 ooooooooooooooooooooooooooooo        CURRENT SETTINGS        ooooooooooooooooooooooooooooooooooo
                                 ..........................                                      

                . Sequence filename:				 temp_sim.phy
                . Data type:					 dna
                . Alphabet size:				 4
                . Sequence format:				 interleaved
                . Number of data sets:				 1
                . Nb of bootstrapped data sets:			 0
                . Compute approximate likelihood ratio test:	 yes (SH-like branch supports)
                . Model name:					 GTR
                . Proportion of invariable sites:		 0.000000
                . Number of subst. rate categs:			 4
                . Gamma distribution parameter:			 estimated
                . 'Middle' of each rate class:			 mean
                . Nucleotide equilibrium frequencies:		 empirical
                . Optimise tree topology:			 yes
                . Tree topology search:				 NNIs
                . Starting tree:				 BioNJ
                . Add random input tree:			 no
                . Optimise branch lengths:			 yes
                . Optimise substitution model parameters:	 yes
                . Run ID:					 none
                . Random seed:					 1480734980
                . Subtree patterns aliasing:			 no
                . Version:					 20120412

 oooooooooooooooooooooooooooooooooooooooooooooooooooooooooooooooooooooooooooooooooooooooooooooooo




. Log likelihood of the current tree: -271476.959122.

. Time used 1h40m23s

oooooooooooooooooooooooooooooooooooooooooooooooooooooooooooooooooooooooooooooooooooooooooooooooo
rm: cannot remove ‘temp_sim.phy_phyml_stats’: No such file or directory
rm: cannot remove ‘temp_sim.phy_phyml_tree’: No such file or directory
[1] "Simulation 2 processed"






                                 ..........................                                      
 ooooooooooooooooooooooooooooo        CURRENT SETTINGS        ooooooooooooooooooooooooooooooooooo
                                 ..........................                                      

                . Sequence filename:				 temp_sim.phy
                . Data type:					 dna
                . Alphabet size:				 4
                . Sequence format:				 interleaved
                . Number of data sets:				 1
                . Nb of bootstrapped data sets:			 0
                . Compute approximate likelihood ratio test:	 yes (SH-like branch supports)
                . Model name:					 GTR
                . Proportion of invariable sites:		 0.000000
                . Number of subst. rate categs:			 4
                . Gamma distribution parameter:			 estimated
                . 'Middle' of each rate class:			 mean
                . Nucleotide equilibrium frequencies:		 empirical
                . Optimise tree topology:			 yes
                . Tree topology search:				 NNIs
                . Starting tree:				 BioNJ
                . Add random input tree:			 no
                . Optimise branch lengths:			 yes
                . Optimise substitution model parameters:	 yes
                . Run ID:					 none
                . Random seed:					 1480741009
                . Subtree patterns aliasing:			 no
                . Version:					 20120412

 oooooooooooooooooooooooooooooooooooooooooooooooooooooooooooooooooooooooooooooooooooooooooooooooo




. Log likelihood of the current tree: -271531.258790.

. Time used 1h22m50s

oooooooooooooooooooooooooooooooooooooooooooooooooooooooooooooooooooooooooooooooooooooooooooooooo
rm: cannot remove ‘temp_sim.phy_phyml_stats’: No such file or directory
rm: cannot remove ‘temp_sim.phy_phyml_tree’: No such file or directory
[1] "Simulation 3 processed"






                                 ..........................                                      
 ooooooooooooooooooooooooooooo        CURRENT SETTINGS        ooooooooooooooooooooooooooooooooooo
                                 ..........................                                      

                . Sequence filename:				 temp_sim.phy
                . Data type:					 dna
                . Alphabet size:				 4
                . Sequence format:				 interleaved
                . Number of data sets:				 1
                . Nb of bootstrapped data sets:			 0
                . Compute approximate likelihood ratio test:	 yes (SH-like branch supports)
                . Model name:					 GTR
                . Proportion of invariable sites:		 0.000000
                . Number of subst. rate categs:			 4
                . Gamma distribution parameter:			 estimated
                . 'Middle' of each rate class:			 mean
                . Nucleotide equilibrium frequencies:		 empirical
                . Optimise tree topology:			 yes
                . Tree topology search:				 NNIs
                . Starting tree:				 BioNJ
                . Add random input tree:			 no
                . Optimise branch lengths:			 yes
                . Optimise substitution model parameters:	 yes
                . Run ID:					 none
                . Random seed:					 1480745985
                . Subtree patterns aliasing:			 no
                . Version:					 20120412

 oooooooooooooooooooooooooooooooooooooooooooooooooooooooooooooooooooooooooooooooooooooooooooooooo




. Log likelihood of the current tree: -272596.188350.

. Time used 1h15m32s

oooooooooooooooooooooooooooooooooooooooooooooooooooooooooooooooooooooooooooooooooooooooooooooooo
rm: cannot remove ‘temp_sim.phy_phyml_stats’: No such file or directory
rm: cannot remove ‘temp_sim.phy_phyml_tree’: No such file or directory
[1] "Simulation 4 processed"






                                 ..........................                                      
 ooooooooooooooooooooooooooooo        CURRENT SETTINGS        ooooooooooooooooooooooooooooooooooo
                                 ..........................                                      

                . Sequence filename:				 temp_sim.phy
                . Data type:					 dna
                . Alphabet size:				 4
                . Sequence format:				 interleaved
                . Number of data sets:				 1
                . Nb of bootstrapped data sets:			 0
                . Compute approximate likelihood ratio test:	 yes (SH-like branch supports)
                . Model name:					 GTR
                . Proportion of invariable sites:		 0.000000
                . Number of subst. rate categs:			 4
                . Gamma distribution parameter:			 estimated
                . 'Middle' of each rate class:			 mean
                . Nucleotide equilibrium frequencies:		 empirical
                . Optimise tree topology:			 yes
                . Tree topology search:				 NNIs
                . Starting tree:				 BioNJ
                . Add random input tree:			 no
                . Optimise branch lengths:			 yes
                . Optimise substitution model parameters:	 yes
                . Run ID:					 none
                . Random seed:					 1480750524
                . Subtree patterns aliasing:			 no
                . Version:					 20120412

 oooooooooooooooooooooooooooooooooooooooooooooooooooooooooooooooooooooooooooooooooooooooooooooooo




. Log likelihood of the current tree: -272500.613842.

. Time used 1h36m52s

oooooooooooooooooooooooooooooooooooooooooooooooooooooooooooooooooooooooooooooooooooooooooooooooo
rm: cannot remove ‘temp_sim.phy_phyml_stats’: No such file or directory
rm: cannot remove ‘temp_sim.phy_phyml_tree’: No such file or directory
[1] "Simulation 5 processed"






                                 ..........................                                      
 ooooooooooooooooooooooooooooo        CURRENT SETTINGS        ooooooooooooooooooooooooooooooooooo
                                 ..........................                                      

                . Sequence filename:				 temp_sim.phy
                . Data type:					 dna
                . Alphabet size:				 4
                . Sequence format:				 interleaved
                . Number of data sets:				 1
                . Nb of bootstrapped data sets:			 0
                . Compute approximate likelihood ratio test:	 yes (SH-like branch supports)
                . Model name:					 GTR
                . Proportion of invariable sites:		 0.000000
                . Number of subst. rate categs:			 4
                . Gamma distribution parameter:			 estimated
                . 'Middle' of each rate class:			 mean
                . Nucleotide equilibrium frequencies:		 empirical
                . Optimise tree topology:			 yes
                . Tree topology search:				 NNIs
                . Starting tree:				 BioNJ
                . Add random input tree:			 no
                . Optimise branch lengths:			 yes
                . Optimise substitution model parameters:	 yes
                . Run ID:					 none
                . Random seed:					 1480756345
                . Subtree patterns aliasing:			 no
                . Version:					 20120412

 oooooooooooooooooooooooooooooooooooooooooooooooooooooooooooooooooooooooooooooooooooooooooooooooo




. Log likelihood of the current tree: -273025.047194.

. Time used 1h3m27s

oooooooooooooooooooooooooooooooooooooooooooooooooooooooooooooooooooooooooooooooooooooooooooooooo
rm: cannot remove ‘temp_sim.phy_phyml_stats’: No such file or directory
rm: cannot remove ‘temp_sim.phy_phyml_tree’: No such file or directory
[1] "Simulation 6 processed"






                                 ..........................                                      
 ooooooooooooooooooooooooooooo        CURRENT SETTINGS        ooooooooooooooooooooooooooooooooooo
                                 ..........................                                      

                . Sequence filename:				 temp_sim.phy
                . Data type:					 dna
                . Alphabet size:				 4
                . Sequence format:				 interleaved
                . Number of data sets:				 1
                . Nb of bootstrapped data sets:			 0
                . Compute approximate likelihood ratio test:	 yes (SH-like branch supports)
                . Model name:					 GTR
                . Proportion of invariable sites:		 0.000000
                . Number of subst. rate categs:			 4
                . Gamma distribution parameter:			 estimated
                . 'Middle' of each rate class:			 mean
                . Nucleotide equilibrium frequencies:		 empirical
                . Optimise tree topology:			 yes
                . Tree topology search:				 NNIs
                . Starting tree:				 BioNJ
                . Add random input tree:			 no
                . Optimise branch lengths:			 yes
                . Optimise substitution model parameters:	 yes
                . Run ID:					 none
                . Random seed:					 1480760160
                . Subtree patterns aliasing:			 no
                . Version:					 20120412

 oooooooooooooooooooooooooooooooooooooooooooooooooooooooooooooooooooooooooooooooooooooooooooooooo




. Log likelihood of the current tree: -271147.416947.

. Time used 1h36m29s

oooooooooooooooooooooooooooooooooooooooooooooooooooooooooooooooooooooooooooooooooooooooooooooooo
rm: cannot remove ‘temp_sim.phy_phyml_stats’: No such file or directory
rm: cannot remove ‘temp_sim.phy_phyml_tree’: No such file or directory
[1] "Simulation 7 processed"






                                 ..........................                                      
 ooooooooooooooooooooooooooooo        CURRENT SETTINGS        ooooooooooooooooooooooooooooooooooo
                                 ..........................                                      

                . Sequence filename:				 temp_sim.phy
                . Data type:					 dna
                . Alphabet size:				 4
                . Sequence format:				 interleaved
                . Number of data sets:				 1
                . Nb of bootstrapped data sets:			 0
                . Compute approximate likelihood ratio test:	 yes (SH-like branch supports)
                . Model name:					 GTR
                . Proportion of invariable sites:		 0.000000
                . Number of subst. rate categs:			 4
                . Gamma distribution parameter:			 estimated
                . 'Middle' of each rate class:			 mean
                . Nucleotide equilibrium frequencies:		 empirical
                . Optimise tree topology:			 yes
                . Tree topology search:				 NNIs
                . Starting tree:				 BioNJ
                . Add random input tree:			 no
                . Optimise branch lengths:			 yes
                . Optimise substitution model parameters:	 yes
                . Run ID:					 none
                . Random seed:					 1480765955
                . Subtree patterns aliasing:			 no
                . Version:					 20120412

 oooooooooooooooooooooooooooooooooooooooooooooooooooooooooooooooooooooooooooooooooooooooooooooooo




. Log likelihood of the current tree: -271357.099889.

. Time used 2h29m49s

oooooooooooooooooooooooooooooooooooooooooooooooooooooooooooooooooooooooooooooooooooooooooooooooo
rm: cannot remove ‘temp_sim.phy_phyml_stats’: No such file or directory
rm: cannot remove ‘temp_sim.phy_phyml_tree’: No such file or directory
[1] "Simulation 8 processed"






                                 ..........................                                      
 ooooooooooooooooooooooooooooo        CURRENT SETTINGS        ooooooooooooooooooooooooooooooooooo
                                 ..........................                                      

                . Sequence filename:				 temp_sim.phy
                . Data type:					 dna
                . Alphabet size:				 4
                . Sequence format:				 interleaved
                . Number of data sets:				 1
                . Nb of bootstrapped data sets:			 0
                . Compute approximate likelihood ratio test:	 yes (SH-like branch supports)
                . Model name:					 GTR
                . Proportion of invariable sites:		 0.000000
                . Number of subst. rate categs:			 4
                . Gamma distribution parameter:			 estimated
                . 'Middle' of each rate class:			 mean
                . Nucleotide equilibrium frequencies:		 empirical
                . Optimise tree topology:			 yes
                . Tree topology search:				 NNIs
                . Starting tree:				 BioNJ
                . Add random input tree:			 no
                . Optimise branch lengths:			 yes
                . Optimise substitution model parameters:	 yes
                . Run ID:					 none
                . Random seed:					 1480774950
                . Subtree patterns aliasing:			 no
                . Version:					 20120412

 oooooooooooooooooooooooooooooooooooooooooooooooooooooooooooooooooooooooooooooooooooooooooooooooo




. Log likelihood of the current tree: -271566.154993.

. Time used 2h16m48s

oooooooooooooooooooooooooooooooooooooooooooooooooooooooooooooooooooooooooooooooooooooooooooooooo
rm: cannot remove ‘temp_sim.phy_phyml_stats’: No such file or directory
rm: cannot remove ‘temp_sim.phy_phyml_tree’: No such file or directory
[1] "Simulation 9 processed"






                                 ..........................                                      
 ooooooooooooooooooooooooooooo        CURRENT SETTINGS        ooooooooooooooooooooooooooooooooooo
                                 ..........................                                      

                . Sequence filename:				 temp_sim.phy
                . Data type:					 dna
                . Alphabet size:				 4
                . Sequence format:				 interleaved
                . Number of data sets:				 1
                . Nb of bootstrapped data sets:			 0
                . Compute approximate likelihood ratio test:	 yes (SH-like branch supports)
                . Model name:					 GTR
                . Proportion of invariable sites:		 0.000000
                . Number of subst. rate categs:			 4
                . Gamma distribution parameter:			 estimated
                . 'Middle' of each rate class:			 mean
                . Nucleotide equilibrium frequencies:		 empirical
                . Optimise tree topology:			 yes
                . Tree topology search:				 NNIs
                . Starting tree:				 BioNJ
                . Add random input tree:			 no
                . Optimise branch lengths:			 yes
                . Optimise substitution model parameters:	 yes
                . Run ID:					 none
                . Random seed:					 1480783164
                . Subtree patterns aliasing:			 no
                . Version:					 20120412

 oooooooooooooooooooooooooooooooooooooooooooooooooooooooooooooooooooooooooooooooooooooooooooooooo




. Log likelihood of the current tree: -272157.658947.

. Time used 2h44m35s

oooooooooooooooooooooooooooooooooooooooooooooooooooooooooooooooooooooooooooooooooooooooooooooooo
rm: cannot remove ‘temp_sim.phy_phyml_stats’: No such file or directory
rm: cannot remove ‘temp_sim.phy_phyml_tree’: No such file or directory
[1] "Simulation 10 processed"






                                 ..........................                                      
 ooooooooooooooooooooooooooooo        CURRENT SETTINGS        ooooooooooooooooooooooooooooooooooo
                                 ..........................                                      

                . Sequence filename:				 temp_sim.phy
                . Data type:					 dna
                . Alphabet size:				 4
                . Sequence format:				 interleaved
                . Number of data sets:				 1
                . Nb of bootstrapped data sets:			 0
                . Compute approximate likelihood ratio test:	 yes (SH-like branch supports)
                . Model name:					 GTR
                . Proportion of invariable sites:		 0.000000
                . Number of subst. rate categs:			 4
                . Gamma distribution parameter:			 estimated
                . 'Middle' of each rate class:			 mean
                . Nucleotide equilibrium frequencies:		 empirical
                . Optimise tree topology:			 yes
                . Tree topology search:				 NNIs
                . Starting tree:				 BioNJ
                . Add random input tree:			 no
                . Optimise branch lengths:			 yes
                . Optimise substitution model parameters:	 yes
                . Run ID:					 none
                . Random seed:					 1480793045
                . Subtree patterns aliasing:			 no
                . Version:					 20120412

 oooooooooooooooooooooooooooooooooooooooooooooooooooooooooooooooooooooooooooooooooooooooooooooooo




. Log likelihood of the current tree: -271349.383764.

. Time used 2h1m0s

oooooooooooooooooooooooooooooooooooooooooooooooooooooooooooooooooooooooooooooooooooooooooooooooo
rm: cannot remove ‘temp_sim.phy_phyml_stats’: No such file or directory
rm: cannot remove ‘temp_sim.phy_phyml_tree’: No such file or directory
[1] "Simulation 11 processed"






                                 ..........................                                      
 ooooooooooooooooooooooooooooo        CURRENT SETTINGS        ooooooooooooooooooooooooooooooooooo
                                 ..........................                                      

                . Sequence filename:				 temp_sim.phy
                . Data type:					 dna
                . Alphabet size:				 4
                . Sequence format:				 interleaved
                . Number of data sets:				 1
                . Nb of bootstrapped data sets:			 0
                . Compute approximate likelihood ratio test:	 yes (SH-like branch supports)
                . Model name:					 GTR
                . Proportion of invariable sites:		 0.000000
                . Number of subst. rate categs:			 4
                . Gamma distribution parameter:			 estimated
                . 'Middle' of each rate class:			 mean
                . Nucleotide equilibrium frequencies:		 empirical
                . Optimise tree topology:			 yes
                . Tree topology search:				 NNIs
                . Starting tree:				 BioNJ
                . Add random input tree:			 no
                . Optimise branch lengths:			 yes
                . Optimise substitution model parameters:	 yes
                . Run ID:					 none
                . Random seed:					 1480800312
                . Subtree patterns aliasing:			 no
                . Version:					 20120412

 oooooooooooooooooooooooooooooooooooooooooooooooooooooooooooooooooooooooooooooooooooooooooooooooo




. Log likelihood of the current tree: -272400.420564.

. Time used 1h41m17s

oooooooooooooooooooooooooooooooooooooooooooooooooooooooooooooooooooooooooooooooooooooooooooooooo
rm: cannot remove ‘temp_sim.phy_phyml_stats’: No such file or directory
rm: cannot remove ‘temp_sim.phy_phyml_tree’: No such file or directory
[1] "Simulation 12 processed"






                                 ..........................                                      
 ooooooooooooooooooooooooooooo        CURRENT SETTINGS        ooooooooooooooooooooooooooooooooooo
                                 ..........................                                      

                . Sequence filename:				 temp_sim.phy
                . Data type:					 dna
                . Alphabet size:				 4
                . Sequence format:				 interleaved
                . Number of data sets:				 1
                . Nb of bootstrapped data sets:			 0
                . Compute approximate likelihood ratio test:	 yes (SH-like branch supports)
                . Model name:					 GTR
                . Proportion of invariable sites:		 0.000000
                . Number of subst. rate categs:			 4
                . Gamma distribution parameter:			 estimated
                . 'Middle' of each rate class:			 mean
                . Nucleotide equilibrium frequencies:		 empirical
                . Optimise tree topology:			 yes
                . Tree topology search:				 NNIs
                . Starting tree:				 BioNJ
                . Add random input tree:			 no
                . Optimise branch lengths:			 yes
                . Optimise substitution model parameters:	 yes
                . Run ID:					 none
                . Random seed:					 1480806395
                . Subtree patterns aliasing:			 no
                . Version:					 20120412

 oooooooooooooooooooooooooooooooooooooooooooooooooooooooooooooooooooooooooooooooooooooooooooooooo




. Log likelihood of the current tree: -271330.744349.

. Time used 1h6m57s

oooooooooooooooooooooooooooooooooooooooooooooooooooooooooooooooooooooooooooooooooooooooooooooooo
rm: cannot remove ‘temp_sim.phy_phyml_stats’: No such file or directory
rm: cannot remove ‘temp_sim.phy_phyml_tree’: No such file or directory
[1] "Simulation 13 processed"






                                 ..........................                                      
 ooooooooooooooooooooooooooooo        CURRENT SETTINGS        ooooooooooooooooooooooooooooooooooo
                                 ..........................                                      

                . Sequence filename:				 temp_sim.phy
                . Data type:					 dna
                . Alphabet size:				 4
                . Sequence format:				 interleaved
                . Number of data sets:				 1
                . Nb of bootstrapped data sets:			 0
                . Compute approximate likelihood ratio test:	 yes (SH-like branch supports)
                . Model name:					 GTR
                . Proportion of invariable sites:		 0.000000
                . Number of subst. rate categs:			 4
                . Gamma distribution parameter:			 estimated
                . 'Middle' of each rate class:			 mean
                . Nucleotide equilibrium frequencies:		 empirical
                . Optimise tree topology:			 yes
                . Tree topology search:				 NNIs
                . Starting tree:				 BioNJ
                . Add random input tree:			 no
                . Optimise branch lengths:			 yes
                . Optimise substitution model parameters:	 yes
                . Run ID:					 none
                . Random seed:					 1480810417
                . Subtree patterns aliasing:			 no
                . Version:					 20120412

 oooooooooooooooooooooooooooooooooooooooooooooooooooooooooooooooooooooooooooooooooooooooooooooooo




. Log likelihood of the current tree: -270932.760074.

. Time used 1h57m7s

oooooooooooooooooooooooooooooooooooooooooooooooooooooooooooooooooooooooooooooooooooooooooooooooo
rm: cannot remove ‘temp_sim.phy_phyml_stats’: No such file or directory
rm: cannot remove ‘temp_sim.phy_phyml_tree’: No such file or directory
[1] "Simulation 14 processed"






                                 ..........................                                      
 ooooooooooooooooooooooooooooo        CURRENT SETTINGS        ooooooooooooooooooooooooooooooooooo
                                 ..........................                                      

                . Sequence filename:				 temp_sim.phy
                . Data type:					 dna
                . Alphabet size:				 4
                . Sequence format:				 interleaved
                . Number of data sets:				 1
                . Nb of bootstrapped data sets:			 0
                . Compute approximate likelihood ratio test:	 yes (SH-like branch supports)
                . Model name:					 GTR
                . Proportion of invariable sites:		 0.000000
                . Number of subst. rate categs:			 4
                . Gamma distribution parameter:			 estimated
                . 'Middle' of each rate class:			 mean
                . Nucleotide equilibrium frequencies:		 empirical
                . Optimise tree topology:			 yes
                . Tree topology search:				 NNIs
                . Starting tree:				 BioNJ
                . Add random input tree:			 no
                . Optimise branch lengths:			 yes
                . Optimise substitution model parameters:	 yes
                . Run ID:					 none
                . Random seed:					 1480817450
                . Subtree patterns aliasing:			 no
                . Version:					 20120412

 oooooooooooooooooooooooooooooooooooooooooooooooooooooooooooooooooooooooooooooooooooooooooooooooo




. Log likelihood of the current tree: -271249.820500.

. Time used 1h7m18s

oooooooooooooooooooooooooooooooooooooooooooooooooooooooooooooooooooooooooooooooooooooooooooooooo
rm: cannot remove ‘temp_sim.phy_phyml_stats’: No such file or directory
rm: cannot remove ‘temp_sim.phy_phyml_tree’: No such file or directory
[1] "Simulation 15 processed"






                                 ..........................                                      
 ooooooooooooooooooooooooooooo        CURRENT SETTINGS        ooooooooooooooooooooooooooooooooooo
                                 ..........................                                      

                . Sequence filename:				 temp_sim.phy
                . Data type:					 dna
                . Alphabet size:				 4
                . Sequence format:				 interleaved
                . Number of data sets:				 1
                . Nb of bootstrapped data sets:			 0
                . Compute approximate likelihood ratio test:	 yes (SH-like branch supports)
                . Model name:					 GTR
                . Proportion of invariable sites:		 0.000000
                . Number of subst. rate categs:			 4
                . Gamma distribution parameter:			 estimated
                . 'Middle' of each rate class:			 mean
                . Nucleotide equilibrium frequencies:		 empirical
                . Optimise tree topology:			 yes
                . Tree topology search:				 NNIs
                . Starting tree:				 BioNJ
                . Add random input tree:			 no
                . Optimise branch lengths:			 yes
                . Optimise substitution model parameters:	 yes
                . Run ID:					 none
                . Random seed:					 1480821495
                . Subtree patterns aliasing:			 no
                . Version:					 20120412

 oooooooooooooooooooooooooooooooooooooooooooooooooooooooooooooooooooooooooooooooooooooooooooooooo




. Log likelihood of the current tree: -270648.682237.

. Time used 2h7m15s

oooooooooooooooooooooooooooooooooooooooooooooooooooooooooooooooooooooooooooooooooooooooooooooooo
rm: cannot remove ‘temp_sim.phy_phyml_stats’: No such file or directory
rm: cannot remove ‘temp_sim.phy_phyml_tree’: No such file or directory
[1] "Simulation 16 processed"






                                 ..........................                                      
 ooooooooooooooooooooooooooooo        CURRENT SETTINGS        ooooooooooooooooooooooooooooooooooo
                                 ..........................                                      

                . Sequence filename:				 temp_sim.phy
                . Data type:					 dna
                . Alphabet size:				 4
                . Sequence format:				 interleaved
                . Number of data sets:				 1
                . Nb of bootstrapped data sets:			 0
                . Compute approximate likelihood ratio test:	 yes (SH-like branch supports)
                . Model name:					 GTR
                . Proportion of invariable sites:		 0.000000
                . Number of subst. rate categs:			 4
                . Gamma distribution parameter:			 estimated
                . 'Middle' of each rate class:			 mean
                . Nucleotide equilibrium frequencies:		 empirical
                . Optimise tree topology:			 yes
                . Tree topology search:				 NNIs
                . Starting tree:				 BioNJ
                . Add random input tree:			 no
                . Optimise branch lengths:			 yes
                . Optimise substitution model parameters:	 yes
                . Run ID:					 none
                . Random seed:					 1480829136
                . Subtree patterns aliasing:			 no
                . Version:					 20120412

 oooooooooooooooooooooooooooooooooooooooooooooooooooooooooooooooooooooooooooooooooooooooooooooooo




. Log likelihood of the current tree: -271455.072788.

. Time used 1h34m19s

oooooooooooooooooooooooooooooooooooooooooooooooooooooooooooooooooooooooooooooooooooooooooooooooo
rm: cannot remove ‘temp_sim.phy_phyml_stats’: No such file or directory
rm: cannot remove ‘temp_sim.phy_phyml_tree’: No such file or directory
[1] "Simulation 17 processed"






                                 ..........................                                      
 ooooooooooooooooooooooooooooo        CURRENT SETTINGS        ooooooooooooooooooooooooooooooooooo
                                 ..........................                                      

                . Sequence filename:				 temp_sim.phy
                . Data type:					 dna
                . Alphabet size:				 4
                . Sequence format:				 interleaved
                . Number of data sets:				 1
                . Nb of bootstrapped data sets:			 0
                . Compute approximate likelihood ratio test:	 yes (SH-like branch supports)
                . Model name:					 GTR
                . Proportion of invariable sites:		 0.000000
                . Number of subst. rate categs:			 4
                . Gamma distribution parameter:			 estimated
                . 'Middle' of each rate class:			 mean
                . Nucleotide equilibrium frequencies:		 empirical
                . Optimise tree topology:			 yes
                . Tree topology search:				 NNIs
                . Starting tree:				 BioNJ
                . Add random input tree:			 no
                . Optimise branch lengths:			 yes
                . Optimise substitution model parameters:	 yes
                . Run ID:					 none
                . Random seed:					 1480834802
                . Subtree patterns aliasing:			 no
                . Version:					 20120412

 oooooooooooooooooooooooooooooooooooooooooooooooooooooooooooooooooooooooooooooooooooooooooooooooo




. Log likelihood of the current tree: -271691.133849.

. Time used 2h4m33s

oooooooooooooooooooooooooooooooooooooooooooooooooooooooooooooooooooooooooooooooooooooooooooooooo
rm: cannot remove ‘temp_sim.phy_phyml_stats’: No such file or directory
rm: cannot remove ‘temp_sim.phy_phyml_tree’: No such file or directory
[1] "Simulation 18 processed"






                                 ..........................                                      
 ooooooooooooooooooooooooooooo        CURRENT SETTINGS        ooooooooooooooooooooooooooooooooooo
                                 ..........................                                      

                . Sequence filename:				 temp_sim.phy
                . Data type:					 dna
                . Alphabet size:				 4
                . Sequence format:				 interleaved
                . Number of data sets:				 1
                . Nb of bootstrapped data sets:			 0
                . Compute approximate likelihood ratio test:	 yes (SH-like branch supports)
                . Model name:					 GTR
                . Proportion of invariable sites:		 0.000000
                . Number of subst. rate categs:			 4
                . Gamma distribution parameter:			 estimated
                . 'Middle' of each rate class:			 mean
                . Nucleotide equilibrium frequencies:		 empirical
                . Optimise tree topology:			 yes
                . Tree topology search:				 NNIs
                . Starting tree:				 BioNJ
                . Add random input tree:			 no
                . Optimise branch lengths:			 yes
                . Optimise substitution model parameters:	 yes
                . Run ID:					 none
                . Random seed:					 1480842281
                . Subtree patterns aliasing:			 no
                . Version:					 20120412

 oooooooooooooooooooooooooooooooooooooooooooooooooooooooooooooooooooooooooooooooooooooooooooooooo




. Log likelihood of the current tree: -271722.394336.

. Time used 2h2m9s

oooooooooooooooooooooooooooooooooooooooooooooooooooooooooooooooooooooooooooooooooooooooooooooooo
rm: cannot remove ‘temp_sim.phy_phyml_stats’: No such file or directory
rm: cannot remove ‘temp_sim.phy_phyml_tree’: No such file or directory
[1] "Simulation 19 processed"






                                 ..........................                                      
 ooooooooooooooooooooooooooooo        CURRENT SETTINGS        ooooooooooooooooooooooooooooooooooo
                                 ..........................                                      

                . Sequence filename:				 temp_sim.phy
                . Data type:					 dna
                . Alphabet size:				 4
                . Sequence format:				 interleaved
                . Number of data sets:				 1
                . Nb of bootstrapped data sets:			 0
                . Compute approximate likelihood ratio test:	 yes (SH-like branch supports)
                . Model name:					 GTR
                . Proportion of invariable sites:		 0.000000
                . Number of subst. rate categs:			 4
                . Gamma distribution parameter:			 estimated
                . 'Middle' of each rate class:			 mean
                . Nucleotide equilibrium frequencies:		 empirical
                . Optimise tree topology:			 yes
                . Tree topology search:				 NNIs
                . Starting tree:				 BioNJ
                . Add random input tree:			 no
                . Optimise branch lengths:			 yes
                . Optimise substitution model parameters:	 yes
                . Run ID:					 none
                . Random seed:					 1480849616
                . Subtree patterns aliasing:			 no
                . Version:					 20120412

 oooooooooooooooooooooooooooooooooooooooooooooooooooooooooooooooooooooooooooooooooooooooooooooooo




. Log likelihood of the current tree: -271281.638298.

. Time used 0h52m49s

oooooooooooooooooooooooooooooooooooooooooooooooooooooooooooooooooooooooooooooooooooooooooooooooo
rm: cannot remove ‘temp_sim.phy_phyml_stats’: No such file or directory
rm: cannot remove ‘temp_sim.phy_phyml_tree’: No such file or directory
[1] "Simulation 20 processed"






                                 ..........................                                      
 ooooooooooooooooooooooooooooo        CURRENT SETTINGS        ooooooooooooooooooooooooooooooooooo
                                 ..........................                                      

                . Sequence filename:				 temp_sim.phy
                . Data type:					 dna
                . Alphabet size:				 4
                . Sequence format:				 interleaved
                . Number of data sets:				 1
                . Nb of bootstrapped data sets:			 0
                . Compute approximate likelihood ratio test:	 yes (SH-like branch supports)
                . Model name:					 GTR
                . Proportion of invariable sites:		 0.000000
                . Number of subst. rate categs:			 4
                . Gamma distribution parameter:			 estimated
                . 'Middle' of each rate class:			 mean
                . Nucleotide equilibrium frequencies:		 empirical
                . Optimise tree topology:			 yes
                . Tree topology search:				 NNIs
                . Starting tree:				 BioNJ
                . Add random input tree:			 no
                . Optimise branch lengths:			 yes
                . Optimise substitution model parameters:	 yes
                . Run ID:					 none
                . Random seed:					 1480852791
                . Subtree patterns aliasing:			 no
                . Version:					 20120412

 oooooooooooooooooooooooooooooooooooooooooooooooooooooooooooooooooooooooooooooooooooooooooooooooo




. Log likelihood of the current tree: -271585.574313.

. Time used 1h46m42s

oooooooooooooooooooooooooooooooooooooooooooooooooooooooooooooooooooooooooooooooooooooooooooooooo
rm: cannot remove ‘temp_sim.phy_phyml_stats’: No such file or directory
rm: cannot remove ‘temp_sim.phy_phyml_tree’: No such file or directory
[1] "Simulation 21 processed"






                                 ..........................                                      
 ooooooooooooooooooooooooooooo        CURRENT SETTINGS        ooooooooooooooooooooooooooooooooooo
                                 ..........................                                      

                . Sequence filename:				 temp_sim.phy
                . Data type:					 dna
                . Alphabet size:				 4
                . Sequence format:				 interleaved
                . Number of data sets:				 1
                . Nb of bootstrapped data sets:			 0
                . Compute approximate likelihood ratio test:	 yes (SH-like branch supports)
                . Model name:					 GTR
                . Proportion of invariable sites:		 0.000000
                . Number of subst. rate categs:			 4
                . Gamma distribution parameter:			 estimated
                . 'Middle' of each rate class:			 mean
                . Nucleotide equilibrium frequencies:		 empirical
                . Optimise tree topology:			 yes
                . Tree topology search:				 NNIs
                . Starting tree:				 BioNJ
                . Add random input tree:			 no
                . Optimise branch lengths:			 yes
                . Optimise substitution model parameters:	 yes
                . Run ID:					 none
                . Random seed:					 1480859199
                . Subtree patterns aliasing:			 no
                . Version:					 20120412

 oooooooooooooooooooooooooooooooooooooooooooooooooooooooooooooooooooooooooooooooooooooooooooooooo




. Log likelihood of the current tree: -272019.894190.

. Time used 1h6m24s

oooooooooooooooooooooooooooooooooooooooooooooooooooooooooooooooooooooooooooooooooooooooooooooooo
rm: cannot remove ‘temp_sim.phy_phyml_stats’: No such file or directory
rm: cannot remove ‘temp_sim.phy_phyml_tree’: No such file or directory
[1] "Simulation 22 processed"






                                 ..........................                                      
 ooooooooooooooooooooooooooooo        CURRENT SETTINGS        ooooooooooooooooooooooooooooooooooo
                                 ..........................                                      

                . Sequence filename:				 temp_sim.phy
                . Data type:					 dna
                . Alphabet size:				 4
                . Sequence format:				 interleaved
                . Number of data sets:				 1
                . Nb of bootstrapped data sets:			 0
                . Compute approximate likelihood ratio test:	 yes (SH-like branch supports)
                . Model name:					 GTR
                . Proportion of invariable sites:		 0.000000
                . Number of subst. rate categs:			 4
                . Gamma distribution parameter:			 estimated
                . 'Middle' of each rate class:			 mean
                . Nucleotide equilibrium frequencies:		 empirical
                . Optimise tree topology:			 yes
                . Tree topology search:				 NNIs
                . Starting tree:				 BioNJ
                . Add random input tree:			 no
                . Optimise branch lengths:			 yes
                . Optimise substitution model parameters:	 yes
                . Run ID:					 none
                . Random seed:					 1480863189
                . Subtree patterns aliasing:			 no
                . Version:					 20120412

 oooooooooooooooooooooooooooooooooooooooooooooooooooooooooooooooooooooooooooooooooooooooooooooooo




. Log likelihood of the current tree: -271122.637695.

. Time used 1h22m37s

oooooooooooooooooooooooooooooooooooooooooooooooooooooooooooooooooooooooooooooooooooooooooooooooo
rm: cannot remove ‘temp_sim.phy_phyml_stats’: No such file or directory
rm: cannot remove ‘temp_sim.phy_phyml_tree’: No such file or directory
[1] "Simulation 23 processed"






                                 ..........................                                      
 ooooooooooooooooooooooooooooo        CURRENT SETTINGS        ooooooooooooooooooooooooooooooooooo
                                 ..........................                                      

                . Sequence filename:				 temp_sim.phy
                . Data type:					 dna
                . Alphabet size:				 4
                . Sequence format:				 interleaved
                . Number of data sets:				 1
                . Nb of bootstrapped data sets:			 0
                . Compute approximate likelihood ratio test:	 yes (SH-like branch supports)
                . Model name:					 GTR
                . Proportion of invariable sites:		 0.000000
                . Number of subst. rate categs:			 4
                . Gamma distribution parameter:			 estimated
                . 'Middle' of each rate class:			 mean
                . Nucleotide equilibrium frequencies:		 empirical
                . Optimise tree topology:			 yes
                . Tree topology search:				 NNIs
                . Starting tree:				 BioNJ
                . Add random input tree:			 no
                . Optimise branch lengths:			 yes
                . Optimise substitution model parameters:	 yes
                . Run ID:					 none
                . Random seed:					 1480868153
                . Subtree patterns aliasing:			 no
                . Version:					 20120412

 oooooooooooooooooooooooooooooooooooooooooooooooooooooooooooooooooooooooooooooooooooooooooooooooo




. Log likelihood of the current tree: -271201.734861.

. Time used 2h0m20s

oooooooooooooooooooooooooooooooooooooooooooooooooooooooooooooooooooooooooooooooooooooooooooooooo
rm: cannot remove ‘temp_sim.phy_phyml_stats’: No such file or directory
rm: cannot remove ‘temp_sim.phy_phyml_tree’: No such file or directory
[1] "Simulation 24 processed"






                                 ..........................                                      
 ooooooooooooooooooooooooooooo        CURRENT SETTINGS        ooooooooooooooooooooooooooooooooooo
                                 ..........................                                      

                . Sequence filename:				 temp_sim.phy
                . Data type:					 dna
                . Alphabet size:				 4
                . Sequence format:				 interleaved
                . Number of data sets:				 1
                . Nb of bootstrapped data sets:			 0
                . Compute approximate likelihood ratio test:	 yes (SH-like branch supports)
                . Model name:					 GTR
                . Proportion of invariable sites:		 0.000000
                . Number of subst. rate categs:			 4
                . Gamma distribution parameter:			 estimated
                . 'Middle' of each rate class:			 mean
                . Nucleotide equilibrium frequencies:		 empirical
                . Optimise tree topology:			 yes
                . Tree topology search:				 NNIs
                . Starting tree:				 BioNJ
                . Add random input tree:			 no
                . Optimise branch lengths:			 yes
                . Optimise substitution model parameters:	 yes
                . Run ID:					 none
                . Random seed:					 1480875378
                . Subtree patterns aliasing:			 no
                . Version:					 20120412

 oooooooooooooooooooooooooooooooooooooooooooooooooooooooooooooooooooooooooooooooooooooooooooooooo




. Log likelihood of the current tree: -271792.719596.

. Time used 1h53m21s

oooooooooooooooooooooooooooooooooooooooooooooooooooooooooooooooooooooooooooooooooooooooooooooooo
rm: cannot remove ‘temp_sim.phy_phyml_stats’: No such file or directory
rm: cannot remove ‘temp_sim.phy_phyml_tree’: No such file or directory
[1] "Simulation 25 processed"






                                 ..........................                                      
 ooooooooooooooooooooooooooooo        CURRENT SETTINGS        ooooooooooooooooooooooooooooooooooo
                                 ..........................                                      

                . Sequence filename:				 temp_sim.phy
                . Data type:					 dna
                . Alphabet size:				 4
                . Sequence format:				 interleaved
                . Number of data sets:				 1
                . Nb of bootstrapped data sets:			 0
                . Compute approximate likelihood ratio test:	 yes (SH-like branch supports)
                . Model name:					 GTR
                . Proportion of invariable sites:		 0.000000
                . Number of subst. rate categs:			 4
                . Gamma distribution parameter:			 estimated
                . 'Middle' of each rate class:			 mean
                . Nucleotide equilibrium frequencies:		 empirical
                . Optimise tree topology:			 yes
                . Tree topology search:				 NNIs
                . Starting tree:				 BioNJ
                . Add random input tree:			 no
                . Optimise branch lengths:			 yes
                . Optimise substitution model parameters:	 yes
                . Run ID:					 none
                . Random seed:					 1480882185
                . Subtree patterns aliasing:			 no
                . Version:					 20120412

 oooooooooooooooooooooooooooooooooooooooooooooooooooooooooooooooooooooooooooooooooooooooooooooooo




. Log likelihood of the current tree: -270547.102229.

. Time used 1h23m13s

oooooooooooooooooooooooooooooooooooooooooooooooooooooooooooooooooooooooooooooooooooooooooooooooo
rm: cannot remove ‘temp_sim.phy_phyml_stats’: No such file or directory
rm: cannot remove ‘temp_sim.phy_phyml_tree’: No such file or directory
[1] "Simulation 26 processed"






                                 ..........................                                      
 ooooooooooooooooooooooooooooo        CURRENT SETTINGS        ooooooooooooooooooooooooooooooooooo
                                 ..........................                                      

                . Sequence filename:				 temp_sim.phy
                . Data type:					 dna
                . Alphabet size:				 4
                . Sequence format:				 interleaved
                . Number of data sets:				 1
                . Nb of bootstrapped data sets:			 0
                . Compute approximate likelihood ratio test:	 yes (SH-like branch supports)
                . Model name:					 GTR
                . Proportion of invariable sites:		 0.000000
                . Number of subst. rate categs:			 4
                . Gamma distribution parameter:			 estimated
                . 'Middle' of each rate class:			 mean
                . Nucleotide equilibrium frequencies:		 empirical
                . Optimise tree topology:			 yes
                . Tree topology search:				 NNIs
                . Starting tree:				 BioNJ
                . Add random input tree:			 no
                . Optimise branch lengths:			 yes
                . Optimise substitution model parameters:	 yes
                . Run ID:					 none
                . Random seed:					 1480887184
                . Subtree patterns aliasing:			 no
                . Version:					 20120412

 oooooooooooooooooooooooooooooooooooooooooooooooooooooooooooooooooooooooooooooooooooooooooooooooo




. Log likelihood of the current tree: -271749.816973.

. Time used 2h0m17s

oooooooooooooooooooooooooooooooooooooooooooooooooooooooooooooooooooooooooooooooooooooooooooooooo
rm: cannot remove ‘temp_sim.phy_phyml_stats’: No such file or directory
rm: cannot remove ‘temp_sim.phy_phyml_tree’: No such file or directory
[1] "Simulation 27 processed"






                                 ..........................                                      
 ooooooooooooooooooooooooooooo        CURRENT SETTINGS        ooooooooooooooooooooooooooooooooooo
                                 ..........................                                      

                . Sequence filename:				 temp_sim.phy
                . Data type:					 dna
                . Alphabet size:				 4
                . Sequence format:				 interleaved
                . Number of data sets:				 1
                . Nb of bootstrapped data sets:			 0
                . Compute approximate likelihood ratio test:	 yes (SH-like branch supports)
                . Model name:					 GTR
                . Proportion of invariable sites:		 0.000000
                . Number of subst. rate categs:			 4
                . Gamma distribution parameter:			 estimated
                . 'Middle' of each rate class:			 mean
                . Nucleotide equilibrium frequencies:		 empirical
                . Optimise tree topology:			 yes
                . Tree topology search:				 NNIs
                . Starting tree:				 BioNJ
                . Add random input tree:			 no
                . Optimise branch lengths:			 yes
                . Optimise substitution model parameters:	 yes
                . Run ID:					 none
                . Random seed:					 1480894407
                . Subtree patterns aliasing:			 no
                . Version:					 20120412

 oooooooooooooooooooooooooooooooooooooooooooooooooooooooooooooooooooooooooooooooooooooooooooooooo




. Log likelihood of the current tree: -272126.841311.

. Time used 1h41m57s

oooooooooooooooooooooooooooooooooooooooooooooooooooooooooooooooooooooooooooooooooooooooooooooooo
rm: cannot remove ‘temp_sim.phy_phyml_stats’: No such file or directory
rm: cannot remove ‘temp_sim.phy_phyml_tree’: No such file or directory
[1] "Simulation 28 processed"






                                 ..........................                                      
 ooooooooooooooooooooooooooooo        CURRENT SETTINGS        ooooooooooooooooooooooooooooooooooo
                                 ..........................                                      

                . Sequence filename:				 temp_sim.phy
                . Data type:					 dna
                . Alphabet size:				 4
                . Sequence format:				 interleaved
                . Number of data sets:				 1
                . Nb of bootstrapped data sets:			 0
                . Compute approximate likelihood ratio test:	 yes (SH-like branch supports)
                . Model name:					 GTR
                . Proportion of invariable sites:		 0.000000
                . Number of subst. rate categs:			 4
                . Gamma distribution parameter:			 estimated
                . 'Middle' of each rate class:			 mean
                . Nucleotide equilibrium frequencies:		 empirical
                . Optimise tree topology:			 yes
                . Tree topology search:				 NNIs
                . Starting tree:				 BioNJ
                . Add random input tree:			 no
                . Optimise branch lengths:			 yes
                . Optimise substitution model parameters:	 yes
                . Run ID:					 none
                . Random seed:					 1480900530
                . Subtree patterns aliasing:			 no
                . Version:					 20120412

 oooooooooooooooooooooooooooooooooooooooooooooooooooooooooooooooooooooooooooooooooooooooooooooooo




. Log likelihood of the current tree: -270840.889113.

. Time used 2h5m15s

oooooooooooooooooooooooooooooooooooooooooooooooooooooooooooooooooooooooooooooooooooooooooooooooo
rm: cannot remove ‘temp_sim.phy_phyml_stats’: No such file or directory
rm: cannot remove ‘temp_sim.phy_phyml_tree’: No such file or directory
[1] "Simulation 29 processed"






                                 ..........................                                      
 ooooooooooooooooooooooooooooo        CURRENT SETTINGS        ooooooooooooooooooooooooooooooooooo
                                 ..........................                                      

                . Sequence filename:				 temp_sim.phy
                . Data type:					 dna
                . Alphabet size:				 4
                . Sequence format:				 interleaved
                . Number of data sets:				 1
                . Nb of bootstrapped data sets:			 0
                . Compute approximate likelihood ratio test:	 yes (SH-like branch supports)
                . Model name:					 GTR
                . Proportion of invariable sites:		 0.000000
                . Number of subst. rate categs:			 4
                . Gamma distribution parameter:			 estimated
                . 'Middle' of each rate class:			 mean
                . Nucleotide equilibrium frequencies:		 empirical
                . Optimise tree topology:			 yes
                . Tree topology search:				 NNIs
                . Starting tree:				 BioNJ
                . Add random input tree:			 no
                . Optimise branch lengths:			 yes
                . Optimise substitution model parameters:	 yes
                . Run ID:					 none
                . Random seed:					 1480908051
                . Subtree patterns aliasing:			 no
                . Version:					 20120412

 oooooooooooooooooooooooooooooooooooooooooooooooooooooooooooooooooooooooooooooooooooooooooooooooo




. Log likelihood of the current tree: -272062.516383.

. Time used 1h41m20s

oooooooooooooooooooooooooooooooooooooooooooooooooooooooooooooooooooooooooooooooooooooooooooooooo
rm: cannot remove ‘temp_sim.phy_phyml_stats’: No such file or directory
rm: cannot remove ‘temp_sim.phy_phyml_tree’: No such file or directory
[1] "Simulation 30 processed"






                                 ..........................                                      
 ooooooooooooooooooooooooooooo        CURRENT SETTINGS        ooooooooooooooooooooooooooooooooooo
                                 ..........................                                      

                . Sequence filename:				 temp_sim.phy
                . Data type:					 dna
                . Alphabet size:				 4
                . Sequence format:				 interleaved
                . Number of data sets:				 1
                . Nb of bootstrapped data sets:			 0
                . Compute approximate likelihood ratio test:	 yes (SH-like branch supports)
                . Model name:					 GTR
                . Proportion of invariable sites:		 0.000000
                . Number of subst. rate categs:			 4
                . Gamma distribution parameter:			 estimated
                . 'Middle' of each rate class:			 mean
                . Nucleotide equilibrium frequencies:		 empirical
                . Optimise tree topology:			 yes
                . Tree topology search:				 NNIs
                . Starting tree:				 BioNJ
                . Add random input tree:			 no
                . Optimise branch lengths:			 yes
                . Optimise substitution model parameters:	 yes
                . Run ID:					 none
                . Random seed:					 1480914139
                . Subtree patterns aliasing:			 no
                . Version:					 20120412

 oooooooooooooooooooooooooooooooooooooooooooooooooooooooooooooooooooooooooooooooooooooooooooooooo




. Log likelihood of the current tree: -271912.679169.

. Time used 1h41m49s

oooooooooooooooooooooooooooooooooooooooooooooooooooooooooooooooooooooooooooooooooooooooooooooooo
rm: cannot remove ‘temp_sim.phy_phyml_stats’: No such file or directory
rm: cannot remove ‘temp_sim.phy_phyml_tree’: No such file or directory
[1] "Simulation 31 processed"






                                 ..........................                                      
 ooooooooooooooooooooooooooooo        CURRENT SETTINGS        ooooooooooooooooooooooooooooooooooo
                                 ..........................                                      

                . Sequence filename:				 temp_sim.phy
                . Data type:					 dna
                . Alphabet size:				 4
                . Sequence format:				 interleaved
                . Number of data sets:				 1
                . Nb of bootstrapped data sets:			 0
                . Compute approximate likelihood ratio test:	 yes (SH-like branch supports)
                . Model name:					 GTR
                . Proportion of invariable sites:		 0.000000
                . Number of subst. rate categs:			 4
                . Gamma distribution parameter:			 estimated
                . 'Middle' of each rate class:			 mean
                . Nucleotide equilibrium frequencies:		 empirical
                . Optimise tree topology:			 yes
                . Tree topology search:				 NNIs
                . Starting tree:				 BioNJ
                . Add random input tree:			 no
                . Optimise branch lengths:			 yes
                . Optimise substitution model parameters:	 yes
                . Run ID:					 none
                . Random seed:					 1480920254
                . Subtree patterns aliasing:			 no
                . Version:					 20120412

 oooooooooooooooooooooooooooooooooooooooooooooooooooooooooooooooooooooooooooooooooooooooooooooooo




. Log likelihood of the current tree: -271448.503244.

. Time used 1h42m41s

oooooooooooooooooooooooooooooooooooooooooooooooooooooooooooooooooooooooooooooooooooooooooooooooo
rm: cannot remove ‘temp_sim.phy_phyml_stats’: No such file or directory
rm: cannot remove ‘temp_sim.phy_phyml_tree’: No such file or directory
[1] "Simulation 32 processed"






                                 ..........................                                      
 ooooooooooooooooooooooooooooo        CURRENT SETTINGS        ooooooooooooooooooooooooooooooooooo
                                 ..........................                                      

                . Sequence filename:				 temp_sim.phy
                . Data type:					 dna
                . Alphabet size:				 4
                . Sequence format:				 interleaved
                . Number of data sets:				 1
                . Nb of bootstrapped data sets:			 0
                . Compute approximate likelihood ratio test:	 yes (SH-like branch supports)
                . Model name:					 GTR
                . Proportion of invariable sites:		 0.000000
                . Number of subst. rate categs:			 4
                . Gamma distribution parameter:			 estimated
                . 'Middle' of each rate class:			 mean
                . Nucleotide equilibrium frequencies:		 empirical
                . Optimise tree topology:			 yes
                . Tree topology search:				 NNIs
                . Starting tree:				 BioNJ
                . Add random input tree:			 no
                . Optimise branch lengths:			 yes
                . Optimise substitution model parameters:	 yes
                . Run ID:					 none
                . Random seed:					 1480926421
                . Subtree patterns aliasing:			 no
                . Version:					 20120412

 oooooooooooooooooooooooooooooooooooooooooooooooooooooooooooooooooooooooooooooooooooooooooooooooo




. Log likelihood of the current tree: -271624.569201.

. Time used 1h15m29s

oooooooooooooooooooooooooooooooooooooooooooooooooooooooooooooooooooooooooooooooooooooooooooooooo
rm: cannot remove ‘temp_sim.phy_phyml_stats’: No such file or directory
rm: cannot remove ‘temp_sim.phy_phyml_tree’: No such file or directory
[1] "Simulation 33 processed"






                                 ..........................                                      
 ooooooooooooooooooooooooooooo        CURRENT SETTINGS        ooooooooooooooooooooooooooooooooooo
                                 ..........................                                      

                . Sequence filename:				 temp_sim.phy
                . Data type:					 dna
                . Alphabet size:				 4
                . Sequence format:				 interleaved
                . Number of data sets:				 1
                . Nb of bootstrapped data sets:			 0
                . Compute approximate likelihood ratio test:	 yes (SH-like branch supports)
                . Model name:					 GTR
                . Proportion of invariable sites:		 0.000000
                . Number of subst. rate categs:			 4
                . Gamma distribution parameter:			 estimated
                . 'Middle' of each rate class:			 mean
                . Nucleotide equilibrium frequencies:		 empirical
                . Optimise tree topology:			 yes
                . Tree topology search:				 NNIs
                . Starting tree:				 BioNJ
                . Add random input tree:			 no
                . Optimise branch lengths:			 yes
                . Optimise substitution model parameters:	 yes
                . Run ID:					 none
                . Random seed:					 1480930958
                . Subtree patterns aliasing:			 no
                . Version:					 20120412

 oooooooooooooooooooooooooooooooooooooooooooooooooooooooooooooooooooooooooooooooooooooooooooooooo




. Log likelihood of the current tree: -271496.199081.

. Time used 1h26m56s

oooooooooooooooooooooooooooooooooooooooooooooooooooooooooooooooooooooooooooooooooooooooooooooooo
rm: cannot remove ‘temp_sim.phy_phyml_stats’: No such file or directory
rm: cannot remove ‘temp_sim.phy_phyml_tree’: No such file or directory
[1] "Simulation 34 processed"






                                 ..........................                                      
 ooooooooooooooooooooooooooooo        CURRENT SETTINGS        ooooooooooooooooooooooooooooooooooo
                                 ..........................                                      

                . Sequence filename:				 temp_sim.phy
                . Data type:					 dna
                . Alphabet size:				 4
                . Sequence format:				 interleaved
                . Number of data sets:				 1
                . Nb of bootstrapped data sets:			 0
                . Compute approximate likelihood ratio test:	 yes (SH-like branch supports)
                . Model name:					 GTR
                . Proportion of invariable sites:		 0.000000
                . Number of subst. rate categs:			 4
                . Gamma distribution parameter:			 estimated
                . 'Middle' of each rate class:			 mean
                . Nucleotide equilibrium frequencies:		 empirical
                . Optimise tree topology:			 yes
                . Tree topology search:				 NNIs
                . Starting tree:				 BioNJ
                . Add random input tree:			 no
                . Optimise branch lengths:			 yes
                . Optimise substitution model parameters:	 yes
                . Run ID:					 none
                . Random seed:					 1480936180
                . Subtree patterns aliasing:			 no
                . Version:					 20120412

 oooooooooooooooooooooooooooooooooooooooooooooooooooooooooooooooooooooooooooooooooooooooooooooooo




. Log likelihood of the current tree: -269895.306441.

. Time used 2h2m11s

oooooooooooooooooooooooooooooooooooooooooooooooooooooooooooooooooooooooooooooooooooooooooooooooo
rm: cannot remove ‘temp_sim.phy_phyml_stats’: No such file or directory
rm: cannot remove ‘temp_sim.phy_phyml_tree’: No such file or directory
[1] "Simulation 35 processed"






                                 ..........................                                      
 ooooooooooooooooooooooooooooo        CURRENT SETTINGS        ooooooooooooooooooooooooooooooooooo
                                 ..........................                                      

                . Sequence filename:				 temp_sim.phy
                . Data type:					 dna
                . Alphabet size:				 4
                . Sequence format:				 interleaved
                . Number of data sets:				 1
                . Nb of bootstrapped data sets:			 0
                . Compute approximate likelihood ratio test:	 yes (SH-like branch supports)
                . Model name:					 GTR
                . Proportion of invariable sites:		 0.000000
                . Number of subst. rate categs:			 4
                . Gamma distribution parameter:			 estimated
                . 'Middle' of each rate class:			 mean
                . Nucleotide equilibrium frequencies:		 empirical
                . Optimise tree topology:			 yes
                . Tree topology search:				 NNIs
                . Starting tree:				 BioNJ
                . Add random input tree:			 no
                . Optimise branch lengths:			 yes
                . Optimise substitution model parameters:	 yes
                . Run ID:					 none
                . Random seed:					 1480943518
                . Subtree patterns aliasing:			 no
                . Version:					 20120412

 oooooooooooooooooooooooooooooooooooooooooooooooooooooooooooooooooooooooooooooooooooooooooooooooo




. Log likelihood of the current tree: -272459.224243.

. Time used 0h58m57s

oooooooooooooooooooooooooooooooooooooooooooooooooooooooooooooooooooooooooooooooooooooooooooooooo
rm: cannot remove ‘temp_sim.phy_phyml_stats’: No such file or directory
rm: cannot remove ‘temp_sim.phy_phyml_tree’: No such file or directory
[1] "Simulation 36 processed"






                                 ..........................                                      
 ooooooooooooooooooooooooooooo        CURRENT SETTINGS        ooooooooooooooooooooooooooooooooooo
                                 ..........................                                      

                . Sequence filename:				 temp_sim.phy
                . Data type:					 dna
                . Alphabet size:				 4
                . Sequence format:				 interleaved
                . Number of data sets:				 1
                . Nb of bootstrapped data sets:			 0
                . Compute approximate likelihood ratio test:	 yes (SH-like branch supports)
                . Model name:					 GTR
                . Proportion of invariable sites:		 0.000000
                . Number of subst. rate categs:			 4
                . Gamma distribution parameter:			 estimated
                . 'Middle' of each rate class:			 mean
                . Nucleotide equilibrium frequencies:		 empirical
                . Optimise tree topology:			 yes
                . Tree topology search:				 NNIs
                . Starting tree:				 BioNJ
                . Add random input tree:			 no
                . Optimise branch lengths:			 yes
                . Optimise substitution model parameters:	 yes
                . Run ID:					 none
                . Random seed:					 1480947063
                . Subtree patterns aliasing:			 no
                . Version:					 20120412

 oooooooooooooooooooooooooooooooooooooooooooooooooooooooooooooooooooooooooooooooooooooooooooooooo




. Log likelihood of the current tree: -272719.595621.

. Time used 1h34m16s

oooooooooooooooooooooooooooooooooooooooooooooooooooooooooooooooooooooooooooooooooooooooooooooooo
rm: cannot remove ‘temp_sim.phy_phyml_stats’: No such file or directory
rm: cannot remove ‘temp_sim.phy_phyml_tree’: No such file or directory
[1] "Simulation 37 processed"






                                 ..........................                                      
 ooooooooooooooooooooooooooooo        CURRENT SETTINGS        ooooooooooooooooooooooooooooooooooo
                                 ..........................                                      

                . Sequence filename:				 temp_sim.phy
                . Data type:					 dna
                . Alphabet size:				 4
                . Sequence format:				 interleaved
                . Number of data sets:				 1
                . Nb of bootstrapped data sets:			 0
                . Compute approximate likelihood ratio test:	 yes (SH-like branch supports)
                . Model name:					 GTR
                . Proportion of invariable sites:		 0.000000
                . Number of subst. rate categs:			 4
                . Gamma distribution parameter:			 estimated
                . 'Middle' of each rate class:			 mean
                . Nucleotide equilibrium frequencies:		 empirical
                . Optimise tree topology:			 yes
                . Tree topology search:				 NNIs
                . Starting tree:				 BioNJ
                . Add random input tree:			 no
                . Optimise branch lengths:			 yes
                . Optimise substitution model parameters:	 yes
                . Run ID:					 none
                . Random seed:					 1480952727
                . Subtree patterns aliasing:			 no
                . Version:					 20120412

 oooooooooooooooooooooooooooooooooooooooooooooooooooooooooooooooooooooooooooooooooooooooooooooooo




. Log likelihood of the current tree: -271778.157622.

. Time used 1h47m31s

oooooooooooooooooooooooooooooooooooooooooooooooooooooooooooooooooooooooooooooooooooooooooooooooo
rm: cannot remove ‘temp_sim.phy_phyml_stats’: No such file or directory
rm: cannot remove ‘temp_sim.phy_phyml_tree’: No such file or directory
[1] "Simulation 38 processed"






                                 ..........................                                      
 ooooooooooooooooooooooooooooo        CURRENT SETTINGS        ooooooooooooooooooooooooooooooooooo
                                 ..........................                                      

                . Sequence filename:				 temp_sim.phy
                . Data type:					 dna
                . Alphabet size:				 4
                . Sequence format:				 interleaved
                . Number of data sets:				 1
                . Nb of bootstrapped data sets:			 0
                . Compute approximate likelihood ratio test:	 yes (SH-like branch supports)
                . Model name:					 GTR
                . Proportion of invariable sites:		 0.000000
                . Number of subst. rate categs:			 4
                . Gamma distribution parameter:			 estimated
                . 'Middle' of each rate class:			 mean
                . Nucleotide equilibrium frequencies:		 empirical
                . Optimise tree topology:			 yes
                . Tree topology search:				 NNIs
                . Starting tree:				 BioNJ
                . Add random input tree:			 no
                . Optimise branch lengths:			 yes
                . Optimise substitution model parameters:	 yes
                . Run ID:					 none
                . Random seed:					 1480959185
                . Subtree patterns aliasing:			 no
                . Version:					 20120412

 oooooooooooooooooooooooooooooooooooooooooooooooooooooooooooooooooooooooooooooooooooooooooooooooo




. Log likelihood of the current tree: -271681.447939.

. Time used 1h7m35s

oooooooooooooooooooooooooooooooooooooooooooooooooooooooooooooooooooooooooooooooooooooooooooooooo
rm: cannot remove ‘temp_sim.phy_phyml_stats’: No such file or directory
rm: cannot remove ‘temp_sim.phy_phyml_tree’: No such file or directory
[1] "Simulation 39 processed"






                                 ..........................                                      
 ooooooooooooooooooooooooooooo        CURRENT SETTINGS        ooooooooooooooooooooooooooooooooooo
                                 ..........................                                      

                . Sequence filename:				 temp_sim.phy
                . Data type:					 dna
                . Alphabet size:				 4
                . Sequence format:				 interleaved
                . Number of data sets:				 1
                . Nb of bootstrapped data sets:			 0
                . Compute approximate likelihood ratio test:	 yes (SH-like branch supports)
                . Model name:					 GTR
                . Proportion of invariable sites:		 0.000000
                . Number of subst. rate categs:			 4
                . Gamma distribution parameter:			 estimated
                . 'Middle' of each rate class:			 mean
                . Nucleotide equilibrium frequencies:		 empirical
                . Optimise tree topology:			 yes
                . Tree topology search:				 NNIs
                . Starting tree:				 BioNJ
                . Add random input tree:			 no
                . Optimise branch lengths:			 yes
                . Optimise substitution model parameters:	 yes
                . Run ID:					 none
                . Random seed:					 1480963247
                . Subtree patterns aliasing:			 no
                . Version:					 20120412

 oooooooooooooooooooooooooooooooooooooooooooooooooooooooooooooooooooooooooooooooooooooooooooooooo




. Log likelihood of the current tree: -271667.221900.

. Time used 1h24m19s

oooooooooooooooooooooooooooooooooooooooooooooooooooooooooooooooooooooooooooooooooooooooooooooooo
rm: cannot remove ‘temp_sim.phy_phyml_stats’: No such file or directory
rm: cannot remove ‘temp_sim.phy_phyml_tree’: No such file or directory
[1] "Simulation 40 processed"






                                 ..........................                                      
 ooooooooooooooooooooooooooooo        CURRENT SETTINGS        ooooooooooooooooooooooooooooooooooo
                                 ..........................                                      

                . Sequence filename:				 temp_sim.phy
                . Data type:					 dna
                . Alphabet size:				 4
                . Sequence format:				 interleaved
                . Number of data sets:				 1
                . Nb of bootstrapped data sets:			 0
                . Compute approximate likelihood ratio test:	 yes (SH-like branch supports)
                . Model name:					 GTR
                . Proportion of invariable sites:		 0.000000
                . Number of subst. rate categs:			 4
                . Gamma distribution parameter:			 estimated
                . 'Middle' of each rate class:			 mean
                . Nucleotide equilibrium frequencies:		 empirical
                . Optimise tree topology:			 yes
                . Tree topology search:				 NNIs
                . Starting tree:				 BioNJ
                . Add random input tree:			 no
                . Optimise branch lengths:			 yes
                . Optimise substitution model parameters:	 yes
                . Run ID:					 none
                . Random seed:					 1480968312
                . Subtree patterns aliasing:			 no
                . Version:					 20120412

 oooooooooooooooooooooooooooooooooooooooooooooooooooooooooooooooooooooooooooooooooooooooooooooooo




. Log likelihood of the current tree: -271689.333746.

. Time used 2h4m57s

oooooooooooooooooooooooooooooooooooooooooooooooooooooooooooooooooooooooooooooooooooooooooooooooo
rm: cannot remove ‘temp_sim.phy_phyml_stats’: No such file or directory
rm: cannot remove ‘temp_sim.phy_phyml_tree’: No such file or directory
[1] "Simulation 41 processed"






                                 ..........................                                      
 ooooooooooooooooooooooooooooo        CURRENT SETTINGS        ooooooooooooooooooooooooooooooooooo
                                 ..........................                                      

                . Sequence filename:				 temp_sim.phy
                . Data type:					 dna
                . Alphabet size:				 4
                . Sequence format:				 interleaved
                . Number of data sets:				 1
                . Nb of bootstrapped data sets:			 0
                . Compute approximate likelihood ratio test:	 yes (SH-like branch supports)
                . Model name:					 GTR
                . Proportion of invariable sites:		 0.000000
                . Number of subst. rate categs:			 4
                . Gamma distribution parameter:			 estimated
                . 'Middle' of each rate class:			 mean
                . Nucleotide equilibrium frequencies:		 empirical
                . Optimise tree topology:			 yes
                . Tree topology search:				 NNIs
                . Starting tree:				 BioNJ
                . Add random input tree:			 no
                . Optimise branch lengths:			 yes
                . Optimise substitution model parameters:	 yes
                . Run ID:					 none
                . Random seed:					 1480975817
                . Subtree patterns aliasing:			 no
                . Version:					 20120412

 oooooooooooooooooooooooooooooooooooooooooooooooooooooooooooooooooooooooooooooooooooooooooooooooo


slurmstepd: error: *** JOB 149927 ON spartan-rc083 CANCELLED AT 2016-12-06T10:40:54 DUE TO TIME LIMIT ***
