Loading required package: ape
[1] "sim.long.eighth.nonmon.10.phy"                
[2] "sim.long.eighth.nonmon.10.phy_phyml_stats.txt"
[3] "sim.long.eighth.nonmon.10.phy_phyml_tree.txt" 






                                 ..........................                                      
 ooooooooooooooooooooooooooooo        CURRENT SETTINGS        ooooooooooooooooooooooooooooooooooo
                                 ..........................                                      

                . Sequence filename:				 sim.long.eighth.nonmon.10.phy
                . Data type:					 dna
                . Alphabet size:				 4
                . Sequence format:				 interleaved
                . Number of data sets:				 1
                . Nb of bootstrapped data sets:			 0
                . Compute approximate likelihood ratio test:	 yes (SH-like branch supports)
                . Model name:					 GTR
                . Proportion of invariable sites:		 0.000000
                . Number of subst. rate categs:			 4
                . Gamma distribution parameter:			 estimated
                . 'Middle' of each rate class:			 mean
                . Nucleotide equilibrium frequencies:		 empirical
                . Optimise tree topology:			 yes
                . Tree topology search:				 NNIs
                . Starting tree:				 BioNJ
                . Add random input tree:			 no
                . Optimise branch lengths:			 yes
                . Optimise substitution model parameters:	 yes
                . Run ID:					 none
                . Random seed:					 1480638157
                . Subtree patterns aliasing:			 no
                . Version:					 20120412

 oooooooooooooooooooooooooooooooooooooooooooooooooooooooooooooooooooooooooooooooooooooooooooooooo




. Log likelihood of the current tree: -217202.382747.

. Time used 0h55m26s

oooooooooooooooooooooooooooooooooooooooooooooooooooooooooooooooooooooooooooooooooooooooooooooooo
Error in file(con, "r") : invalid 'description' argument
Calls: run.phyml -> readLines -> file
Execution halted
