Loading required package: ape
Error in tryCatchOne(expr, names, parentenv, handlers[[1L]]) : 
  promise already under evaluation: recursive default argument reference or earlier problems?
Calls: library -> try -> tryCatch -> tryCatchList -> tryCatchOne
Execution halted
Error: promise already under evaluation: recursive default argument reference or earlier problems?
Execution halted
Error: promise already under evaluation: recursive default argument reference or earlier problems?
Execution halted
Error: promise already under evaluation: recursive default argument reference or earlier problems?
Execution halted
Error: promise already under evaluation: recursive default argument reference or earlier problems?
Execution halted
Error: promise already under evaluation: recursive default argument reference or earlier problems?
Execution halted
Error: promise already under evaluation: recursive default argument reference or earlier problems?
Execution halted
Error: promise already under evaluation: recursive default argument reference or earlier problems?
Execution halted
Error: promise already under evaluation: recursive default argument reference or earlier problems?
Execution halted
Error: promise already under evaluation: recursive default argument reference or earlier problems?
Execution halted
Error: promise already under evaluation: recursive default argument reference or earlier problems?
Execution halted
Error: promise already under evaluation: recursive default argument reference or earlier problems?
Execution halted
Error: promise already under evaluation: recursive default argument reference or earlier problems?
Execution halted
Error: promise already under evaluation: recursive default argument reference or earlier problems?
Execution halted
Error: promise already under evaluation: recursive default argument reference or earlier problems?
Execution halted
Error: promise already under evaluation: recursive default argument reference or earlier problems?
Execution halted
Error: promise already under evaluation: recursive default argument reference or earlier problems?
Execution halted
Error: promise already under evaluation: recursive default argument reference or earlier problems?
Execution halted
Error: promise already under evaluation: recursive default argument reference or earlier problems?
Execution halted
Error: promise already under evaluation: recursive default argument reference or earlier problems?
Execution halted
Error: promise already under evaluation: recursive default argument reference or earlier problems?
Execution halted
Error: promise already under evaluation: recursive default argument reference or earlier problems?
Execution halted
Error: promise already under evaluation: recursive default argument reference or earlier problems?
Execution halted
Error: promise already under evaluation: recursive default argument reference or earlier problems?
Execution halted
Error: promise already under evaluation: recursive default argument reference or earlier problems?
Execution halted
Error: promise already under evaluation: recursive default argument reference or earlier problems?
Execution halted
Error: promise already under evaluation: recursive default argument reference or earlier problems?
Execution halted
Error: promise already under evaluation: recursive default argument reference or earlier problems?
Execution halted
Error: promise already under evaluation: recursive default argument reference or earlier problems?
Execution halted
Error: promise already under evaluation: recursive default argument reference or earlier problems?
Execution halted
Error: promise already under evaluation: recursive default argument reference or earlier problems?
Execution halted
Error: promise already under evaluation: recursive default argument reference or earlier problems?
Execution halted
Error: promise already under evaluation: recursive default argument reference or earlier problems?
Execution halted
Error: promise already under evaluation: recursive default argument reference or earlier problems?
Execution halted
Error: promise already under evaluation: recursive default argument reference or earlier problems?
Execution halted
Error: promise already under evaluation: recursive default argument reference or earlier problems?
Execution halted
Error: promise already under evaluation: recursive default argument reference or earlier problems?
Execution halted
Error: promise already under evaluation: recursive default argument reference or earlier problems?
Execution halted
Error: promise already under evaluation: recursive default argument reference or earlier problems?
Execution halted
Error: promise already under evaluation: recursive default argument reference or earlier problems?
Execution halted
Error: promise already under evaluation: recursive default argument reference or earlier problems?
Execution halted
Error: promise already under evaluation: recursive default argument reference or earlier problems?
Execution halted
Error: promise already under evaluation: recursive default argument reference or earlier problems?
Execution halted
Error: promise already under evaluation: recursive default argument reference or earlier problems?
Execution halted
Error: promise already under evaluation: recursive default argument reference or earlier problems?
Execution halted
Error: promise already under evaluation: recursive default argument reference or earlier problems?
Execution halted
Error: promise already under evaluation: recursive default argument reference or earlier problems?
Execution halted
Error: promise already under evaluation: recursive default argument reference or earlier problems?
Execution halted
Error: promise already under evaluation: recursive default argument reference or earlier problems?
Execution halted
Error: promise already under evaluation: recursive default argument reference or earlier problems?
Execution halted
Error: promise already under evaluation: recursive default argument reference or earlier problems?
Execution halted
Error: promise already under evaluation: recursive default argument reference or earlier problems?
Execution halted
Error: promise already under evaluation: recursive default argument reference or earlier problems?
Execution halted
Error: promise already under evaluation: recursive default argument reference or earlier problems?
Execution halted
Error: promise already under evaluation: recursive default argument reference or earlier problems?
Execution halted
Error: promise already under evaluation: recursive default argument reference or earlier problems?
Execution halted
Error: promise already under evaluation: recursive default argument reference or earlier problems?
Execution halted
Error: promise already under evaluation: recursive default argument reference or earlier problems?
Execution halted
Error: promise already under evaluation: recursive default argument reference or earlier problems?
Execution halted
Error: promise already under evaluation: recursive default argument reference or earlier problems?
Execution halted
Error: promise already under evaluation: recursive default argument reference or earlier problems?
Execution halted
Error: promise already under evaluation: recursive default argument reference or earlier problems?
Execution halted
Error: promise already under evaluation: recursive default argument reference or earlier problems?
Execution halted
Error: promise already under evaluation: recursive default argument reference or earlier problems?
Execution halted
Error: promise already under evaluation: recursive default argument reference or earlier problems?
Execution halted
Error: promise already under evaluation: recursive default argument reference or earlier problems?
Execution halted
Error: promise already under evaluation: recursive default argument reference or earlier problems?
Execution halted
Error: promise already under evaluation: recursive default argument reference or earlier problems?
Execution halted
Error: promise already under evaluation: recursive default argument reference or earlier problems?
Execution halted
Error: promise already under evaluation: recursive default argument reference or earlier problems?
Execution halted
Error: promise already under evaluation: recursive default argument reference or earlier problems?
Execution halted
Error: promise already under evaluation: recursive default argument reference or earlier problems?
Execution halted
Error: promise already under evaluation: recursive default argument reference or earlier problems?
Execution halted
Error: promise already under evaluation: recursive default argument reference or earlier problems?
Execution halted
Error: promise already under evaluation: recursive default argument reference or earlier problems?
Execution halted
Error: promise already under evaluation: recursive default argument reference or earlier problems?
Execution halted
Error: promise already under evaluation: recursive default argument reference or earlier problems?
Execution halted
Error: promise already under evaluation: recursive default argument reference or earlier problems?
Execution halted
Error: promise already under evaluation: recursive default argument reference or earlier problems?
Execution halted
Error: promise already under evaluation: recursive default argument reference or earlier problems?
Execution halted
Error: promise already under evaluation: recursive default argument reference or earlier problems?
Execution halted
Error: promise already under evaluation: recursive default argument reference or earlier problems?
Execution halted
Error: promise already under evaluation: recursive default argument reference or earlier problems?
Execution halted
Error: promise already under evaluation: recursive default argument reference or earlier problems?
Execution halted
Error: promise already under evaluation: recursive default argument reference or earlier problems?
Execution halted
Error: promise already under evaluation: recursive default argument reference or earlier problems?
Execution halted
Error: promise already under evaluation: recursive default argument reference or earlier problems?
Execution halted
Error: promise already under evaluation: recursive default argument reference or earlier problems?
Execution halted
Error: promise already under evaluation: recursive default argument reference or earlier problems?
Execution halted
Error: promise already under evaluation: recursive default argument reference or earlier problems?
Execution halted
Error: promise already under evaluation: recursive default argument reference or earlier problems?
Execution halted
Error: segfault from C stack overflow
Execution halted
Error: promise already under evaluation: recursive default argument reference or earlier problems?
Execution halted
Error: promise already under evaluation: recursive default argument reference or earlier problems?
Execution halted
Error: promise already under evaluation: recursive default argument reference or earlier problems?
Execution halted
Error: promise already under evaluation: recursive default argument reference or earlier problems?
Execution halted
Error: promise already under evaluation: recursive default argument reference or earlier problems?
Execution halted
Error: promise already under evaluation: recursive default argument reference or earlier problems?
Execution halted
Error: promise already under evaluation: recursive default argument reference or earlier problems?
Execution halted
Error: promise already under evaluation: recursive default argument reference or earlier problems?
/var/spool/slurm/job149345/slurm_script: line 11: 13877 Segmentation fault      (core dumped) Rscript run.mladeq.Rscript
