Loading required package: ape
[1] "sim.short.eighth.mono.8.phy"






                                 ..........................                                      
 ooooooooooooooooooooooooooooo        CURRENT SETTINGS        ooooooooooooooooooooooooooooooooooo
                                 ..........................                                      

                . Sequence filename:				 sim.short.eighth.mono.8.phy
                . Data type:					 dna
                . Alphabet size:				 4
                . Sequence format:				 interleaved
                . Number of data sets:				 1
                . Nb of bootstrapped data sets:			 0
                . Compute approximate likelihood ratio test:	 yes (SH-like branch supports)
                . Model name:					 GTR
                . Proportion of invariable sites:		 0.000000
                . Number of subst. rate categs:			 4
                . Gamma distribution parameter:			 estimated
                . 'Middle' of each rate class:			 mean
                . Nucleotide equilibrium frequencies:		 empirical
                . Optimise tree topology:			 yes
                . Tree topology search:				 NNIs
                . Starting tree:				 BioNJ
                . Add random input tree:			 no
                . Optimise branch lengths:			 yes
                . Optimise substitution model parameters:	 yes
                . Run ID:					 none
                . Random seed:					 1480466091
                . Subtree patterns aliasing:			 no
                . Version:					 20120412

 oooooooooooooooooooooooooooooooooooooooooooooooooooooooooooooooooooooooooooooooooooooooooooooooo




. Log likelihood of the current tree: -65389.670911.

. Time used 0h8m4s

oooooooooooooooooooooooooooooooooooooooooooooooooooooooooooooooooooooooooooooooooooooooooooooooo
[1] "sequence length is 5000"
[1] "TREE:"

Phylogenetic tree with 64 tips and 62 internal nodes.

Tip labels:
	t49, t50, t51, t52, t54, t53, ...
Node labels:
	, 1.000000, 0.905000, 1.000000, 1.000000, 0.841000, ...

Unrooted; includes branch lengths.
[1] "Q matrix = 0.17376" "Q matrix = 0.6437"  "Q matrix = 0.14429"
[4] "Q matrix = 0.14181" "Q matrix = 0.75887" "Q matrix = 0.13864"
[1] "Q matrix = 0.17376" "Q matrix = 0.6437"  "Q matrix = 0.14429"
[4] "Q matrix = 0.14181" "Q matrix = 0.75887" "Q matrix = 0.13864"
[1] "Q matrix = 0.17376" "Q matrix = 0.6437"  "Q matrix = 0.14429"
[4] "Q matrix = 0.14181" "Q matrix = 0.75887" "Q matrix = 0.13864"
[1] "Q matrix = 0.17376" "Q matrix = 0.6437"  "Q matrix = 0.14429"
[4] "Q matrix = 0.14181" "Q matrix = 0.75887" "Q matrix = 0.13864"
[1] "Q matrix = 0.17376" "Q matrix = 0.6437"  "Q matrix = 0.14429"
[4] "Q matrix = 0.14181" "Q matrix = 0.75887" "Q matrix = 0.13864"
[1] "Q matrix = 0.17376" "Q matrix = 0.6437"  "Q matrix = 0.14429"
[4] "Q matrix = 0.14181" "Q matrix = 0.75887" "Q matrix = 0.13864"
[1] "Q matrix = 0.17376" "Q matrix = 0.6437"  "Q matrix = 0.14429"
[4] "Q matrix = 0.14181" "Q matrix = 0.75887" "Q matrix = 0.13864"
[1] "Q matrix = 0.17376" "Q matrix = 0.6437"  "Q matrix = 0.14429"
[4] "Q matrix = 0.14181" "Q matrix = 0.75887" "Q matrix = 0.13864"
[1] "Q matrix = 0.17376" "Q matrix = 0.6437"  "Q matrix = 0.14429"
[4] "Q matrix = 0.14181" "Q matrix = 0.75887" "Q matrix = 0.13864"
[1] "Q matrix = 0.17376" "Q matrix = 0.6437"  "Q matrix = 0.14429"
[4] "Q matrix = 0.14181" "Q matrix = 0.75887" "Q matrix = 0.13864"
[1] "Q matrix = 0.17376" "Q matrix = 0.6437"  "Q matrix = 0.14429"
[4] "Q matrix = 0.14181" "Q matrix = 0.75887" "Q matrix = 0.13864"
[1] "Q matrix = 0.17376" "Q matrix = 0.6437"  "Q matrix = 0.14429"
[4] "Q matrix = 0.14181" "Q matrix = 0.75887" "Q matrix = 0.13864"
[1] "Q matrix = 0.17376" "Q matrix = 0.6437"  "Q matrix = 0.14429"
[4] "Q matrix = 0.14181" "Q matrix = 0.75887" "Q matrix = 0.13864"
[1] "Q matrix = 0.17376" "Q matrix = 0.6437"  "Q matrix = 0.14429"
[4] "Q matrix = 0.14181" "Q matrix = 0.75887" "Q matrix = 0.13864"
[1] "Q matrix = 0.17376" "Q matrix = 0.6437"  "Q matrix = 0.14429"
[4] "Q matrix = 0.14181" "Q matrix = 0.75887" "Q matrix = 0.13864"
[1] "Q matrix = 0.17376" "Q matrix = 0.6437"  "Q matrix = 0.14429"
[4] "Q matrix = 0.14181" "Q matrix = 0.75887" "Q matrix = 0.13864"
[1] "Q matrix = 0.17376" "Q matrix = 0.6437"  "Q matrix = 0.14429"
[4] "Q matrix = 0.14181" "Q matrix = 0.75887" "Q matrix = 0.13864"
[1] "Q matrix = 0.17376" "Q matrix = 0.6437"  "Q matrix = 0.14429"
[4] "Q matrix = 0.14181" "Q matrix = 0.75887" "Q matrix = 0.13864"
[1] "Q matrix = 0.17376" "Q matrix = 0.6437"  "Q matrix = 0.14429"
[4] "Q matrix = 0.14181" "Q matrix = 0.75887" "Q matrix = 0.13864"
[1] "Q matrix = 0.17376" "Q matrix = 0.6437"  "Q matrix = 0.14429"
[4] "Q matrix = 0.14181" "Q matrix = 0.75887" "Q matrix = 0.13864"
[1] "Q matrix = 0.17376" "Q matrix = 0.6437"  "Q matrix = 0.14429"
[4] "Q matrix = 0.14181" "Q matrix = 0.75887" "Q matrix = 0.13864"
[1] "Q matrix = 0.17376" "Q matrix = 0.6437"  "Q matrix = 0.14429"
[4] "Q matrix = 0.14181" "Q matrix = 0.75887" "Q matrix = 0.13864"
[1] "Q matrix = 0.17376" "Q matrix = 0.6437"  "Q matrix = 0.14429"
[4] "Q matrix = 0.14181" "Q matrix = 0.75887" "Q matrix = 0.13864"
[1] "Q matrix = 0.17376" "Q matrix = 0.6437"  "Q matrix = 0.14429"
[4] "Q matrix = 0.14181" "Q matrix = 0.75887" "Q matrix = 0.13864"
[1] "Q matrix = 0.17376" "Q matrix = 0.6437"  "Q matrix = 0.14429"
[4] "Q matrix = 0.14181" "Q matrix = 0.75887" "Q matrix = 0.13864"
[1] "Q matrix = 0.17376" "Q matrix = 0.6437"  "Q matrix = 0.14429"
[4] "Q matrix = 0.14181" "Q matrix = 0.75887" "Q matrix = 0.13864"
[1] "Q matrix = 0.17376" "Q matrix = 0.6437"  "Q matrix = 0.14429"
[4] "Q matrix = 0.14181" "Q matrix = 0.75887" "Q matrix = 0.13864"
[1] "Q matrix = 0.17376" "Q matrix = 0.6437"  "Q matrix = 0.14429"
[4] "Q matrix = 0.14181" "Q matrix = 0.75887" "Q matrix = 0.13864"
[1] "Q matrix = 0.17376" "Q matrix = 0.6437"  "Q matrix = 0.14429"
[4] "Q matrix = 0.14181" "Q matrix = 0.75887" "Q matrix = 0.13864"
[1] "Q matrix = 0.17376" "Q matrix = 0.6437"  "Q matrix = 0.14429"
[4] "Q matrix = 0.14181" "Q matrix = 0.75887" "Q matrix = 0.13864"
[1] "Q matrix = 0.17376" "Q matrix = 0.6437"  "Q matrix = 0.14429"
[4] "Q matrix = 0.14181" "Q matrix = 0.75887" "Q matrix = 0.13864"
[1] "Q matrix = 0.17376" "Q matrix = 0.6437"  "Q matrix = 0.14429"
[4] "Q matrix = 0.14181" "Q matrix = 0.75887" "Q matrix = 0.13864"
[1] "Q matrix = 0.17376" "Q matrix = 0.6437"  "Q matrix = 0.14429"
[4] "Q matrix = 0.14181" "Q matrix = 0.75887" "Q matrix = 0.13864"
[1] "Q matrix = 0.17376" "Q matrix = 0.6437"  "Q matrix = 0.14429"
[4] "Q matrix = 0.14181" "Q matrix = 0.75887" "Q matrix = 0.13864"
[1] "Q matrix = 0.17376" "Q matrix = 0.6437"  "Q matrix = 0.14429"
[4] "Q matrix = 0.14181" "Q matrix = 0.75887" "Q matrix = 0.13864"
[1] "Q matrix = 0.17376" "Q matrix = 0.6437"  "Q matrix = 0.14429"
[4] "Q matrix = 0.14181" "Q matrix = 0.75887" "Q matrix = 0.13864"
[1] "Q matrix = 0.17376" "Q matrix = 0.6437"  "Q matrix = 0.14429"
[4] "Q matrix = 0.14181" "Q matrix = 0.75887" "Q matrix = 0.13864"
[1] "Q matrix = 0.17376" "Q matrix = 0.6437"  "Q matrix = 0.14429"
[4] "Q matrix = 0.14181" "Q matrix = 0.75887" "Q matrix = 0.13864"
[1] "Q matrix = 0.17376" "Q matrix = 0.6437"  "Q matrix = 0.14429"
[4] "Q matrix = 0.14181" "Q matrix = 0.75887" "Q matrix = 0.13864"
[1] "Q matrix = 0.17376" "Q matrix = 0.6437"  "Q matrix = 0.14429"
[4] "Q matrix = 0.14181" "Q matrix = 0.75887" "Q matrix = 0.13864"
[1] "Q matrix = 0.17376" "Q matrix = 0.6437"  "Q matrix = 0.14429"
[4] "Q matrix = 0.14181" "Q matrix = 0.75887" "Q matrix = 0.13864"
[1] "Q matrix = 0.17376" "Q matrix = 0.6437"  "Q matrix = 0.14429"
[4] "Q matrix = 0.14181" "Q matrix = 0.75887" "Q matrix = 0.13864"
[1] "Q matrix = 0.17376" "Q matrix = 0.6437"  "Q matrix = 0.14429"
[4] "Q matrix = 0.14181" "Q matrix = 0.75887" "Q matrix = 0.13864"
[1] "Q matrix = 0.17376" "Q matrix = 0.6437"  "Q matrix = 0.14429"
[4] "Q matrix = 0.14181" "Q matrix = 0.75887" "Q matrix = 0.13864"
[1] "Q matrix = 0.17376" "Q matrix = 0.6437"  "Q matrix = 0.14429"
[4] "Q matrix = 0.14181" "Q matrix = 0.75887" "Q matrix = 0.13864"
[1] "Q matrix = 0.17376" "Q matrix = 0.6437"  "Q matrix = 0.14429"
[4] "Q matrix = 0.14181" "Q matrix = 0.75887" "Q matrix = 0.13864"
[1] "Q matrix = 0.17376" "Q matrix = 0.6437"  "Q matrix = 0.14429"
[4] "Q matrix = 0.14181" "Q matrix = 0.75887" "Q matrix = 0.13864"
[1] "Q matrix = 0.17376" "Q matrix = 0.6437"  "Q matrix = 0.14429"
[4] "Q matrix = 0.14181" "Q matrix = 0.75887" "Q matrix = 0.13864"
[1] "Q matrix = 0.17376" "Q matrix = 0.6437"  "Q matrix = 0.14429"
[4] "Q matrix = 0.14181" "Q matrix = 0.75887" "Q matrix = 0.13864"
[1] "Q matrix = 0.17376" "Q matrix = 0.6437"  "Q matrix = 0.14429"
[4] "Q matrix = 0.14181" "Q matrix = 0.75887" "Q matrix = 0.13864"
[1] "Q matrix = 0.17376" "Q matrix = 0.6437"  "Q matrix = 0.14429"
[4] "Q matrix = 0.14181" "Q matrix = 0.75887" "Q matrix = 0.13864"
[1] "Q matrix = 0.17376" "Q matrix = 0.6437"  "Q matrix = 0.14429"
[4] "Q matrix = 0.14181" "Q matrix = 0.75887" "Q matrix = 0.13864"
[1] "Q matrix = 0.17376" "Q matrix = 0.6437"  "Q matrix = 0.14429"
[4] "Q matrix = 0.14181" "Q matrix = 0.75887" "Q matrix = 0.13864"
[1] "Q matrix = 0.17376" "Q matrix = 0.6437"  "Q matrix = 0.14429"
[4] "Q matrix = 0.14181" "Q matrix = 0.75887" "Q matrix = 0.13864"
[1] "Q matrix = 0.17376" "Q matrix = 0.6437"  "Q matrix = 0.14429"
[4] "Q matrix = 0.14181" "Q matrix = 0.75887" "Q matrix = 0.13864"
[1] "Q matrix = 0.17376" "Q matrix = 0.6437"  "Q matrix = 0.14429"
[4] "Q matrix = 0.14181" "Q matrix = 0.75887" "Q matrix = 0.13864"
[1] "Q matrix = 0.17376" "Q matrix = 0.6437"  "Q matrix = 0.14429"
[4] "Q matrix = 0.14181" "Q matrix = 0.75887" "Q matrix = 0.13864"
[1] "Q matrix = 0.17376" "Q matrix = 0.6437"  "Q matrix = 0.14429"
[4] "Q matrix = 0.14181" "Q matrix = 0.75887" "Q matrix = 0.13864"
[1] "Q matrix = 0.17376" "Q matrix = 0.6437"  "Q matrix = 0.14429"
[4] "Q matrix = 0.14181" "Q matrix = 0.75887" "Q matrix = 0.13864"
[1] "Q matrix = 0.17376" "Q matrix = 0.6437"  "Q matrix = 0.14429"
[4] "Q matrix = 0.14181" "Q matrix = 0.75887" "Q matrix = 0.13864"
[1] "Q matrix = 0.17376" "Q matrix = 0.6437"  "Q matrix = 0.14429"
[4] "Q matrix = 0.14181" "Q matrix = 0.75887" "Q matrix = 0.13864"
[1] "Q matrix = 0.17376" "Q matrix = 0.6437"  "Q matrix = 0.14429"
[4] "Q matrix = 0.14181" "Q matrix = 0.75887" "Q matrix = 0.13864"
[1] "Q matrix = 0.17376" "Q matrix = 0.6437"  "Q matrix = 0.14429"
[4] "Q matrix = 0.14181" "Q matrix = 0.75887" "Q matrix = 0.13864"
[1] "Q matrix = 0.17376" "Q matrix = 0.6437"  "Q matrix = 0.14429"
[4] "Q matrix = 0.14181" "Q matrix = 0.75887" "Q matrix = 0.13864"
[1] "Q matrix = 0.17376" "Q matrix = 0.6437"  "Q matrix = 0.14429"
[4] "Q matrix = 0.14181" "Q matrix = 0.75887" "Q matrix = 0.13864"
[1] "Q matrix = 0.17376" "Q matrix = 0.6437"  "Q matrix = 0.14429"
[4] "Q matrix = 0.14181" "Q matrix = 0.75887" "Q matrix = 0.13864"
[1] "Q matrix = 0.17376" "Q matrix = 0.6437"  "Q matrix = 0.14429"
[4] "Q matrix = 0.14181" "Q matrix = 0.75887" "Q matrix = 0.13864"
[1] "Q matrix = 0.17376" "Q matrix = 0.6437"  "Q matrix = 0.14429"
[4] "Q matrix = 0.14181" "Q matrix = 0.75887" "Q matrix = 0.13864"
[1] "Q matrix = 0.17376" "Q matrix = 0.6437"  "Q matrix = 0.14429"
[4] "Q matrix = 0.14181" "Q matrix = 0.75887" "Q matrix = 0.13864"
[1] "Q matrix = 0.17376" "Q matrix = 0.6437"  "Q matrix = 0.14429"
[4] "Q matrix = 0.14181" "Q matrix = 0.75887" "Q matrix = 0.13864"
[1] "Q matrix = 0.17376" "Q matrix = 0.6437"  "Q matrix = 0.14429"
[4] "Q matrix = 0.14181" "Q matrix = 0.75887" "Q matrix = 0.13864"
[1] "Q matrix = 0.17376" "Q matrix = 0.6437"  "Q matrix = 0.14429"
[4] "Q matrix = 0.14181" "Q matrix = 0.75887" "Q matrix = 0.13864"
[1] "Q matrix = 0.17376" "Q matrix = 0.6437"  "Q matrix = 0.14429"
[4] "Q matrix = 0.14181" "Q matrix = 0.75887" "Q matrix = 0.13864"
[1] "Q matrix = 0.17376" "Q matrix = 0.6437"  "Q matrix = 0.14429"
[4] "Q matrix = 0.14181" "Q matrix = 0.75887" "Q matrix = 0.13864"
[1] "Q matrix = 0.17376" "Q matrix = 0.6437"  "Q matrix = 0.14429"
[4] "Q matrix = 0.14181" "Q matrix = 0.75887" "Q matrix = 0.13864"
[1] "Q matrix = 0.17376" "Q matrix = 0.6437"  "Q matrix = 0.14429"
[4] "Q matrix = 0.14181" "Q matrix = 0.75887" "Q matrix = 0.13864"
[1] "Q matrix = 0.17376" "Q matrix = 0.6437"  "Q matrix = 0.14429"
[4] "Q matrix = 0.14181" "Q matrix = 0.75887" "Q matrix = 0.13864"
[1] "Q matrix = 0.17376" "Q matrix = 0.6437"  "Q matrix = 0.14429"
[4] "Q matrix = 0.14181" "Q matrix = 0.75887" "Q matrix = 0.13864"
[1] "Q matrix = 0.17376" "Q matrix = 0.6437"  "Q matrix = 0.14429"
[4] "Q matrix = 0.14181" "Q matrix = 0.75887" "Q matrix = 0.13864"
[1] "Q matrix = 0.17376" "Q matrix = 0.6437"  "Q matrix = 0.14429"
[4] "Q matrix = 0.14181" "Q matrix = 0.75887" "Q matrix = 0.13864"
[1] "Q matrix = 0.17376" "Q matrix = 0.6437"  "Q matrix = 0.14429"
[4] "Q matrix = 0.14181" "Q matrix = 0.75887" "Q matrix = 0.13864"
[1] "Q matrix = 0.17376" "Q matrix = 0.6437"  "Q matrix = 0.14429"
[4] "Q matrix = 0.14181" "Q matrix = 0.75887" "Q matrix = 0.13864"
[1] "Q matrix = 0.17376" "Q matrix = 0.6437"  "Q matrix = 0.14429"
[4] "Q matrix = 0.14181" "Q matrix = 0.75887" "Q matrix = 0.13864"
[1] "Q matrix = 0.17376" "Q matrix = 0.6437"  "Q matrix = 0.14429"
[4] "Q matrix = 0.14181" "Q matrix = 0.75887" "Q matrix = 0.13864"
[1] "Q matrix = 0.17376" "Q matrix = 0.6437"  "Q matrix = 0.14429"
[4] "Q matrix = 0.14181" "Q matrix = 0.75887" "Q matrix = 0.13864"
[1] "Q matrix = 0.17376" "Q matrix = 0.6437"  "Q matrix = 0.14429"
[4] "Q matrix = 0.14181" "Q matrix = 0.75887" "Q matrix = 0.13864"
[1] "Q matrix = 0.17376" "Q matrix = 0.6437"  "Q matrix = 0.14429"
[4] "Q matrix = 0.14181" "Q matrix = 0.75887" "Q matrix = 0.13864"
[1] "Q matrix = 0.17376" "Q matrix = 0.6437"  "Q matrix = 0.14429"
[4] "Q matrix = 0.14181" "Q matrix = 0.75887" "Q matrix = 0.13864"
[1] "Q matrix = 0.17376" "Q matrix = 0.6437"  "Q matrix = 0.14429"
[4] "Q matrix = 0.14181" "Q matrix = 0.75887" "Q matrix = 0.13864"
[1] "Q matrix = 0.17376" "Q matrix = 0.6437"  "Q matrix = 0.14429"
[4] "Q matrix = 0.14181" "Q matrix = 0.75887" "Q matrix = 0.13864"
[1] "Q matrix = 0.17376" "Q matrix = 0.6437"  "Q matrix = 0.14429"
[4] "Q matrix = 0.14181" "Q matrix = 0.75887" "Q matrix = 0.13864"
[1] "Q matrix = 0.17376" "Q matrix = 0.6437"  "Q matrix = 0.14429"
[4] "Q matrix = 0.14181" "Q matrix = 0.75887" "Q matrix = 0.13864"
[1] "Q matrix = 0.17376" "Q matrix = 0.6437"  "Q matrix = 0.14429"
[4] "Q matrix = 0.14181" "Q matrix = 0.75887" "Q matrix = 0.13864"
[1] "Q matrix = 0.17376" "Q matrix = 0.6437"  "Q matrix = 0.14429"
[4] "Q matrix = 0.14181" "Q matrix = 0.75887" "Q matrix = 0.13864"
[1] "Q matrix = 0.17376" "Q matrix = 0.6437"  "Q matrix = 0.14429"
[4] "Q matrix = 0.14181" "Q matrix = 0.75887" "Q matrix = 0.13864"
[1] "Q matrix = 0.17376" "Q matrix = 0.6437"  "Q matrix = 0.14429"
[4] "Q matrix = 0.14181" "Q matrix = 0.75887" "Q matrix = 0.13864"
[1] "Q matrix = 0.17376" "Q matrix = 0.6437"  "Q matrix = 0.14429"
[4] "Q matrix = 0.14181" "Q matrix = 0.75887" "Q matrix = 0.13864"
[1] "Q matrix = 0.17376" "Q matrix = 0.6437"  "Q matrix = 0.14429"
[4] "Q matrix = 0.14181" "Q matrix = 0.75887" "Q matrix = 0.13864"
[1] "Q matrix = 0.17376" "Q matrix = 0.6437"  "Q matrix = 0.14429"
[4] "Q matrix = 0.14181" "Q matrix = 0.75887" "Q matrix = 0.13864"
[1] "Q matrix = 0.17376" "Q matrix = 0.6437"  "Q matrix = 0.14429"
[4] "Q matrix = 0.14181" "Q matrix = 0.75887" "Q matrix = 0.13864"
Loading required package: MASS






                                 ..........................                                      
 ooooooooooooooooooooooooooooo        CURRENT SETTINGS        ooooooooooooooooooooooooooooooooooo
                                 ..........................                                      

                . Sequence filename:				 temp_sim.phy
                . Data type:					 dna
                . Alphabet size:				 4
                . Sequence format:				 interleaved
                . Number of data sets:				 1
                . Nb of bootstrapped data sets:			 0
                . Compute approximate likelihood ratio test:	 yes (SH-like branch supports)
                . Model name:					 GTR
                . Proportion of invariable sites:		 0.000000
                . Number of subst. rate categs:			 4
                . Gamma distribution parameter:			 estimated
                . 'Middle' of each rate class:			 mean
                . Nucleotide equilibrium frequencies:		 empirical
                . Optimise tree topology:			 yes
                . Tree topology search:				 NNIs
                . Starting tree:				 BioNJ
                . Add random input tree:			 no
                . Optimise branch lengths:			 yes
                . Optimise substitution model parameters:	 yes
                . Run ID:					 none
                . Random seed:					 1480466663
                . Subtree patterns aliasing:			 no
                . Version:					 20120412

 oooooooooooooooooooooooooooooooooooooooooooooooooooooooooooooooooooooooooooooooooooooooooooooooo




. Log likelihood of the current tree: -68367.814667.

. Time used 0h16m7s

oooooooooooooooooooooooooooooooooooooooooooooooooooooooooooooooooooooooooooooooooooooooooooooooo
rm: cannot remove ‘temp_sim.phy_phyml_stats’: No such file or directory
rm: cannot remove ‘temp_sim.phy_phyml_tree’: No such file or directory
[1] "Simulation 1 processed"






                                 ..........................                                      
 ooooooooooooooooooooooooooooo        CURRENT SETTINGS        ooooooooooooooooooooooooooooooooooo
                                 ..........................                                      

                . Sequence filename:				 temp_sim.phy
                . Data type:					 dna
                . Alphabet size:				 4
                . Sequence format:				 interleaved
                . Number of data sets:				 1
                . Nb of bootstrapped data sets:			 0
                . Compute approximate likelihood ratio test:	 yes (SH-like branch supports)
                . Model name:					 GTR
                . Proportion of invariable sites:		 0.000000
                . Number of subst. rate categs:			 4
                . Gamma distribution parameter:			 estimated
                . 'Middle' of each rate class:			 mean
                . Nucleotide equilibrium frequencies:		 empirical
                . Optimise tree topology:			 yes
                . Tree topology search:				 NNIs
                . Starting tree:				 BioNJ
                . Add random input tree:			 no
                . Optimise branch lengths:			 yes
                . Optimise substitution model parameters:	 yes
                . Run ID:					 none
                . Random seed:					 1480467634
                . Subtree patterns aliasing:			 no
                . Version:					 20120412

 oooooooooooooooooooooooooooooooooooooooooooooooooooooooooooooooooooooooooooooooooooooooooooooooo




. Log likelihood of the current tree: -68832.045560.

. Time used 0h9m24s

oooooooooooooooooooooooooooooooooooooooooooooooooooooooooooooooooooooooooooooooooooooooooooooooo
rm: cannot remove ‘temp_sim.phy_phyml_stats’: No such file or directory
rm: cannot remove ‘temp_sim.phy_phyml_tree’: No such file or directory
[1] "Simulation 2 processed"






                                 ..........................                                      
 ooooooooooooooooooooooooooooo        CURRENT SETTINGS        ooooooooooooooooooooooooooooooooooo
                                 ..........................                                      

                . Sequence filename:				 temp_sim.phy
                . Data type:					 dna
                . Alphabet size:				 4
                . Sequence format:				 interleaved
                . Number of data sets:				 1
                . Nb of bootstrapped data sets:			 0
                . Compute approximate likelihood ratio test:	 yes (SH-like branch supports)
                . Model name:					 GTR
                . Proportion of invariable sites:		 0.000000
                . Number of subst. rate categs:			 4
                . Gamma distribution parameter:			 estimated
                . 'Middle' of each rate class:			 mean
                . Nucleotide equilibrium frequencies:		 empirical
                . Optimise tree topology:			 yes
                . Tree topology search:				 NNIs
                . Starting tree:				 BioNJ
                . Add random input tree:			 no
                . Optimise branch lengths:			 yes
                . Optimise substitution model parameters:	 yes
                . Run ID:					 none
                . Random seed:					 1480468202
                . Subtree patterns aliasing:			 no
                . Version:					 20120412

 oooooooooooooooooooooooooooooooooooooooooooooooooooooooooooooooooooooooooooooooooooooooooooooooo




. Log likelihood of the current tree: -68638.494191.

. Time used 0h8m25s

oooooooooooooooooooooooooooooooooooooooooooooooooooooooooooooooooooooooooooooooooooooooooooooooo
rm: cannot remove ‘temp_sim.phy_phyml_stats’: No such file or directory
rm: cannot remove ‘temp_sim.phy_phyml_tree’: No such file or directory
[1] "Simulation 3 processed"






                                 ..........................                                      
 ooooooooooooooooooooooooooooo        CURRENT SETTINGS        ooooooooooooooooooooooooooooooooooo
                                 ..........................                                      

                . Sequence filename:				 temp_sim.phy
                . Data type:					 dna
                . Alphabet size:				 4
                . Sequence format:				 interleaved
                . Number of data sets:				 1
                . Nb of bootstrapped data sets:			 0
                . Compute approximate likelihood ratio test:	 yes (SH-like branch supports)
                . Model name:					 GTR
                . Proportion of invariable sites:		 0.000000
                . Number of subst. rate categs:			 4
                . Gamma distribution parameter:			 estimated
                . 'Middle' of each rate class:			 mean
                . Nucleotide equilibrium frequencies:		 empirical
                . Optimise tree topology:			 yes
                . Tree topology search:				 NNIs
                . Starting tree:				 BioNJ
                . Add random input tree:			 no
                . Optimise branch lengths:			 yes
                . Optimise substitution model parameters:	 yes
                . Run ID:					 none
                . Random seed:					 1480468711
                . Subtree patterns aliasing:			 no
                . Version:					 20120412

 oooooooooooooooooooooooooooooooooooooooooooooooooooooooooooooooooooooooooooooooooooooooooooooooo




. Log likelihood of the current tree: -68793.006162.

. Time used 0h9m0s

oooooooooooooooooooooooooooooooooooooooooooooooooooooooooooooooooooooooooooooooooooooooooooooooo
rm: cannot remove ‘temp_sim.phy_phyml_stats’: No such file or directory
rm: cannot remove ‘temp_sim.phy_phyml_tree’: No such file or directory
[1] "Simulation 4 processed"






                                 ..........................                                      
 ooooooooooooooooooooooooooooo        CURRENT SETTINGS        ooooooooooooooooooooooooooooooooooo
                                 ..........................                                      

                . Sequence filename:				 temp_sim.phy
                . Data type:					 dna
                . Alphabet size:				 4
                . Sequence format:				 interleaved
                . Number of data sets:				 1
                . Nb of bootstrapped data sets:			 0
                . Compute approximate likelihood ratio test:	 yes (SH-like branch supports)
                . Model name:					 GTR
                . Proportion of invariable sites:		 0.000000
                . Number of subst. rate categs:			 4
                . Gamma distribution parameter:			 estimated
                . 'Middle' of each rate class:			 mean
                . Nucleotide equilibrium frequencies:		 empirical
                . Optimise tree topology:			 yes
                . Tree topology search:				 NNIs
                . Starting tree:				 BioNJ
                . Add random input tree:			 no
                . Optimise branch lengths:			 yes
                . Optimise substitution model parameters:	 yes
                . Run ID:					 none
                . Random seed:					 1480469255
                . Subtree patterns aliasing:			 no
                . Version:					 20120412

 oooooooooooooooooooooooooooooooooooooooooooooooooooooooooooooooooooooooooooooooooooooooooooooooo




. Log likelihood of the current tree: -68471.993516.

. Time used 0h11m52s

oooooooooooooooooooooooooooooooooooooooooooooooooooooooooooooooooooooooooooooooooooooooooooooooo
rm: cannot remove ‘temp_sim.phy_phyml_stats’: No such file or directory
rm: cannot remove ‘temp_sim.phy_phyml_tree’: No such file or directory
[1] "Simulation 5 processed"






                                 ..........................                                      
 ooooooooooooooooooooooooooooo        CURRENT SETTINGS        ooooooooooooooooooooooooooooooooooo
                                 ..........................                                      

                . Sequence filename:				 temp_sim.phy
                . Data type:					 dna
                . Alphabet size:				 4
                . Sequence format:				 interleaved
                . Number of data sets:				 1
                . Nb of bootstrapped data sets:			 0
                . Compute approximate likelihood ratio test:	 yes (SH-like branch supports)
                . Model name:					 GTR
                . Proportion of invariable sites:		 0.000000
                . Number of subst. rate categs:			 4
                . Gamma distribution parameter:			 estimated
                . 'Middle' of each rate class:			 mean
                . Nucleotide equilibrium frequencies:		 empirical
                . Optimise tree topology:			 yes
                . Tree topology search:				 NNIs
                . Starting tree:				 BioNJ
                . Add random input tree:			 no
                . Optimise branch lengths:			 yes
                . Optimise substitution model parameters:	 yes
                . Run ID:					 none
                . Random seed:					 1480469972
                . Subtree patterns aliasing:			 no
                . Version:					 20120412

 oooooooooooooooooooooooooooooooooooooooooooooooooooooooooooooooooooooooooooooooooooooooooooooooo




. Log likelihood of the current tree: -68701.549628.

. Time used 0h6m35s

oooooooooooooooooooooooooooooooooooooooooooooooooooooooooooooooooooooooooooooooooooooooooooooooo
rm: cannot remove ‘temp_sim.phy_phyml_stats’: No such file or directory
rm: cannot remove ‘temp_sim.phy_phyml_tree’: No such file or directory
[1] "Simulation 6 processed"






                                 ..........................                                      
 ooooooooooooooooooooooooooooo        CURRENT SETTINGS        ooooooooooooooooooooooooooooooooooo
                                 ..........................                                      

                . Sequence filename:				 temp_sim.phy
                . Data type:					 dna
                . Alphabet size:				 4
                . Sequence format:				 interleaved
                . Number of data sets:				 1
                . Nb of bootstrapped data sets:			 0
                . Compute approximate likelihood ratio test:	 yes (SH-like branch supports)
                . Model name:					 GTR
                . Proportion of invariable sites:		 0.000000
                . Number of subst. rate categs:			 4
                . Gamma distribution parameter:			 estimated
                . 'Middle' of each rate class:			 mean
                . Nucleotide equilibrium frequencies:		 empirical
                . Optimise tree topology:			 yes
                . Tree topology search:				 NNIs
                . Starting tree:				 BioNJ
                . Add random input tree:			 no
                . Optimise branch lengths:			 yes
                . Optimise substitution model parameters:	 yes
                . Run ID:					 none
                . Random seed:					 1480470370
                . Subtree patterns aliasing:			 no
                . Version:					 20120412

 oooooooooooooooooooooooooooooooooooooooooooooooooooooooooooooooooooooooooooooooooooooooooooooooo




. Log likelihood of the current tree: -67788.576370.

. Time used 0h6m30s

oooooooooooooooooooooooooooooooooooooooooooooooooooooooooooooooooooooooooooooooooooooooooooooooo
rm: cannot remove ‘temp_sim.phy_phyml_stats’: No such file or directory
rm: cannot remove ‘temp_sim.phy_phyml_tree’: No such file or directory
[1] "Simulation 7 processed"






                                 ..........................                                      
 ooooooooooooooooooooooooooooo        CURRENT SETTINGS        ooooooooooooooooooooooooooooooooooo
                                 ..........................                                      

                . Sequence filename:				 temp_sim.phy
                . Data type:					 dna
                . Alphabet size:				 4
                . Sequence format:				 interleaved
                . Number of data sets:				 1
                . Nb of bootstrapped data sets:			 0
                . Compute approximate likelihood ratio test:	 yes (SH-like branch supports)
                . Model name:					 GTR
                . Proportion of invariable sites:		 0.000000
                . Number of subst. rate categs:			 4
                . Gamma distribution parameter:			 estimated
                . 'Middle' of each rate class:			 mean
                . Nucleotide equilibrium frequencies:		 empirical
                . Optimise tree topology:			 yes
                . Tree topology search:				 NNIs
                . Starting tree:				 BioNJ
                . Add random input tree:			 no
                . Optimise branch lengths:			 yes
                . Optimise substitution model parameters:	 yes
                . Run ID:					 none
                . Random seed:					 1480470763
                . Subtree patterns aliasing:			 no
                . Version:					 20120412

 oooooooooooooooooooooooooooooooooooooooooooooooooooooooooooooooooooooooooooooooooooooooooooooooo




. Log likelihood of the current tree: -69412.888209.

. Time used 0h10m32s

oooooooooooooooooooooooooooooooooooooooooooooooooooooooooooooooooooooooooooooooooooooooooooooooo
rm: cannot remove ‘temp_sim.phy_phyml_stats’: No such file or directory
rm: cannot remove ‘temp_sim.phy_phyml_tree’: No such file or directory
[1] "Simulation 8 processed"






                                 ..........................                                      
 ooooooooooooooooooooooooooooo        CURRENT SETTINGS        ooooooooooooooooooooooooooooooooooo
                                 ..........................                                      

                . Sequence filename:				 temp_sim.phy
                . Data type:					 dna
                . Alphabet size:				 4
                . Sequence format:				 interleaved
                . Number of data sets:				 1
                . Nb of bootstrapped data sets:			 0
                . Compute approximate likelihood ratio test:	 yes (SH-like branch supports)
                . Model name:					 GTR
                . Proportion of invariable sites:		 0.000000
                . Number of subst. rate categs:			 4
                . Gamma distribution parameter:			 estimated
                . 'Middle' of each rate class:			 mean
                . Nucleotide equilibrium frequencies:		 empirical
                . Optimise tree topology:			 yes
                . Tree topology search:				 NNIs
                . Starting tree:				 BioNJ
                . Add random input tree:			 no
                . Optimise branch lengths:			 yes
                . Optimise substitution model parameters:	 yes
                . Run ID:					 none
                . Random seed:					 1480471399
                . Subtree patterns aliasing:			 no
                . Version:					 20120412

 oooooooooooooooooooooooooooooooooooooooooooooooooooooooooooooooooooooooooooooooooooooooooooooooo




. Log likelihood of the current tree: -68982.102310.

. Time used 0h6m43s

oooooooooooooooooooooooooooooooooooooooooooooooooooooooooooooooooooooooooooooooooooooooooooooooo
rm: cannot remove ‘temp_sim.phy_phyml_stats’: No such file or directory
rm: cannot remove ‘temp_sim.phy_phyml_tree’: No such file or directory
[1] "Simulation 9 processed"






                                 ..........................                                      
 ooooooooooooooooooooooooooooo        CURRENT SETTINGS        ooooooooooooooooooooooooooooooooooo
                                 ..........................                                      

                . Sequence filename:				 temp_sim.phy
                . Data type:					 dna
                . Alphabet size:				 4
                . Sequence format:				 interleaved
                . Number of data sets:				 1
                . Nb of bootstrapped data sets:			 0
                . Compute approximate likelihood ratio test:	 yes (SH-like branch supports)
                . Model name:					 GTR
                . Proportion of invariable sites:		 0.000000
                . Number of subst. rate categs:			 4
                . Gamma distribution parameter:			 estimated
                . 'Middle' of each rate class:			 mean
                . Nucleotide equilibrium frequencies:		 empirical
                . Optimise tree topology:			 yes
                . Tree topology search:				 NNIs
                . Starting tree:				 BioNJ
                . Add random input tree:			 no
                . Optimise branch lengths:			 yes
                . Optimise substitution model parameters:	 yes
                . Run ID:					 none
                . Random seed:					 1480471807
                . Subtree patterns aliasing:			 no
                . Version:					 20120412

 oooooooooooooooooooooooooooooooooooooooooooooooooooooooooooooooooooooooooooooooooooooooooooooooo




. Log likelihood of the current tree: -68969.731453.

. Time used 0h6m35s

oooooooooooooooooooooooooooooooooooooooooooooooooooooooooooooooooooooooooooooooooooooooooooooooo
rm: cannot remove ‘temp_sim.phy_phyml_stats’: No such file or directory
rm: cannot remove ‘temp_sim.phy_phyml_tree’: No such file or directory
[1] "Simulation 10 processed"






                                 ..........................                                      
 ooooooooooooooooooooooooooooo        CURRENT SETTINGS        ooooooooooooooooooooooooooooooooooo
                                 ..........................                                      

                . Sequence filename:				 temp_sim.phy
                . Data type:					 dna
                . Alphabet size:				 4
                . Sequence format:				 interleaved
                . Number of data sets:				 1
                . Nb of bootstrapped data sets:			 0
                . Compute approximate likelihood ratio test:	 yes (SH-like branch supports)
                . Model name:					 GTR
                . Proportion of invariable sites:		 0.000000
                . Number of subst. rate categs:			 4
                . Gamma distribution parameter:			 estimated
                . 'Middle' of each rate class:			 mean
                . Nucleotide equilibrium frequencies:		 empirical
                . Optimise tree topology:			 yes
                . Tree topology search:				 NNIs
                . Starting tree:				 BioNJ
                . Add random input tree:			 no
                . Optimise branch lengths:			 yes
                . Optimise substitution model parameters:	 yes
                . Run ID:					 none
                . Random seed:					 1480472206
                . Subtree patterns aliasing:			 no
                . Version:					 20120412

 oooooooooooooooooooooooooooooooooooooooooooooooooooooooooooooooooooooooooooooooooooooooooooooooo




. Log likelihood of the current tree: -68374.660339.

. Time used 0h7m7s

oooooooooooooooooooooooooooooooooooooooooooooooooooooooooooooooooooooooooooooooooooooooooooooooo
rm: cannot remove ‘temp_sim.phy_phyml_stats’: No such file or directory
rm: cannot remove ‘temp_sim.phy_phyml_tree’: No such file or directory
[1] "Simulation 11 processed"






                                 ..........................                                      
 ooooooooooooooooooooooooooooo        CURRENT SETTINGS        ooooooooooooooooooooooooooooooooooo
                                 ..........................                                      

                . Sequence filename:				 temp_sim.phy
                . Data type:					 dna
                . Alphabet size:				 4
                . Sequence format:				 interleaved
                . Number of data sets:				 1
                . Nb of bootstrapped data sets:			 0
                . Compute approximate likelihood ratio test:	 yes (SH-like branch supports)
                . Model name:					 GTR
                . Proportion of invariable sites:		 0.000000
                . Number of subst. rate categs:			 4
                . Gamma distribution parameter:			 estimated
                . 'Middle' of each rate class:			 mean
                . Nucleotide equilibrium frequencies:		 empirical
                . Optimise tree topology:			 yes
                . Tree topology search:				 NNIs
                . Starting tree:				 BioNJ
                . Add random input tree:			 no
                . Optimise branch lengths:			 yes
                . Optimise substitution model parameters:	 yes
                . Run ID:					 none
                . Random seed:					 1480472637
                . Subtree patterns aliasing:			 no
                . Version:					 20120412

 oooooooooooooooooooooooooooooooooooooooooooooooooooooooooooooooooooooooooooooooooooooooooooooooo




. Log likelihood of the current tree: -68268.944835.

. Time used 0h7m34s

oooooooooooooooooooooooooooooooooooooooooooooooooooooooooooooooooooooooooooooooooooooooooooooooo
rm: cannot remove ‘temp_sim.phy_phyml_stats’: No such file or directory
rm: cannot remove ‘temp_sim.phy_phyml_tree’: No such file or directory
[1] "Simulation 12 processed"






                                 ..........................                                      
 ooooooooooooooooooooooooooooo        CURRENT SETTINGS        ooooooooooooooooooooooooooooooooooo
                                 ..........................                                      

                . Sequence filename:				 temp_sim.phy
                . Data type:					 dna
                . Alphabet size:				 4
                . Sequence format:				 interleaved
                . Number of data sets:				 1
                . Nb of bootstrapped data sets:			 0
                . Compute approximate likelihood ratio test:	 yes (SH-like branch supports)
                . Model name:					 GTR
                . Proportion of invariable sites:		 0.000000
                . Number of subst. rate categs:			 4
                . Gamma distribution parameter:			 estimated
                . 'Middle' of each rate class:			 mean
                . Nucleotide equilibrium frequencies:		 empirical
                . Optimise tree topology:			 yes
                . Tree topology search:				 NNIs
                . Starting tree:				 BioNJ
                . Add random input tree:			 no
                . Optimise branch lengths:			 yes
                . Optimise substitution model parameters:	 yes
                . Run ID:					 none
                . Random seed:					 1480473095
                . Subtree patterns aliasing:			 no
                . Version:					 20120412

 oooooooooooooooooooooooooooooooooooooooooooooooooooooooooooooooooooooooooooooooooooooooooooooooo




. Log likelihood of the current tree: -68738.854246.

. Time used 0h7m23s

oooooooooooooooooooooooooooooooooooooooooooooooooooooooooooooooooooooooooooooooooooooooooooooooo
rm: cannot remove ‘temp_sim.phy_phyml_stats’: No such file or directory
rm: cannot remove ‘temp_sim.phy_phyml_tree’: No such file or directory
[1] "Simulation 13 processed"






                                 ..........................                                      
 ooooooooooooooooooooooooooooo        CURRENT SETTINGS        ooooooooooooooooooooooooooooooooooo
                                 ..........................                                      

                . Sequence filename:				 temp_sim.phy
                . Data type:					 dna
                . Alphabet size:				 4
                . Sequence format:				 interleaved
                . Number of data sets:				 1
                . Nb of bootstrapped data sets:			 0
                . Compute approximate likelihood ratio test:	 yes (SH-like branch supports)
                . Model name:					 GTR
                . Proportion of invariable sites:		 0.000000
                . Number of subst. rate categs:			 4
                . Gamma distribution parameter:			 estimated
                . 'Middle' of each rate class:			 mean
                . Nucleotide equilibrium frequencies:		 empirical
                . Optimise tree topology:			 yes
                . Tree topology search:				 NNIs
                . Starting tree:				 BioNJ
                . Add random input tree:			 no
                . Optimise branch lengths:			 yes
                . Optimise substitution model parameters:	 yes
                . Run ID:					 none
                . Random seed:					 1480473542
                . Subtree patterns aliasing:			 no
                . Version:					 20120412

 oooooooooooooooooooooooooooooooooooooooooooooooooooooooooooooooooooooooooooooooooooooooooooooooo




. Log likelihood of the current tree: -69047.773245.

. Time used 0h7m2s

oooooooooooooooooooooooooooooooooooooooooooooooooooooooooooooooooooooooooooooooooooooooooooooooo
rm: cannot remove ‘temp_sim.phy_phyml_stats’: No such file or directory
rm: cannot remove ‘temp_sim.phy_phyml_tree’: No such file or directory
[1] "Simulation 14 processed"






                                 ..........................                                      
 ooooooooooooooooooooooooooooo        CURRENT SETTINGS        ooooooooooooooooooooooooooooooooooo
                                 ..........................                                      

                . Sequence filename:				 temp_sim.phy
                . Data type:					 dna
                . Alphabet size:				 4
                . Sequence format:				 interleaved
                . Number of data sets:				 1
                . Nb of bootstrapped data sets:			 0
                . Compute approximate likelihood ratio test:	 yes (SH-like branch supports)
                . Model name:					 GTR
                . Proportion of invariable sites:		 0.000000
                . Number of subst. rate categs:			 4
                . Gamma distribution parameter:			 estimated
                . 'Middle' of each rate class:			 mean
                . Nucleotide equilibrium frequencies:		 empirical
                . Optimise tree topology:			 yes
                . Tree topology search:				 NNIs
                . Starting tree:				 BioNJ
                . Add random input tree:			 no
                . Optimise branch lengths:			 yes
                . Optimise substitution model parameters:	 yes
                . Run ID:					 none
                . Random seed:					 1480473966
                . Subtree patterns aliasing:			 no
                . Version:					 20120412

 oooooooooooooooooooooooooooooooooooooooooooooooooooooooooooooooooooooooooooooooooooooooooooooooo




. Log likelihood of the current tree: -68963.383941.

. Time used 0h6m12s

oooooooooooooooooooooooooooooooooooooooooooooooooooooooooooooooooooooooooooooooooooooooooooooooo
rm: cannot remove ‘temp_sim.phy_phyml_stats’: No such file or directory
rm: cannot remove ‘temp_sim.phy_phyml_tree’: No such file or directory
[1] "Simulation 15 processed"






                                 ..........................                                      
 ooooooooooooooooooooooooooooo        CURRENT SETTINGS        ooooooooooooooooooooooooooooooooooo
                                 ..........................                                      

                . Sequence filename:				 temp_sim.phy
                . Data type:					 dna
                . Alphabet size:				 4
                . Sequence format:				 interleaved
                . Number of data sets:				 1
                . Nb of bootstrapped data sets:			 0
                . Compute approximate likelihood ratio test:	 yes (SH-like branch supports)
                . Model name:					 GTR
                . Proportion of invariable sites:		 0.000000
                . Number of subst. rate categs:			 4
                . Gamma distribution parameter:			 estimated
                . 'Middle' of each rate class:			 mean
                . Nucleotide equilibrium frequencies:		 empirical
                . Optimise tree topology:			 yes
                . Tree topology search:				 NNIs
                . Starting tree:				 BioNJ
                . Add random input tree:			 no
                . Optimise branch lengths:			 yes
                . Optimise substitution model parameters:	 yes
                . Run ID:					 none
                . Random seed:					 1480474342
                . Subtree patterns aliasing:			 no
                . Version:					 20120412

 oooooooooooooooooooooooooooooooooooooooooooooooooooooooooooooooooooooooooooooooooooooooooooooooo




. Log likelihood of the current tree: -69196.745077.

. Time used 0h11m36s

oooooooooooooooooooooooooooooooooooooooooooooooooooooooooooooooooooooooooooooooooooooooooooooooo
rm: cannot remove ‘temp_sim.phy_phyml_stats’: No such file or directory
rm: cannot remove ‘temp_sim.phy_phyml_tree’: No such file or directory
[1] "Simulation 16 processed"






                                 ..........................                                      
 ooooooooooooooooooooooooooooo        CURRENT SETTINGS        ooooooooooooooooooooooooooooooooooo
                                 ..........................                                      

                . Sequence filename:				 temp_sim.phy
                . Data type:					 dna
                . Alphabet size:				 4
                . Sequence format:				 interleaved
                . Number of data sets:				 1
                . Nb of bootstrapped data sets:			 0
                . Compute approximate likelihood ratio test:	 yes (SH-like branch supports)
                . Model name:					 GTR
                . Proportion of invariable sites:		 0.000000
                . Number of subst. rate categs:			 4
                . Gamma distribution parameter:			 estimated
                . 'Middle' of each rate class:			 mean
                . Nucleotide equilibrium frequencies:		 empirical
                . Optimise tree topology:			 yes
                . Tree topology search:				 NNIs
                . Starting tree:				 BioNJ
                . Add random input tree:			 no
                . Optimise branch lengths:			 yes
                . Optimise substitution model parameters:	 yes
                . Run ID:					 none
                . Random seed:					 1480475042
                . Subtree patterns aliasing:			 no
                . Version:					 20120412

 oooooooooooooooooooooooooooooooooooooooooooooooooooooooooooooooooooooooooooooooooooooooooooooooo




. Log likelihood of the current tree: -69078.341396.

. Time used 0h6m55s

oooooooooooooooooooooooooooooooooooooooooooooooooooooooooooooooooooooooooooooooooooooooooooooooo
rm: cannot remove ‘temp_sim.phy_phyml_stats’: No such file or directory
rm: cannot remove ‘temp_sim.phy_phyml_tree’: No such file or directory
[1] "Simulation 17 processed"
[1] "Simulation 18 processed"






                                 ..........................                                      
 ooooooooooooooooooooooooooooo        CURRENT SETTINGS        ooooooooooooooooooooooooooooooooooo
                                 ..........................                                      

                . Sequence filename:				 temp_sim.phy
                . Data type:					 dna
                . Alphabet size:				 4
                . Sequence format:				 interleaved
                . Number of data sets:				 1
                . Nb of bootstrapped data sets:			 0
                . Compute approximate likelihood ratio test:	 yes (SH-like branch supports)
                . Model name:					 GTR
                . Proportion of invariable sites:		 0.000000
                . Number of subst. rate categs:			 4
                . Gamma distribution parameter:			 estimated
                . 'Middle' of each rate class:			 mean
                . Nucleotide equilibrium frequencies:		 empirical
                . Optimise tree topology:			 yes
                . Tree topology search:				 NNIs
                . Starting tree:				 BioNJ
                . Add random input tree:			 no
                . Optimise branch lengths:			 yes
                . Optimise substitution model parameters:	 yes
                . Run ID:					 none
                . Random seed:					 1480475464
                . Subtree patterns aliasing:			 no
                . Version:					 20120412

 oooooooooooooooooooooooooooooooooooooooooooooooooooooooooooooooooooooooooooooooooooooooooooooooo



. Err: low memory

. Type enter to exit.
Error in simdelta[i] <- simuncons - simlik : replacement has length zero
Calls: adeq.ml -> make.ml.tr
In addition: Warning messages:
1: In system(paste(phymlpath, "-m", model, "-a e --q -i temp_sim.phy")) :
  system call failed: Cannot allocate memory
2: In system("rm temp_sim.phy temp_sim.phy_phyml_stats temp_sim.phy_phyml_tree") :
  system call failed: Cannot allocate memory
Execution halted
Warning message:
system call failed: Cannot allocate memory 
