Loading required package: ape
[1] "sim.short.half.nonmon.10.phy"






                                 ..........................                                      
 ooooooooooooooooooooooooooooo        CURRENT SETTINGS        ooooooooooooooooooooooooooooooooooo
                                 ..........................                                      

                . Sequence filename:				 sim.short.half.nonmon.10.phy
                . Data type:					 dna
                . Alphabet size:				 4
                . Sequence format:				 interleaved
                . Number of data sets:				 1
                . Nb of bootstrapped data sets:			 0
                . Compute approximate likelihood ratio test:	 yes (SH-like branch supports)
                . Model name:					 GTR
                . Proportion of invariable sites:		 0.000000
                . Number of subst. rate categs:			 4
                . Gamma distribution parameter:			 estimated
                . 'Middle' of each rate class:			 mean
                . Nucleotide equilibrium frequencies:		 empirical
                . Optimise tree topology:			 yes
                . Tree topology search:				 NNIs
                . Starting tree:				 BioNJ
                . Add random input tree:			 no
                . Optimise branch lengths:			 yes
                . Optimise substitution model parameters:	 yes
                . Run ID:					 none
                . Random seed:					 1480557571
                . Subtree patterns aliasing:			 no
                . Version:					 20120412

 oooooooooooooooooooooooooooooooooooooooooooooooooooooooooooooooooooooooooooooooooooooooooooooooo




. Log likelihood of the current tree: -74728.488623.

. Time used 0h4m15s

oooooooooooooooooooooooooooooooooooooooooooooooooooooooooooooooooooooooooooooooooooooooooooooooo
[1] "sequence length is 5000"
[1] "TREE:"

Phylogenetic tree with 64 tips and 62 internal nodes.

Tip labels:
	t5, t6, t1, t2, t3, t4, ...
Node labels:
	, 1.000000, 1.000000, 0.903000, 1.000000, 1.000000, ...

Unrooted; includes branch lengths.
[1] "Q matrix = 0.12321" "Q matrix = 0.48155" "Q matrix = 0.30391"
[4] "Q matrix = 0.05899" "Q matrix = 0.93911" "Q matrix = 0.16293"
[1] "Q matrix = 0.12321" "Q matrix = 0.48155" "Q matrix = 0.30391"
[4] "Q matrix = 0.05899" "Q matrix = 0.93911" "Q matrix = 0.16293"
[1] "Q matrix = 0.12321" "Q matrix = 0.48155" "Q matrix = 0.30391"
[4] "Q matrix = 0.05899" "Q matrix = 0.93911" "Q matrix = 0.16293"
[1] "Q matrix = 0.12321" "Q matrix = 0.48155" "Q matrix = 0.30391"
[4] "Q matrix = 0.05899" "Q matrix = 0.93911" "Q matrix = 0.16293"
[1] "Q matrix = 0.12321" "Q matrix = 0.48155" "Q matrix = 0.30391"
[4] "Q matrix = 0.05899" "Q matrix = 0.93911" "Q matrix = 0.16293"
[1] "Q matrix = 0.12321" "Q matrix = 0.48155" "Q matrix = 0.30391"
[4] "Q matrix = 0.05899" "Q matrix = 0.93911" "Q matrix = 0.16293"
[1] "Q matrix = 0.12321" "Q matrix = 0.48155" "Q matrix = 0.30391"
[4] "Q matrix = 0.05899" "Q matrix = 0.93911" "Q matrix = 0.16293"
[1] "Q matrix = 0.12321" "Q matrix = 0.48155" "Q matrix = 0.30391"
[4] "Q matrix = 0.05899" "Q matrix = 0.93911" "Q matrix = 0.16293"
[1] "Q matrix = 0.12321" "Q matrix = 0.48155" "Q matrix = 0.30391"
[4] "Q matrix = 0.05899" "Q matrix = 0.93911" "Q matrix = 0.16293"
[1] "Q matrix = 0.12321" "Q matrix = 0.48155" "Q matrix = 0.30391"
[4] "Q matrix = 0.05899" "Q matrix = 0.93911" "Q matrix = 0.16293"
[1] "Q matrix = 0.12321" "Q matrix = 0.48155" "Q matrix = 0.30391"
[4] "Q matrix = 0.05899" "Q matrix = 0.93911" "Q matrix = 0.16293"
[1] "Q matrix = 0.12321" "Q matrix = 0.48155" "Q matrix = 0.30391"
[4] "Q matrix = 0.05899" "Q matrix = 0.93911" "Q matrix = 0.16293"
[1] "Q matrix = 0.12321" "Q matrix = 0.48155" "Q matrix = 0.30391"
[4] "Q matrix = 0.05899" "Q matrix = 0.93911" "Q matrix = 0.16293"
[1] "Q matrix = 0.12321" "Q matrix = 0.48155" "Q matrix = 0.30391"
[4] "Q matrix = 0.05899" "Q matrix = 0.93911" "Q matrix = 0.16293"
[1] "Q matrix = 0.12321" "Q matrix = 0.48155" "Q matrix = 0.30391"
[4] "Q matrix = 0.05899" "Q matrix = 0.93911" "Q matrix = 0.16293"
[1] "Q matrix = 0.12321" "Q matrix = 0.48155" "Q matrix = 0.30391"
[4] "Q matrix = 0.05899" "Q matrix = 0.93911" "Q matrix = 0.16293"
[1] "Q matrix = 0.12321" "Q matrix = 0.48155" "Q matrix = 0.30391"
[4] "Q matrix = 0.05899" "Q matrix = 0.93911" "Q matrix = 0.16293"
[1] "Q matrix = 0.12321" "Q matrix = 0.48155" "Q matrix = 0.30391"
[4] "Q matrix = 0.05899" "Q matrix = 0.93911" "Q matrix = 0.16293"
[1] "Q matrix = 0.12321" "Q matrix = 0.48155" "Q matrix = 0.30391"
[4] "Q matrix = 0.05899" "Q matrix = 0.93911" "Q matrix = 0.16293"
[1] "Q matrix = 0.12321" "Q matrix = 0.48155" "Q matrix = 0.30391"
[4] "Q matrix = 0.05899" "Q matrix = 0.93911" "Q matrix = 0.16293"
[1] "Q matrix = 0.12321" "Q matrix = 0.48155" "Q matrix = 0.30391"
[4] "Q matrix = 0.05899" "Q matrix = 0.93911" "Q matrix = 0.16293"
[1] "Q matrix = 0.12321" "Q matrix = 0.48155" "Q matrix = 0.30391"
[4] "Q matrix = 0.05899" "Q matrix = 0.93911" "Q matrix = 0.16293"
[1] "Q matrix = 0.12321" "Q matrix = 0.48155" "Q matrix = 0.30391"
[4] "Q matrix = 0.05899" "Q matrix = 0.93911" "Q matrix = 0.16293"
[1] "Q matrix = 0.12321" "Q matrix = 0.48155" "Q matrix = 0.30391"
[4] "Q matrix = 0.05899" "Q matrix = 0.93911" "Q matrix = 0.16293"
[1] "Q matrix = 0.12321" "Q matrix = 0.48155" "Q matrix = 0.30391"
[4] "Q matrix = 0.05899" "Q matrix = 0.93911" "Q matrix = 0.16293"
[1] "Q matrix = 0.12321" "Q matrix = 0.48155" "Q matrix = 0.30391"
[4] "Q matrix = 0.05899" "Q matrix = 0.93911" "Q matrix = 0.16293"
[1] "Q matrix = 0.12321" "Q matrix = 0.48155" "Q matrix = 0.30391"
[4] "Q matrix = 0.05899" "Q matrix = 0.93911" "Q matrix = 0.16293"
[1] "Q matrix = 0.12321" "Q matrix = 0.48155" "Q matrix = 0.30391"
[4] "Q matrix = 0.05899" "Q matrix = 0.93911" "Q matrix = 0.16293"
[1] "Q matrix = 0.12321" "Q matrix = 0.48155" "Q matrix = 0.30391"
[4] "Q matrix = 0.05899" "Q matrix = 0.93911" "Q matrix = 0.16293"
[1] "Q matrix = 0.12321" "Q matrix = 0.48155" "Q matrix = 0.30391"
[4] "Q matrix = 0.05899" "Q matrix = 0.93911" "Q matrix = 0.16293"
[1] "Q matrix = 0.12321" "Q matrix = 0.48155" "Q matrix = 0.30391"
[4] "Q matrix = 0.05899" "Q matrix = 0.93911" "Q matrix = 0.16293"
[1] "Q matrix = 0.12321" "Q matrix = 0.48155" "Q matrix = 0.30391"
[4] "Q matrix = 0.05899" "Q matrix = 0.93911" "Q matrix = 0.16293"
[1] "Q matrix = 0.12321" "Q matrix = 0.48155" "Q matrix = 0.30391"
[4] "Q matrix = 0.05899" "Q matrix = 0.93911" "Q matrix = 0.16293"
[1] "Q matrix = 0.12321" "Q matrix = 0.48155" "Q matrix = 0.30391"
[4] "Q matrix = 0.05899" "Q matrix = 0.93911" "Q matrix = 0.16293"
[1] "Q matrix = 0.12321" "Q matrix = 0.48155" "Q matrix = 0.30391"
[4] "Q matrix = 0.05899" "Q matrix = 0.93911" "Q matrix = 0.16293"
[1] "Q matrix = 0.12321" "Q matrix = 0.48155" "Q matrix = 0.30391"
[4] "Q matrix = 0.05899" "Q matrix = 0.93911" "Q matrix = 0.16293"
[1] "Q matrix = 0.12321" "Q matrix = 0.48155" "Q matrix = 0.30391"
[4] "Q matrix = 0.05899" "Q matrix = 0.93911" "Q matrix = 0.16293"
[1] "Q matrix = 0.12321" "Q matrix = 0.48155" "Q matrix = 0.30391"
[4] "Q matrix = 0.05899" "Q matrix = 0.93911" "Q matrix = 0.16293"
[1] "Q matrix = 0.12321" "Q matrix = 0.48155" "Q matrix = 0.30391"
[4] "Q matrix = 0.05899" "Q matrix = 0.93911" "Q matrix = 0.16293"
[1] "Q matrix = 0.12321" "Q matrix = 0.48155" "Q matrix = 0.30391"
[4] "Q matrix = 0.05899" "Q matrix = 0.93911" "Q matrix = 0.16293"
[1] "Q matrix = 0.12321" "Q matrix = 0.48155" "Q matrix = 0.30391"
[4] "Q matrix = 0.05899" "Q matrix = 0.93911" "Q matrix = 0.16293"
[1] "Q matrix = 0.12321" "Q matrix = 0.48155" "Q matrix = 0.30391"
[4] "Q matrix = 0.05899" "Q matrix = 0.93911" "Q matrix = 0.16293"
[1] "Q matrix = 0.12321" "Q matrix = 0.48155" "Q matrix = 0.30391"
[4] "Q matrix = 0.05899" "Q matrix = 0.93911" "Q matrix = 0.16293"
[1] "Q matrix = 0.12321" "Q matrix = 0.48155" "Q matrix = 0.30391"
[4] "Q matrix = 0.05899" "Q matrix = 0.93911" "Q matrix = 0.16293"
[1] "Q matrix = 0.12321" "Q matrix = 0.48155" "Q matrix = 0.30391"
[4] "Q matrix = 0.05899" "Q matrix = 0.93911" "Q matrix = 0.16293"
[1] "Q matrix = 0.12321" "Q matrix = 0.48155" "Q matrix = 0.30391"
[4] "Q matrix = 0.05899" "Q matrix = 0.93911" "Q matrix = 0.16293"
[1] "Q matrix = 0.12321" "Q matrix = 0.48155" "Q matrix = 0.30391"
[4] "Q matrix = 0.05899" "Q matrix = 0.93911" "Q matrix = 0.16293"
[1] "Q matrix = 0.12321" "Q matrix = 0.48155" "Q matrix = 0.30391"
[4] "Q matrix = 0.05899" "Q matrix = 0.93911" "Q matrix = 0.16293"
[1] "Q matrix = 0.12321" "Q matrix = 0.48155" "Q matrix = 0.30391"
[4] "Q matrix = 0.05899" "Q matrix = 0.93911" "Q matrix = 0.16293"
[1] "Q matrix = 0.12321" "Q matrix = 0.48155" "Q matrix = 0.30391"
[4] "Q matrix = 0.05899" "Q matrix = 0.93911" "Q matrix = 0.16293"
[1] "Q matrix = 0.12321" "Q matrix = 0.48155" "Q matrix = 0.30391"
[4] "Q matrix = 0.05899" "Q matrix = 0.93911" "Q matrix = 0.16293"
[1] "Q matrix = 0.12321" "Q matrix = 0.48155" "Q matrix = 0.30391"
[4] "Q matrix = 0.05899" "Q matrix = 0.93911" "Q matrix = 0.16293"
[1] "Q matrix = 0.12321" "Q matrix = 0.48155" "Q matrix = 0.30391"
[4] "Q matrix = 0.05899" "Q matrix = 0.93911" "Q matrix = 0.16293"
[1] "Q matrix = 0.12321" "Q matrix = 0.48155" "Q matrix = 0.30391"
[4] "Q matrix = 0.05899" "Q matrix = 0.93911" "Q matrix = 0.16293"
[1] "Q matrix = 0.12321" "Q matrix = 0.48155" "Q matrix = 0.30391"
[4] "Q matrix = 0.05899" "Q matrix = 0.93911" "Q matrix = 0.16293"
[1] "Q matrix = 0.12321" "Q matrix = 0.48155" "Q matrix = 0.30391"
[4] "Q matrix = 0.05899" "Q matrix = 0.93911" "Q matrix = 0.16293"
[1] "Q matrix = 0.12321" "Q matrix = 0.48155" "Q matrix = 0.30391"
[4] "Q matrix = 0.05899" "Q matrix = 0.93911" "Q matrix = 0.16293"
[1] "Q matrix = 0.12321" "Q matrix = 0.48155" "Q matrix = 0.30391"
[4] "Q matrix = 0.05899" "Q matrix = 0.93911" "Q matrix = 0.16293"
[1] "Q matrix = 0.12321" "Q matrix = 0.48155" "Q matrix = 0.30391"
[4] "Q matrix = 0.05899" "Q matrix = 0.93911" "Q matrix = 0.16293"
[1] "Q matrix = 0.12321" "Q matrix = 0.48155" "Q matrix = 0.30391"
[4] "Q matrix = 0.05899" "Q matrix = 0.93911" "Q matrix = 0.16293"
[1] "Q matrix = 0.12321" "Q matrix = 0.48155" "Q matrix = 0.30391"
[4] "Q matrix = 0.05899" "Q matrix = 0.93911" "Q matrix = 0.16293"
[1] "Q matrix = 0.12321" "Q matrix = 0.48155" "Q matrix = 0.30391"
[4] "Q matrix = 0.05899" "Q matrix = 0.93911" "Q matrix = 0.16293"
[1] "Q matrix = 0.12321" "Q matrix = 0.48155" "Q matrix = 0.30391"
[4] "Q matrix = 0.05899" "Q matrix = 0.93911" "Q matrix = 0.16293"
[1] "Q matrix = 0.12321" "Q matrix = 0.48155" "Q matrix = 0.30391"
[4] "Q matrix = 0.05899" "Q matrix = 0.93911" "Q matrix = 0.16293"
[1] "Q matrix = 0.12321" "Q matrix = 0.48155" "Q matrix = 0.30391"
[4] "Q matrix = 0.05899" "Q matrix = 0.93911" "Q matrix = 0.16293"
[1] "Q matrix = 0.12321" "Q matrix = 0.48155" "Q matrix = 0.30391"
[4] "Q matrix = 0.05899" "Q matrix = 0.93911" "Q matrix = 0.16293"
[1] "Q matrix = 0.12321" "Q matrix = 0.48155" "Q matrix = 0.30391"
[4] "Q matrix = 0.05899" "Q matrix = 0.93911" "Q matrix = 0.16293"
[1] "Q matrix = 0.12321" "Q matrix = 0.48155" "Q matrix = 0.30391"
[4] "Q matrix = 0.05899" "Q matrix = 0.93911" "Q matrix = 0.16293"
[1] "Q matrix = 0.12321" "Q matrix = 0.48155" "Q matrix = 0.30391"
[4] "Q matrix = 0.05899" "Q matrix = 0.93911" "Q matrix = 0.16293"
[1] "Q matrix = 0.12321" "Q matrix = 0.48155" "Q matrix = 0.30391"
[4] "Q matrix = 0.05899" "Q matrix = 0.93911" "Q matrix = 0.16293"
[1] "Q matrix = 0.12321" "Q matrix = 0.48155" "Q matrix = 0.30391"
[4] "Q matrix = 0.05899" "Q matrix = 0.93911" "Q matrix = 0.16293"
[1] "Q matrix = 0.12321" "Q matrix = 0.48155" "Q matrix = 0.30391"
[4] "Q matrix = 0.05899" "Q matrix = 0.93911" "Q matrix = 0.16293"
[1] "Q matrix = 0.12321" "Q matrix = 0.48155" "Q matrix = 0.30391"
[4] "Q matrix = 0.05899" "Q matrix = 0.93911" "Q matrix = 0.16293"
[1] "Q matrix = 0.12321" "Q matrix = 0.48155" "Q matrix = 0.30391"
[4] "Q matrix = 0.05899" "Q matrix = 0.93911" "Q matrix = 0.16293"
[1] "Q matrix = 0.12321" "Q matrix = 0.48155" "Q matrix = 0.30391"
[4] "Q matrix = 0.05899" "Q matrix = 0.93911" "Q matrix = 0.16293"
[1] "Q matrix = 0.12321" "Q matrix = 0.48155" "Q matrix = 0.30391"
[4] "Q matrix = 0.05899" "Q matrix = 0.93911" "Q matrix = 0.16293"
[1] "Q matrix = 0.12321" "Q matrix = 0.48155" "Q matrix = 0.30391"
[4] "Q matrix = 0.05899" "Q matrix = 0.93911" "Q matrix = 0.16293"
[1] "Q matrix = 0.12321" "Q matrix = 0.48155" "Q matrix = 0.30391"
[4] "Q matrix = 0.05899" "Q matrix = 0.93911" "Q matrix = 0.16293"
[1] "Q matrix = 0.12321" "Q matrix = 0.48155" "Q matrix = 0.30391"
[4] "Q matrix = 0.05899" "Q matrix = 0.93911" "Q matrix = 0.16293"
[1] "Q matrix = 0.12321" "Q matrix = 0.48155" "Q matrix = 0.30391"
[4] "Q matrix = 0.05899" "Q matrix = 0.93911" "Q matrix = 0.16293"
[1] "Q matrix = 0.12321" "Q matrix = 0.48155" "Q matrix = 0.30391"
[4] "Q matrix = 0.05899" "Q matrix = 0.93911" "Q matrix = 0.16293"
[1] "Q matrix = 0.12321" "Q matrix = 0.48155" "Q matrix = 0.30391"
[4] "Q matrix = 0.05899" "Q matrix = 0.93911" "Q matrix = 0.16293"
[1] "Q matrix = 0.12321" "Q matrix = 0.48155" "Q matrix = 0.30391"
[4] "Q matrix = 0.05899" "Q matrix = 0.93911" "Q matrix = 0.16293"
[1] "Q matrix = 0.12321" "Q matrix = 0.48155" "Q matrix = 0.30391"
[4] "Q matrix = 0.05899" "Q matrix = 0.93911" "Q matrix = 0.16293"
[1] "Q matrix = 0.12321" "Q matrix = 0.48155" "Q matrix = 0.30391"
[4] "Q matrix = 0.05899" "Q matrix = 0.93911" "Q matrix = 0.16293"
[1] "Q matrix = 0.12321" "Q matrix = 0.48155" "Q matrix = 0.30391"
[4] "Q matrix = 0.05899" "Q matrix = 0.93911" "Q matrix = 0.16293"
[1] "Q matrix = 0.12321" "Q matrix = 0.48155" "Q matrix = 0.30391"
[4] "Q matrix = 0.05899" "Q matrix = 0.93911" "Q matrix = 0.16293"
[1] "Q matrix = 0.12321" "Q matrix = 0.48155" "Q matrix = 0.30391"
[4] "Q matrix = 0.05899" "Q matrix = 0.93911" "Q matrix = 0.16293"
[1] "Q matrix = 0.12321" "Q matrix = 0.48155" "Q matrix = 0.30391"
[4] "Q matrix = 0.05899" "Q matrix = 0.93911" "Q matrix = 0.16293"
[1] "Q matrix = 0.12321" "Q matrix = 0.48155" "Q matrix = 0.30391"
[4] "Q matrix = 0.05899" "Q matrix = 0.93911" "Q matrix = 0.16293"
[1] "Q matrix = 0.12321" "Q matrix = 0.48155" "Q matrix = 0.30391"
[4] "Q matrix = 0.05899" "Q matrix = 0.93911" "Q matrix = 0.16293"
[1] "Q matrix = 0.12321" "Q matrix = 0.48155" "Q matrix = 0.30391"
[4] "Q matrix = 0.05899" "Q matrix = 0.93911" "Q matrix = 0.16293"
[1] "Q matrix = 0.12321" "Q matrix = 0.48155" "Q matrix = 0.30391"
[4] "Q matrix = 0.05899" "Q matrix = 0.93911" "Q matrix = 0.16293"
[1] "Q matrix = 0.12321" "Q matrix = 0.48155" "Q matrix = 0.30391"
[4] "Q matrix = 0.05899" "Q matrix = 0.93911" "Q matrix = 0.16293"
[1] "Q matrix = 0.12321" "Q matrix = 0.48155" "Q matrix = 0.30391"
[4] "Q matrix = 0.05899" "Q matrix = 0.93911" "Q matrix = 0.16293"
[1] "Q matrix = 0.12321" "Q matrix = 0.48155" "Q matrix = 0.30391"
[4] "Q matrix = 0.05899" "Q matrix = 0.93911" "Q matrix = 0.16293"
[1] "Q matrix = 0.12321" "Q matrix = 0.48155" "Q matrix = 0.30391"
[4] "Q matrix = 0.05899" "Q matrix = 0.93911" "Q matrix = 0.16293"
[1] "Q matrix = 0.12321" "Q matrix = 0.48155" "Q matrix = 0.30391"
[4] "Q matrix = 0.05899" "Q matrix = 0.93911" "Q matrix = 0.16293"
[1] "Q matrix = 0.12321" "Q matrix = 0.48155" "Q matrix = 0.30391"
[4] "Q matrix = 0.05899" "Q matrix = 0.93911" "Q matrix = 0.16293"
[1] "Q matrix = 0.12321" "Q matrix = 0.48155" "Q matrix = 0.30391"
[4] "Q matrix = 0.05899" "Q matrix = 0.93911" "Q matrix = 0.16293"
Loading required package: MASS






                                 ..........................                                      
 ooooooooooooooooooooooooooooo        CURRENT SETTINGS        ooooooooooooooooooooooooooooooooooo
                                 ..........................                                      

                . Sequence filename:				 temp_sim.phy
                . Data type:					 dna
                . Alphabet size:				 4
                . Sequence format:				 interleaved
                . Number of data sets:				 1
                . Nb of bootstrapped data sets:			 0
                . Compute approximate likelihood ratio test:	 yes (SH-like branch supports)
                . Model name:					 GTR
                . Proportion of invariable sites:		 0.000000
                . Number of subst. rate categs:			 4
                . Gamma distribution parameter:			 estimated
                . 'Middle' of each rate class:			 mean
                . Nucleotide equilibrium frequencies:		 empirical
                . Optimise tree topology:			 yes
                . Tree topology search:				 NNIs
                . Starting tree:				 BioNJ
                . Add random input tree:			 no
                . Optimise branch lengths:			 yes
                . Optimise substitution model parameters:	 yes
                . Run ID:					 none
                . Random seed:					 1480557884
                . Subtree patterns aliasing:			 no
                . Version:					 20120412

 oooooooooooooooooooooooooooooooooooooooooooooooooooooooooooooooooooooooooooooooooooooooooooooooo




. Log likelihood of the current tree: -82337.176799.

. Time used 0h7m40s

oooooooooooooooooooooooooooooooooooooooooooooooooooooooooooooooooooooooooooooooooooooooooooooooo
rm: cannot remove ‘temp_sim.phy_phyml_stats’: No such file or directory
rm: cannot remove ‘temp_sim.phy_phyml_tree’: No such file or directory
[1] "Simulation 1 processed"






                                 ..........................                                      
 ooooooooooooooooooooooooooooo        CURRENT SETTINGS        ooooooooooooooooooooooooooooooooooo
                                 ..........................                                      

                . Sequence filename:				 temp_sim.phy
                . Data type:					 dna
                . Alphabet size:				 4
                . Sequence format:				 interleaved
                . Number of data sets:				 1
                . Nb of bootstrapped data sets:			 0
                . Compute approximate likelihood ratio test:	 yes (SH-like branch supports)
                . Model name:					 GTR
                . Proportion of invariable sites:		 0.000000
                . Number of subst. rate categs:			 4
                . Gamma distribution parameter:			 estimated
                . 'Middle' of each rate class:			 mean
                . Nucleotide equilibrium frequencies:		 empirical
                . Optimise tree topology:			 yes
                . Tree topology search:				 NNIs
                . Starting tree:				 BioNJ
                . Add random input tree:			 no
                . Optimise branch lengths:			 yes
                . Optimise substitution model parameters:	 yes
                . Run ID:					 none
                . Random seed:					 1480558349
                . Subtree patterns aliasing:			 no
                . Version:					 20120412

 oooooooooooooooooooooooooooooooooooooooooooooooooooooooooooooooooooooooooooooooooooooooooooooooo




. Log likelihood of the current tree: -82200.196125.

. Time used 0h6m39s

oooooooooooooooooooooooooooooooooooooooooooooooooooooooooooooooooooooooooooooooooooooooooooooooo
[1] "Simulation 2 processed"
[1] "Simulation 3 processed"
[1] "Simulation 4 processed"
[1] "Simulation 5 processed"
[1] "Simulation 6 processed"
[1] "Simulation 7 processed"
rm: cannot remove ‘temp_sim.phy_phyml_stats’: No such file or directory
rm: cannot remove ‘temp_sim.phy_phyml_tree’: No such file or directory
[1] "Simulation 8 processed"






                                 ..........................                                      
 ooooooooooooooooooooooooooooo        CURRENT SETTINGS        ooooooooooooooooooooooooooooooooooo
                                 ..........................                                      

                . Sequence filename:				 temp_sim.phy
                . Data type:					 dna
                . Alphabet size:				 4
                . Sequence format:				 interleaved
                . Number of data sets:				 1
                . Nb of bootstrapped data sets:			 0
                . Compute approximate likelihood ratio test:	 yes (SH-like branch supports)
                . Model name:					 GTR
                . Proportion of invariable sites:		 0.000000
                . Number of subst. rate categs:			 4
                . Gamma distribution parameter:			 estimated
                . 'Middle' of each rate class:			 mean
                . Nucleotide equilibrium frequencies:		 empirical
                . Optimise tree topology:			 yes
                . Tree topology search:				 NNIs
                . Starting tree:				 BioNJ
                . Add random input tree:			 no
                . Optimise branch lengths:			 yes
                . Optimise substitution model parameters:	 yes
                . Run ID:					 none
                . Random seed:					 1480558766
                . Subtree patterns aliasing:			 no
                . Version:					 20120412

 oooooooooooooooooooooooooooooooooooooooooooooooooooooooooooooooooooooooooooooooooooooooooooooooo




. Log likelihood of the current tree: -82406.342910.

. Time used 0h8m31s

oooooooooooooooooooooooooooooooooooooooooooooooooooooooooooooooooooooooooooooooooooooooooooooooo
rm: cannot remove ‘temp_sim.phy_phyml_stats’: No such file or directory
rm: cannot remove ‘temp_sim.phy_phyml_tree’: No such file or directory
[1] "Simulation 9 processed"






                                 ..........................                                      
 ooooooooooooooooooooooooooooo        CURRENT SETTINGS        ooooooooooooooooooooooooooooooooooo
                                 ..........................                                      

                . Sequence filename:				 temp_sim.phy
                . Data type:					 dna
                . Alphabet size:				 4
                . Sequence format:				 interleaved
                . Number of data sets:				 1
                . Nb of bootstrapped data sets:			 0
                . Compute approximate likelihood ratio test:	 yes (SH-like branch supports)
                . Model name:					 GTR
                . Proportion of invariable sites:		 0.000000
                . Number of subst. rate categs:			 4
                . Gamma distribution parameter:			 estimated
                . 'Middle' of each rate class:			 mean
                . Nucleotide equilibrium frequencies:		 empirical
                . Optimise tree topology:			 yes
                . Tree topology search:				 NNIs
                . Starting tree:				 BioNJ
                . Add random input tree:			 no
                . Optimise branch lengths:			 yes
                . Optimise substitution model parameters:	 yes
                . Run ID:					 none
                . Random seed:					 1480559282
                . Subtree patterns aliasing:			 no
                . Version:					 20120412

 oooooooooooooooooooooooooooooooooooooooooooooooooooooooooooooooooooooooooooooooooooooooooooooooo




. Log likelihood of the current tree: -82642.224315.

. Time used 0h6m19s

oooooooooooooooooooooooooooooooooooooooooooooooooooooooooooooooooooooooooooooooooooooooooooooooo
rm: cannot remove ‘temp_sim.phy_phyml_stats’: No such file or directory
rm: cannot remove ‘temp_sim.phy_phyml_tree’: No such file or directory
[1] "Simulation 10 processed"






                                 ..........................                                      
 ooooooooooooooooooooooooooooo        CURRENT SETTINGS        ooooooooooooooooooooooooooooooooooo
                                 ..........................                                      

                . Sequence filename:				 temp_sim.phy
                . Data type:					 dna
                . Alphabet size:				 4
                . Sequence format:				 interleaved
                . Number of data sets:				 1
                . Nb of bootstrapped data sets:			 0
                . Compute approximate likelihood ratio test:	 yes (SH-like branch supports)
                . Model name:					 GTR
                . Proportion of invariable sites:		 0.000000
                . Number of subst. rate categs:			 4
                . Gamma distribution parameter:			 estimated
                . 'Middle' of each rate class:			 mean
                . Nucleotide equilibrium frequencies:		 empirical
                . Optimise tree topology:			 yes
                . Tree topology search:				 NNIs
                . Starting tree:				 BioNJ
                . Add random input tree:			 no
                . Optimise branch lengths:			 yes
                . Optimise substitution model parameters:	 yes
                . Run ID:					 none
                . Random seed:					 1480559664
                . Subtree patterns aliasing:			 no
                . Version:					 20120412

 oooooooooooooooooooooooooooooooooooooooooooooooooooooooooooooooooooooooooooooooooooooooooooooooo




. Log likelihood of the current tree: -82181.223421.

. Time used 0h9m56s

oooooooooooooooooooooooooooooooooooooooooooooooooooooooooooooooooooooooooooooooooooooooooooooooo
rm: cannot remove ‘temp_sim.phy_phyml_stats’: No such file or directory
rm: cannot remove ‘temp_sim.phy_phyml_tree’: No such file or directory
[1] "Simulation 11 processed"






                                 ..........................                                      
 ooooooooooooooooooooooooooooo        CURRENT SETTINGS        ooooooooooooooooooooooooooooooooooo
                                 ..........................                                      

                . Sequence filename:				 temp_sim.phy
                . Data type:					 dna
                . Alphabet size:				 4
                . Sequence format:				 interleaved
                . Number of data sets:				 1
                . Nb of bootstrapped data sets:			 0
                . Compute approximate likelihood ratio test:	 yes (SH-like branch supports)
                . Model name:					 GTR
                . Proportion of invariable sites:		 0.000000
                . Number of subst. rate categs:			 4
                . Gamma distribution parameter:			 estimated
                . 'Middle' of each rate class:			 mean
                . Nucleotide equilibrium frequencies:		 empirical
                . Optimise tree topology:			 yes
                . Tree topology search:				 NNIs
                . Starting tree:				 BioNJ
                . Add random input tree:			 no
                . Optimise branch lengths:			 yes
                . Optimise substitution model parameters:	 yes
                . Run ID:					 none
                . Random seed:					 1480560263
                . Subtree patterns aliasing:			 no
                . Version:					 20120412

 oooooooooooooooooooooooooooooooooooooooooooooooooooooooooooooooooooooooooooooooooooooooooooooooo




. Log likelihood of the current tree: -82059.704026.

. Time used 0h5m43s

oooooooooooooooooooooooooooooooooooooooooooooooooooooooooooooooooooooooooooooooooooooooooooooooo
rm: cannot remove ‘temp_sim.phy_phyml_stats’: No such file or directory
rm: cannot remove ‘temp_sim.phy_phyml_tree’: No such file or directory
[1] "Simulation 12 processed"






                                 ..........................                                      
 ooooooooooooooooooooooooooooo        CURRENT SETTINGS        ooooooooooooooooooooooooooooooooooo
                                 ..........................                                      

                . Sequence filename:				 temp_sim.phy
                . Data type:					 dna
                . Alphabet size:				 4
                . Sequence format:				 interleaved
                . Number of data sets:				 1
                . Nb of bootstrapped data sets:			 0
                . Compute approximate likelihood ratio test:	 yes (SH-like branch supports)
                . Model name:					 GTR
                . Proportion of invariable sites:		 0.000000
                . Number of subst. rate categs:			 4
                . Gamma distribution parameter:			 estimated
                . 'Middle' of each rate class:			 mean
                . Nucleotide equilibrium frequencies:		 empirical
                . Optimise tree topology:			 yes
                . Tree topology search:				 NNIs
                . Starting tree:				 BioNJ
                . Add random input tree:			 no
                . Optimise branch lengths:			 yes
                . Optimise substitution model parameters:	 yes
                . Run ID:					 none
                . Random seed:					 1480560610
                . Subtree patterns aliasing:			 no
                . Version:					 20120412

 oooooooooooooooooooooooooooooooooooooooooooooooooooooooooooooooooooooooooooooooooooooooooooooooo




. Log likelihood of the current tree: -82896.719117.

. Time used 0h8m52s

oooooooooooooooooooooooooooooooooooooooooooooooooooooooooooooooooooooooooooooooooooooooooooooooo
rm: cannot remove ‘temp_sim.phy_phyml_stats’: No such file or directory
rm: cannot remove ‘temp_sim.phy_phyml_tree’: No such file or directory
[1] "Simulation 13 processed"






                                 ..........................                                      
 ooooooooooooooooooooooooooooo        CURRENT SETTINGS        ooooooooooooooooooooooooooooooooooo
                                 ..........................                                      

                . Sequence filename:				 temp_sim.phy
                . Data type:					 dna
                . Alphabet size:				 4
                . Sequence format:				 interleaved
                . Number of data sets:				 1
                . Nb of bootstrapped data sets:			 0
                . Compute approximate likelihood ratio test:	 yes (SH-like branch supports)
                . Model name:					 GTR
                . Proportion of invariable sites:		 0.000000
                . Number of subst. rate categs:			 4
                . Gamma distribution parameter:			 estimated
                . 'Middle' of each rate class:			 mean
                . Nucleotide equilibrium frequencies:		 empirical
                . Optimise tree topology:			 yes
                . Tree topology search:				 NNIs
                . Starting tree:				 BioNJ
                . Add random input tree:			 no
                . Optimise branch lengths:			 yes
                . Optimise substitution model parameters:	 yes
                . Run ID:					 none
                . Random seed:					 1480561146
                . Subtree patterns aliasing:			 no
                . Version:					 20120412

 oooooooooooooooooooooooooooooooooooooooooooooooooooooooooooooooooooooooooooooooooooooooooooooooo




. Log likelihood of the current tree: -83029.550921.

. Time used 0h6m35s

oooooooooooooooooooooooooooooooooooooooooooooooooooooooooooooooooooooooooooooooooooooooooooooooo
rm: cannot remove ‘temp_sim.phy_phyml_stats’: No such file or directory
rm: cannot remove ‘temp_sim.phy_phyml_tree’: No such file or directory
[1] "Simulation 14 processed"






                                 ..........................                                      
 ooooooooooooooooooooooooooooo        CURRENT SETTINGS        ooooooooooooooooooooooooooooooooooo
                                 ..........................                                      

                . Sequence filename:				 temp_sim.phy
                . Data type:					 dna
                . Alphabet size:				 4
                . Sequence format:				 interleaved
                . Number of data sets:				 1
                . Nb of bootstrapped data sets:			 0
                . Compute approximate likelihood ratio test:	 yes (SH-like branch supports)
                . Model name:					 GTR
                . Proportion of invariable sites:		 0.000000
                . Number of subst. rate categs:			 4
                . Gamma distribution parameter:			 estimated
                . 'Middle' of each rate class:			 mean
                . Nucleotide equilibrium frequencies:		 empirical
                . Optimise tree topology:			 yes
                . Tree topology search:				 NNIs
                . Starting tree:				 BioNJ
                . Add random input tree:			 no
                . Optimise branch lengths:			 yes
                . Optimise substitution model parameters:	 yes
                . Run ID:					 none
                . Random seed:					 1480561545
                . Subtree patterns aliasing:			 no
                . Version:					 20120412

 oooooooooooooooooooooooooooooooooooooooooooooooooooooooooooooooooooooooooooooooooooooooooooooooo




. Log likelihood of the current tree: -82618.820583.

. Time used 0h6m24s

oooooooooooooooooooooooooooooooooooooooooooooooooooooooooooooooooooooooooooooooooooooooooooooooo
rm: cannot remove ‘temp_sim.phy_phyml_stats’: No such file or directory
rm: cannot remove ‘temp_sim.phy_phyml_tree’: No such file or directory
[1] "Simulation 15 processed"






                                 ..........................                                      
 ooooooooooooooooooooooooooooo        CURRENT SETTINGS        ooooooooooooooooooooooooooooooooooo
                                 ..........................                                      

                . Sequence filename:				 temp_sim.phy
                . Data type:					 dna
                . Alphabet size:				 4
                . Sequence format:				 interleaved
                . Number of data sets:				 1
                . Nb of bootstrapped data sets:			 0
                . Compute approximate likelihood ratio test:	 yes (SH-like branch supports)
                . Model name:					 GTR
                . Proportion of invariable sites:		 0.000000
                . Number of subst. rate categs:			 4
                . Gamma distribution parameter:			 estimated
                . 'Middle' of each rate class:			 mean
                . Nucleotide equilibrium frequencies:		 empirical
                . Optimise tree topology:			 yes
                . Tree topology search:				 NNIs
                . Starting tree:				 BioNJ
                . Add random input tree:			 no
                . Optimise branch lengths:			 yes
                . Optimise substitution model parameters:	 yes
                . Run ID:					 none
                . Random seed:					 1480561934
                . Subtree patterns aliasing:			 no
                . Version:					 20120412

 oooooooooooooooooooooooooooooooooooooooooooooooooooooooooooooooooooooooooooooooooooooooooooooooo




. Log likelihood of the current tree: -83315.455018.

. Time used 0h6m29s

oooooooooooooooooooooooooooooooooooooooooooooooooooooooooooooooooooooooooooooooooooooooooooooooo
rm: cannot remove ‘temp_sim.phy_phyml_stats’: No such file or directory
rm: cannot remove ‘temp_sim.phy_phyml_tree’: No such file or directory
[1] "Simulation 16 processed"
[1] "Simulation 17 processed"
[1] "Simulation 18 processed"
[1] "Simulation 19 processed"
[1] "Simulation 20 processed"
[1] "Simulation 21 processed"
[1] "Simulation 22 processed"
[1] "Simulation 23 processed"
[1] "Simulation 24 processed"
[1] "Simulation 25 processed"
[1] "Simulation 26 processed"
[1] "Simulation 27 processed"






                                 ..........................                                      
 ooooooooooooooooooooooooooooo        CURRENT SETTINGS        ooooooooooooooooooooooooooooooooooo
                                 ..........................                                      

                . Sequence filename:				 temp_sim.phy
                . Data type:					 dna
                . Alphabet size:				 4
                . Sequence format:				 interleaved
                . Number of data sets:				 1
                . Nb of bootstrapped data sets:			 0
                . Compute approximate likelihood ratio test:	 yes (SH-like branch supports)
                . Model name:					 GTR
                . Proportion of invariable sites:		 0.000000
                . Number of subst. rate categs:			 4
                . Gamma distribution parameter:			 estimated
                . 'Middle' of each rate class:			 mean
                . Nucleotide equilibrium frequencies:		 empirical
                . Optimise tree topology:			 yes
                . Tree topology search:				 NNIs
                . Starting tree:				 BioNJ
                . Add random input tree:			 no
                . Optimise branch lengths:			 yes
                . Optimise substitution model parameters:	 yes
                . Run ID:					 none
                . Random seed:					 1480562351
                . Subtree patterns aliasing:			 no
                . Version:					 20120412

 oooooooooooooooooooooooooooooooooooooooooooooooooooooooooooooooooooooooooooooooooooooooooooooooo




. Log likelihood of the current tree: -82290.382992.

. Time used 0h5m32s

oooooooooooooooooooooooooooooooooooooooooooooooooooooooooooooooooooooooooooooooooooooooooooooooo
rm: cannot remove ‘temp_sim.phy_phyml_stats’: No such file or directory
rm: cannot remove ‘temp_sim.phy_phyml_tree’: No such file or directory
[1] "Simulation 28 processed"






                                 ..........................                                      
 ooooooooooooooooooooooooooooo        CURRENT SETTINGS        ooooooooooooooooooooooooooooooooooo
                                 ..........................                                      

                . Sequence filename:				 temp_sim.phy
                . Data type:					 dna
                . Alphabet size:				 4
                . Sequence format:				 interleaved
                . Number of data sets:				 1
                . Nb of bootstrapped data sets:			 0
                . Compute approximate likelihood ratio test:	 yes (SH-like branch supports)
                . Model name:					 GTR
                . Proportion of invariable sites:		 0.000000
                . Number of subst. rate categs:			 4
                . Gamma distribution parameter:			 estimated
                . 'Middle' of each rate class:			 mean
                . Nucleotide equilibrium frequencies:		 empirical
                . Optimise tree topology:			 yes
                . Tree topology search:				 NNIs
                . Starting tree:				 BioNJ
                . Add random input tree:			 no
                . Optimise branch lengths:			 yes
                . Optimise substitution model parameters:	 yes
                . Run ID:					 none
                . Random seed:					 1480562687
                . Subtree patterns aliasing:			 no
                . Version:					 20120412

 oooooooooooooooooooooooooooooooooooooooooooooooooooooooooooooooooooooooooooooooooooooooooooooooo




. Log likelihood of the current tree: -81791.807507.

. Time used 0h6m43s

oooooooooooooooooooooooooooooooooooooooooooooooooooooooooooooooooooooooooooooooooooooooooooooooo
[1] "Simulation 29 processed"






                                 ..........................                                      
 ooooooooooooooooooooooooooooo        CURRENT SETTINGS        ooooooooooooooooooooooooooooooooooo
                                 ..........................                                      

                . Sequence filename:				 temp_sim.phy
                . Data type:					 dna
                . Alphabet size:				 4
                . Sequence format:				 interleaved
                . Number of data sets:				 1
                . Nb of bootstrapped data sets:			 0
                . Compute approximate likelihood ratio test:	 yes (SH-like branch supports)
                . Model name:					 GTR
                . Proportion of invariable sites:		 0.000000
                . Number of subst. rate categs:			 4
                . Gamma distribution parameter:			 estimated
                . 'Middle' of each rate class:			 mean
                . Nucleotide equilibrium frequencies:		 empirical
                . Optimise tree topology:			 yes
                . Tree topology search:				 NNIs
                . Starting tree:				 BioNJ
                . Add random input tree:			 no
                . Optimise branch lengths:			 yes
                . Optimise substitution model parameters:	 yes
                . Run ID:					 none
                . Random seed:					 1480563093
                . Subtree patterns aliasing:			 no
                . Version:					 20120412

 oooooooooooooooooooooooooooooooooooooooooooooooooooooooooooooooooooooooooooooooooooooooooooooooo




. Log likelihood of the current tree: -83310.750795.

. Time used 0h5m41s

oooooooooooooooooooooooooooooooooooooooooooooooooooooooooooooooooooooooooooooooooooooooooooooooo
rm: cannot remove ‘temp_sim.phy_phyml_stats’: No such file or directory
rm: cannot remove ‘temp_sim.phy_phyml_tree’: No such file or directory
[1] "Simulation 30 processed"






                                 ..........................                                      
 ooooooooooooooooooooooooooooo        CURRENT SETTINGS        ooooooooooooooooooooooooooooooooooo
                                 ..........................                                      

                . Sequence filename:				 temp_sim.phy
                . Data type:					 dna
                . Alphabet size:				 4
                . Sequence format:				 interleaved
                . Number of data sets:				 1
                . Nb of bootstrapped data sets:			 0
                . Compute approximate likelihood ratio test:	 yes (SH-like branch supports)
                . Model name:					 GTR
                . Proportion of invariable sites:		 0.000000
                . Number of subst. rate categs:			 4
                . Gamma distribution parameter:			 estimated
                . 'Middle' of each rate class:			 mean
                . Nucleotide equilibrium frequencies:		 empirical
                . Optimise tree topology:			 yes
                . Tree topology search:				 NNIs
                . Starting tree:				 BioNJ
                . Add random input tree:			 no
                . Optimise branch lengths:			 yes
                . Optimise substitution model parameters:	 yes
                . Run ID:					 none
                . Random seed:					 1480563438
                . Subtree patterns aliasing:			 no
                . Version:					 20120412

 oooooooooooooooooooooooooooooooooooooooooooooooooooooooooooooooooooooooooooooooooooooooooooooooo




. Log likelihood of the current tree: -81341.767341.

. Time used 0h5m28s

oooooooooooooooooooooooooooooooooooooooooooooooooooooooooooooooooooooooooooooooooooooooooooooooo
[1] "Simulation 31 processed"
[1] "Simulation 32 processed"
[1] "Simulation 33 processed"
[1] "Simulation 34 processed"
[1] "Simulation 35 processed"
[1] "Simulation 36 processed"
[1] "Simulation 37 processed"
[1] "Simulation 38 processed"
[1] "Simulation 39 processed"
[1] "Simulation 40 processed"
[1] "Simulation 41 processed"
[1] "Simulation 42 processed"
[1] "Simulation 43 processed"
[1] "Simulation 44 processed"
[1] "Simulation 45 processed"
[1] "Simulation 46 processed"
[1] "Simulation 47 processed"
[1] "Simulation 48 processed"
[1] "Simulation 49 processed"
[1] "Simulation 50 processed"






                                 ..........................                                      
 ooooooooooooooooooooooooooooo        CURRENT SETTINGS        ooooooooooooooooooooooooooooooooooo
                                 ..........................                                      

                . Sequence filename:				 temp_sim.phy
                . Data type:					 dna
                . Alphabet size:				 4
                . Sequence format:				 interleaved
                . Number of data sets:				 1
                . Nb of bootstrapped data sets:			 0
                . Compute approximate likelihood ratio test:	 yes (SH-like branch supports)
                . Model name:					 GTR
                . Proportion of invariable sites:		 0.000000
                . Number of subst. rate categs:			 4
                . Gamma distribution parameter:			 estimated
                . 'Middle' of each rate class:			 mean
                . Nucleotide equilibrium frequencies:		 empirical
                . Optimise tree topology:			 yes
                . Tree topology search:				 NNIs
                . Starting tree:				 BioNJ
                . Add random input tree:			 no
                . Optimise branch lengths:			 yes
                . Optimise substitution model parameters:	 yes
                . Run ID:					 none
                . Random seed:					 1480563813
                . Subtree patterns aliasing:			 no
                . Version:					 20120412

 oooooooooooooooooooooooooooooooooooooooooooooooooooooooooooooooooooooooooooooooooooooooooooooooo




. Log likelihood of the current tree: -82728.113007.

. Time used 0h7m13s

oooooooooooooooooooooooooooooooooooooooooooooooooooooooooooooooooooooooooooooooooooooooooooooooo
rm: cannot remove ‘temp_sim.phy_phyml_stats’: No such file or directory
rm: cannot remove ‘temp_sim.phy_phyml_tree’: No such file or directory
[1] "Simulation 51 processed"






                                 ..........................                                      
 ooooooooooooooooooooooooooooo        CURRENT SETTINGS        ooooooooooooooooooooooooooooooooooo
                                 ..........................                                      

                . Sequence filename:				 temp_sim.phy
                . Data type:					 dna
                . Alphabet size:				 4
                . Sequence format:				 interleaved
                . Number of data sets:				 1
                . Nb of bootstrapped data sets:			 0
                . Compute approximate likelihood ratio test:	 yes (SH-like branch supports)
                . Model name:					 GTR
                . Proportion of invariable sites:		 0.000000
                . Number of subst. rate categs:			 4
                . Gamma distribution parameter:			 estimated
                . 'Middle' of each rate class:			 mean
                . Nucleotide equilibrium frequencies:		 empirical
                . Optimise tree topology:			 yes
                . Tree topology search:				 NNIs
                . Starting tree:				 BioNJ
                . Add random input tree:			 no
                . Optimise branch lengths:			 yes
                . Optimise substitution model parameters:	 yes
                . Run ID:					 none
                . Random seed:					 1480564250
                . Subtree patterns aliasing:			 no
                . Version:					 20120412

 oooooooooooooooooooooooooooooooooooooooooooooooooooooooooooooooooooooooooooooooooooooooooooooooo




. Log likelihood of the current tree: -82249.689494.

. Time used 0h5m37s

oooooooooooooooooooooooooooooooooooooooooooooooooooooooooooooooooooooooooooooooooooooooooooooooo
rm: cannot remove ‘temp_sim.phy_phyml_stats’: No such file or directory
rm: cannot remove ‘temp_sim.phy_phyml_tree’: No such file or directory
[1] "Simulation 52 processed"






                                 ..........................                                      
 ooooooooooooooooooooooooooooo        CURRENT SETTINGS        ooooooooooooooooooooooooooooooooooo
                                 ..........................                                      

                . Sequence filename:				 temp_sim.phy
                . Data type:					 dna
                . Alphabet size:				 4
                . Sequence format:				 interleaved
                . Number of data sets:				 1
                . Nb of bootstrapped data sets:			 0
                . Compute approximate likelihood ratio test:	 yes (SH-like branch supports)
                . Model name:					 GTR
                . Proportion of invariable sites:		 0.000000
                . Number of subst. rate categs:			 4
                . Gamma distribution parameter:			 estimated
                . 'Middle' of each rate class:			 mean
                . Nucleotide equilibrium frequencies:		 empirical
                . Optimise tree topology:			 yes
                . Tree topology search:				 NNIs
                . Starting tree:				 BioNJ
                . Add random input tree:			 no
                . Optimise branch lengths:			 yes
                . Optimise substitution model parameters:	 yes
                . Run ID:					 none
                . Random seed:					 1480564592
                . Subtree patterns aliasing:			 no
                . Version:					 20120412

 oooooooooooooooooooooooooooooooooooooooooooooooooooooooooooooooooooooooooooooooooooooooooooooooo




. Log likelihood of the current tree: -83068.294154.

. Time used 0h9m11s

oooooooooooooooooooooooooooooooooooooooooooooooooooooooooooooooooooooooooooooooooooooooooooooooo
rm: cannot remove ‘temp_sim.phy_phyml_stats’: No such file or directory
rm: cannot remove ‘temp_sim.phy_phyml_tree’: No such file or directory
[1] "Simulation 53 processed"






                                 ..........................                                      
 ooooooooooooooooooooooooooooo        CURRENT SETTINGS        ooooooooooooooooooooooooooooooooooo
                                 ..........................                                      

                . Sequence filename:				 temp_sim.phy
                . Data type:					 dna
                . Alphabet size:				 4
                . Sequence format:				 interleaved
                . Number of data sets:				 1
                . Nb of bootstrapped data sets:			 0
                . Compute approximate likelihood ratio test:	 yes (SH-like branch supports)
                . Model name:					 GTR
                . Proportion of invariable sites:		 0.000000
                . Number of subst. rate categs:			 4
                . Gamma distribution parameter:			 estimated
                . 'Middle' of each rate class:			 mean
                . Nucleotide equilibrium frequencies:		 empirical
                . Optimise tree topology:			 yes
                . Tree topology search:				 NNIs
                . Starting tree:				 BioNJ
                . Add random input tree:			 no
                . Optimise branch lengths:			 yes
                . Optimise substitution model parameters:	 yes
                . Run ID:					 none
                . Random seed:					 1480565147
                . Subtree patterns aliasing:			 no
                . Version:					 20120412

 oooooooooooooooooooooooooooooooooooooooooooooooooooooooooooooooooooooooooooooooooooooooooooooooo




. Log likelihood of the current tree: -82799.334147.

. Time used 0h5m44s

oooooooooooooooooooooooooooooooooooooooooooooooooooooooooooooooooooooooooooooooooooooooooooooooo
rm: cannot remove ‘temp_sim.phy_phyml_stats’: No such file or directory
rm: cannot remove ‘temp_sim.phy_phyml_tree’: No such file or directory
[1] "Simulation 54 processed"






                                 ..........................                                      
 ooooooooooooooooooooooooooooo        CURRENT SETTINGS        ooooooooooooooooooooooooooooooooooo
                                 ..........................                                      

                . Sequence filename:				 temp_sim.phy
                . Data type:					 dna
                . Alphabet size:				 4
                . Sequence format:				 interleaved
                . Number of data sets:				 1
                . Nb of bootstrapped data sets:			 0
                . Compute approximate likelihood ratio test:	 yes (SH-like branch supports)
                . Model name:					 GTR
                . Proportion of invariable sites:		 0.000000
                . Number of subst. rate categs:			 4
                . Gamma distribution parameter:			 estimated
                . 'Middle' of each rate class:			 mean
                . Nucleotide equilibrium frequencies:		 empirical
                . Optimise tree topology:			 yes
                . Tree topology search:				 NNIs
                . Starting tree:				 BioNJ
                . Add random input tree:			 no
                . Optimise branch lengths:			 yes
                . Optimise substitution model parameters:	 yes
                . Run ID:					 none
                . Random seed:					 1480565494
                . Subtree patterns aliasing:			 no
                . Version:					 20120412

 oooooooooooooooooooooooooooooooooooooooooooooooooooooooooooooooooooooooooooooooooooooooooooooooo




. Log likelihood of the current tree: -82865.034548.

. Time used 0h6m2s

oooooooooooooooooooooooooooooooooooooooooooooooooooooooooooooooooooooooooooooooooooooooooooooooo
rm: cannot remove ‘temp_sim.phy_phyml_stats’: No such file or directory
rm: cannot remove ‘temp_sim.phy_phyml_tree’: No such file or directory
[1] "Simulation 55 processed"






                                 ..........................                                      
 ooooooooooooooooooooooooooooo        CURRENT SETTINGS        ooooooooooooooooooooooooooooooooooo
                                 ..........................                                      

                . Sequence filename:				 temp_sim.phy
                . Data type:					 dna
                . Alphabet size:				 4
                . Sequence format:				 interleaved
                . Number of data sets:				 1
                . Nb of bootstrapped data sets:			 0
                . Compute approximate likelihood ratio test:	 yes (SH-like branch supports)
                . Model name:					 GTR
                . Proportion of invariable sites:		 0.000000
                . Number of subst. rate categs:			 4
                . Gamma distribution parameter:			 estimated
                . 'Middle' of each rate class:			 mean
                . Nucleotide equilibrium frequencies:		 empirical
                . Optimise tree topology:			 yes
                . Tree topology search:				 NNIs
                . Starting tree:				 BioNJ
                . Add random input tree:			 no
                . Optimise branch lengths:			 yes
                . Optimise substitution model parameters:	 yes
                . Run ID:					 none
                . Random seed:					 1480565861
                . Subtree patterns aliasing:			 no
                . Version:					 20120412

 oooooooooooooooooooooooooooooooooooooooooooooooooooooooooooooooooooooooooooooooooooooooooooooooo




. Log likelihood of the current tree: -83547.812358.

. Time used 0h6m30s

oooooooooooooooooooooooooooooooooooooooooooooooooooooooooooooooooooooooooooooooooooooooooooooooo
rm: cannot remove ‘temp_sim.phy_phyml_stats’: No such file or directory
rm: cannot remove ‘temp_sim.phy_phyml_tree’: No such file or directory
[1] "Simulation 56 processed"






                                 ..........................                                      
 ooooooooooooooooooooooooooooo        CURRENT SETTINGS        ooooooooooooooooooooooooooooooooooo
                                 ..........................                                      

                . Sequence filename:				 temp_sim.phy
                . Data type:					 dna
                . Alphabet size:				 4
                . Sequence format:				 interleaved
                . Number of data sets:				 1
                . Nb of bootstrapped data sets:			 0
                . Compute approximate likelihood ratio test:	 yes (SH-like branch supports)
                . Model name:					 GTR
                . Proportion of invariable sites:		 0.000000
                . Number of subst. rate categs:			 4
                . Gamma distribution parameter:			 estimated
                . 'Middle' of each rate class:			 mean
                . Nucleotide equilibrium frequencies:		 empirical
                . Optimise tree topology:			 yes
                . Tree topology search:				 NNIs
                . Starting tree:				 BioNJ
                . Add random input tree:			 no
                . Optimise branch lengths:			 yes
                . Optimise substitution model parameters:	 yes
                . Run ID:					 none
                . Random seed:					 1480566256
                . Subtree patterns aliasing:			 no
                . Version:					 20120412

 oooooooooooooooooooooooooooooooooooooooooooooooooooooooooooooooooooooooooooooooooooooooooooooooo




. Log likelihood of the current tree: -82197.332258.

. Time used 0h8m8s

oooooooooooooooooooooooooooooooooooooooooooooooooooooooooooooooooooooooooooooooooooooooooooooooo
[1] "Simulation 57 processed"
[1] "Simulation 58 processed"
[1] "Simulation 59 processed"
[1] "Simulation 60 processed"
[1] "Simulation 61 processed"
[1] "Simulation 62 processed"
[1] "Simulation 63 processed"
[1] "Simulation 64 processed"
[1] "Simulation 65 processed"






                                 ..........................                                      
 ooooooooooooooooooooooooooooo        CURRENT SETTINGS        ooooooooooooooooooooooooooooooooooo
                                 ..........................                                      

                . Sequence filename:				 temp_sim.phy
                . Data type:					 dna
                . Alphabet size:				 4
                . Sequence format:				 interleaved
                . Number of data sets:				 1
                . Nb of bootstrapped data sets:			 0
                . Compute approximate likelihood ratio test:	 yes (SH-like branch supports)
                . Model name:					 GTR
                . Proportion of invariable sites:		 0.000000
                . Number of subst. rate categs:			 4
                . Gamma distribution parameter:			 estimated
                . 'Middle' of each rate class:			 mean
                . Nucleotide equilibrium frequencies:		 empirical
                . Optimise tree topology:			 yes
                . Tree topology search:				 NNIs
                . Starting tree:				 BioNJ
                . Add random input tree:			 no
                . Optimise branch lengths:			 yes
                . Optimise substitution model parameters:	 yes
                . Run ID:					 none
                . Random seed:					 1480566767
                . Subtree patterns aliasing:			 no
                . Version:					 20120412

 oooooooooooooooooooooooooooooooooooooooooooooooooooooooooooooooooooooooooooooooooooooooooooooooo




. Log likelihood of the current tree: -82483.593789.

. Time used 0h8m9s

oooooooooooooooooooooooooooooooooooooooooooooooooooooooooooooooooooooooooooooooooooooooooooooooo
rm: cannot remove ‘temp_sim.phy_phyml_stats’: No such file or directory
rm: cannot remove ‘temp_sim.phy_phyml_tree’: No such file or directory
[1] "Simulation 66 processed"






                                 ..........................                                      
 ooooooooooooooooooooooooooooo        CURRENT SETTINGS        ooooooooooooooooooooooooooooooooooo
                                 ..........................                                      

                . Sequence filename:				 temp_sim.phy
                . Data type:					 dna
                . Alphabet size:				 4
                . Sequence format:				 interleaved
                . Number of data sets:				 1
                . Nb of bootstrapped data sets:			 0
                . Compute approximate likelihood ratio test:	 yes (SH-like branch supports)
                . Model name:					 GTR
                . Proportion of invariable sites:		 0.000000
                . Number of subst. rate categs:			 4
                . Gamma distribution parameter:			 estimated
                . 'Middle' of each rate class:			 mean
                . Nucleotide equilibrium frequencies:		 empirical
                . Optimise tree topology:			 yes
                . Tree topology search:				 NNIs
                . Starting tree:				 BioNJ
                . Add random input tree:			 no
                . Optimise branch lengths:			 yes
                . Optimise substitution model parameters:	 yes
                . Run ID:					 none
                . Random seed:					 1480567261
                . Subtree patterns aliasing:			 no
                . Version:					 20120412

 oooooooooooooooooooooooooooooooooooooooooooooooooooooooooooooooooooooooooooooooooooooooooooooooo




. Log likelihood of the current tree: -81856.330757.

. Time used 0h8m12s

oooooooooooooooooooooooooooooooooooooooooooooooooooooooooooooooooooooooooooooooooooooooooooooooo
rm: cannot remove ‘temp_sim.phy_phyml_stats’: No such file or directory
rm: cannot remove ‘temp_sim.phy_phyml_tree’: No such file or directory
[1] "Simulation 67 processed"






                                 ..........................                                      
 ooooooooooooooooooooooooooooo        CURRENT SETTINGS        ooooooooooooooooooooooooooooooooooo
                                 ..........................                                      

                . Sequence filename:				 temp_sim.phy
                . Data type:					 dna
                . Alphabet size:				 4
                . Sequence format:				 interleaved
                . Number of data sets:				 1
                . Nb of bootstrapped data sets:			 0
                . Compute approximate likelihood ratio test:	 yes (SH-like branch supports)
                . Model name:					 GTR
                . Proportion of invariable sites:		 0.000000
                . Number of subst. rate categs:			 4
                . Gamma distribution parameter:			 estimated
                . 'Middle' of each rate class:			 mean
                . Nucleotide equilibrium frequencies:		 empirical
                . Optimise tree topology:			 yes
                . Tree topology search:				 NNIs
                . Starting tree:				 BioNJ
                . Add random input tree:			 no
                . Optimise branch lengths:			 yes
                . Optimise substitution model parameters:	 yes
                . Run ID:					 none
                . Random seed:					 1480567756
                . Subtree patterns aliasing:			 no
                . Version:					 20120412

 oooooooooooooooooooooooooooooooooooooooooooooooooooooooooooooooooooooooooooooooooooooooooooooooo




. Log likelihood of the current tree: -82230.966688.

. Time used 0h6m31s

oooooooooooooooooooooooooooooooooooooooooooooooooooooooooooooooooooooooooooooooooooooooooooooooo
[1] "Simulation 68 processed"
[1] "Simulation 69 processed"






                                 ..........................                                      
 ooooooooooooooooooooooooooooo        CURRENT SETTINGS        ooooooooooooooooooooooooooooooooooo
                                 ..........................                                      

                . Sequence filename:				 temp_sim.phy
                . Data type:					 dna
                . Alphabet size:				 4
                . Sequence format:				 interleaved
                . Number of data sets:				 1
                . Nb of bootstrapped data sets:			 0
                . Compute approximate likelihood ratio test:	 yes (SH-like branch supports)
                . Model name:					 GTR
                . Proportion of invariable sites:		 0.000000
                . Number of subst. rate categs:			 4
                . Gamma distribution parameter:			 estimated
                . 'Middle' of each rate class:			 mean
                . Nucleotide equilibrium frequencies:		 empirical
                . Optimise tree topology:			 yes
                . Tree topology search:				 NNIs
                . Starting tree:				 BioNJ
                . Add random input tree:			 no
                . Optimise branch lengths:			 yes
                . Optimise substitution model parameters:	 yes
                . Run ID:					 none
                . Random seed:					 1480568153
                . Subtree patterns aliasing:			 no
                . Version:					 20120412

 oooooooooooooooooooooooooooooooooooooooooooooooooooooooooooooooooooooooooooooooooooooooooooooooo




. Log likelihood of the current tree: -82228.557728.

. Time used 0h6m49s

oooooooooooooooooooooooooooooooooooooooooooooooooooooooooooooooooooooooooooooooooooooooooooooooo
rm: cannot remove ‘temp_sim.phy_phyml_stats’: No such file or directory
rm: cannot remove ‘temp_sim.phy_phyml_tree’: No such file or directory
[1] "Simulation 70 processed"






                                 ..........................                                      
 ooooooooooooooooooooooooooooo        CURRENT SETTINGS        ooooooooooooooooooooooooooooooooooo
                                 ..........................                                      

                . Sequence filename:				 temp_sim.phy
                . Data type:					 dna
                . Alphabet size:				 4
                . Sequence format:				 interleaved
                . Number of data sets:				 1
                . Nb of bootstrapped data sets:			 0
                . Compute approximate likelihood ratio test:	 yes (SH-like branch supports)
                . Model name:					 GTR
                . Proportion of invariable sites:		 0.000000
                . Number of subst. rate categs:			 4
                . Gamma distribution parameter:			 estimated
                . 'Middle' of each rate class:			 mean
                . Nucleotide equilibrium frequencies:		 empirical
                . Optimise tree topology:			 yes
                . Tree topology search:				 NNIs
                . Starting tree:				 BioNJ
                . Add random input tree:			 no
                . Optimise branch lengths:			 yes
                . Optimise substitution model parameters:	 yes
                . Run ID:					 none
                . Random seed:					 1480568567
                . Subtree patterns aliasing:			 no
                . Version:					 20120412

 oooooooooooooooooooooooooooooooooooooooooooooooooooooooooooooooooooooooooooooooooooooooooooooooo




. Log likelihood of the current tree: -82669.255158.

. Time used 0h5m38s

oooooooooooooooooooooooooooooooooooooooooooooooooooooooooooooooooooooooooooooooooooooooooooooooo
rm: cannot remove ‘temp_sim.phy_phyml_stats’: No such file or directory
rm: cannot remove ‘temp_sim.phy_phyml_tree’: No such file or directory
[1] "Simulation 71 processed"






                                 ..........................                                      
 ooooooooooooooooooooooooooooo        CURRENT SETTINGS        ooooooooooooooooooooooooooooooooooo
                                 ..........................                                      

                . Sequence filename:				 temp_sim.phy
                . Data type:					 dna
                . Alphabet size:				 4
                . Sequence format:				 interleaved
                . Number of data sets:				 1
                . Nb of bootstrapped data sets:			 0
                . Compute approximate likelihood ratio test:	 yes (SH-like branch supports)
                . Model name:					 GTR
                . Proportion of invariable sites:		 0.000000
                . Number of subst. rate categs:			 4
                . Gamma distribution parameter:			 estimated
                . 'Middle' of each rate class:			 mean
                . Nucleotide equilibrium frequencies:		 empirical
                . Optimise tree topology:			 yes
                . Tree topology search:				 NNIs
                . Starting tree:				 BioNJ
                . Add random input tree:			 no
                . Optimise branch lengths:			 yes
                . Optimise substitution model parameters:	 yes
                . Run ID:					 none
                . Random seed:					 1480568909
                . Subtree patterns aliasing:			 no
                . Version:					 20120412

 oooooooooooooooooooooooooooooooooooooooooooooooooooooooooooooooooooooooooooooooooooooooooooooooo




. Log likelihood of the current tree: -82208.619082.

. Time used 0h8m11s

oooooooooooooooooooooooooooooooooooooooooooooooooooooooooooooooooooooooooooooooooooooooooooooooo
rm: cannot remove ‘temp_sim.phy_phyml_stats’: No such file or directory
rm: cannot remove ‘temp_sim.phy_phyml_tree’: No such file or directory
[1] "Simulation 72 processed"






                                 ..........................                                      
 ooooooooooooooooooooooooooooo        CURRENT SETTINGS        ooooooooooooooooooooooooooooooooooo
                                 ..........................                                      

                . Sequence filename:				 temp_sim.phy
                . Data type:					 dna
                . Alphabet size:				 4
                . Sequence format:				 interleaved
                . Number of data sets:				 1
                . Nb of bootstrapped data sets:			 0
                . Compute approximate likelihood ratio test:	 yes (SH-like branch supports)
                . Model name:					 GTR
                . Proportion of invariable sites:		 0.000000
                . Number of subst. rate categs:			 4
                . Gamma distribution parameter:			 estimated
                . 'Middle' of each rate class:			 mean
                . Nucleotide equilibrium frequencies:		 empirical
                . Optimise tree topology:			 yes
                . Tree topology search:				 NNIs
                . Starting tree:				 BioNJ
                . Add random input tree:			 no
                . Optimise branch lengths:			 yes
                . Optimise substitution model parameters:	 yes
                . Run ID:					 none
                . Random seed:					 1480569405
                . Subtree patterns aliasing:			 no
                . Version:					 20120412

 oooooooooooooooooooooooooooooooooooooooooooooooooooooooooooooooooooooooooooooooooooooooooooooooo




. Log likelihood of the current tree: -82588.052923.

. Time used 0h5m39s

oooooooooooooooooooooooooooooooooooooooooooooooooooooooooooooooooooooooooooooooooooooooooooooooo
rm: cannot remove ‘temp_sim.phy_phyml_stats’: No such file or directory
rm: cannot remove ‘temp_sim.phy_phyml_tree’: No such file or directory
[1] "Simulation 73 processed"






                                 ..........................                                      
 ooooooooooooooooooooooooooooo        CURRENT SETTINGS        ooooooooooooooooooooooooooooooooooo
                                 ..........................                                      

                . Sequence filename:				 temp_sim.phy
                . Data type:					 dna
                . Alphabet size:				 4
                . Sequence format:				 interleaved
                . Number of data sets:				 1
                . Nb of bootstrapped data sets:			 0
                . Compute approximate likelihood ratio test:	 yes (SH-like branch supports)
                . Model name:					 GTR
                . Proportion of invariable sites:		 0.000000
                . Number of subst. rate categs:			 4
                . Gamma distribution parameter:			 estimated
                . 'Middle' of each rate class:			 mean
                . Nucleotide equilibrium frequencies:		 empirical
                . Optimise tree topology:			 yes
                . Tree topology search:				 NNIs
                . Starting tree:				 BioNJ
                . Add random input tree:			 no
                . Optimise branch lengths:			 yes
                . Optimise substitution model parameters:	 yes
                . Run ID:					 none
                . Random seed:					 1480569749
                . Subtree patterns aliasing:			 no
                . Version:					 20120412

 oooooooooooooooooooooooooooooooooooooooooooooooooooooooooooooooooooooooooooooooooooooooooooooooo




. Log likelihood of the current tree: -83109.865008.

. Time used 0h6m32s

oooooooooooooooooooooooooooooooooooooooooooooooooooooooooooooooooooooooooooooooooooooooooooooooo
[1] "Simulation 74 processed"
[1] "Simulation 75 processed"
[1] "Simulation 76 processed"
[1] "Simulation 77 processed"
[1] "Simulation 78 processed"
[1] "Simulation 79 processed"






                                 ..........................                                      
 ooooooooooooooooooooooooooooo        CURRENT SETTINGS        ooooooooooooooooooooooooooooooooooo
                                 ..........................                                      

                . Sequence filename:				 temp_sim.phy
                . Data type:					 dna
                . Alphabet size:				 4
                . Sequence format:				 interleaved
                . Number of data sets:				 1
                . Nb of bootstrapped data sets:			 0
                . Compute approximate likelihood ratio test:	 yes (SH-like branch supports)
                . Model name:					 GTR
                . Proportion of invariable sites:		 0.000000
                . Number of subst. rate categs:			 4
                . Gamma distribution parameter:			 estimated
                . 'Middle' of each rate class:			 mean
                . Nucleotide equilibrium frequencies:		 empirical
                . Optimise tree topology:			 yes
                . Tree topology search:				 NNIs
                . Starting tree:				 BioNJ
                . Add random input tree:			 no
                . Optimise branch lengths:			 yes
                . Optimise substitution model parameters:	 yes
                . Run ID:					 none
                . Random seed:					 1480570157
                . Subtree patterns aliasing:			 no
                . Version:					 20120412

 oooooooooooooooooooooooooooooooooooooooooooooooooooooooooooooooooooooooooooooooooooooooooooooooo




. Log likelihood of the current tree: -82674.657480.

. Time used 0h5m47s

oooooooooooooooooooooooooooooooooooooooooooooooooooooooooooooooooooooooooooooooooooooooooooooooo
rm: cannot remove ‘temp_sim.phy_phyml_stats’: No such file or directory
rm: cannot remove ‘temp_sim.phy_phyml_tree’: No such file or directory
[1] "Simulation 80 processed"






                                 ..........................                                      
 ooooooooooooooooooooooooooooo        CURRENT SETTINGS        ooooooooooooooooooooooooooooooooooo
                                 ..........................                                      

                . Sequence filename:				 temp_sim.phy
                . Data type:					 dna
                . Alphabet size:				 4
                . Sequence format:				 interleaved
                . Number of data sets:				 1
                . Nb of bootstrapped data sets:			 0
                . Compute approximate likelihood ratio test:	 yes (SH-like branch supports)
                . Model name:					 GTR
                . Proportion of invariable sites:		 0.000000
                . Number of subst. rate categs:			 4
                . Gamma distribution parameter:			 estimated
                . 'Middle' of each rate class:			 mean
                . Nucleotide equilibrium frequencies:		 empirical
                . Optimise tree topology:			 yes
                . Tree topology search:				 NNIs
                . Starting tree:				 BioNJ
                . Add random input tree:			 no
                . Optimise branch lengths:			 yes
                . Optimise substitution model parameters:	 yes
                . Run ID:					 none
                . Random seed:					 1480570508
                . Subtree patterns aliasing:			 no
                . Version:					 20120412

 oooooooooooooooooooooooooooooooooooooooooooooooooooooooooooooooooooooooooooooooooooooooooooooooo




. Log likelihood of the current tree: -82314.071486.

. Time used 0h7m8s

oooooooooooooooooooooooooooooooooooooooooooooooooooooooooooooooooooooooooooooooooooooooooooooooo
rm: cannot remove ‘temp_sim.phy_phyml_stats’: No such file or directory
rm: cannot remove ‘temp_sim.phy_phyml_tree’: No such file or directory
[1] "Simulation 81 processed"






                                 ..........................                                      
 ooooooooooooooooooooooooooooo        CURRENT SETTINGS        ooooooooooooooooooooooooooooooooooo
                                 ..........................                                      

                . Sequence filename:				 temp_sim.phy
                . Data type:					 dna
                . Alphabet size:				 4
                . Sequence format:				 interleaved
                . Number of data sets:				 1
                . Nb of bootstrapped data sets:			 0
                . Compute approximate likelihood ratio test:	 yes (SH-like branch supports)
                . Model name:					 GTR
                . Proportion of invariable sites:		 0.000000
                . Number of subst. rate categs:			 4
                . Gamma distribution parameter:			 estimated
                . 'Middle' of each rate class:			 mean
                . Nucleotide equilibrium frequencies:		 empirical
                . Optimise tree topology:			 yes
                . Tree topology search:				 NNIs
                . Starting tree:				 BioNJ
                . Add random input tree:			 no
                . Optimise branch lengths:			 yes
                . Optimise substitution model parameters:	 yes
                . Run ID:					 none
                . Random seed:					 1480570940
                . Subtree patterns aliasing:			 no
                . Version:					 20120412

 oooooooooooooooooooooooooooooooooooooooooooooooooooooooooooooooooooooooooooooooooooooooooooooooo




. Log likelihood of the current tree: -82752.829292.

. Time used 0h6m6s

oooooooooooooooooooooooooooooooooooooooooooooooooooooooooooooooooooooooooooooooooooooooooooooooo
rm: cannot remove ‘temp_sim.phy_phyml_stats’: No such file or directory
rm: cannot remove ‘temp_sim.phy_phyml_tree’: No such file or directory
[1] "Simulation 82 processed"






                                 ..........................                                      
 ooooooooooooooooooooooooooooo        CURRENT SETTINGS        ooooooooooooooooooooooooooooooooooo
                                 ..........................                                      

                . Sequence filename:				 temp_sim.phy
                . Data type:					 dna
                . Alphabet size:				 4
                . Sequence format:				 interleaved
                . Number of data sets:				 1
                . Nb of bootstrapped data sets:			 0
                . Compute approximate likelihood ratio test:	 yes (SH-like branch supports)
                . Model name:					 GTR
                . Proportion of invariable sites:		 0.000000
                . Number of subst. rate categs:			 4
                . Gamma distribution parameter:			 estimated
                . 'Middle' of each rate class:			 mean
                . Nucleotide equilibrium frequencies:		 empirical
                . Optimise tree topology:			 yes
                . Tree topology search:				 NNIs
                . Starting tree:				 BioNJ
                . Add random input tree:			 no
                . Optimise branch lengths:			 yes
                . Optimise substitution model parameters:	 yes
                . Run ID:					 none
                . Random seed:					 1480571310
                . Subtree patterns aliasing:			 no
                . Version:					 20120412

 oooooooooooooooooooooooooooooooooooooooooooooooooooooooooooooooooooooooooooooooooooooooooooooooo




. Log likelihood of the current tree: -82525.824799.

. Time used 0h5m41s

oooooooooooooooooooooooooooooooooooooooooooooooooooooooooooooooooooooooooooooooooooooooooooooooo
[1] "Simulation 83 processed"
[1] "Simulation 84 processed"
[1] "Simulation 85 processed"






                                 ..........................                                      
 ooooooooooooooooooooooooooooo        CURRENT SETTINGS        ooooooooooooooooooooooooooooooooooo
                                 ..........................                                      

                . Sequence filename:				 temp_sim.phy
                . Data type:					 dna
                . Alphabet size:				 4
                . Sequence format:				 interleaved
                . Number of data sets:				 1
                . Nb of bootstrapped data sets:			 0
                . Compute approximate likelihood ratio test:	 yes (SH-like branch supports)
                . Model name:					 GTR
                . Proportion of invariable sites:		 0.000000
                . Number of subst. rate categs:			 4
                . Gamma distribution parameter:			 estimated
                . 'Middle' of each rate class:			 mean
                . Nucleotide equilibrium frequencies:		 empirical
                . Optimise tree topology:			 yes
                . Tree topology search:				 NNIs
                . Starting tree:				 BioNJ
                . Add random input tree:			 no
                . Optimise branch lengths:			 yes
                . Optimise substitution model parameters:	 yes
                . Run ID:					 none
                . Random seed:					 1480571660
                . Subtree patterns aliasing:			 no
                . Version:					 20120412

 oooooooooooooooooooooooooooooooooooooooooooooooooooooooooooooooooooooooooooooooooooooooooooooooo




. Log likelihood of the current tree: -81667.997522.

. Time used 0h8m41s

oooooooooooooooooooooooooooooooooooooooooooooooooooooooooooooooooooooooooooooooooooooooooooooooo
rm: cannot remove ‘temp_sim.phy_phyml_stats’: No such file or directory
rm: cannot remove ‘temp_sim.phy_phyml_tree’: No such file or directory
[1] "Simulation 86 processed"






                                 ..........................                                      
 ooooooooooooooooooooooooooooo        CURRENT SETTINGS        ooooooooooooooooooooooooooooooooooo
                                 ..........................                                      

                . Sequence filename:				 temp_sim.phy
                . Data type:					 dna
                . Alphabet size:				 4
                . Sequence format:				 interleaved
                . Number of data sets:				 1
                . Nb of bootstrapped data sets:			 0
                . Compute approximate likelihood ratio test:	 yes (SH-like branch supports)
                . Model name:					 GTR
                . Proportion of invariable sites:		 0.000000
                . Number of subst. rate categs:			 4
                . Gamma distribution parameter:			 estimated
                . 'Middle' of each rate class:			 mean
                . Nucleotide equilibrium frequencies:		 empirical
                . Optimise tree topology:			 yes
                . Tree topology search:				 NNIs
                . Starting tree:				 BioNJ
                . Add random input tree:			 no
                . Optimise branch lengths:			 yes
                . Optimise substitution model parameters:	 yes
                . Run ID:					 none
                . Random seed:					 1480572187
                . Subtree patterns aliasing:			 no
                . Version:					 20120412

 oooooooooooooooooooooooooooooooooooooooooooooooooooooooooooooooooooooooooooooooooooooooooooooooo




. Log likelihood of the current tree: -82902.620038.

. Time used 0h6m37s

oooooooooooooooooooooooooooooooooooooooooooooooooooooooooooooooooooooooooooooooooooooooooooooooo
rm: cannot remove ‘temp_sim.phy_phyml_stats’: No such file or directory
rm: cannot remove ‘temp_sim.phy_phyml_tree’: No such file or directory
[1] "Simulation 87 processed"






                                 ..........................                                      
 ooooooooooooooooooooooooooooo        CURRENT SETTINGS        ooooooooooooooooooooooooooooooooooo
                                 ..........................                                      

                . Sequence filename:				 temp_sim.phy
                . Data type:					 dna
                . Alphabet size:				 4
                . Sequence format:				 interleaved
                . Number of data sets:				 1
                . Nb of bootstrapped data sets:			 0
                . Compute approximate likelihood ratio test:	 yes (SH-like branch supports)
                . Model name:					 GTR
                . Proportion of invariable sites:		 0.000000
                . Number of subst. rate categs:			 4
                . Gamma distribution parameter:			 estimated
                . 'Middle' of each rate class:			 mean
                . Nucleotide equilibrium frequencies:		 empirical
                . Optimise tree topology:			 yes
                . Tree topology search:				 NNIs
                . Starting tree:				 BioNJ
                . Add random input tree:			 no
                . Optimise branch lengths:			 yes
                . Optimise substitution model parameters:	 yes
                . Run ID:					 none
                . Random seed:					 1480572588
                . Subtree patterns aliasing:			 no
                . Version:					 20120412

 oooooooooooooooooooooooooooooooooooooooooooooooooooooooooooooooooooooooooooooooooooooooooooooooo




. Log likelihood of the current tree: -82184.085986.

. Time used 0h6m35s

oooooooooooooooooooooooooooooooooooooooooooooooooooooooooooooooooooooooooooooooooooooooooooooooo
rm: cannot remove ‘temp_sim.phy_phyml_stats’: No such file or directory
rm: cannot remove ‘temp_sim.phy_phyml_tree’: No such file or directory
[1] "Simulation 88 processed"






                                 ..........................                                      
 ooooooooooooooooooooooooooooo        CURRENT SETTINGS        ooooooooooooooooooooooooooooooooooo
                                 ..........................                                      

                . Sequence filename:				 temp_sim.phy
                . Data type:					 dna
                . Alphabet size:				 4
                . Sequence format:				 interleaved
                . Number of data sets:				 1
                . Nb of bootstrapped data sets:			 0
                . Compute approximate likelihood ratio test:	 yes (SH-like branch supports)
                . Model name:					 GTR
                . Proportion of invariable sites:		 0.000000
                . Number of subst. rate categs:			 4
                . Gamma distribution parameter:			 estimated
                . 'Middle' of each rate class:			 mean
                . Nucleotide equilibrium frequencies:		 empirical
                . Optimise tree topology:			 yes
                . Tree topology search:				 NNIs
                . Starting tree:				 BioNJ
                . Add random input tree:			 no
                . Optimise branch lengths:			 yes
                . Optimise substitution model parameters:	 yes
                . Run ID:					 none
                . Random seed:					 1480572988
                . Subtree patterns aliasing:			 no
                . Version:					 20120412

 oooooooooooooooooooooooooooooooooooooooooooooooooooooooooooooooooooooooooooooooooooooooooooooooo




. Log likelihood of the current tree: -82846.340408.

. Time used 0h5m58s

oooooooooooooooooooooooooooooooooooooooooooooooooooooooooooooooooooooooooooooooooooooooooooooooo
rm: cannot remove ‘temp_sim.phy_phyml_stats’: No such file or directory
rm: cannot remove ‘temp_sim.phy_phyml_tree’: No such file or directory
[1] "Simulation 89 processed"






                                 ..........................                                      
 ooooooooooooooooooooooooooooo        CURRENT SETTINGS        ooooooooooooooooooooooooooooooooooo
                                 ..........................                                      

                . Sequence filename:				 temp_sim.phy
                . Data type:					 dna
                . Alphabet size:				 4
                . Sequence format:				 interleaved
                . Number of data sets:				 1
                . Nb of bootstrapped data sets:			 0
                . Compute approximate likelihood ratio test:	 yes (SH-like branch supports)
                . Model name:					 GTR
                . Proportion of invariable sites:		 0.000000
                . Number of subst. rate categs:			 4
                . Gamma distribution parameter:			 estimated
                . 'Middle' of each rate class:			 mean
                . Nucleotide equilibrium frequencies:		 empirical
                . Optimise tree topology:			 yes
                . Tree topology search:				 NNIs
                . Starting tree:				 BioNJ
                . Add random input tree:			 no
                . Optimise branch lengths:			 yes
                . Optimise substitution model parameters:	 yes
                . Run ID:					 none
                . Random seed:					 1480573350
                . Subtree patterns aliasing:			 no
                . Version:					 20120412

 oooooooooooooooooooooooooooooooooooooooooooooooooooooooooooooooooooooooooooooooooooooooooooooooo




. Log likelihood of the current tree: -82472.302683.

. Time used 0h6m10s

oooooooooooooooooooooooooooooooooooooooooooooooooooooooooooooooooooooooooooooooooooooooooooooooo
rm: cannot remove ‘temp_sim.phy_phyml_stats’: No such file or directory
rm: cannot remove ‘temp_sim.phy_phyml_tree’: No such file or directory
[1] "Simulation 90 processed"






                                 ..........................                                      
 ooooooooooooooooooooooooooooo        CURRENT SETTINGS        ooooooooooooooooooooooooooooooooooo
                                 ..........................                                      

                . Sequence filename:				 temp_sim.phy
                . Data type:					 dna
                . Alphabet size:				 4
                . Sequence format:				 interleaved
                . Number of data sets:				 1
                . Nb of bootstrapped data sets:			 0
                . Compute approximate likelihood ratio test:	 yes (SH-like branch supports)
                . Model name:					 GTR
                . Proportion of invariable sites:		 0.000000
                . Number of subst. rate categs:			 4
                . Gamma distribution parameter:			 estimated
                . 'Middle' of each rate class:			 mean
                . Nucleotide equilibrium frequencies:		 empirical
                . Optimise tree topology:			 yes
                . Tree topology search:				 NNIs
                . Starting tree:				 BioNJ
                . Add random input tree:			 no
                . Optimise branch lengths:			 yes
                . Optimise substitution model parameters:	 yes
                . Run ID:					 none
                . Random seed:					 1480573725
                . Subtree patterns aliasing:			 no
                . Version:					 20120412

 oooooooooooooooooooooooooooooooooooooooooooooooooooooooooooooooooooooooooooooooooooooooooooooooo




. Log likelihood of the current tree: -82089.685071.

. Time used 0h5m41s

oooooooooooooooooooooooooooooooooooooooooooooooooooooooooooooooooooooooooooooooooooooooooooooooo
rm: cannot remove ‘temp_sim.phy_phyml_stats’: No such file or directory
rm: cannot remove ‘temp_sim.phy_phyml_tree’: No such file or directory
[1] "Simulation 91 processed"






                                 ..........................                                      
 ooooooooooooooooooooooooooooo        CURRENT SETTINGS        ooooooooooooooooooooooooooooooooooo
                                 ..........................                                      

                . Sequence filename:				 temp_sim.phy
                . Data type:					 dna
                . Alphabet size:				 4
                . Sequence format:				 interleaved
                . Number of data sets:				 1
                . Nb of bootstrapped data sets:			 0
                . Compute approximate likelihood ratio test:	 yes (SH-like branch supports)
                . Model name:					 GTR
                . Proportion of invariable sites:		 0.000000
                . Number of subst. rate categs:			 4
                . Gamma distribution parameter:			 estimated
                . 'Middle' of each rate class:			 mean
                . Nucleotide equilibrium frequencies:		 empirical
                . Optimise tree topology:			 yes
                . Tree topology search:				 NNIs
                . Starting tree:				 BioNJ
                . Add random input tree:			 no
                . Optimise branch lengths:			 yes
                . Optimise substitution model parameters:	 yes
                . Run ID:					 none
                . Random seed:					 1480574072
                . Subtree patterns aliasing:			 no
                . Version:					 20120412

 oooooooooooooooooooooooooooooooooooooooooooooooooooooooooooooooooooooooooooooooooooooooooooooooo




. Log likelihood of the current tree: -83395.238463.

. Time used 0h6m24s

oooooooooooooooooooooooooooooooooooooooooooooooooooooooooooooooooooooooooooooooooooooooooooooooo
rm: cannot remove ‘temp_sim.phy_phyml_stats’: No such file or directory
rm: cannot remove ‘temp_sim.phy_phyml_tree’: No such file or directory
[1] "Simulation 92 processed"






                                 ..........................                                      
 ooooooooooooooooooooooooooooo        CURRENT SETTINGS        ooooooooooooooooooooooooooooooooooo
                                 ..........................                                      

                . Sequence filename:				 temp_sim.phy
                . Data type:					 dna
                . Alphabet size:				 4
                . Sequence format:				 interleaved
                . Number of data sets:				 1
                . Nb of bootstrapped data sets:			 0
                . Compute approximate likelihood ratio test:	 yes (SH-like branch supports)
                . Model name:					 GTR
                . Proportion of invariable sites:		 0.000000
                . Number of subst. rate categs:			 4
                . Gamma distribution parameter:			 estimated
                . 'Middle' of each rate class:			 mean
                . Nucleotide equilibrium frequencies:		 empirical
                . Optimise tree topology:			 yes
                . Tree topology search:				 NNIs
                . Starting tree:				 BioNJ
                . Add random input tree:			 no
                . Optimise branch lengths:			 yes
                . Optimise substitution model parameters:	 yes
                . Run ID:					 none
                . Random seed:					 1480574461
                . Subtree patterns aliasing:			 no
                . Version:					 20120412

 oooooooooooooooooooooooooooooooooooooooooooooooooooooooooooooooooooooooooooooooooooooooooooooooo




. Log likelihood of the current tree: -82501.967267.

. Time used 0h6m16s

oooooooooooooooooooooooooooooooooooooooooooooooooooooooooooooooooooooooooooooooooooooooooooooooo
rm: cannot remove ‘temp_sim.phy_phyml_stats’: No such file or directory
rm: cannot remove ‘temp_sim.phy_phyml_tree’: No such file or directory
[1] "Simulation 93 processed"






                                 ..........................                                      
 ooooooooooooooooooooooooooooo        CURRENT SETTINGS        ooooooooooooooooooooooooooooooooooo
                                 ..........................                                      

                . Sequence filename:				 temp_sim.phy
                . Data type:					 dna
                . Alphabet size:				 4
                . Sequence format:				 interleaved
                . Number of data sets:				 1
                . Nb of bootstrapped data sets:			 0
                . Compute approximate likelihood ratio test:	 yes (SH-like branch supports)
                . Model name:					 GTR
                . Proportion of invariable sites:		 0.000000
                . Number of subst. rate categs:			 4
                . Gamma distribution parameter:			 estimated
                . 'Middle' of each rate class:			 mean
                . Nucleotide equilibrium frequencies:		 empirical
                . Optimise tree topology:			 yes
                . Tree topology search:				 NNIs
                . Starting tree:				 BioNJ
                . Add random input tree:			 no
                . Optimise branch lengths:			 yes
                . Optimise substitution model parameters:	 yes
                . Run ID:					 none
                . Random seed:					 1480574842
                . Subtree patterns aliasing:			 no
                . Version:					 20120412

 oooooooooooooooooooooooooooooooooooooooooooooooooooooooooooooooooooooooooooooooooooooooooooooooo




. Log likelihood of the current tree: -82958.839201.

. Time used 0h7m9s

oooooooooooooooooooooooooooooooooooooooooooooooooooooooooooooooooooooooooooooooooooooooooooooooo
rm: cannot remove ‘temp_sim.phy_phyml_stats’: No such file or directory
rm: cannot remove ‘temp_sim.phy_phyml_tree’: No such file or directory
[1] "Simulation 94 processed"






                                 ..........................                                      
 ooooooooooooooooooooooooooooo        CURRENT SETTINGS        ooooooooooooooooooooooooooooooooooo
                                 ..........................                                      

                . Sequence filename:				 temp_sim.phy
                . Data type:					 dna
                . Alphabet size:				 4
                . Sequence format:				 interleaved
                . Number of data sets:				 1
                . Nb of bootstrapped data sets:			 0
                . Compute approximate likelihood ratio test:	 yes (SH-like branch supports)
                . Model name:					 GTR
                . Proportion of invariable sites:		 0.000000
                . Number of subst. rate categs:			 4
                . Gamma distribution parameter:			 estimated
                . 'Middle' of each rate class:			 mean
                . Nucleotide equilibrium frequencies:		 empirical
                . Optimise tree topology:			 yes
                . Tree topology search:				 NNIs
                . Starting tree:				 BioNJ
                . Add random input tree:			 no
                . Optimise branch lengths:			 yes
                . Optimise substitution model parameters:	 yes
                . Run ID:					 none
                . Random seed:					 1480575275
                . Subtree patterns aliasing:			 no
                . Version:					 20120412

 oooooooooooooooooooooooooooooooooooooooooooooooooooooooooooooooooooooooooooooooooooooooooooooooo




. Log likelihood of the current tree: -82287.889033.

. Time used 0h6m21s

oooooooooooooooooooooooooooooooooooooooooooooooooooooooooooooooooooooooooooooooooooooooooooooooo
rm: cannot remove ‘temp_sim.phy_phyml_stats’: No such file or directory
rm: cannot remove ‘temp_sim.phy_phyml_tree’: No such file or directory
[1] "Simulation 95 processed"
[1] "Simulation 96 processed"
[1] "Simulation 97 processed"
[1] "Simulation 98 processed"
[1] "Simulation 99 processed"
[1] "Simulation 100 processed"
There were 50 or more warnings (use warnings() to see the first 50)
Warning message:
system call failed: Cannot allocate memory 
