Loading required package: ape
[1] "sim.short.eighth.mono.10.phy"






                                 ..........................                                      
 ooooooooooooooooooooooooooooo        CURRENT SETTINGS        ooooooooooooooooooooooooooooooooooo
                                 ..........................                                      

                . Sequence filename:				 sim.short.eighth.mono.10.phy
                . Data type:					 dna
                . Alphabet size:				 4
                . Sequence format:				 interleaved
                . Number of data sets:				 1
                . Nb of bootstrapped data sets:			 0
                . Compute approximate likelihood ratio test:	 yes (SH-like branch supports)
                . Model name:					 GTR
                . Proportion of invariable sites:		 0.000000
                . Number of subst. rate categs:			 4
                . Gamma distribution parameter:			 estimated
                . 'Middle' of each rate class:			 mean
                . Nucleotide equilibrium frequencies:		 empirical
                . Optimise tree topology:			 yes
                . Tree topology search:				 NNIs
                . Starting tree:				 BioNJ
                . Add random input tree:			 no
                . Optimise branch lengths:			 yes
                . Optimise substitution model parameters:	 yes
                . Run ID:					 none
                . Random seed:					 1480545446
                . Subtree patterns aliasing:			 no
                . Version:					 20120412

 oooooooooooooooooooooooooooooooooooooooooooooooooooooooooooooooooooooooooooooooooooooooooooooooo




. Log likelihood of the current tree: -69555.970168.

. Time used 0h4m15s

oooooooooooooooooooooooooooooooooooooooooooooooooooooooooooooooooooooooooooooooooooooooooooooooo
[1] "sequence length is 5000"
[1] "TREE:"

Phylogenetic tree with 64 tips and 62 internal nodes.

Tip labels:
	t51, t52, t49, t50, t56, t55, ...
Node labels:
	, 0.999000, 0.898000, 1.000000, 1.000000, 0.088000, ...

Unrooted; includes branch lengths.
[1] "Q matrix = 0.16737" "Q matrix = 0.61961" "Q matrix = 0.18428"
[4] "Q matrix = 0.11749" "Q matrix = 0.78215" "Q matrix = 0.1341" 
[1] "Q matrix = 0.16737" "Q matrix = 0.61961" "Q matrix = 0.18428"
[4] "Q matrix = 0.11749" "Q matrix = 0.78215" "Q matrix = 0.1341" 
[1] "Q matrix = 0.16737" "Q matrix = 0.61961" "Q matrix = 0.18428"
[4] "Q matrix = 0.11749" "Q matrix = 0.78215" "Q matrix = 0.1341" 
[1] "Q matrix = 0.16737" "Q matrix = 0.61961" "Q matrix = 0.18428"
[4] "Q matrix = 0.11749" "Q matrix = 0.78215" "Q matrix = 0.1341" 
[1] "Q matrix = 0.16737" "Q matrix = 0.61961" "Q matrix = 0.18428"
[4] "Q matrix = 0.11749" "Q matrix = 0.78215" "Q matrix = 0.1341" 
[1] "Q matrix = 0.16737" "Q matrix = 0.61961" "Q matrix = 0.18428"
[4] "Q matrix = 0.11749" "Q matrix = 0.78215" "Q matrix = 0.1341" 
[1] "Q matrix = 0.16737" "Q matrix = 0.61961" "Q matrix = 0.18428"
[4] "Q matrix = 0.11749" "Q matrix = 0.78215" "Q matrix = 0.1341" 
[1] "Q matrix = 0.16737" "Q matrix = 0.61961" "Q matrix = 0.18428"
[4] "Q matrix = 0.11749" "Q matrix = 0.78215" "Q matrix = 0.1341" 
[1] "Q matrix = 0.16737" "Q matrix = 0.61961" "Q matrix = 0.18428"
[4] "Q matrix = 0.11749" "Q matrix = 0.78215" "Q matrix = 0.1341" 
[1] "Q matrix = 0.16737" "Q matrix = 0.61961" "Q matrix = 0.18428"
[4] "Q matrix = 0.11749" "Q matrix = 0.78215" "Q matrix = 0.1341" 
[1] "Q matrix = 0.16737" "Q matrix = 0.61961" "Q matrix = 0.18428"
[4] "Q matrix = 0.11749" "Q matrix = 0.78215" "Q matrix = 0.1341" 
[1] "Q matrix = 0.16737" "Q matrix = 0.61961" "Q matrix = 0.18428"
[4] "Q matrix = 0.11749" "Q matrix = 0.78215" "Q matrix = 0.1341" 
[1] "Q matrix = 0.16737" "Q matrix = 0.61961" "Q matrix = 0.18428"
[4] "Q matrix = 0.11749" "Q matrix = 0.78215" "Q matrix = 0.1341" 
[1] "Q matrix = 0.16737" "Q matrix = 0.61961" "Q matrix = 0.18428"
[4] "Q matrix = 0.11749" "Q matrix = 0.78215" "Q matrix = 0.1341" 
[1] "Q matrix = 0.16737" "Q matrix = 0.61961" "Q matrix = 0.18428"
[4] "Q matrix = 0.11749" "Q matrix = 0.78215" "Q matrix = 0.1341" 
[1] "Q matrix = 0.16737" "Q matrix = 0.61961" "Q matrix = 0.18428"
[4] "Q matrix = 0.11749" "Q matrix = 0.78215" "Q matrix = 0.1341" 
[1] "Q matrix = 0.16737" "Q matrix = 0.61961" "Q matrix = 0.18428"
[4] "Q matrix = 0.11749" "Q matrix = 0.78215" "Q matrix = 0.1341" 
[1] "Q matrix = 0.16737" "Q matrix = 0.61961" "Q matrix = 0.18428"
[4] "Q matrix = 0.11749" "Q matrix = 0.78215" "Q matrix = 0.1341" 
[1] "Q matrix = 0.16737" "Q matrix = 0.61961" "Q matrix = 0.18428"
[4] "Q matrix = 0.11749" "Q matrix = 0.78215" "Q matrix = 0.1341" 
[1] "Q matrix = 0.16737" "Q matrix = 0.61961" "Q matrix = 0.18428"
[4] "Q matrix = 0.11749" "Q matrix = 0.78215" "Q matrix = 0.1341" 
[1] "Q matrix = 0.16737" "Q matrix = 0.61961" "Q matrix = 0.18428"
[4] "Q matrix = 0.11749" "Q matrix = 0.78215" "Q matrix = 0.1341" 
[1] "Q matrix = 0.16737" "Q matrix = 0.61961" "Q matrix = 0.18428"
[4] "Q matrix = 0.11749" "Q matrix = 0.78215" "Q matrix = 0.1341" 
[1] "Q matrix = 0.16737" "Q matrix = 0.61961" "Q matrix = 0.18428"
[4] "Q matrix = 0.11749" "Q matrix = 0.78215" "Q matrix = 0.1341" 
[1] "Q matrix = 0.16737" "Q matrix = 0.61961" "Q matrix = 0.18428"
[4] "Q matrix = 0.11749" "Q matrix = 0.78215" "Q matrix = 0.1341" 
[1] "Q matrix = 0.16737" "Q matrix = 0.61961" "Q matrix = 0.18428"
[4] "Q matrix = 0.11749" "Q matrix = 0.78215" "Q matrix = 0.1341" 
[1] "Q matrix = 0.16737" "Q matrix = 0.61961" "Q matrix = 0.18428"
[4] "Q matrix = 0.11749" "Q matrix = 0.78215" "Q matrix = 0.1341" 
[1] "Q matrix = 0.16737" "Q matrix = 0.61961" "Q matrix = 0.18428"
[4] "Q matrix = 0.11749" "Q matrix = 0.78215" "Q matrix = 0.1341" 
[1] "Q matrix = 0.16737" "Q matrix = 0.61961" "Q matrix = 0.18428"
[4] "Q matrix = 0.11749" "Q matrix = 0.78215" "Q matrix = 0.1341" 
[1] "Q matrix = 0.16737" "Q matrix = 0.61961" "Q matrix = 0.18428"
[4] "Q matrix = 0.11749" "Q matrix = 0.78215" "Q matrix = 0.1341" 
[1] "Q matrix = 0.16737" "Q matrix = 0.61961" "Q matrix = 0.18428"
[4] "Q matrix = 0.11749" "Q matrix = 0.78215" "Q matrix = 0.1341" 
[1] "Q matrix = 0.16737" "Q matrix = 0.61961" "Q matrix = 0.18428"
[4] "Q matrix = 0.11749" "Q matrix = 0.78215" "Q matrix = 0.1341" 
[1] "Q matrix = 0.16737" "Q matrix = 0.61961" "Q matrix = 0.18428"
[4] "Q matrix = 0.11749" "Q matrix = 0.78215" "Q matrix = 0.1341" 
[1] "Q matrix = 0.16737" "Q matrix = 0.61961" "Q matrix = 0.18428"
[4] "Q matrix = 0.11749" "Q matrix = 0.78215" "Q matrix = 0.1341" 
[1] "Q matrix = 0.16737" "Q matrix = 0.61961" "Q matrix = 0.18428"
[4] "Q matrix = 0.11749" "Q matrix = 0.78215" "Q matrix = 0.1341" 
[1] "Q matrix = 0.16737" "Q matrix = 0.61961" "Q matrix = 0.18428"
[4] "Q matrix = 0.11749" "Q matrix = 0.78215" "Q matrix = 0.1341" 
[1] "Q matrix = 0.16737" "Q matrix = 0.61961" "Q matrix = 0.18428"
[4] "Q matrix = 0.11749" "Q matrix = 0.78215" "Q matrix = 0.1341" 
[1] "Q matrix = 0.16737" "Q matrix = 0.61961" "Q matrix = 0.18428"
[4] "Q matrix = 0.11749" "Q matrix = 0.78215" "Q matrix = 0.1341" 
[1] "Q matrix = 0.16737" "Q matrix = 0.61961" "Q matrix = 0.18428"
[4] "Q matrix = 0.11749" "Q matrix = 0.78215" "Q matrix = 0.1341" 
[1] "Q matrix = 0.16737" "Q matrix = 0.61961" "Q matrix = 0.18428"
[4] "Q matrix = 0.11749" "Q matrix = 0.78215" "Q matrix = 0.1341" 
[1] "Q matrix = 0.16737" "Q matrix = 0.61961" "Q matrix = 0.18428"
[4] "Q matrix = 0.11749" "Q matrix = 0.78215" "Q matrix = 0.1341" 
[1] "Q matrix = 0.16737" "Q matrix = 0.61961" "Q matrix = 0.18428"
[4] "Q matrix = 0.11749" "Q matrix = 0.78215" "Q matrix = 0.1341" 
[1] "Q matrix = 0.16737" "Q matrix = 0.61961" "Q matrix = 0.18428"
[4] "Q matrix = 0.11749" "Q matrix = 0.78215" "Q matrix = 0.1341" 
[1] "Q matrix = 0.16737" "Q matrix = 0.61961" "Q matrix = 0.18428"
[4] "Q matrix = 0.11749" "Q matrix = 0.78215" "Q matrix = 0.1341" 
[1] "Q matrix = 0.16737" "Q matrix = 0.61961" "Q matrix = 0.18428"
[4] "Q matrix = 0.11749" "Q matrix = 0.78215" "Q matrix = 0.1341" 
[1] "Q matrix = 0.16737" "Q matrix = 0.61961" "Q matrix = 0.18428"
[4] "Q matrix = 0.11749" "Q matrix = 0.78215" "Q matrix = 0.1341" 
[1] "Q matrix = 0.16737" "Q matrix = 0.61961" "Q matrix = 0.18428"
[4] "Q matrix = 0.11749" "Q matrix = 0.78215" "Q matrix = 0.1341" 
[1] "Q matrix = 0.16737" "Q matrix = 0.61961" "Q matrix = 0.18428"
[4] "Q matrix = 0.11749" "Q matrix = 0.78215" "Q matrix = 0.1341" 
[1] "Q matrix = 0.16737" "Q matrix = 0.61961" "Q matrix = 0.18428"
[4] "Q matrix = 0.11749" "Q matrix = 0.78215" "Q matrix = 0.1341" 
[1] "Q matrix = 0.16737" "Q matrix = 0.61961" "Q matrix = 0.18428"
[4] "Q matrix = 0.11749" "Q matrix = 0.78215" "Q matrix = 0.1341" 
[1] "Q matrix = 0.16737" "Q matrix = 0.61961" "Q matrix = 0.18428"
[4] "Q matrix = 0.11749" "Q matrix = 0.78215" "Q matrix = 0.1341" 
[1] "Q matrix = 0.16737" "Q matrix = 0.61961" "Q matrix = 0.18428"
[4] "Q matrix = 0.11749" "Q matrix = 0.78215" "Q matrix = 0.1341" 
[1] "Q matrix = 0.16737" "Q matrix = 0.61961" "Q matrix = 0.18428"
[4] "Q matrix = 0.11749" "Q matrix = 0.78215" "Q matrix = 0.1341" 
[1] "Q matrix = 0.16737" "Q matrix = 0.61961" "Q matrix = 0.18428"
[4] "Q matrix = 0.11749" "Q matrix = 0.78215" "Q matrix = 0.1341" 
[1] "Q matrix = 0.16737" "Q matrix = 0.61961" "Q matrix = 0.18428"
[4] "Q matrix = 0.11749" "Q matrix = 0.78215" "Q matrix = 0.1341" 
[1] "Q matrix = 0.16737" "Q matrix = 0.61961" "Q matrix = 0.18428"
[4] "Q matrix = 0.11749" "Q matrix = 0.78215" "Q matrix = 0.1341" 
[1] "Q matrix = 0.16737" "Q matrix = 0.61961" "Q matrix = 0.18428"
[4] "Q matrix = 0.11749" "Q matrix = 0.78215" "Q matrix = 0.1341" 
[1] "Q matrix = 0.16737" "Q matrix = 0.61961" "Q matrix = 0.18428"
[4] "Q matrix = 0.11749" "Q matrix = 0.78215" "Q matrix = 0.1341" 
[1] "Q matrix = 0.16737" "Q matrix = 0.61961" "Q matrix = 0.18428"
[4] "Q matrix = 0.11749" "Q matrix = 0.78215" "Q matrix = 0.1341" 
[1] "Q matrix = 0.16737" "Q matrix = 0.61961" "Q matrix = 0.18428"
[4] "Q matrix = 0.11749" "Q matrix = 0.78215" "Q matrix = 0.1341" 
[1] "Q matrix = 0.16737" "Q matrix = 0.61961" "Q matrix = 0.18428"
[4] "Q matrix = 0.11749" "Q matrix = 0.78215" "Q matrix = 0.1341" 
[1] "Q matrix = 0.16737" "Q matrix = 0.61961" "Q matrix = 0.18428"
[4] "Q matrix = 0.11749" "Q matrix = 0.78215" "Q matrix = 0.1341" 
[1] "Q matrix = 0.16737" "Q matrix = 0.61961" "Q matrix = 0.18428"
[4] "Q matrix = 0.11749" "Q matrix = 0.78215" "Q matrix = 0.1341" 
[1] "Q matrix = 0.16737" "Q matrix = 0.61961" "Q matrix = 0.18428"
[4] "Q matrix = 0.11749" "Q matrix = 0.78215" "Q matrix = 0.1341" 
[1] "Q matrix = 0.16737" "Q matrix = 0.61961" "Q matrix = 0.18428"
[4] "Q matrix = 0.11749" "Q matrix = 0.78215" "Q matrix = 0.1341" 
[1] "Q matrix = 0.16737" "Q matrix = 0.61961" "Q matrix = 0.18428"
[4] "Q matrix = 0.11749" "Q matrix = 0.78215" "Q matrix = 0.1341" 
[1] "Q matrix = 0.16737" "Q matrix = 0.61961" "Q matrix = 0.18428"
[4] "Q matrix = 0.11749" "Q matrix = 0.78215" "Q matrix = 0.1341" 
[1] "Q matrix = 0.16737" "Q matrix = 0.61961" "Q matrix = 0.18428"
[4] "Q matrix = 0.11749" "Q matrix = 0.78215" "Q matrix = 0.1341" 
[1] "Q matrix = 0.16737" "Q matrix = 0.61961" "Q matrix = 0.18428"
[4] "Q matrix = 0.11749" "Q matrix = 0.78215" "Q matrix = 0.1341" 
[1] "Q matrix = 0.16737" "Q matrix = 0.61961" "Q matrix = 0.18428"
[4] "Q matrix = 0.11749" "Q matrix = 0.78215" "Q matrix = 0.1341" 
[1] "Q matrix = 0.16737" "Q matrix = 0.61961" "Q matrix = 0.18428"
[4] "Q matrix = 0.11749" "Q matrix = 0.78215" "Q matrix = 0.1341" 
[1] "Q matrix = 0.16737" "Q matrix = 0.61961" "Q matrix = 0.18428"
[4] "Q matrix = 0.11749" "Q matrix = 0.78215" "Q matrix = 0.1341" 
[1] "Q matrix = 0.16737" "Q matrix = 0.61961" "Q matrix = 0.18428"
[4] "Q matrix = 0.11749" "Q matrix = 0.78215" "Q matrix = 0.1341" 
[1] "Q matrix = 0.16737" "Q matrix = 0.61961" "Q matrix = 0.18428"
[4] "Q matrix = 0.11749" "Q matrix = 0.78215" "Q matrix = 0.1341" 
[1] "Q matrix = 0.16737" "Q matrix = 0.61961" "Q matrix = 0.18428"
[4] "Q matrix = 0.11749" "Q matrix = 0.78215" "Q matrix = 0.1341" 
[1] "Q matrix = 0.16737" "Q matrix = 0.61961" "Q matrix = 0.18428"
[4] "Q matrix = 0.11749" "Q matrix = 0.78215" "Q matrix = 0.1341" 
[1] "Q matrix = 0.16737" "Q matrix = 0.61961" "Q matrix = 0.18428"
[4] "Q matrix = 0.11749" "Q matrix = 0.78215" "Q matrix = 0.1341" 
[1] "Q matrix = 0.16737" "Q matrix = 0.61961" "Q matrix = 0.18428"
[4] "Q matrix = 0.11749" "Q matrix = 0.78215" "Q matrix = 0.1341" 
[1] "Q matrix = 0.16737" "Q matrix = 0.61961" "Q matrix = 0.18428"
[4] "Q matrix = 0.11749" "Q matrix = 0.78215" "Q matrix = 0.1341" 
[1] "Q matrix = 0.16737" "Q matrix = 0.61961" "Q matrix = 0.18428"
[4] "Q matrix = 0.11749" "Q matrix = 0.78215" "Q matrix = 0.1341" 
[1] "Q matrix = 0.16737" "Q matrix = 0.61961" "Q matrix = 0.18428"
[4] "Q matrix = 0.11749" "Q matrix = 0.78215" "Q matrix = 0.1341" 
[1] "Q matrix = 0.16737" "Q matrix = 0.61961" "Q matrix = 0.18428"
[4] "Q matrix = 0.11749" "Q matrix = 0.78215" "Q matrix = 0.1341" 
[1] "Q matrix = 0.16737" "Q matrix = 0.61961" "Q matrix = 0.18428"
[4] "Q matrix = 0.11749" "Q matrix = 0.78215" "Q matrix = 0.1341" 
[1] "Q matrix = 0.16737" "Q matrix = 0.61961" "Q matrix = 0.18428"
[4] "Q matrix = 0.11749" "Q matrix = 0.78215" "Q matrix = 0.1341" 
[1] "Q matrix = 0.16737" "Q matrix = 0.61961" "Q matrix = 0.18428"
[4] "Q matrix = 0.11749" "Q matrix = 0.78215" "Q matrix = 0.1341" 
[1] "Q matrix = 0.16737" "Q matrix = 0.61961" "Q matrix = 0.18428"
[4] "Q matrix = 0.11749" "Q matrix = 0.78215" "Q matrix = 0.1341" 
[1] "Q matrix = 0.16737" "Q matrix = 0.61961" "Q matrix = 0.18428"
[4] "Q matrix = 0.11749" "Q matrix = 0.78215" "Q matrix = 0.1341" 
[1] "Q matrix = 0.16737" "Q matrix = 0.61961" "Q matrix = 0.18428"
[4] "Q matrix = 0.11749" "Q matrix = 0.78215" "Q matrix = 0.1341" 
[1] "Q matrix = 0.16737" "Q matrix = 0.61961" "Q matrix = 0.18428"
[4] "Q matrix = 0.11749" "Q matrix = 0.78215" "Q matrix = 0.1341" 
[1] "Q matrix = 0.16737" "Q matrix = 0.61961" "Q matrix = 0.18428"
[4] "Q matrix = 0.11749" "Q matrix = 0.78215" "Q matrix = 0.1341" 
[1] "Q matrix = 0.16737" "Q matrix = 0.61961" "Q matrix = 0.18428"
[4] "Q matrix = 0.11749" "Q matrix = 0.78215" "Q matrix = 0.1341" 
[1] "Q matrix = 0.16737" "Q matrix = 0.61961" "Q matrix = 0.18428"
[4] "Q matrix = 0.11749" "Q matrix = 0.78215" "Q matrix = 0.1341" 
[1] "Q matrix = 0.16737" "Q matrix = 0.61961" "Q matrix = 0.18428"
[4] "Q matrix = 0.11749" "Q matrix = 0.78215" "Q matrix = 0.1341" 
[1] "Q matrix = 0.16737" "Q matrix = 0.61961" "Q matrix = 0.18428"
[4] "Q matrix = 0.11749" "Q matrix = 0.78215" "Q matrix = 0.1341" 
[1] "Q matrix = 0.16737" "Q matrix = 0.61961" "Q matrix = 0.18428"
[4] "Q matrix = 0.11749" "Q matrix = 0.78215" "Q matrix = 0.1341" 
[1] "Q matrix = 0.16737" "Q matrix = 0.61961" "Q matrix = 0.18428"
[4] "Q matrix = 0.11749" "Q matrix = 0.78215" "Q matrix = 0.1341" 
[1] "Q matrix = 0.16737" "Q matrix = 0.61961" "Q matrix = 0.18428"
[4] "Q matrix = 0.11749" "Q matrix = 0.78215" "Q matrix = 0.1341" 
[1] "Q matrix = 0.16737" "Q matrix = 0.61961" "Q matrix = 0.18428"
[4] "Q matrix = 0.11749" "Q matrix = 0.78215" "Q matrix = 0.1341" 
[1] "Q matrix = 0.16737" "Q matrix = 0.61961" "Q matrix = 0.18428"
[4] "Q matrix = 0.11749" "Q matrix = 0.78215" "Q matrix = 0.1341" 
[1] "Q matrix = 0.16737" "Q matrix = 0.61961" "Q matrix = 0.18428"
[4] "Q matrix = 0.11749" "Q matrix = 0.78215" "Q matrix = 0.1341" 
[1] "Q matrix = 0.16737" "Q matrix = 0.61961" "Q matrix = 0.18428"
[4] "Q matrix = 0.11749" "Q matrix = 0.78215" "Q matrix = 0.1341" 
Loading required package: MASS
Error in file(con, "r") : cannot open the connection
Calls: adeq.ml -> make.ml.tr -> readLines -> file
In addition: Warning messages:
1: In system(paste(phymlpath, "-m", model, "-a e --q -i temp_sim.phy")) :
  system call failed: Cannot allocate memory
2: In file(con, "r") :
  cannot open file 'temp_sim.phy_phyml_stats.txt': No such file or directory
Execution halted
Warning message:
system call failed: Cannot allocate memory 
