Loading required package: ape
[1] "sim.long.eighth.nonmono.3.phy"






                                 ..........................                                      
 ooooooooooooooooooooooooooooo        CURRENT SETTINGS        ooooooooooooooooooooooooooooooooooo
                                 ..........................                                      

                . Sequence filename:				 sim.long.eighth.nonmono.3.phy
                . Data type:					 dna
                . Alphabet size:				 4
                . Sequence format:				 interleaved
                . Number of data sets:				 1
                . Nb of bootstrapped data sets:			 0
                . Compute approximate likelihood ratio test:	 yes (SH-like branch supports)
                . Model name:					 GTR
                . Proportion of invariable sites:		 0.000000
                . Number of subst. rate categs:			 4
                . Gamma distribution parameter:			 estimated
                . 'Middle' of each rate class:			 mean
                . Nucleotide equilibrium frequencies:		 empirical
                . Optimise tree topology:			 yes
                . Tree topology search:				 NNIs
                . Starting tree:				 BioNJ
                . Add random input tree:			 no
                . Optimise branch lengths:			 yes
                . Optimise substitution model parameters:	 yes
                . Run ID:					 none
                . Random seed:					 1480712447
                . Subtree patterns aliasing:			 no
                . Version:					 20120412

 oooooooooooooooooooooooooooooooooooooooooooooooooooooooooooooooooooooooooooooooooooooooooooooooo




. Log likelihood of the current tree: -226466.718049.

. Time used 1h8m7s

oooooooooooooooooooooooooooooooooooooooooooooooooooooooooooooooooooooooooooooooooooooooooooooooo
[1] "sequence length is 5000"
[1] "TREE:"

Phylogenetic tree with 64 tips and 62 internal nodes.

Tip labels:
	t63, t64, t61, t62, t59, t60, ...
Node labels:
	, 0.968000, 1.000000, 0.973000, 0.999000, 0.996000, ...

Unrooted; includes branch lengths.
[1] "Q matrix = 0.14339" "Q matrix = 0.50559" "Q matrix = 0.17326"
[4] "Q matrix = 0.13226" "Q matrix = 0.98619" "Q matrix = 0.17165"
[1] "Q matrix = 0.14339" "Q matrix = 0.50559" "Q matrix = 0.17326"
[4] "Q matrix = 0.13226" "Q matrix = 0.98619" "Q matrix = 0.17165"
[1] "Q matrix = 0.14339" "Q matrix = 0.50559" "Q matrix = 0.17326"
[4] "Q matrix = 0.13226" "Q matrix = 0.98619" "Q matrix = 0.17165"
[1] "Q matrix = 0.14339" "Q matrix = 0.50559" "Q matrix = 0.17326"
[4] "Q matrix = 0.13226" "Q matrix = 0.98619" "Q matrix = 0.17165"
[1] "Q matrix = 0.14339" "Q matrix = 0.50559" "Q matrix = 0.17326"
[4] "Q matrix = 0.13226" "Q matrix = 0.98619" "Q matrix = 0.17165"
[1] "Q matrix = 0.14339" "Q matrix = 0.50559" "Q matrix = 0.17326"
[4] "Q matrix = 0.13226" "Q matrix = 0.98619" "Q matrix = 0.17165"
[1] "Q matrix = 0.14339" "Q matrix = 0.50559" "Q matrix = 0.17326"
[4] "Q matrix = 0.13226" "Q matrix = 0.98619" "Q matrix = 0.17165"
[1] "Q matrix = 0.14339" "Q matrix = 0.50559" "Q matrix = 0.17326"
[4] "Q matrix = 0.13226" "Q matrix = 0.98619" "Q matrix = 0.17165"
[1] "Q matrix = 0.14339" "Q matrix = 0.50559" "Q matrix = 0.17326"
[4] "Q matrix = 0.13226" "Q matrix = 0.98619" "Q matrix = 0.17165"
[1] "Q matrix = 0.14339" "Q matrix = 0.50559" "Q matrix = 0.17326"
[4] "Q matrix = 0.13226" "Q matrix = 0.98619" "Q matrix = 0.17165"
[1] "Q matrix = 0.14339" "Q matrix = 0.50559" "Q matrix = 0.17326"
[4] "Q matrix = 0.13226" "Q matrix = 0.98619" "Q matrix = 0.17165"
[1] "Q matrix = 0.14339" "Q matrix = 0.50559" "Q matrix = 0.17326"
[4] "Q matrix = 0.13226" "Q matrix = 0.98619" "Q matrix = 0.17165"
[1] "Q matrix = 0.14339" "Q matrix = 0.50559" "Q matrix = 0.17326"
[4] "Q matrix = 0.13226" "Q matrix = 0.98619" "Q matrix = 0.17165"
[1] "Q matrix = 0.14339" "Q matrix = 0.50559" "Q matrix = 0.17326"
[4] "Q matrix = 0.13226" "Q matrix = 0.98619" "Q matrix = 0.17165"
[1] "Q matrix = 0.14339" "Q matrix = 0.50559" "Q matrix = 0.17326"
[4] "Q matrix = 0.13226" "Q matrix = 0.98619" "Q matrix = 0.17165"
[1] "Q matrix = 0.14339" "Q matrix = 0.50559" "Q matrix = 0.17326"
[4] "Q matrix = 0.13226" "Q matrix = 0.98619" "Q matrix = 0.17165"
[1] "Q matrix = 0.14339" "Q matrix = 0.50559" "Q matrix = 0.17326"
[4] "Q matrix = 0.13226" "Q matrix = 0.98619" "Q matrix = 0.17165"
[1] "Q matrix = 0.14339" "Q matrix = 0.50559" "Q matrix = 0.17326"
[4] "Q matrix = 0.13226" "Q matrix = 0.98619" "Q matrix = 0.17165"
[1] "Q matrix = 0.14339" "Q matrix = 0.50559" "Q matrix = 0.17326"
[4] "Q matrix = 0.13226" "Q matrix = 0.98619" "Q matrix = 0.17165"
[1] "Q matrix = 0.14339" "Q matrix = 0.50559" "Q matrix = 0.17326"
[4] "Q matrix = 0.13226" "Q matrix = 0.98619" "Q matrix = 0.17165"
[1] "Q matrix = 0.14339" "Q matrix = 0.50559" "Q matrix = 0.17326"
[4] "Q matrix = 0.13226" "Q matrix = 0.98619" "Q matrix = 0.17165"
[1] "Q matrix = 0.14339" "Q matrix = 0.50559" "Q matrix = 0.17326"
[4] "Q matrix = 0.13226" "Q matrix = 0.98619" "Q matrix = 0.17165"
[1] "Q matrix = 0.14339" "Q matrix = 0.50559" "Q matrix = 0.17326"
[4] "Q matrix = 0.13226" "Q matrix = 0.98619" "Q matrix = 0.17165"
[1] "Q matrix = 0.14339" "Q matrix = 0.50559" "Q matrix = 0.17326"
[4] "Q matrix = 0.13226" "Q matrix = 0.98619" "Q matrix = 0.17165"
[1] "Q matrix = 0.14339" "Q matrix = 0.50559" "Q matrix = 0.17326"
[4] "Q matrix = 0.13226" "Q matrix = 0.98619" "Q matrix = 0.17165"
[1] "Q matrix = 0.14339" "Q matrix = 0.50559" "Q matrix = 0.17326"
[4] "Q matrix = 0.13226" "Q matrix = 0.98619" "Q matrix = 0.17165"
[1] "Q matrix = 0.14339" "Q matrix = 0.50559" "Q matrix = 0.17326"
[4] "Q matrix = 0.13226" "Q matrix = 0.98619" "Q matrix = 0.17165"
[1] "Q matrix = 0.14339" "Q matrix = 0.50559" "Q matrix = 0.17326"
[4] "Q matrix = 0.13226" "Q matrix = 0.98619" "Q matrix = 0.17165"
[1] "Q matrix = 0.14339" "Q matrix = 0.50559" "Q matrix = 0.17326"
[4] "Q matrix = 0.13226" "Q matrix = 0.98619" "Q matrix = 0.17165"
[1] "Q matrix = 0.14339" "Q matrix = 0.50559" "Q matrix = 0.17326"
[4] "Q matrix = 0.13226" "Q matrix = 0.98619" "Q matrix = 0.17165"
[1] "Q matrix = 0.14339" "Q matrix = 0.50559" "Q matrix = 0.17326"
[4] "Q matrix = 0.13226" "Q matrix = 0.98619" "Q matrix = 0.17165"
[1] "Q matrix = 0.14339" "Q matrix = 0.50559" "Q matrix = 0.17326"
[4] "Q matrix = 0.13226" "Q matrix = 0.98619" "Q matrix = 0.17165"
[1] "Q matrix = 0.14339" "Q matrix = 0.50559" "Q matrix = 0.17326"
[4] "Q matrix = 0.13226" "Q matrix = 0.98619" "Q matrix = 0.17165"
[1] "Q matrix = 0.14339" "Q matrix = 0.50559" "Q matrix = 0.17326"
[4] "Q matrix = 0.13226" "Q matrix = 0.98619" "Q matrix = 0.17165"
[1] "Q matrix = 0.14339" "Q matrix = 0.50559" "Q matrix = 0.17326"
[4] "Q matrix = 0.13226" "Q matrix = 0.98619" "Q matrix = 0.17165"
[1] "Q matrix = 0.14339" "Q matrix = 0.50559" "Q matrix = 0.17326"
[4] "Q matrix = 0.13226" "Q matrix = 0.98619" "Q matrix = 0.17165"
[1] "Q matrix = 0.14339" "Q matrix = 0.50559" "Q matrix = 0.17326"
[4] "Q matrix = 0.13226" "Q matrix = 0.98619" "Q matrix = 0.17165"
[1] "Q matrix = 0.14339" "Q matrix = 0.50559" "Q matrix = 0.17326"
[4] "Q matrix = 0.13226" "Q matrix = 0.98619" "Q matrix = 0.17165"
[1] "Q matrix = 0.14339" "Q matrix = 0.50559" "Q matrix = 0.17326"
[4] "Q matrix = 0.13226" "Q matrix = 0.98619" "Q matrix = 0.17165"
[1] "Q matrix = 0.14339" "Q matrix = 0.50559" "Q matrix = 0.17326"
[4] "Q matrix = 0.13226" "Q matrix = 0.98619" "Q matrix = 0.17165"
[1] "Q matrix = 0.14339" "Q matrix = 0.50559" "Q matrix = 0.17326"
[4] "Q matrix = 0.13226" "Q matrix = 0.98619" "Q matrix = 0.17165"
[1] "Q matrix = 0.14339" "Q matrix = 0.50559" "Q matrix = 0.17326"
[4] "Q matrix = 0.13226" "Q matrix = 0.98619" "Q matrix = 0.17165"
[1] "Q matrix = 0.14339" "Q matrix = 0.50559" "Q matrix = 0.17326"
[4] "Q matrix = 0.13226" "Q matrix = 0.98619" "Q matrix = 0.17165"
[1] "Q matrix = 0.14339" "Q matrix = 0.50559" "Q matrix = 0.17326"
[4] "Q matrix = 0.13226" "Q matrix = 0.98619" "Q matrix = 0.17165"
[1] "Q matrix = 0.14339" "Q matrix = 0.50559" "Q matrix = 0.17326"
[4] "Q matrix = 0.13226" "Q matrix = 0.98619" "Q matrix = 0.17165"
[1] "Q matrix = 0.14339" "Q matrix = 0.50559" "Q matrix = 0.17326"
[4] "Q matrix = 0.13226" "Q matrix = 0.98619" "Q matrix = 0.17165"
[1] "Q matrix = 0.14339" "Q matrix = 0.50559" "Q matrix = 0.17326"
[4] "Q matrix = 0.13226" "Q matrix = 0.98619" "Q matrix = 0.17165"
[1] "Q matrix = 0.14339" "Q matrix = 0.50559" "Q matrix = 0.17326"
[4] "Q matrix = 0.13226" "Q matrix = 0.98619" "Q matrix = 0.17165"
[1] "Q matrix = 0.14339" "Q matrix = 0.50559" "Q matrix = 0.17326"
[4] "Q matrix = 0.13226" "Q matrix = 0.98619" "Q matrix = 0.17165"
[1] "Q matrix = 0.14339" "Q matrix = 0.50559" "Q matrix = 0.17326"
[4] "Q matrix = 0.13226" "Q matrix = 0.98619" "Q matrix = 0.17165"
[1] "Q matrix = 0.14339" "Q matrix = 0.50559" "Q matrix = 0.17326"
[4] "Q matrix = 0.13226" "Q matrix = 0.98619" "Q matrix = 0.17165"
[1] "Q matrix = 0.14339" "Q matrix = 0.50559" "Q matrix = 0.17326"
[4] "Q matrix = 0.13226" "Q matrix = 0.98619" "Q matrix = 0.17165"
[1] "Q matrix = 0.14339" "Q matrix = 0.50559" "Q matrix = 0.17326"
[4] "Q matrix = 0.13226" "Q matrix = 0.98619" "Q matrix = 0.17165"
[1] "Q matrix = 0.14339" "Q matrix = 0.50559" "Q matrix = 0.17326"
[4] "Q matrix = 0.13226" "Q matrix = 0.98619" "Q matrix = 0.17165"
[1] "Q matrix = 0.14339" "Q matrix = 0.50559" "Q matrix = 0.17326"
[4] "Q matrix = 0.13226" "Q matrix = 0.98619" "Q matrix = 0.17165"
[1] "Q matrix = 0.14339" "Q matrix = 0.50559" "Q matrix = 0.17326"
[4] "Q matrix = 0.13226" "Q matrix = 0.98619" "Q matrix = 0.17165"
[1] "Q matrix = 0.14339" "Q matrix = 0.50559" "Q matrix = 0.17326"
[4] "Q matrix = 0.13226" "Q matrix = 0.98619" "Q matrix = 0.17165"
[1] "Q matrix = 0.14339" "Q matrix = 0.50559" "Q matrix = 0.17326"
[4] "Q matrix = 0.13226" "Q matrix = 0.98619" "Q matrix = 0.17165"
[1] "Q matrix = 0.14339" "Q matrix = 0.50559" "Q matrix = 0.17326"
[4] "Q matrix = 0.13226" "Q matrix = 0.98619" "Q matrix = 0.17165"
[1] "Q matrix = 0.14339" "Q matrix = 0.50559" "Q matrix = 0.17326"
[4] "Q matrix = 0.13226" "Q matrix = 0.98619" "Q matrix = 0.17165"
[1] "Q matrix = 0.14339" "Q matrix = 0.50559" "Q matrix = 0.17326"
[4] "Q matrix = 0.13226" "Q matrix = 0.98619" "Q matrix = 0.17165"
[1] "Q matrix = 0.14339" "Q matrix = 0.50559" "Q matrix = 0.17326"
[4] "Q matrix = 0.13226" "Q matrix = 0.98619" "Q matrix = 0.17165"
[1] "Q matrix = 0.14339" "Q matrix = 0.50559" "Q matrix = 0.17326"
[4] "Q matrix = 0.13226" "Q matrix = 0.98619" "Q matrix = 0.17165"
[1] "Q matrix = 0.14339" "Q matrix = 0.50559" "Q matrix = 0.17326"
[4] "Q matrix = 0.13226" "Q matrix = 0.98619" "Q matrix = 0.17165"
[1] "Q matrix = 0.14339" "Q matrix = 0.50559" "Q matrix = 0.17326"
[4] "Q matrix = 0.13226" "Q matrix = 0.98619" "Q matrix = 0.17165"
[1] "Q matrix = 0.14339" "Q matrix = 0.50559" "Q matrix = 0.17326"
[4] "Q matrix = 0.13226" "Q matrix = 0.98619" "Q matrix = 0.17165"
[1] "Q matrix = 0.14339" "Q matrix = 0.50559" "Q matrix = 0.17326"
[4] "Q matrix = 0.13226" "Q matrix = 0.98619" "Q matrix = 0.17165"
[1] "Q matrix = 0.14339" "Q matrix = 0.50559" "Q matrix = 0.17326"
[4] "Q matrix = 0.13226" "Q matrix = 0.98619" "Q matrix = 0.17165"
[1] "Q matrix = 0.14339" "Q matrix = 0.50559" "Q matrix = 0.17326"
[4] "Q matrix = 0.13226" "Q matrix = 0.98619" "Q matrix = 0.17165"
[1] "Q matrix = 0.14339" "Q matrix = 0.50559" "Q matrix = 0.17326"
[4] "Q matrix = 0.13226" "Q matrix = 0.98619" "Q matrix = 0.17165"
[1] "Q matrix = 0.14339" "Q matrix = 0.50559" "Q matrix = 0.17326"
[4] "Q matrix = 0.13226" "Q matrix = 0.98619" "Q matrix = 0.17165"
[1] "Q matrix = 0.14339" "Q matrix = 0.50559" "Q matrix = 0.17326"
[4] "Q matrix = 0.13226" "Q matrix = 0.98619" "Q matrix = 0.17165"
[1] "Q matrix = 0.14339" "Q matrix = 0.50559" "Q matrix = 0.17326"
[4] "Q matrix = 0.13226" "Q matrix = 0.98619" "Q matrix = 0.17165"
[1] "Q matrix = 0.14339" "Q matrix = 0.50559" "Q matrix = 0.17326"
[4] "Q matrix = 0.13226" "Q matrix = 0.98619" "Q matrix = 0.17165"
[1] "Q matrix = 0.14339" "Q matrix = 0.50559" "Q matrix = 0.17326"
[4] "Q matrix = 0.13226" "Q matrix = 0.98619" "Q matrix = 0.17165"
[1] "Q matrix = 0.14339" "Q matrix = 0.50559" "Q matrix = 0.17326"
[4] "Q matrix = 0.13226" "Q matrix = 0.98619" "Q matrix = 0.17165"
[1] "Q matrix = 0.14339" "Q matrix = 0.50559" "Q matrix = 0.17326"
[4] "Q matrix = 0.13226" "Q matrix = 0.98619" "Q matrix = 0.17165"
[1] "Q matrix = 0.14339" "Q matrix = 0.50559" "Q matrix = 0.17326"
[4] "Q matrix = 0.13226" "Q matrix = 0.98619" "Q matrix = 0.17165"
[1] "Q matrix = 0.14339" "Q matrix = 0.50559" "Q matrix = 0.17326"
[4] "Q matrix = 0.13226" "Q matrix = 0.98619" "Q matrix = 0.17165"
[1] "Q matrix = 0.14339" "Q matrix = 0.50559" "Q matrix = 0.17326"
[4] "Q matrix = 0.13226" "Q matrix = 0.98619" "Q matrix = 0.17165"
[1] "Q matrix = 0.14339" "Q matrix = 0.50559" "Q matrix = 0.17326"
[4] "Q matrix = 0.13226" "Q matrix = 0.98619" "Q matrix = 0.17165"
[1] "Q matrix = 0.14339" "Q matrix = 0.50559" "Q matrix = 0.17326"
[4] "Q matrix = 0.13226" "Q matrix = 0.98619" "Q matrix = 0.17165"
[1] "Q matrix = 0.14339" "Q matrix = 0.50559" "Q matrix = 0.17326"
[4] "Q matrix = 0.13226" "Q matrix = 0.98619" "Q matrix = 0.17165"
[1] "Q matrix = 0.14339" "Q matrix = 0.50559" "Q matrix = 0.17326"
[4] "Q matrix = 0.13226" "Q matrix = 0.98619" "Q matrix = 0.17165"
[1] "Q matrix = 0.14339" "Q matrix = 0.50559" "Q matrix = 0.17326"
[4] "Q matrix = 0.13226" "Q matrix = 0.98619" "Q matrix = 0.17165"
[1] "Q matrix = 0.14339" "Q matrix = 0.50559" "Q matrix = 0.17326"
[4] "Q matrix = 0.13226" "Q matrix = 0.98619" "Q matrix = 0.17165"
[1] "Q matrix = 0.14339" "Q matrix = 0.50559" "Q matrix = 0.17326"
[4] "Q matrix = 0.13226" "Q matrix = 0.98619" "Q matrix = 0.17165"
[1] "Q matrix = 0.14339" "Q matrix = 0.50559" "Q matrix = 0.17326"
[4] "Q matrix = 0.13226" "Q matrix = 0.98619" "Q matrix = 0.17165"
[1] "Q matrix = 0.14339" "Q matrix = 0.50559" "Q matrix = 0.17326"
[4] "Q matrix = 0.13226" "Q matrix = 0.98619" "Q matrix = 0.17165"
[1] "Q matrix = 0.14339" "Q matrix = 0.50559" "Q matrix = 0.17326"
[4] "Q matrix = 0.13226" "Q matrix = 0.98619" "Q matrix = 0.17165"
[1] "Q matrix = 0.14339" "Q matrix = 0.50559" "Q matrix = 0.17326"
[4] "Q matrix = 0.13226" "Q matrix = 0.98619" "Q matrix = 0.17165"
[1] "Q matrix = 0.14339" "Q matrix = 0.50559" "Q matrix = 0.17326"
[4] "Q matrix = 0.13226" "Q matrix = 0.98619" "Q matrix = 0.17165"
[1] "Q matrix = 0.14339" "Q matrix = 0.50559" "Q matrix = 0.17326"
[4] "Q matrix = 0.13226" "Q matrix = 0.98619" "Q matrix = 0.17165"
[1] "Q matrix = 0.14339" "Q matrix = 0.50559" "Q matrix = 0.17326"
[4] "Q matrix = 0.13226" "Q matrix = 0.98619" "Q matrix = 0.17165"
[1] "Q matrix = 0.14339" "Q matrix = 0.50559" "Q matrix = 0.17326"
[4] "Q matrix = 0.13226" "Q matrix = 0.98619" "Q matrix = 0.17165"
[1] "Q matrix = 0.14339" "Q matrix = 0.50559" "Q matrix = 0.17326"
[4] "Q matrix = 0.13226" "Q matrix = 0.98619" "Q matrix = 0.17165"
[1] "Q matrix = 0.14339" "Q matrix = 0.50559" "Q matrix = 0.17326"
[4] "Q matrix = 0.13226" "Q matrix = 0.98619" "Q matrix = 0.17165"
[1] "Q matrix = 0.14339" "Q matrix = 0.50559" "Q matrix = 0.17326"
[4] "Q matrix = 0.13226" "Q matrix = 0.98619" "Q matrix = 0.17165"
[1] "Q matrix = 0.14339" "Q matrix = 0.50559" "Q matrix = 0.17326"
[4] "Q matrix = 0.13226" "Q matrix = 0.98619" "Q matrix = 0.17165"
[1] "Q matrix = 0.14339" "Q matrix = 0.50559" "Q matrix = 0.17326"
[4] "Q matrix = 0.13226" "Q matrix = 0.98619" "Q matrix = 0.17165"
Loading required package: MASS






                                 ..........................                                      
 ooooooooooooooooooooooooooooo        CURRENT SETTINGS        ooooooooooooooooooooooooooooooooooo
                                 ..........................                                      

                . Sequence filename:				 temp_sim.phy
                . Data type:					 dna
                . Alphabet size:				 4
                . Sequence format:				 interleaved
                . Number of data sets:				 1
                . Nb of bootstrapped data sets:			 0
                . Compute approximate likelihood ratio test:	 yes (SH-like branch supports)
                . Model name:					 GTR
                . Proportion of invariable sites:		 0.000000
                . Number of subst. rate categs:			 4
                . Gamma distribution parameter:			 estimated
                . 'Middle' of each rate class:			 mean
                . Nucleotide equilibrium frequencies:		 empirical
                . Optimise tree topology:			 yes
                . Tree topology search:				 NNIs
                . Starting tree:				 BioNJ
                . Add random input tree:			 no
                . Optimise branch lengths:			 yes
                . Optimise substitution model parameters:	 yes
                . Run ID:					 none
                . Random seed:					 1480716641
                . Subtree patterns aliasing:			 no
                . Version:					 20120412

 oooooooooooooooooooooooooooooooooooooooooooooooooooooooooooooooooooooooooooooooooooooooooooooooo




. Log likelihood of the current tree: -260078.990234.

. Time used 2h7m39s

oooooooooooooooooooooooooooooooooooooooooooooooooooooooooooooooooooooooooooooooooooooooooooooooo
rm: cannot remove ‘temp_sim.phy_phyml_stats’: No such file or directory
rm: cannot remove ‘temp_sim.phy_phyml_tree’: No such file or directory
[1] "Simulation 1 processed"






                                 ..........................                                      
 ooooooooooooooooooooooooooooo        CURRENT SETTINGS        ooooooooooooooooooooooooooooooooooo
                                 ..........................                                      

                . Sequence filename:				 temp_sim.phy
                . Data type:					 dna
                . Alphabet size:				 4
                . Sequence format:				 interleaved
                . Number of data sets:				 1
                . Nb of bootstrapped data sets:			 0
                . Compute approximate likelihood ratio test:	 yes (SH-like branch supports)
                . Model name:					 GTR
                . Proportion of invariable sites:		 0.000000
                . Number of subst. rate categs:			 4
                . Gamma distribution parameter:			 estimated
                . 'Middle' of each rate class:			 mean
                . Nucleotide equilibrium frequencies:		 empirical
                . Optimise tree topology:			 yes
                . Tree topology search:				 NNIs
                . Starting tree:				 BioNJ
                . Add random input tree:			 no
                . Optimise branch lengths:			 yes
                . Optimise substitution model parameters:	 yes
                . Run ID:					 none
                . Random seed:					 1480724306
                . Subtree patterns aliasing:			 no
                . Version:					 20120412

 oooooooooooooooooooooooooooooooooooooooooooooooooooooooooooooooooooooooooooooooooooooooooooooooo




. Log likelihood of the current tree: -260361.557874.

. Time used 1h35m56s

oooooooooooooooooooooooooooooooooooooooooooooooooooooooooooooooooooooooooooooooooooooooooooooooo
rm: cannot remove ‘temp_sim.phy_phyml_stats’: No such file or directory
rm: cannot remove ‘temp_sim.phy_phyml_tree’: No such file or directory
[1] "Simulation 2 processed"






                                 ..........................                                      
 ooooooooooooooooooooooooooooo        CURRENT SETTINGS        ooooooooooooooooooooooooooooooooooo
                                 ..........................                                      

                . Sequence filename:				 temp_sim.phy
                . Data type:					 dna
                . Alphabet size:				 4
                . Sequence format:				 interleaved
                . Number of data sets:				 1
                . Nb of bootstrapped data sets:			 0
                . Compute approximate likelihood ratio test:	 yes (SH-like branch supports)
                . Model name:					 GTR
                . Proportion of invariable sites:		 0.000000
                . Number of subst. rate categs:			 4
                . Gamma distribution parameter:			 estimated
                . 'Middle' of each rate class:			 mean
                . Nucleotide equilibrium frequencies:		 empirical
                . Optimise tree topology:			 yes
                . Tree topology search:				 NNIs
                . Starting tree:				 BioNJ
                . Add random input tree:			 no
                . Optimise branch lengths:			 yes
                . Optimise substitution model parameters:	 yes
                . Run ID:					 none
                . Random seed:					 1480730069
                . Subtree patterns aliasing:			 no
                . Version:					 20120412

 oooooooooooooooooooooooooooooooooooooooooooooooooooooooooooooooooooooooooooooooooooooooooooooooo




. Log likelihood of the current tree: -260214.629170.

. Time used 1h50m44s

oooooooooooooooooooooooooooooooooooooooooooooooooooooooooooooooooooooooooooooooooooooooooooooooo
rm: cannot remove ‘temp_sim.phy_phyml_stats’: No such file or directory
rm: cannot remove ‘temp_sim.phy_phyml_tree’: No such file or directory
[1] "Simulation 3 processed"






                                 ..........................                                      
 ooooooooooooooooooooooooooooo        CURRENT SETTINGS        ooooooooooooooooooooooooooooooooooo
                                 ..........................                                      

                . Sequence filename:				 temp_sim.phy
                . Data type:					 dna
                . Alphabet size:				 4
                . Sequence format:				 interleaved
                . Number of data sets:				 1
                . Nb of bootstrapped data sets:			 0
                . Compute approximate likelihood ratio test:	 yes (SH-like branch supports)
                . Model name:					 GTR
                . Proportion of invariable sites:		 0.000000
                . Number of subst. rate categs:			 4
                . Gamma distribution parameter:			 estimated
                . 'Middle' of each rate class:			 mean
                . Nucleotide equilibrium frequencies:		 empirical
                . Optimise tree topology:			 yes
                . Tree topology search:				 NNIs
                . Starting tree:				 BioNJ
                . Add random input tree:			 no
                . Optimise branch lengths:			 yes
                . Optimise substitution model parameters:	 yes
                . Run ID:					 none
                . Random seed:					 1480736719
                . Subtree patterns aliasing:			 no
                . Version:					 20120412

 oooooooooooooooooooooooooooooooooooooooooooooooooooooooooooooooooooooooooooooooooooooooooooooooo




. Log likelihood of the current tree: -260890.541879.

. Time used 1h39m39s

oooooooooooooooooooooooooooooooooooooooooooooooooooooooooooooooooooooooooooooooooooooooooooooooo
rm: cannot remove ‘temp_sim.phy_phyml_stats’: No such file or directory
rm: cannot remove ‘temp_sim.phy_phyml_tree’: No such file or directory
[1] "Simulation 4 processed"






                                 ..........................                                      
 ooooooooooooooooooooooooooooo        CURRENT SETTINGS        ooooooooooooooooooooooooooooooooooo
                                 ..........................                                      

                . Sequence filename:				 temp_sim.phy
                . Data type:					 dna
                . Alphabet size:				 4
                . Sequence format:				 interleaved
                . Number of data sets:				 1
                . Nb of bootstrapped data sets:			 0
                . Compute approximate likelihood ratio test:	 yes (SH-like branch supports)
                . Model name:					 GTR
                . Proportion of invariable sites:		 0.000000
                . Number of subst. rate categs:			 4
                . Gamma distribution parameter:			 estimated
                . 'Middle' of each rate class:			 mean
                . Nucleotide equilibrium frequencies:		 empirical
                . Optimise tree topology:			 yes
                . Tree topology search:				 NNIs
                . Starting tree:				 BioNJ
                . Add random input tree:			 no
                . Optimise branch lengths:			 yes
                . Optimise substitution model parameters:	 yes
                . Run ID:					 none
                . Random seed:					 1480742704
                . Subtree patterns aliasing:			 no
                . Version:					 20120412

 oooooooooooooooooooooooooooooooooooooooooooooooooooooooooooooooooooooooooooooooooooooooooooooooo




. Log likelihood of the current tree: -261365.755909.

. Time used 1h18m16s

oooooooooooooooooooooooooooooooooooooooooooooooooooooooooooooooooooooooooooooooooooooooooooooooo
rm: cannot remove ‘temp_sim.phy_phyml_stats’: No such file or directory
rm: cannot remove ‘temp_sim.phy_phyml_tree’: No such file or directory
[1] "Simulation 5 processed"






                                 ..........................                                      
 ooooooooooooooooooooooooooooo        CURRENT SETTINGS        ooooooooooooooooooooooooooooooooooo
                                 ..........................                                      

                . Sequence filename:				 temp_sim.phy
                . Data type:					 dna
                . Alphabet size:				 4
                . Sequence format:				 interleaved
                . Number of data sets:				 1
                . Nb of bootstrapped data sets:			 0
                . Compute approximate likelihood ratio test:	 yes (SH-like branch supports)
                . Model name:					 GTR
                . Proportion of invariable sites:		 0.000000
                . Number of subst. rate categs:			 4
                . Gamma distribution parameter:			 estimated
                . 'Middle' of each rate class:			 mean
                . Nucleotide equilibrium frequencies:		 empirical
                . Optimise tree topology:			 yes
                . Tree topology search:				 NNIs
                . Starting tree:				 BioNJ
                . Add random input tree:			 no
                . Optimise branch lengths:			 yes
                . Optimise substitution model parameters:	 yes
                . Run ID:					 none
                . Random seed:					 1480747406
                . Subtree patterns aliasing:			 no
                . Version:					 20120412

 oooooooooooooooooooooooooooooooooooooooooooooooooooooooooooooooooooooooooooooooooooooooooooooooo




. Log likelihood of the current tree: -260271.198664.

. Time used 1h33m18s

oooooooooooooooooooooooooooooooooooooooooooooooooooooooooooooooooooooooooooooooooooooooooooooooo
rm: cannot remove ‘temp_sim.phy_phyml_stats’: No such file or directory
rm: cannot remove ‘temp_sim.phy_phyml_tree’: No such file or directory
[1] "Simulation 6 processed"






                                 ..........................                                      
 ooooooooooooooooooooooooooooo        CURRENT SETTINGS        ooooooooooooooooooooooooooooooooooo
                                 ..........................                                      

                . Sequence filename:				 temp_sim.phy
                . Data type:					 dna
                . Alphabet size:				 4
                . Sequence format:				 interleaved
                . Number of data sets:				 1
                . Nb of bootstrapped data sets:			 0
                . Compute approximate likelihood ratio test:	 yes (SH-like branch supports)
                . Model name:					 GTR
                . Proportion of invariable sites:		 0.000000
                . Number of subst. rate categs:			 4
                . Gamma distribution parameter:			 estimated
                . 'Middle' of each rate class:			 mean
                . Nucleotide equilibrium frequencies:		 empirical
                . Optimise tree topology:			 yes
                . Tree topology search:				 NNIs
                . Starting tree:				 BioNJ
                . Add random input tree:			 no
                . Optimise branch lengths:			 yes
                . Optimise substitution model parameters:	 yes
                . Run ID:					 none
                . Random seed:					 1480753009
                . Subtree patterns aliasing:			 no
                . Version:					 20120412

 oooooooooooooooooooooooooooooooooooooooooooooooooooooooooooooooooooooooooooooooooooooooooooooooo




. Log likelihood of the current tree: -260632.914787.

. Time used 1h17m29s

oooooooooooooooooooooooooooooooooooooooooooooooooooooooooooooooooooooooooooooooooooooooooooooooo
rm: cannot remove ‘temp_sim.phy_phyml_stats’: No such file or directory
rm: cannot remove ‘temp_sim.phy_phyml_tree’: No such file or directory
[1] "Simulation 7 processed"






                                 ..........................                                      
 ooooooooooooooooooooooooooooo        CURRENT SETTINGS        ooooooooooooooooooooooooooooooooooo
                                 ..........................                                      

                . Sequence filename:				 temp_sim.phy
                . Data type:					 dna
                . Alphabet size:				 4
                . Sequence format:				 interleaved
                . Number of data sets:				 1
                . Nb of bootstrapped data sets:			 0
                . Compute approximate likelihood ratio test:	 yes (SH-like branch supports)
                . Model name:					 GTR
                . Proportion of invariable sites:		 0.000000
                . Number of subst. rate categs:			 4
                . Gamma distribution parameter:			 estimated
                . 'Middle' of each rate class:			 mean
                . Nucleotide equilibrium frequencies:		 empirical
                . Optimise tree topology:			 yes
                . Tree topology search:				 NNIs
                . Starting tree:				 BioNJ
                . Add random input tree:			 no
                . Optimise branch lengths:			 yes
                . Optimise substitution model parameters:	 yes
                . Run ID:					 none
                . Random seed:					 1480757664
                . Subtree patterns aliasing:			 no
                . Version:					 20120412

 oooooooooooooooooooooooooooooooooooooooooooooooooooooooooooooooooooooooooooooooooooooooooooooooo




. Log likelihood of the current tree: -259556.647545.

. Time used 1h35m42s

oooooooooooooooooooooooooooooooooooooooooooooooooooooooooooooooooooooooooooooooooooooooooooooooo
rm: cannot remove ‘temp_sim.phy_phyml_stats’: No such file or directory
rm: cannot remove ‘temp_sim.phy_phyml_tree’: No such file or directory
[1] "Simulation 8 processed"






                                 ..........................                                      
 ooooooooooooooooooooooooooooo        CURRENT SETTINGS        ooooooooooooooooooooooooooooooooooo
                                 ..........................                                      

                . Sequence filename:				 temp_sim.phy
                . Data type:					 dna
                . Alphabet size:				 4
                . Sequence format:				 interleaved
                . Number of data sets:				 1
                . Nb of bootstrapped data sets:			 0
                . Compute approximate likelihood ratio test:	 yes (SH-like branch supports)
                . Model name:					 GTR
                . Proportion of invariable sites:		 0.000000
                . Number of subst. rate categs:			 4
                . Gamma distribution parameter:			 estimated
                . 'Middle' of each rate class:			 mean
                . Nucleotide equilibrium frequencies:		 empirical
                . Optimise tree topology:			 yes
                . Tree topology search:				 NNIs
                . Starting tree:				 BioNJ
                . Add random input tree:			 no
                . Optimise branch lengths:			 yes
                . Optimise substitution model parameters:	 yes
                . Run ID:					 none
                . Random seed:					 1480763412
                . Subtree patterns aliasing:			 no
                . Version:					 20120412

 oooooooooooooooooooooooooooooooooooooooooooooooooooooooooooooooooooooooooooooooooooooooooooooooo




. Log likelihood of the current tree: -261241.141126.

. Time used 1h36m38s

oooooooooooooooooooooooooooooooooooooooooooooooooooooooooooooooooooooooooooooooooooooooooooooooo
rm: cannot remove ‘temp_sim.phy_phyml_stats’: No such file or directory
rm: cannot remove ‘temp_sim.phy_phyml_tree’: No such file or directory
[1] "Simulation 9 processed"






                                 ..........................                                      
 ooooooooooooooooooooooooooooo        CURRENT SETTINGS        ooooooooooooooooooooooooooooooooooo
                                 ..........................                                      

                . Sequence filename:				 temp_sim.phy
                . Data type:					 dna
                . Alphabet size:				 4
                . Sequence format:				 interleaved
                . Number of data sets:				 1
                . Nb of bootstrapped data sets:			 0
                . Compute approximate likelihood ratio test:	 yes (SH-like branch supports)
                . Model name:					 GTR
                . Proportion of invariable sites:		 0.000000
                . Number of subst. rate categs:			 4
                . Gamma distribution parameter:			 estimated
                . 'Middle' of each rate class:			 mean
                . Nucleotide equilibrium frequencies:		 empirical
                . Optimise tree topology:			 yes
                . Tree topology search:				 NNIs
                . Starting tree:				 BioNJ
                . Add random input tree:			 no
                . Optimise branch lengths:			 yes
                . Optimise substitution model parameters:	 yes
                . Run ID:					 none
                . Random seed:					 1480769216
                . Subtree patterns aliasing:			 no
                . Version:					 20120412

 oooooooooooooooooooooooooooooooooooooooooooooooooooooooooooooooooooooooooooooooooooooooooooooooo




. Log likelihood of the current tree: -260620.954173.

. Time used 1h48m2s

oooooooooooooooooooooooooooooooooooooooooooooooooooooooooooooooooooooooooooooooooooooooooooooooo
rm: cannot remove ‘temp_sim.phy_phyml_stats’: No such file or directory
rm: cannot remove ‘temp_sim.phy_phyml_tree’: No such file or directory
[1] "Simulation 10 processed"






                                 ..........................                                      
 ooooooooooooooooooooooooooooo        CURRENT SETTINGS        ooooooooooooooooooooooooooooooooooo
                                 ..........................                                      

                . Sequence filename:				 temp_sim.phy
                . Data type:					 dna
                . Alphabet size:				 4
                . Sequence format:				 interleaved
                . Number of data sets:				 1
                . Nb of bootstrapped data sets:			 0
                . Compute approximate likelihood ratio test:	 yes (SH-like branch supports)
                . Model name:					 GTR
                . Proportion of invariable sites:		 0.000000
                . Number of subst. rate categs:			 4
                . Gamma distribution parameter:			 estimated
                . 'Middle' of each rate class:			 mean
                . Nucleotide equilibrium frequencies:		 empirical
                . Optimise tree topology:			 yes
                . Tree topology search:				 NNIs
                . Starting tree:				 BioNJ
                . Add random input tree:			 no
                . Optimise branch lengths:			 yes
                . Optimise substitution model parameters:	 yes
                . Run ID:					 none
                . Random seed:					 1480775704
                . Subtree patterns aliasing:			 no
                . Version:					 20120412

 oooooooooooooooooooooooooooooooooooooooooooooooooooooooooooooooooooooooooooooooooooooooooooooooo




. Log likelihood of the current tree: -260104.483690.

. Time used 2h13m19s

oooooooooooooooooooooooooooooooooooooooooooooooooooooooooooooooooooooooooooooooooooooooooooooooo
rm: cannot remove ‘temp_sim.phy_phyml_stats’: No such file or directory
rm: cannot remove ‘temp_sim.phy_phyml_tree’: No such file or directory
[1] "Simulation 11 processed"






                                 ..........................                                      
 ooooooooooooooooooooooooooooo        CURRENT SETTINGS        ooooooooooooooooooooooooooooooooooo
                                 ..........................                                      

                . Sequence filename:				 temp_sim.phy
                . Data type:					 dna
                . Alphabet size:				 4
                . Sequence format:				 interleaved
                . Number of data sets:				 1
                . Nb of bootstrapped data sets:			 0
                . Compute approximate likelihood ratio test:	 yes (SH-like branch supports)
                . Model name:					 GTR
                . Proportion of invariable sites:		 0.000000
                . Number of subst. rate categs:			 4
                . Gamma distribution parameter:			 estimated
                . 'Middle' of each rate class:			 mean
                . Nucleotide equilibrium frequencies:		 empirical
                . Optimise tree topology:			 yes
                . Tree topology search:				 NNIs
                . Starting tree:				 BioNJ
                . Add random input tree:			 no
                . Optimise branch lengths:			 yes
                . Optimise substitution model parameters:	 yes
                . Run ID:					 none
                . Random seed:					 1480783708
                . Subtree patterns aliasing:			 no
                . Version:					 20120412

 oooooooooooooooooooooooooooooooooooooooooooooooooooooooooooooooooooooooooooooooooooooooooooooooo




. Log likelihood of the current tree: -260525.264312.

. Time used 1h33m11s

oooooooooooooooooooooooooooooooooooooooooooooooooooooooooooooooooooooooooooooooooooooooooooooooo
rm: cannot remove ‘temp_sim.phy_phyml_stats’: No such file or directory
rm: cannot remove ‘temp_sim.phy_phyml_tree’: No such file or directory
[1] "Simulation 12 processed"






                                 ..........................                                      
 ooooooooooooooooooooooooooooo        CURRENT SETTINGS        ooooooooooooooooooooooooooooooooooo
                                 ..........................                                      

                . Sequence filename:				 temp_sim.phy
                . Data type:					 dna
                . Alphabet size:				 4
                . Sequence format:				 interleaved
                . Number of data sets:				 1
                . Nb of bootstrapped data sets:			 0
                . Compute approximate likelihood ratio test:	 yes (SH-like branch supports)
                . Model name:					 GTR
                . Proportion of invariable sites:		 0.000000
                . Number of subst. rate categs:			 4
                . Gamma distribution parameter:			 estimated
                . 'Middle' of each rate class:			 mean
                . Nucleotide equilibrium frequencies:		 empirical
                . Optimise tree topology:			 yes
                . Tree topology search:				 NNIs
                . Starting tree:				 BioNJ
                . Add random input tree:			 no
                . Optimise branch lengths:			 yes
                . Optimise substitution model parameters:	 yes
                . Run ID:					 none
                . Random seed:					 1480789305
                . Subtree patterns aliasing:			 no
                . Version:					 20120412

 oooooooooooooooooooooooooooooooooooooooooooooooooooooooooooooooooooooooooooooooooooooooooooooooo




. Log likelihood of the current tree: -261541.792278.

. Time used 1h29m28s

oooooooooooooooooooooooooooooooooooooooooooooooooooooooooooooooooooooooooooooooooooooooooooooooo
rm: cannot remove ‘temp_sim.phy_phyml_stats’: No such file or directory
rm: cannot remove ‘temp_sim.phy_phyml_tree’: No such file or directory
[1] "Simulation 13 processed"






                                 ..........................                                      
 ooooooooooooooooooooooooooooo        CURRENT SETTINGS        ooooooooooooooooooooooooooooooooooo
                                 ..........................                                      

                . Sequence filename:				 temp_sim.phy
                . Data type:					 dna
                . Alphabet size:				 4
                . Sequence format:				 interleaved
                . Number of data sets:				 1
                . Nb of bootstrapped data sets:			 0
                . Compute approximate likelihood ratio test:	 yes (SH-like branch supports)
                . Model name:					 GTR
                . Proportion of invariable sites:		 0.000000
                . Number of subst. rate categs:			 4
                . Gamma distribution parameter:			 estimated
                . 'Middle' of each rate class:			 mean
                . Nucleotide equilibrium frequencies:		 empirical
                . Optimise tree topology:			 yes
                . Tree topology search:				 NNIs
                . Starting tree:				 BioNJ
                . Add random input tree:			 no
                . Optimise branch lengths:			 yes
                . Optimise substitution model parameters:	 yes
                . Run ID:					 none
                . Random seed:					 1480794678
                . Subtree patterns aliasing:			 no
                . Version:					 20120412

 oooooooooooooooooooooooooooooooooooooooooooooooooooooooooooooooooooooooooooooooooooooooooooooooo




. Log likelihood of the current tree: -260139.297642.

. Time used 1h21m10s

oooooooooooooooooooooooooooooooooooooooooooooooooooooooooooooooooooooooooooooooooooooooooooooooo
rm: cannot remove ‘temp_sim.phy_phyml_stats’: No such file or directory
rm: cannot remove ‘temp_sim.phy_phyml_tree’: No such file or directory
[1] "Simulation 14 processed"






                                 ..........................                                      
 ooooooooooooooooooooooooooooo        CURRENT SETTINGS        ooooooooooooooooooooooooooooooooooo
                                 ..........................                                      

                . Sequence filename:				 temp_sim.phy
                . Data type:					 dna
                . Alphabet size:				 4
                . Sequence format:				 interleaved
                . Number of data sets:				 1
                . Nb of bootstrapped data sets:			 0
                . Compute approximate likelihood ratio test:	 yes (SH-like branch supports)
                . Model name:					 GTR
                . Proportion of invariable sites:		 0.000000
                . Number of subst. rate categs:			 4
                . Gamma distribution parameter:			 estimated
                . 'Middle' of each rate class:			 mean
                . Nucleotide equilibrium frequencies:		 empirical
                . Optimise tree topology:			 yes
                . Tree topology search:				 NNIs
                . Starting tree:				 BioNJ
                . Add random input tree:			 no
                . Optimise branch lengths:			 yes
                . Optimise substitution model parameters:	 yes
                . Run ID:					 none
                . Random seed:					 1480799554
                . Subtree patterns aliasing:			 no
                . Version:					 20120412

 oooooooooooooooooooooooooooooooooooooooooooooooooooooooooooooooooooooooooooooooooooooooooooooooo




. Log likelihood of the current tree: -260823.514774.

. Time used 1h55m4s

oooooooooooooooooooooooooooooooooooooooooooooooooooooooooooooooooooooooooooooooooooooooooooooooo
rm: cannot remove ‘temp_sim.phy_phyml_stats’: No such file or directory
rm: cannot remove ‘temp_sim.phy_phyml_tree’: No such file or directory
[1] "Simulation 15 processed"






                                 ..........................                                      
 ooooooooooooooooooooooooooooo        CURRENT SETTINGS        ooooooooooooooooooooooooooooooooooo
                                 ..........................                                      

                . Sequence filename:				 temp_sim.phy
                . Data type:					 dna
                . Alphabet size:				 4
                . Sequence format:				 interleaved
                . Number of data sets:				 1
                . Nb of bootstrapped data sets:			 0
                . Compute approximate likelihood ratio test:	 yes (SH-like branch supports)
                . Model name:					 GTR
                . Proportion of invariable sites:		 0.000000
                . Number of subst. rate categs:			 4
                . Gamma distribution parameter:			 estimated
                . 'Middle' of each rate class:			 mean
                . Nucleotide equilibrium frequencies:		 empirical
                . Optimise tree topology:			 yes
                . Tree topology search:				 NNIs
                . Starting tree:				 BioNJ
                . Add random input tree:			 no
                . Optimise branch lengths:			 yes
                . Optimise substitution model parameters:	 yes
                . Run ID:					 none
                . Random seed:					 1480806464
                . Subtree patterns aliasing:			 no
                . Version:					 20120412

 oooooooooooooooooooooooooooooooooooooooooooooooooooooooooooooooooooooooooooooooooooooooooooooooo




. Log likelihood of the current tree: -260559.665103.

. Time used 2h2m58s

oooooooooooooooooooooooooooooooooooooooooooooooooooooooooooooooooooooooooooooooooooooooooooooooo
rm: cannot remove ‘temp_sim.phy_phyml_stats’: No such file or directory
rm: cannot remove ‘temp_sim.phy_phyml_tree’: No such file or directory
[1] "Simulation 16 processed"






                                 ..........................                                      
 ooooooooooooooooooooooooooooo        CURRENT SETTINGS        ooooooooooooooooooooooooooooooooooo
                                 ..........................                                      

                . Sequence filename:				 temp_sim.phy
                . Data type:					 dna
                . Alphabet size:				 4
                . Sequence format:				 interleaved
                . Number of data sets:				 1
                . Nb of bootstrapped data sets:			 0
                . Compute approximate likelihood ratio test:	 yes (SH-like branch supports)
                . Model name:					 GTR
                . Proportion of invariable sites:		 0.000000
                . Number of subst. rate categs:			 4
                . Gamma distribution parameter:			 estimated
                . 'Middle' of each rate class:			 mean
                . Nucleotide equilibrium frequencies:		 empirical
                . Optimise tree topology:			 yes
                . Tree topology search:				 NNIs
                . Starting tree:				 BioNJ
                . Add random input tree:			 no
                . Optimise branch lengths:			 yes
                . Optimise substitution model parameters:	 yes
                . Run ID:					 none
                . Random seed:					 1480813851
                . Subtree patterns aliasing:			 no
                . Version:					 20120412

 oooooooooooooooooooooooooooooooooooooooooooooooooooooooooooooooooooooooooooooooooooooooooooooooo




. Log likelihood of the current tree: -261895.942923.

. Time used 1h14m2s

oooooooooooooooooooooooooooooooooooooooooooooooooooooooooooooooooooooooooooooooooooooooooooooooo
rm: cannot remove ‘temp_sim.phy_phyml_stats’: No such file or directory
rm: cannot remove ‘temp_sim.phy_phyml_tree’: No such file or directory
[1] "Simulation 17 processed"






                                 ..........................                                      
 ooooooooooooooooooooooooooooo        CURRENT SETTINGS        ooooooooooooooooooooooooooooooooooo
                                 ..........................                                      

                . Sequence filename:				 temp_sim.phy
                . Data type:					 dna
                . Alphabet size:				 4
                . Sequence format:				 interleaved
                . Number of data sets:				 1
                . Nb of bootstrapped data sets:			 0
                . Compute approximate likelihood ratio test:	 yes (SH-like branch supports)
                . Model name:					 GTR
                . Proportion of invariable sites:		 0.000000
                . Number of subst. rate categs:			 4
                . Gamma distribution parameter:			 estimated
                . 'Middle' of each rate class:			 mean
                . Nucleotide equilibrium frequencies:		 empirical
                . Optimise tree topology:			 yes
                . Tree topology search:				 NNIs
                . Starting tree:				 BioNJ
                . Add random input tree:			 no
                . Optimise branch lengths:			 yes
                . Optimise substitution model parameters:	 yes
                . Run ID:					 none
                . Random seed:					 1480818298
                . Subtree patterns aliasing:			 no
                . Version:					 20120412

 oooooooooooooooooooooooooooooooooooooooooooooooooooooooooooooooooooooooooooooooooooooooooooooooo




. Log likelihood of the current tree: -261390.190773.

. Time used 1h29m12s

oooooooooooooooooooooooooooooooooooooooooooooooooooooooooooooooooooooooooooooooooooooooooooooooo
rm: cannot remove ‘temp_sim.phy_phyml_stats’: No such file or directory
rm: cannot remove ‘temp_sim.phy_phyml_tree’: No such file or directory
[1] "Simulation 18 processed"






                                 ..........................                                      
 ooooooooooooooooooooooooooooo        CURRENT SETTINGS        ooooooooooooooooooooooooooooooooooo
                                 ..........................                                      

                . Sequence filename:				 temp_sim.phy
                . Data type:					 dna
                . Alphabet size:				 4
                . Sequence format:				 interleaved
                . Number of data sets:				 1
                . Nb of bootstrapped data sets:			 0
                . Compute approximate likelihood ratio test:	 yes (SH-like branch supports)
                . Model name:					 GTR
                . Proportion of invariable sites:		 0.000000
                . Number of subst. rate categs:			 4
                . Gamma distribution parameter:			 estimated
                . 'Middle' of each rate class:			 mean
                . Nucleotide equilibrium frequencies:		 empirical
                . Optimise tree topology:			 yes
                . Tree topology search:				 NNIs
                . Starting tree:				 BioNJ
                . Add random input tree:			 no
                . Optimise branch lengths:			 yes
                . Optimise substitution model parameters:	 yes
                . Run ID:					 none
                . Random seed:					 1480823656
                . Subtree patterns aliasing:			 no
                . Version:					 20120412

 oooooooooooooooooooooooooooooooooooooooooooooooooooooooooooooooooooooooooooooooooooooooooooooooo




. Log likelihood of the current tree: -260962.284040.

. Time used 2h0m39s

oooooooooooooooooooooooooooooooooooooooooooooooooooooooooooooooooooooooooooooooooooooooooooooooo
rm: cannot remove ‘temp_sim.phy_phyml_stats’: No such file or directory
rm: cannot remove ‘temp_sim.phy_phyml_tree’: No such file or directory
[1] "Simulation 19 processed"






                                 ..........................                                      
 ooooooooooooooooooooooooooooo        CURRENT SETTINGS        ooooooooooooooooooooooooooooooooooo
                                 ..........................                                      

                . Sequence filename:				 temp_sim.phy
                . Data type:					 dna
                . Alphabet size:				 4
                . Sequence format:				 interleaved
                . Number of data sets:				 1
                . Nb of bootstrapped data sets:			 0
                . Compute approximate likelihood ratio test:	 yes (SH-like branch supports)
                . Model name:					 GTR
                . Proportion of invariable sites:		 0.000000
                . Number of subst. rate categs:			 4
                . Gamma distribution parameter:			 estimated
                . 'Middle' of each rate class:			 mean
                . Nucleotide equilibrium frequencies:		 empirical
                . Optimise tree topology:			 yes
                . Tree topology search:				 NNIs
                . Starting tree:				 BioNJ
                . Add random input tree:			 no
                . Optimise branch lengths:			 yes
                . Optimise substitution model parameters:	 yes
                . Run ID:					 none
                . Random seed:					 1480830901
                . Subtree patterns aliasing:			 no
                . Version:					 20120412

 oooooooooooooooooooooooooooooooooooooooooooooooooooooooooooooooooooooooooooooooooooooooooooooooo




. Log likelihood of the current tree: -260910.635222.

. Time used 1h29m38s

oooooooooooooooooooooooooooooooooooooooooooooooooooooooooooooooooooooooooooooooooooooooooooooooo
rm: cannot remove ‘temp_sim.phy_phyml_stats’: No such file or directory
rm: cannot remove ‘temp_sim.phy_phyml_tree’: No such file or directory
[1] "Simulation 20 processed"






                                 ..........................                                      
 ooooooooooooooooooooooooooooo        CURRENT SETTINGS        ooooooooooooooooooooooooooooooooooo
                                 ..........................                                      

                . Sequence filename:				 temp_sim.phy
                . Data type:					 dna
                . Alphabet size:				 4
                . Sequence format:				 interleaved
                . Number of data sets:				 1
                . Nb of bootstrapped data sets:			 0
                . Compute approximate likelihood ratio test:	 yes (SH-like branch supports)
                . Model name:					 GTR
                . Proportion of invariable sites:		 0.000000
                . Number of subst. rate categs:			 4
                . Gamma distribution parameter:			 estimated
                . 'Middle' of each rate class:			 mean
                . Nucleotide equilibrium frequencies:		 empirical
                . Optimise tree topology:			 yes
                . Tree topology search:				 NNIs
                . Starting tree:				 BioNJ
                . Add random input tree:			 no
                . Optimise branch lengths:			 yes
                . Optimise substitution model parameters:	 yes
                . Run ID:					 none
                . Random seed:					 1480836286
                . Subtree patterns aliasing:			 no
                . Version:					 20120412

 oooooooooooooooooooooooooooooooooooooooooooooooooooooooooooooooooooooooooooooooooooooooooooooooo




. Log likelihood of the current tree: -259043.304171.

. Time used 1h28m14s

oooooooooooooooooooooooooooooooooooooooooooooooooooooooooooooooooooooooooooooooooooooooooooooooo
rm: cannot remove ‘temp_sim.phy_phyml_stats’: No such file or directory
rm: cannot remove ‘temp_sim.phy_phyml_tree’: No such file or directory
[1] "Simulation 21 processed"






                                 ..........................                                      
 ooooooooooooooooooooooooooooo        CURRENT SETTINGS        ooooooooooooooooooooooooooooooooooo
                                 ..........................                                      

                . Sequence filename:				 temp_sim.phy
                . Data type:					 dna
                . Alphabet size:				 4
                . Sequence format:				 interleaved
                . Number of data sets:				 1
                . Nb of bootstrapped data sets:			 0
                . Compute approximate likelihood ratio test:	 yes (SH-like branch supports)
                . Model name:					 GTR
                . Proportion of invariable sites:		 0.000000
                . Number of subst. rate categs:			 4
                . Gamma distribution parameter:			 estimated
                . 'Middle' of each rate class:			 mean
                . Nucleotide equilibrium frequencies:		 empirical
                . Optimise tree topology:			 yes
                . Tree topology search:				 NNIs
                . Starting tree:				 BioNJ
                . Add random input tree:			 no
                . Optimise branch lengths:			 yes
                . Optimise substitution model parameters:	 yes
                . Run ID:					 none
                . Random seed:					 1480841585
                . Subtree patterns aliasing:			 no
                . Version:					 20120412

 oooooooooooooooooooooooooooooooooooooooooooooooooooooooooooooooooooooooooooooooooooooooooooooooo




. Log likelihood of the current tree: -260715.292672.

. Time used 0h52m21s

oooooooooooooooooooooooooooooooooooooooooooooooooooooooooooooooooooooooooooooooooooooooooooooooo
rm: cannot remove ‘temp_sim.phy_phyml_stats’: No such file or directory
rm: cannot remove ‘temp_sim.phy_phyml_tree’: No such file or directory
[1] "Simulation 22 processed"






                                 ..........................                                      
 ooooooooooooooooooooooooooooo        CURRENT SETTINGS        ooooooooooooooooooooooooooooooooooo
                                 ..........................                                      

                . Sequence filename:				 temp_sim.phy
                . Data type:					 dna
                . Alphabet size:				 4
                . Sequence format:				 interleaved
                . Number of data sets:				 1
                . Nb of bootstrapped data sets:			 0
                . Compute approximate likelihood ratio test:	 yes (SH-like branch supports)
                . Model name:					 GTR
                . Proportion of invariable sites:		 0.000000
                . Number of subst. rate categs:			 4
                . Gamma distribution parameter:			 estimated
                . 'Middle' of each rate class:			 mean
                . Nucleotide equilibrium frequencies:		 empirical
                . Optimise tree topology:			 yes
                . Tree topology search:				 NNIs
                . Starting tree:				 BioNJ
                . Add random input tree:			 no
                . Optimise branch lengths:			 yes
                . Optimise substitution model parameters:	 yes
                . Run ID:					 none
                . Random seed:					 1480844732
                . Subtree patterns aliasing:			 no
                . Version:					 20120412

 oooooooooooooooooooooooooooooooooooooooooooooooooooooooooooooooooooooooooooooooooooooooooooooooo




. Log likelihood of the current tree: -261465.209712.

. Time used 1h39m31s

oooooooooooooooooooooooooooooooooooooooooooooooooooooooooooooooooooooooooooooooooooooooooooooooo
rm: cannot remove ‘temp_sim.phy_phyml_stats’: No such file or directory
rm: cannot remove ‘temp_sim.phy_phyml_tree’: No such file or directory
[1] "Simulation 23 processed"






                                 ..........................                                      
 ooooooooooooooooooooooooooooo        CURRENT SETTINGS        ooooooooooooooooooooooooooooooooooo
                                 ..........................                                      

                . Sequence filename:				 temp_sim.phy
                . Data type:					 dna
                . Alphabet size:				 4
                . Sequence format:				 interleaved
                . Number of data sets:				 1
                . Nb of bootstrapped data sets:			 0
                . Compute approximate likelihood ratio test:	 yes (SH-like branch supports)
                . Model name:					 GTR
                . Proportion of invariable sites:		 0.000000
                . Number of subst. rate categs:			 4
                . Gamma distribution parameter:			 estimated
                . 'Middle' of each rate class:			 mean
                . Nucleotide equilibrium frequencies:		 empirical
                . Optimise tree topology:			 yes
                . Tree topology search:				 NNIs
                . Starting tree:				 BioNJ
                . Add random input tree:			 no
                . Optimise branch lengths:			 yes
                . Optimise substitution model parameters:	 yes
                . Run ID:					 none
                . Random seed:					 1480850709
                . Subtree patterns aliasing:			 no
                . Version:					 20120412

 oooooooooooooooooooooooooooooooooooooooooooooooooooooooooooooooooooooooooooooooooooooooooooooooo




. Log likelihood of the current tree: -261983.010057.

. Time used 1h49m9s

oooooooooooooooooooooooooooooooooooooooooooooooooooooooooooooooooooooooooooooooooooooooooooooooo
rm: cannot remove ‘temp_sim.phy_phyml_stats’: No such file or directory
rm: cannot remove ‘temp_sim.phy_phyml_tree’: No such file or directory
[1] "Simulation 24 processed"






                                 ..........................                                      
 ooooooooooooooooooooooooooooo        CURRENT SETTINGS        ooooooooooooooooooooooooooooooooooo
                                 ..........................                                      

                . Sequence filename:				 temp_sim.phy
                . Data type:					 dna
                . Alphabet size:				 4
                . Sequence format:				 interleaved
                . Number of data sets:				 1
                . Nb of bootstrapped data sets:			 0
                . Compute approximate likelihood ratio test:	 yes (SH-like branch supports)
                . Model name:					 GTR
                . Proportion of invariable sites:		 0.000000
                . Number of subst. rate categs:			 4
                . Gamma distribution parameter:			 estimated
                . 'Middle' of each rate class:			 mean
                . Nucleotide equilibrium frequencies:		 empirical
                . Optimise tree topology:			 yes
                . Tree topology search:				 NNIs
                . Starting tree:				 BioNJ
                . Add random input tree:			 no
                . Optimise branch lengths:			 yes
                . Optimise substitution model parameters:	 yes
                . Run ID:					 none
                . Random seed:					 1480857265
                . Subtree patterns aliasing:			 no
                . Version:					 20120412

 oooooooooooooooooooooooooooooooooooooooooooooooooooooooooooooooooooooooooooooooooooooooooooooooo




. Log likelihood of the current tree: -260252.615386.

. Time used 0h57m57s

oooooooooooooooooooooooooooooooooooooooooooooooooooooooooooooooooooooooooooooooooooooooooooooooo
rm: cannot remove ‘temp_sim.phy_phyml_stats’: No such file or directory
rm: cannot remove ‘temp_sim.phy_phyml_tree’: No such file or directory
[1] "Simulation 25 processed"






                                 ..........................                                      
 ooooooooooooooooooooooooooooo        CURRENT SETTINGS        ooooooooooooooooooooooooooooooooooo
                                 ..........................                                      

                . Sequence filename:				 temp_sim.phy
                . Data type:					 dna
                . Alphabet size:				 4
                . Sequence format:				 interleaved
                . Number of data sets:				 1
                . Nb of bootstrapped data sets:			 0
                . Compute approximate likelihood ratio test:	 yes (SH-like branch supports)
                . Model name:					 GTR
                . Proportion of invariable sites:		 0.000000
                . Number of subst. rate categs:			 4
                . Gamma distribution parameter:			 estimated
                . 'Middle' of each rate class:			 mean
                . Nucleotide equilibrium frequencies:		 empirical
                . Optimise tree topology:			 yes
                . Tree topology search:				 NNIs
                . Starting tree:				 BioNJ
                . Add random input tree:			 no
                . Optimise branch lengths:			 yes
                . Optimise substitution model parameters:	 yes
                . Run ID:					 none
                . Random seed:					 1480860748
                . Subtree patterns aliasing:			 no
                . Version:					 20120412

 oooooooooooooooooooooooooooooooooooooooooooooooooooooooooooooooooooooooooooooooooooooooooooooooo




. Log likelihood of the current tree: -261371.094716.

. Time used 1h56m35s

oooooooooooooooooooooooooooooooooooooooooooooooooooooooooooooooooooooooooooooooooooooooooooooooo
rm: cannot remove ‘temp_sim.phy_phyml_stats’: No such file or directory
rm: cannot remove ‘temp_sim.phy_phyml_tree’: No such file or directory
[1] "Simulation 26 processed"






                                 ..........................                                      
 ooooooooooooooooooooooooooooo        CURRENT SETTINGS        ooooooooooooooooooooooooooooooooooo
                                 ..........................                                      

                . Sequence filename:				 temp_sim.phy
                . Data type:					 dna
                . Alphabet size:				 4
                . Sequence format:				 interleaved
                . Number of data sets:				 1
                . Nb of bootstrapped data sets:			 0
                . Compute approximate likelihood ratio test:	 yes (SH-like branch supports)
                . Model name:					 GTR
                . Proportion of invariable sites:		 0.000000
                . Number of subst. rate categs:			 4
                . Gamma distribution parameter:			 estimated
                . 'Middle' of each rate class:			 mean
                . Nucleotide equilibrium frequencies:		 empirical
                . Optimise tree topology:			 yes
                . Tree topology search:				 NNIs
                . Starting tree:				 BioNJ
                . Add random input tree:			 no
                . Optimise branch lengths:			 yes
                . Optimise substitution model parameters:	 yes
                . Run ID:					 none
                . Random seed:					 1480867749
                . Subtree patterns aliasing:			 no
                . Version:					 20120412

 oooooooooooooooooooooooooooooooooooooooooooooooooooooooooooooooooooooooooooooooooooooooooooooooo




. Log likelihood of the current tree: -260376.302136.

. Time used 1h31m26s

oooooooooooooooooooooooooooooooooooooooooooooooooooooooooooooooooooooooooooooooooooooooooooooooo
rm: cannot remove ‘temp_sim.phy_phyml_stats’: No such file or directory
rm: cannot remove ‘temp_sim.phy_phyml_tree’: No such file or directory
[1] "Simulation 27 processed"






                                 ..........................                                      
 ooooooooooooooooooooooooooooo        CURRENT SETTINGS        ooooooooooooooooooooooooooooooooooo
                                 ..........................                                      

                . Sequence filename:				 temp_sim.phy
                . Data type:					 dna
                . Alphabet size:				 4
                . Sequence format:				 interleaved
                . Number of data sets:				 1
                . Nb of bootstrapped data sets:			 0
                . Compute approximate likelihood ratio test:	 yes (SH-like branch supports)
                . Model name:					 GTR
                . Proportion of invariable sites:		 0.000000
                . Number of subst. rate categs:			 4
                . Gamma distribution parameter:			 estimated
                . 'Middle' of each rate class:			 mean
                . Nucleotide equilibrium frequencies:		 empirical
                . Optimise tree topology:			 yes
                . Tree topology search:				 NNIs
                . Starting tree:				 BioNJ
                . Add random input tree:			 no
                . Optimise branch lengths:			 yes
                . Optimise substitution model parameters:	 yes
                . Run ID:					 none
                . Random seed:					 1480873241
                . Subtree patterns aliasing:			 no
                . Version:					 20120412

 oooooooooooooooooooooooooooooooooooooooooooooooooooooooooooooooooooooooooooooooooooooooooooooooo




. Log likelihood of the current tree: -260205.940242.

. Time used 2h4m56s

oooooooooooooooooooooooooooooooooooooooooooooooooooooooooooooooooooooooooooooooooooooooooooooooo
rm: cannot remove ‘temp_sim.phy_phyml_stats’: No such file or directory
rm: cannot remove ‘temp_sim.phy_phyml_tree’: No such file or directory
[1] "Simulation 28 processed"






                                 ..........................                                      
 ooooooooooooooooooooooooooooo        CURRENT SETTINGS        ooooooooooooooooooooooooooooooooooo
                                 ..........................                                      

                . Sequence filename:				 temp_sim.phy
                . Data type:					 dna
                . Alphabet size:				 4
                . Sequence format:				 interleaved
                . Number of data sets:				 1
                . Nb of bootstrapped data sets:			 0
                . Compute approximate likelihood ratio test:	 yes (SH-like branch supports)
                . Model name:					 GTR
                . Proportion of invariable sites:		 0.000000
                . Number of subst. rate categs:			 4
                . Gamma distribution parameter:			 estimated
                . 'Middle' of each rate class:			 mean
                . Nucleotide equilibrium frequencies:		 empirical
                . Optimise tree topology:			 yes
                . Tree topology search:				 NNIs
                . Starting tree:				 BioNJ
                . Add random input tree:			 no
                . Optimise branch lengths:			 yes
                . Optimise substitution model parameters:	 yes
                . Run ID:					 none
                . Random seed:					 1480880743
                . Subtree patterns aliasing:			 no
                . Version:					 20120412

 oooooooooooooooooooooooooooooooooooooooooooooooooooooooooooooooooooooooooooooooooooooooooooooooo




. Log likelihood of the current tree: -261059.370864.

. Time used 1h52m45s

oooooooooooooooooooooooooooooooooooooooooooooooooooooooooooooooooooooooooooooooooooooooooooooooo
rm: cannot remove ‘temp_sim.phy_phyml_stats’: No such file or directory
rm: cannot remove ‘temp_sim.phy_phyml_tree’: No such file or directory
[1] "Simulation 29 processed"






                                 ..........................                                      
 ooooooooooooooooooooooooooooo        CURRENT SETTINGS        ooooooooooooooooooooooooooooooooooo
                                 ..........................                                      

                . Sequence filename:				 temp_sim.phy
                . Data type:					 dna
                . Alphabet size:				 4
                . Sequence format:				 interleaved
                . Number of data sets:				 1
                . Nb of bootstrapped data sets:			 0
                . Compute approximate likelihood ratio test:	 yes (SH-like branch supports)
                . Model name:					 GTR
                . Proportion of invariable sites:		 0.000000
                . Number of subst. rate categs:			 4
                . Gamma distribution parameter:			 estimated
                . 'Middle' of each rate class:			 mean
                . Nucleotide equilibrium frequencies:		 empirical
                . Optimise tree topology:			 yes
                . Tree topology search:				 NNIs
                . Starting tree:				 BioNJ
                . Add random input tree:			 no
                . Optimise branch lengths:			 yes
                . Optimise substitution model parameters:	 yes
                . Run ID:					 none
                . Random seed:					 1480887514
                . Subtree patterns aliasing:			 no
                . Version:					 20120412

 oooooooooooooooooooooooooooooooooooooooooooooooooooooooooooooooooooooooooooooooooooooooooooooooo




. Log likelihood of the current tree: -260169.660882.

. Time used 1h35m10s

oooooooooooooooooooooooooooooooooooooooooooooooooooooooooooooooooooooooooooooooooooooooooooooooo
rm: cannot remove ‘temp_sim.phy_phyml_stats’: No such file or directory
rm: cannot remove ‘temp_sim.phy_phyml_tree’: No such file or directory
[1] "Simulation 30 processed"






                                 ..........................                                      
 ooooooooooooooooooooooooooooo        CURRENT SETTINGS        ooooooooooooooooooooooooooooooooooo
                                 ..........................                                      

                . Sequence filename:				 temp_sim.phy
                . Data type:					 dna
                . Alphabet size:				 4
                . Sequence format:				 interleaved
                . Number of data sets:				 1
                . Nb of bootstrapped data sets:			 0
                . Compute approximate likelihood ratio test:	 yes (SH-like branch supports)
                . Model name:					 GTR
                . Proportion of invariable sites:		 0.000000
                . Number of subst. rate categs:			 4
                . Gamma distribution parameter:			 estimated
                . 'Middle' of each rate class:			 mean
                . Nucleotide equilibrium frequencies:		 empirical
                . Optimise tree topology:			 yes
                . Tree topology search:				 NNIs
                . Starting tree:				 BioNJ
                . Add random input tree:			 no
                . Optimise branch lengths:			 yes
                . Optimise substitution model parameters:	 yes
                . Run ID:					 none
                . Random seed:					 1480893230
                . Subtree patterns aliasing:			 no
                . Version:					 20120412

 oooooooooooooooooooooooooooooooooooooooooooooooooooooooooooooooooooooooooooooooooooooooooooooooo




. Log likelihood of the current tree: -260872.956128.

. Time used 1h41m44s

oooooooooooooooooooooooooooooooooooooooooooooooooooooooooooooooooooooooooooooooooooooooooooooooo
rm: cannot remove ‘temp_sim.phy_phyml_stats’: No such file or directory
rm: cannot remove ‘temp_sim.phy_phyml_tree’: No such file or directory
[1] "Simulation 31 processed"






                                 ..........................                                      
 ooooooooooooooooooooooooooooo        CURRENT SETTINGS        ooooooooooooooooooooooooooooooooooo
                                 ..........................                                      

                . Sequence filename:				 temp_sim.phy
                . Data type:					 dna
                . Alphabet size:				 4
                . Sequence format:				 interleaved
                . Number of data sets:				 1
                . Nb of bootstrapped data sets:			 0
                . Compute approximate likelihood ratio test:	 yes (SH-like branch supports)
                . Model name:					 GTR
                . Proportion of invariable sites:		 0.000000
                . Number of subst. rate categs:			 4
                . Gamma distribution parameter:			 estimated
                . 'Middle' of each rate class:			 mean
                . Nucleotide equilibrium frequencies:		 empirical
                . Optimise tree topology:			 yes
                . Tree topology search:				 NNIs
                . Starting tree:				 BioNJ
                . Add random input tree:			 no
                . Optimise branch lengths:			 yes
                . Optimise substitution model parameters:	 yes
                . Run ID:					 none
                . Random seed:					 1480899340
                . Subtree patterns aliasing:			 no
                . Version:					 20120412

 oooooooooooooooooooooooooooooooooooooooooooooooooooooooooooooooooooooooooooooooooooooooooooooooo




. Log likelihood of the current tree: -259732.545430.

. Time used 2h5m53s

oooooooooooooooooooooooooooooooooooooooooooooooooooooooooooooooooooooooooooooooooooooooooooooooo
rm: cannot remove ‘temp_sim.phy_phyml_stats’: No such file or directory
rm: cannot remove ‘temp_sim.phy_phyml_tree’: No such file or directory
[1] "Simulation 32 processed"






                                 ..........................                                      
 ooooooooooooooooooooooooooooo        CURRENT SETTINGS        ooooooooooooooooooooooooooooooooooo
                                 ..........................                                      

                . Sequence filename:				 temp_sim.phy
                . Data type:					 dna
                . Alphabet size:				 4
                . Sequence format:				 interleaved
                . Number of data sets:				 1
                . Nb of bootstrapped data sets:			 0
                . Compute approximate likelihood ratio test:	 yes (SH-like branch supports)
                . Model name:					 GTR
                . Proportion of invariable sites:		 0.000000
                . Number of subst. rate categs:			 4
                . Gamma distribution parameter:			 estimated
                . 'Middle' of each rate class:			 mean
                . Nucleotide equilibrium frequencies:		 empirical
                . Optimise tree topology:			 yes
                . Tree topology search:				 NNIs
                . Starting tree:				 BioNJ
                . Add random input tree:			 no
                . Optimise branch lengths:			 yes
                . Optimise substitution model parameters:	 yes
                . Run ID:					 none
                . Random seed:					 1480906900
                . Subtree patterns aliasing:			 no
                . Version:					 20120412

 oooooooooooooooooooooooooooooooooooooooooooooooooooooooooooooooooooooooooooooooooooooooooooooooo




. Log likelihood of the current tree: -260532.564292.

. Time used 1h50m2s

oooooooooooooooooooooooooooooooooooooooooooooooooooooooooooooooooooooooooooooooooooooooooooooooo
rm: cannot remove ‘temp_sim.phy_phyml_stats’: No such file or directory
rm: cannot remove ‘temp_sim.phy_phyml_tree’: No such file or directory
[1] "Simulation 33 processed"






                                 ..........................                                      
 ooooooooooooooooooooooooooooo        CURRENT SETTINGS        ooooooooooooooooooooooooooooooooooo
                                 ..........................                                      

                . Sequence filename:				 temp_sim.phy
                . Data type:					 dna
                . Alphabet size:				 4
                . Sequence format:				 interleaved
                . Number of data sets:				 1
                . Nb of bootstrapped data sets:			 0
                . Compute approximate likelihood ratio test:	 yes (SH-like branch supports)
                . Model name:					 GTR
                . Proportion of invariable sites:		 0.000000
                . Number of subst. rate categs:			 4
                . Gamma distribution parameter:			 estimated
                . 'Middle' of each rate class:			 mean
                . Nucleotide equilibrium frequencies:		 empirical
                . Optimise tree topology:			 yes
                . Tree topology search:				 NNIs
                . Starting tree:				 BioNJ
                . Add random input tree:			 no
                . Optimise branch lengths:			 yes
                . Optimise substitution model parameters:	 yes
                . Run ID:					 none
                . Random seed:					 1480913509
                . Subtree patterns aliasing:			 no
                . Version:					 20120412

 oooooooooooooooooooooooooooooooooooooooooooooooooooooooooooooooooooooooooooooooooooooooooooooooo




. Log likelihood of the current tree: -260283.238729.

. Time used 1h40m50s

oooooooooooooooooooooooooooooooooooooooooooooooooooooooooooooooooooooooooooooooooooooooooooooooo
rm: cannot remove ‘temp_sim.phy_phyml_stats’: No such file or directory
rm: cannot remove ‘temp_sim.phy_phyml_tree’: No such file or directory
[1] "Simulation 34 processed"






                                 ..........................                                      
 ooooooooooooooooooooooooooooo        CURRENT SETTINGS        ooooooooooooooooooooooooooooooooooo
                                 ..........................                                      

                . Sequence filename:				 temp_sim.phy
                . Data type:					 dna
                . Alphabet size:				 4
                . Sequence format:				 interleaved
                . Number of data sets:				 1
                . Nb of bootstrapped data sets:			 0
                . Compute approximate likelihood ratio test:	 yes (SH-like branch supports)
                . Model name:					 GTR
                . Proportion of invariable sites:		 0.000000
                . Number of subst. rate categs:			 4
                . Gamma distribution parameter:			 estimated
                . 'Middle' of each rate class:			 mean
                . Nucleotide equilibrium frequencies:		 empirical
                . Optimise tree topology:			 yes
                . Tree topology search:				 NNIs
                . Starting tree:				 BioNJ
                . Add random input tree:			 no
                . Optimise branch lengths:			 yes
                . Optimise substitution model parameters:	 yes
                . Run ID:					 none
                . Random seed:					 1480919566
                . Subtree patterns aliasing:			 no
                . Version:					 20120412

 oooooooooooooooooooooooooooooooooooooooooooooooooooooooooooooooooooooooooooooooooooooooooooooooo




. Log likelihood of the current tree: -261170.823625.

. Time used 1h12m10s

oooooooooooooooooooooooooooooooooooooooooooooooooooooooooooooooooooooooooooooooooooooooooooooooo
rm: cannot remove ‘temp_sim.phy_phyml_stats’: No such file or directory
rm: cannot remove ‘temp_sim.phy_phyml_tree’: No such file or directory
[1] "Simulation 35 processed"






                                 ..........................                                      
 ooooooooooooooooooooooooooooo        CURRENT SETTINGS        ooooooooooooooooooooooooooooooooooo
                                 ..........................                                      

                . Sequence filename:				 temp_sim.phy
                . Data type:					 dna
                . Alphabet size:				 4
                . Sequence format:				 interleaved
                . Number of data sets:				 1
                . Nb of bootstrapped data sets:			 0
                . Compute approximate likelihood ratio test:	 yes (SH-like branch supports)
                . Model name:					 GTR
                . Proportion of invariable sites:		 0.000000
                . Number of subst. rate categs:			 4
                . Gamma distribution parameter:			 estimated
                . 'Middle' of each rate class:			 mean
                . Nucleotide equilibrium frequencies:		 empirical
                . Optimise tree topology:			 yes
                . Tree topology search:				 NNIs
                . Starting tree:				 BioNJ
                . Add random input tree:			 no
                . Optimise branch lengths:			 yes
                . Optimise substitution model parameters:	 yes
                . Run ID:					 none
                . Random seed:					 1480923903
                . Subtree patterns aliasing:			 no
                . Version:					 20120412

 oooooooooooooooooooooooooooooooooooooooooooooooooooooooooooooooooooooooooooooooooooooooooooooooo




. Log likelihood of the current tree: -259864.041165.

. Time used 2h14m42s

oooooooooooooooooooooooooooooooooooooooooooooooooooooooooooooooooooooooooooooooooooooooooooooooo
rm: cannot remove ‘temp_sim.phy_phyml_stats’: No such file or directory
rm: cannot remove ‘temp_sim.phy_phyml_tree’: No such file or directory
[1] "Simulation 36 processed"






                                 ..........................                                      
 ooooooooooooooooooooooooooooo        CURRENT SETTINGS        ooooooooooooooooooooooooooooooooooo
                                 ..........................                                      

                . Sequence filename:				 temp_sim.phy
                . Data type:					 dna
                . Alphabet size:				 4
                . Sequence format:				 interleaved
                . Number of data sets:				 1
                . Nb of bootstrapped data sets:			 0
                . Compute approximate likelihood ratio test:	 yes (SH-like branch supports)
                . Model name:					 GTR
                . Proportion of invariable sites:		 0.000000
                . Number of subst. rate categs:			 4
                . Gamma distribution parameter:			 estimated
                . 'Middle' of each rate class:			 mean
                . Nucleotide equilibrium frequencies:		 empirical
                . Optimise tree topology:			 yes
                . Tree topology search:				 NNIs
                . Starting tree:				 BioNJ
                . Add random input tree:			 no
                . Optimise branch lengths:			 yes
                . Optimise substitution model parameters:	 yes
                . Run ID:					 none
                . Random seed:					 1480931992
                . Subtree patterns aliasing:			 no
                . Version:					 20120412

 oooooooooooooooooooooooooooooooooooooooooooooooooooooooooooooooooooooooooooooooooooooooooooooooo




. Log likelihood of the current tree: -261177.074115.

. Time used 1h50m38s

oooooooooooooooooooooooooooooooooooooooooooooooooooooooooooooooooooooooooooooooooooooooooooooooo
rm: cannot remove ‘temp_sim.phy_phyml_stats’: No such file or directory
rm: cannot remove ‘temp_sim.phy_phyml_tree’: No such file or directory
[1] "Simulation 37 processed"






                                 ..........................                                      
 ooooooooooooooooooooooooooooo        CURRENT SETTINGS        ooooooooooooooooooooooooooooooooooo
                                 ..........................                                      

                . Sequence filename:				 temp_sim.phy
                . Data type:					 dna
                . Alphabet size:				 4
                . Sequence format:				 interleaved
                . Number of data sets:				 1
                . Nb of bootstrapped data sets:			 0
                . Compute approximate likelihood ratio test:	 yes (SH-like branch supports)
                . Model name:					 GTR
                . Proportion of invariable sites:		 0.000000
                . Number of subst. rate categs:			 4
                . Gamma distribution parameter:			 estimated
                . 'Middle' of each rate class:			 mean
                . Nucleotide equilibrium frequencies:		 empirical
                . Optimise tree topology:			 yes
                . Tree topology search:				 NNIs
                . Starting tree:				 BioNJ
                . Add random input tree:			 no
                . Optimise branch lengths:			 yes
                . Optimise substitution model parameters:	 yes
                . Run ID:					 none
                . Random seed:					 1480938636
                . Subtree patterns aliasing:			 no
                . Version:					 20120412

 oooooooooooooooooooooooooooooooooooooooooooooooooooooooooooooooooooooooooooooooooooooooooooooooo




. Log likelihood of the current tree: -261666.237774.

. Time used 1h42m43s

oooooooooooooooooooooooooooooooooooooooooooooooooooooooooooooooooooooooooooooooooooooooooooooooo
rm: cannot remove ‘temp_sim.phy_phyml_stats’: No such file or directory
rm: cannot remove ‘temp_sim.phy_phyml_tree’: No such file or directory
[1] "Simulation 38 processed"






                                 ..........................                                      
 ooooooooooooooooooooooooooooo        CURRENT SETTINGS        ooooooooooooooooooooooooooooooooooo
                                 ..........................                                      

                . Sequence filename:				 temp_sim.phy
                . Data type:					 dna
                . Alphabet size:				 4
                . Sequence format:				 interleaved
                . Number of data sets:				 1
                . Nb of bootstrapped data sets:			 0
                . Compute approximate likelihood ratio test:	 yes (SH-like branch supports)
                . Model name:					 GTR
                . Proportion of invariable sites:		 0.000000
                . Number of subst. rate categs:			 4
                . Gamma distribution parameter:			 estimated
                . 'Middle' of each rate class:			 mean
                . Nucleotide equilibrium frequencies:		 empirical
                . Optimise tree topology:			 yes
                . Tree topology search:				 NNIs
                . Starting tree:				 BioNJ
                . Add random input tree:			 no
                . Optimise branch lengths:			 yes
                . Optimise substitution model parameters:	 yes
                . Run ID:					 none
                . Random seed:					 1480944807
                . Subtree patterns aliasing:			 no
                . Version:					 20120412

 oooooooooooooooooooooooooooooooooooooooooooooooooooooooooooooooooooooooooooooooooooooooooooooooo




. Log likelihood of the current tree: -260758.181245.

. Time used 1h49m50s

oooooooooooooooooooooooooooooooooooooooooooooooooooooooooooooooooooooooooooooooooooooooooooooooo
rm: cannot remove ‘temp_sim.phy_phyml_stats’: No such file or directory
rm: cannot remove ‘temp_sim.phy_phyml_tree’: No such file or directory
[1] "Simulation 39 processed"






                                 ..........................                                      
 ooooooooooooooooooooooooooooo        CURRENT SETTINGS        ooooooooooooooooooooooooooooooooooo
                                 ..........................                                      

                . Sequence filename:				 temp_sim.phy
                . Data type:					 dna
                . Alphabet size:				 4
                . Sequence format:				 interleaved
                . Number of data sets:				 1
                . Nb of bootstrapped data sets:			 0
                . Compute approximate likelihood ratio test:	 yes (SH-like branch supports)
                . Model name:					 GTR
                . Proportion of invariable sites:		 0.000000
                . Number of subst. rate categs:			 4
                . Gamma distribution parameter:			 estimated
                . 'Middle' of each rate class:			 mean
                . Nucleotide equilibrium frequencies:		 empirical
                . Optimise tree topology:			 yes
                . Tree topology search:				 NNIs
                . Starting tree:				 BioNJ
                . Add random input tree:			 no
                . Optimise branch lengths:			 yes
                . Optimise substitution model parameters:	 yes
                . Run ID:					 none
                . Random seed:					 1480951404
                . Subtree patterns aliasing:			 no
                . Version:					 20120412

 oooooooooooooooooooooooooooooooooooooooooooooooooooooooooooooooooooooooooooooooooooooooooooooooo




. Log likelihood of the current tree: -260664.392858.

. Time used 1h56m17s

oooooooooooooooooooooooooooooooooooooooooooooooooooooooooooooooooooooooooooooooooooooooooooooooo
rm: cannot remove ‘temp_sim.phy_phyml_stats’: No such file or directory
rm: cannot remove ‘temp_sim.phy_phyml_tree’: No such file or directory
[1] "Simulation 40 processed"






                                 ..........................                                      
 ooooooooooooooooooooooooooooo        CURRENT SETTINGS        ooooooooooooooooooooooooooooooooooo
                                 ..........................                                      

                . Sequence filename:				 temp_sim.phy
                . Data type:					 dna
                . Alphabet size:				 4
                . Sequence format:				 interleaved
                . Number of data sets:				 1
                . Nb of bootstrapped data sets:			 0
                . Compute approximate likelihood ratio test:	 yes (SH-like branch supports)
                . Model name:					 GTR
                . Proportion of invariable sites:		 0.000000
                . Number of subst. rate categs:			 4
                . Gamma distribution parameter:			 estimated
                . 'Middle' of each rate class:			 mean
                . Nucleotide equilibrium frequencies:		 empirical
                . Optimise tree topology:			 yes
                . Tree topology search:				 NNIs
                . Starting tree:				 BioNJ
                . Add random input tree:			 no
                . Optimise branch lengths:			 yes
                . Optimise substitution model parameters:	 yes
                . Run ID:					 none
                . Random seed:					 1480958387
                . Subtree patterns aliasing:			 no
                . Version:					 20120412

 oooooooooooooooooooooooooooooooooooooooooooooooooooooooooooooooooooooooooooooooooooooooooooooooo




. Log likelihood of the current tree: -259804.399816.

. Time used 1h39m20s

oooooooooooooooooooooooooooooooooooooooooooooooooooooooooooooooooooooooooooooooooooooooooooooooo
rm: cannot remove ‘temp_sim.phy_phyml_stats’: No such file or directory
rm: cannot remove ‘temp_sim.phy_phyml_tree’: No such file or directory
[1] "Simulation 41 processed"






                                 ..........................                                      
 ooooooooooooooooooooooooooooo        CURRENT SETTINGS        ooooooooooooooooooooooooooooooooooo
                                 ..........................                                      

                . Sequence filename:				 temp_sim.phy
                . Data type:					 dna
                . Alphabet size:				 4
                . Sequence format:				 interleaved
                . Number of data sets:				 1
                . Nb of bootstrapped data sets:			 0
                . Compute approximate likelihood ratio test:	 yes (SH-like branch supports)
                . Model name:					 GTR
                . Proportion of invariable sites:		 0.000000
                . Number of subst. rate categs:			 4
                . Gamma distribution parameter:			 estimated
                . 'Middle' of each rate class:			 mean
                . Nucleotide equilibrium frequencies:		 empirical
                . Optimise tree topology:			 yes
                . Tree topology search:				 NNIs
                . Starting tree:				 BioNJ
                . Add random input tree:			 no
                . Optimise branch lengths:			 yes
                . Optimise substitution model parameters:	 yes
                . Run ID:					 none
                . Random seed:					 1480964354
                . Subtree patterns aliasing:			 no
                . Version:					 20120412

 oooooooooooooooooooooooooooooooooooooooooooooooooooooooooooooooooooooooooooooooooooooooooooooooo




. Log likelihood of the current tree: -262021.710673.

. Time used 1h10m28s

oooooooooooooooooooooooooooooooooooooooooooooooooooooooooooooooooooooooooooooooooooooooooooooooo
rm: cannot remove ‘temp_sim.phy_phyml_stats’: No such file or directory
rm: cannot remove ‘temp_sim.phy_phyml_tree’: No such file or directory
[1] "Simulation 42 processed"






                                 ..........................                                      
 ooooooooooooooooooooooooooooo        CURRENT SETTINGS        ooooooooooooooooooooooooooooooooooo
                                 ..........................                                      

                . Sequence filename:				 temp_sim.phy
                . Data type:					 dna
                . Alphabet size:				 4
                . Sequence format:				 interleaved
                . Number of data sets:				 1
                . Nb of bootstrapped data sets:			 0
                . Compute approximate likelihood ratio test:	 yes (SH-like branch supports)
                . Model name:					 GTR
                . Proportion of invariable sites:		 0.000000
                . Number of subst. rate categs:			 4
                . Gamma distribution parameter:			 estimated
                . 'Middle' of each rate class:			 mean
                . Nucleotide equilibrium frequencies:		 empirical
                . Optimise tree topology:			 yes
                . Tree topology search:				 NNIs
                . Starting tree:				 BioNJ
                . Add random input tree:			 no
                . Optimise branch lengths:			 yes
                . Optimise substitution model parameters:	 yes
                . Run ID:					 none
                . Random seed:					 1480968589
                . Subtree patterns aliasing:			 no
                . Version:					 20120412

 oooooooooooooooooooooooooooooooooooooooooooooooooooooooooooooooooooooooooooooooooooooooooooooooo


slurmstepd: error: *** JOB 149848 ON spartan-rc064 CANCELLED AT 2016-12-06T08:00:52 DUE TO TIME LIMIT ***
