Loading required package: ape
[1] "sim.short.eighth.nonmon.7.phy"






                                 ..........................                                      
 ooooooooooooooooooooooooooooo        CURRENT SETTINGS        ooooooooooooooooooooooooooooooooooo
                                 ..........................                                      

                . Sequence filename:				 sim.short.eighth.nonmon.7.phy
                . Data type:					 dna
                . Alphabet size:				 4
                . Sequence format:				 interleaved
                . Number of data sets:				 1
                . Nb of bootstrapped data sets:			 0
                . Compute approximate likelihood ratio test:	 yes (SH-like branch supports)
                . Model name:					 GTR
                . Proportion of invariable sites:		 0.000000
                . Number of subst. rate categs:			 4
                . Gamma distribution parameter:			 estimated
                . 'Middle' of each rate class:			 mean
                . Nucleotide equilibrium frequencies:		 empirical
                . Optimise tree topology:			 yes
                . Tree topology search:				 NNIs
                . Starting tree:				 BioNJ
                . Add random input tree:			 no
                . Optimise branch lengths:			 yes
                . Optimise substitution model parameters:	 yes
                . Run ID:					 none
                . Random seed:					 1480372332
                . Subtree patterns aliasing:			 no
                . Version:					 20120412

 oooooooooooooooooooooooooooooooooooooooooooooooooooooooooooooooooooooooooooooooooooooooooooooooo




. Log likelihood of the current tree: -38077.607731.

. Time used 0h1m11s

oooooooooooooooooooooooooooooooooooooooooooooooooooooooooooooooooooooooooooooooooooooooooooooooo
[1] "sequence length is 5000"
[1] "TREE:"

Phylogenetic tree with 32 tips and 30 internal nodes.

Tip labels:
	t31, t32, t29, t30, t27, t28, ...
Node labels:
	, 1.000000, 0.602000, 1.000000, 1.000000, 0.996000, ...

Unrooted; includes branch lengths.
Error: (list) object cannot be coerced to type 'double'
Execution halted
